The time spent in the parallel computing activating process is 0.000498s.
-----
No.1	 toolpath -517.894901	[r = -600.000000] is calculated within 2504.284084s.
-----
No.2	 toolpath -517.866903	[r = -599.892299] is calculated within 11.290145s.
-----
{操作在以下过程中被用户终止 <a href="matlab:matlab.internal.language.introspective.errorDocCallback('symengine>@(x)(x.*1.38e-3)./(sqrt(x.^2.*(-4.760999999999999e-7)+1.0)+1.0)+x.^3.*1.0./(sqrt(x.^2.*(-4.760999999999999e-7)+1.0)+1.0).^2.*1.0./sqrt(x.^2.*(-4.760999999999999e-7)+1.0).*3.285089999999999e-10')" style="font-weight:bold">symengine>@(x)(x.*1.38e-3)./(sqrt(x.^2.*(-4.760999999999999e-7)+1.0)+1.0)+x.^3.*1.0./(sqrt(x.^2.*(-4.760999999999999e-7)+1.0)+1.0).^2.*1.0./sqrt(x.^2.*(-4.760999999999999e-7)+1.0).*3.285089999999999e-10</a>


位置 <a href="matlab:matlab.internal.language.introspective.errorDocCallback('dist2curve>eqs2solve', 'D:\Code\2021-11_ToolWaviness\upm_toolpath\src\funcs\math\geometry\dist2curve.m', 52)" style="font-weight:bold">dist2curve>eqs2solve</a> (<a href="matlab: opentoline('D:\Code\2021-11_ToolWaviness\upm_toolpath\src\funcs\math\geometry\dist2curve.m',52,0)">第 52 行</a>)
    F = func_x(Q(1,:)).*(P(2,:) - func(Q(1,:))) + (P(1,:) - Q(1,:));

位置 <a href="matlab:matlab.internal.language.introspective.errorDocCallback('dist2curve>@(Q)eqs2solve(Q,pt,curveFunc,curveFunc_x)', 'D:\Code\2021-11_ToolWaviness\upm_toolpath\src\funcs\math\geometry\dist2curve.m', 40)" style="font-weight:bold">dist2curve>@(Q)eqs2solve(Q,pt,curveFunc,curveFunc_x)</a> (<a href="matlab: opentoline('D:\Code\2021-11_ToolWaviness\upm_toolpath\src\funcs\math\geometry\dist2curve.m',40,0)">第 40 行</a>)
        ptProj = fsolve(@(Q) eqs2solve(Q,pt,curveFunc,curveFunc_x),pt(1,:),optimOpt);

位置 finDiffEvalAndChkErr

位置 finitedifferences

位置 computeFinDiffGradAndJac

位置 <a href="matlab:matlab.internal.language.introspective.errorDocCallback('trustnleqn', 'C:\Program Files\MATLAB\R2022a\toolbox\optim\optim\private\trustnleqn.m', 255)" style="font-weight:bold">trustnleqn</a> (<a href="matlab: opentoline('C:\Program Files\MATLAB\R2022a\toolbox\optim\optim\private\trustnleqn.m',255,0)">第 255 行</a>)
        [JAC,~,~,numFDfevals,evalOK] = computeFinDiffGradAndJac(x,funfcn,confcn,Fvec, ...

位置 <a href="matlab:matlab.internal.language.introspective.errorDocCallback('fsolve', 'C:\Program Files\MATLAB\R2022a\toolbox\optim\optim\fsolve.m', 440)" style="font-weight:bold">fsolve</a> (<a href="matlab: opentoline('C:\Program Files\MATLAB\R2022a\toolbox\optim\optim\fsolve.m',440,0)">第 440 行</a>)
        trustnleqn(funfcn,x,verbosity,gradflag,options,defaultopt,optimgetFlag,f,JAC,...

位置 <a href="matlab:matlab.internal.language.introspective.errorDocCallback('dist2curve', 'D:\Code\2021-11_ToolWaviness\upm_toolpath\src\funcs\math\geometry\dist2curve.m', 40)" style="font-weight:bold">dist2curve</a> (<a href="matlab: opentoline('D:\Code\2021-11_ToolWaviness\upm_toolpath\src\funcs\math\geometry\dist2curve.m',40,0)">第 40 行</a>)
        ptProj = fsolve(@(Q) eqs2solve(Q,pt,curveFunc,curveFunc_x),pt(1,:),optimOpt);

位置 <a href="matlab:matlab.internal.language.introspective.errorDocCallback('curvepos', 'D:\Code\2021-11_ToolWaviness\upm_toolpath\src\funcs\tool_geometry\toolpos\curvepos.m', 114)" style="font-weight:bold">curvepos</a> (<a href="matlab: opentoline('D:\Code\2021-11_ToolWaviness\upm_toolpath\src\funcs\tool_geometry\toolpos\curvepos.m',114,0)">第 114 行</a>)
[surfPtDistList,surfPtList] = dist2curve(toolEdgeList0(1:2:end,:), ...

位置 <a href="matlab:matlab.internal.language.introspective.errorDocCallback('s4_cmp_2D_actual_x', 'D:\Code\2021-11_ToolWaviness\upm_toolpath\src\s4_cmp_2D_actual_x.m', 256)" style="font-weight:bold">s4_cmp_2D_actual_x</a> (<a href="matlab: opentoline('D:\Code\2021-11_ToolWaviness\upm_toolpath\src\s4_cmp_2D_actual_x.m',256,0)">第 256 行</a>)
        curvepos(curveFunc,curveFx,toolData,curvePathPt(:,ind),[0;0;-1], ...
} 
s4_cmp_2D_actual_x
