The time spent in the parallel computing activating process is 0.000302s.
-----
No.1	 toolpath -517.894901	[r = -600.000000] is calculated within 119.618687s.
-----
<a href="matlab: opentoline('D:\Code\2021-11_ToolWaviness\upm_toolpath\src\funcs\tool_geometry\residual\residual2D_multi.m',44,1)">44  </a>[index,dist] = dsearchn(s1',s2');
if system_dependent('IsDebugMode')==1, dbcont; end
[警告: Something wrong in the intersection point calculation process.\n] 
[> 位置：<a href="matlab:matlab.internal.language.introspective.errorDocCallback('residual2D_multi', 'D:\Code\2021-11_ToolWaviness\upm_toolpath\src\funcs\tool_geometry\residual\residual2D_multi.m', 171)" style="font-weight:bold">residual2D_multi</a> (<a href="matlab: opentoline('D:\Code\2021-11_ToolWaviness\upm_toolpath\src\funcs\tool_geometry\residual\residual2D_multi.m',171,0)">第 171 行</a>)
位置: <a href="matlab:matlab.internal.language.introspective.errorDocCallback('s4_cmp_2D_actual_r', 'D:\Code\2021-11_ToolWaviness\upm_toolpath\src\s4_cmp_2D_actual_r.m', 270)" style="font-weight:bold">s4_cmp_2D_actual_r</a> (<a href="matlab: opentoline('D:\Code\2021-11_ToolWaviness\upm_toolpath\src\s4_cmp_2D_actual_r.m',270,0)">第 270 行</a>)] 
resPlot

ans = 

  <a href="matlab:helpPopup matlab.ui.Figure" style="font-weight:bold">Figure</a> (2) - 属性:

      Number: 2
        Name: ''
       Color: [0.9400 0.9400 0.9400]
    Position: [744 758 560 420]
       Units: 'pixels'

  显示 <a href="matlab:if exist('ans', 'var'), matlab.graphics.internal.getForDisplay('ans', ans, 'matlab.ui.Figure'), else, matlab.graphics.internal.getForDisplay('ans'), end">所有属性</a>


dbup 1;
在属于 <a href="matlab:matlab.internal.language.introspective.errorDocCallback('s4_cmp_2D_actual_r', 'D:\Code\2021-11_ToolWaviness\upm_toolpath\src\s4_cmp_2D_actual_r.m', 270)" style="font-weight:bold">s4_cmp_2D_actual_r</a> (<a href="matlab: opentoline('D:\Code\2021-11_ToolWaviness\upm_toolpath\src\s4_cmp_2D_actual_r.m',270,0)">第 270 行</a>) 的工作区中
uiimport('D:\Code\2021-11_ToolWaviness\upm_toolpath\workspace\20230510\020000-sts-r1000c0.18000-D906+0417-res0.5-arc0.02-deg1\data.mat',1)
dbdown 1;
在属于 <a href="matlab:matlab.internal.language.introspective.errorDocCallback('residual2D_multi', 'D:\Code\2021-11_ToolWaviness\upm_toolpath\src\funcs\tool_geometry\residual\residual2D_multi.m', 171)" style="font-weight:bold">residual2D_multi</a> (<a href="matlab: opentoline('D:\Code\2021-11_ToolWaviness\upm_toolpath\src\funcs\tool_geometry\residual\residual2D_multi.m',171,0)">第 171 行</a>) 的工作区中
dbup 1;
在属于 <a href="matlab:matlab.internal.language.introspective.errorDocCallback('s4_cmp_2D_actual_r', 'D:\Code\2021-11_ToolWaviness\upm_toolpath\src\s4_cmp_2D_actual_r.m', 270)" style="font-weight:bold">s4_cmp_2D_actual_r</a> (<a href="matlab: opentoline('D:\Code\2021-11_ToolWaviness\upm_toolpath\src\s4_cmp_2D_actual_r.m',270,0)">第 270 行</a>) 的工作区中
figure; fnplt(toolSp1); hold on; fnplt(toolSp2); axis equal
if system_dependent('IsDebugMode')==1, dbquit all; end
s4_cmp_2D_actual_r
