The time spent in the parallel computing activating process is 0.000263s.
-----
No.1	 toolpath -517.894901	[r = -600.000000] is calculated within 45.819677s.
-----
{无法执行赋值，因为左侧和右侧的元素数目不同。

出错 <a href="matlab:matlab.internal.language.introspective.errorDocCallback('dsearchn', 'C:\Program Files\MATLAB\R2022a\toolbox\matlab\polyfun\dsearchn.m', 82)" style="font-weight:bold">dsearchn</a> (<a href="matlab: opentoline('C:\Program Files\MATLAB\R2022a\toolbox\matlab\polyfun\dsearchn.m',82,0)">第 82 行</a>)
        [d(i),t(i)] = min(sum((x-yi).^2,2));

出错 <a href="matlab:matlab.internal.language.introspective.errorDocCallback('residual2D_multi', 'D:\Code\2021-11_ToolWaviness\upm_toolpath\src\funcs\tool_geometry\residual\residual2D_multi.m', 44)" style="font-weight:bold">residual2D_multi</a> (<a href="matlab: opentoline('D:\Code\2021-11_ToolWaviness\upm_toolpath\src\funcs\tool_geometry\residual\residual2D_multi.m',44,0)">第 44 行</a>)
[index,dist] = dsearchn(s1',s2');

出错 <a href="matlab:matlab.internal.language.introspective.errorDocCallback('s4_cmp_2D_actual_r', 'D:\Code\2021-11_ToolWaviness\upm_toolpath\src\s4_cmp_2D_actual_r.m', 270)" style="font-weight:bold">s4_cmp_2D_actual_r</a> (<a href="matlab: opentoline('D:\Code\2021-11_ToolWaviness\upm_toolpath\src\s4_cmp_2D_actual_r.m',270,0)">第 270 行</a>)
        curveULim{ind - 1}] = residual2D_multi(toolSp1,toolSp2,1e-5, ...
} 
<a href="matlab: opentoline('C:\Program Files\MATLAB\R2022a\toolbox\matlab\polyfun\dsearchn.m',82,1)">82  </a>        [d(i),t(i)] = min(sum((x-yi).^2,2));
if system_dependent('IsDebugMode')==1, dbquit; end
-----
No.1	 toolpath -517.894901	[r = -600.000000] is calculated within 17.605602s.
-----
无法执行赋值，因为左侧和右侧的元素数目不同。

出错 <a href="matlab:matlab.internal.language.introspective.errorDocCallback('dsearchn', 'C:\Program Files\MATLAB\R2022a\toolbox\matlab\polyfun\dsearchn.m', 82)" style="font-weight:bold">dsearchn</a> (<a href="matlab: opentoline('C:\Program Files\MATLAB\R2022a\toolbox\matlab\polyfun\dsearchn.m',82,0)">第 82 行</a>)
        [d(i),t(i)] = min(sum((x-yi).^2,2));

出错 <a href="matlab:matlab.internal.language.introspective.errorDocCallback('residual2D_multi', 'D:\Code\2021-11_ToolWaviness\upm_toolpath\src\funcs\tool_geometry\residual\residual2D_multi.m', 44)" style="font-weight:bold">residual2D_multi</a> (<a href="matlab: opentoline('D:\Code\2021-11_ToolWaviness\upm_toolpath\src\funcs\tool_geometry\residual\residual2D_multi.m',44,0)">第 44 行</a>)
[index,dist] = dsearchn(s1',s2');

出错 <a href="matlab:matlab.internal.language.introspective.errorDocCallback('s4_cmp_2D_actual_r', 'D:\Code\2021-11_ToolWaviness\upm_toolpath\src\s4_cmp_2D_actual_r.m', 270)" style="font-weight:bold">s4_cmp_2D_actual_r</a> (<a href="matlab: opentoline('D:\Code\2021-11_ToolWaviness\upm_toolpath\src\s4_cmp_2D_actual_r.m',270,0)">第 270 行</a>)
        curveULim{ind - 1}] = residual2D_multi(toolSp1,toolSp2,1e-5, ...

opentoline('C:\Program Files\MATLAB\R2022a\toolbox\matlab\polyfun\dsearchn.m',82,0)
opentoline('D:\Code\2021-11_ToolWaviness\upm_toolpath\src\funcs\tool_geometry\residual\residual2D_multi.m',44,0)
s4_cmp_2D_actual_r
