The time spent in the parallel computing activating process is 0.000325s.
-----
No.1	 toolpath -517.894901	[r = -600.000000] is calculated within 0.027570s.
-----
initial linear search begins: 
No.	x	f(x)
0	-574.964400	4.416930
1	-575.465112	4.324989
2	-575.965824	4.231184
3	-576.466536	4.131216
4	-576.967248	4.022726
5	-577.467960	3.903446
6	-577.968672	3.776198
7	-578.469384	3.640594
8	-578.970096	3.498226
9	-579.470808	3.350685
10	-579.971520	3.198186
11	-580.472232	3.043664
12	-580.972944	2.884604
13	-581.473656	2.725528
14	-581.974368	2.564327
15	-582.475080	2.404725
16	-582.975792	2.246918
17	-583.476504	2.091532
18	-583.977216	1.941181
19	-584.477928	1.796742
20	-584.978640	1.658720
21	-585.479352	1.529080
22	-585.980064	1.406669
23	-586.480776	1.292818
24	-586.981488	1.186234
25	-587.482200	1.086561
26	-587.982912	0.993551
27	-588.483624	0.906531
28	-588.984336	0.823741
29	-589.485048	0.798106
30	-589.985760	0.719119
31	-590.486472	0.643286
32	-590.987184	0.569772
33	-591.487896	0.497779
34	-591.988608	0.427231
35	-592.489320	0.357367
36	-592.990032	0.288812
37	-593.490744	0.220141
38	-593.991456	0.151306
39	-594.492168	0.082926
40	-594.992880	0.013676
41	-595.493592	-0.055826
bisection interval found by 1-dim search: [-595.493592,-594.992880]
No.2	 toolpath -512.987533	[r = -595.091653] is calculated within 6.852205s.
-----
initial linear search begins: 
No.	x	f(x)
0	-570.013898	4.521745
1	-570.515453	4.428600
2	-571.017009	4.332183
3	-571.518564	4.230495
4	-572.020119	4.120404
5	-572.521674	3.999501
6	-573.023229	3.869386
7	-573.524784	3.731965
8	-574.026339	3.587732
9	-574.527894	3.438285
10	-575.029449	3.285220
11	-575.531004	3.127327
12	-576.032560	2.966215
13	-576.534115	2.805061
14	-577.035670	2.641709
15	-577.537225	2.479913
16	-578.038780	2.318642
17	-578.540335	2.162208
18	-579.041890	2.009616
19	-579.543445	1.862956
20	-580.045000	1.722728
21	-580.546555	1.590015
22	-581.048111	1.465484
23	-581.549666	1.349538
24	-582.051221	1.240866
25	-582.552776	1.139112
26	-583.054331	1.044039
27	-583.555886	0.954209
28	-584.057441	0.869380
29	-584.558996	0.787871
30	-585.060551	0.708819
31	-585.562106	0.632127
32	-586.063662	0.557702
33	-586.565217	0.484028
34	-587.066772	0.411765
35	-587.568327	0.340848
36	-588.069882	0.269813
37	-588.571437	0.199318
38	-589.072992	0.127925
39	-589.574547	0.105387
40	-590.076102	0.034097
41	-590.577657	-0.036780
bisection interval found by 1-dim search: [-590.577657,-590.076102]
No.3	 toolpath -508.211985	[r = -590.318063] is calculated within 6.883340s.
-----
initial linear search begins: 
No.	x	f(x)
0	-565.199710	4.623703
1	-565.702077	4.527860
2	-566.204444	4.430437
3	-566.706811	4.326174
4	-567.209178	4.214436
5	-567.711545	4.091871
6	-568.213912	3.960041
7	-568.716279	3.820865
8	-569.218647	3.674828
9	-569.721014	3.523537
10	-570.223381	3.367186
11	-570.725748	3.207343
12	-571.228115	3.045661
13	-571.730482	2.881088
14	-572.232849	2.715682
15	-572.735216	2.551807
16	-573.237583	2.388401
17	-573.739950	2.229853
18	-574.242317	2.075146
19	-574.744684	1.926387
20	-575.247051	1.784069
21	-575.749418	1.649279
22	-576.251786	1.522690
23	-576.754153	1.403868
24	-577.256520	1.293194
25	-577.758887	1.189441
26	-578.261254	1.092377
27	-578.763621	1.000554
28	-579.265988	0.912977
29	-579.768355	0.829494
30	-580.270722	0.748459
31	-580.773089	0.669784
32	-581.275456	0.593389
33	-581.777823	0.517724
34	-582.280190	0.444207
35	-582.782557	0.370593
36	-583.284924	0.297572
37	-583.787292	0.225102
38	-584.289659	0.151712
39	-584.792026	0.078809
40	-585.294393	0.005366
41	-585.796760	-0.067712
bisection interval found by 1-dim search: [-585.796760,-585.294393]
No.4	 toolpath -503.564829	[r = -585.328734] is calculated within 6.818410s.
-----
initial linear search begins: 
No.	x	f(x)
0	-560.168366	4.730007
1	-560.671573	4.632155
2	-561.174781	4.532865
3	-561.677988	4.426837
4	-562.181195	4.313475
5	-562.684403	4.189269
6	-563.187610	4.055733
7	-563.690818	3.913494
8	-564.194025	3.765572
9	-564.697232	3.612353
10	-565.200440	3.454025
11	-565.703647	3.292159
12	-566.206854	3.128420
13	-566.710062	2.961726
14	-567.213269	2.794144
15	-567.716476	2.628049
16	-568.219684	2.462345
17	-568.722891	2.301523
18	-569.226099	2.143444
19	-569.729306	1.992501
20	-570.232513	1.848008
21	-570.735721	1.711059
22	-571.238928	1.582328
23	-571.742135	1.461375
24	-572.245343	1.347759
25	-572.748550	1.241922
26	-573.251757	1.142787
27	-573.754965	1.048887
28	-574.258172	0.960019
29	-574.761380	0.873682
30	-575.264587	0.790571
31	-575.767794	0.709823
32	-576.271002	0.631366
33	-576.774209	0.553619
34	-577.277416	0.477300
35	-577.780624	0.401612
36	-578.283831	0.327263
37	-578.787039	0.251992
38	-579.290246	0.177252
39	-579.793453	0.101561
40	-580.296661	0.026055
41	-580.799868	-0.049087
bisection interval found by 1-dim search: [-580.799868,-580.296661]
No.5	 toolpath -498.708680	[r = -580.472587] is calculated within 6.792188s.
-----
initial linear search begins: 
No.	x	f(x)
0	-555.271734	4.768340
1	-555.775751	4.667705
2	-556.279768	4.632555
3	-556.783785	4.524821
4	-557.287802	4.409891
5	-557.791819	4.282958
6	-558.295836	4.147688
7	-558.799853	4.004974
8	-559.303870	3.855285
9	-559.807887	3.698828
10	-560.311905	3.538582
11	-560.815922	3.374755
12	-561.319939	3.207564
13	-561.823956	3.040263
14	-562.327973	2.870563
15	-562.831990	2.700965
16	-563.336007	2.534363
17	-563.840024	2.370132
18	-564.344041	2.211015
19	-564.848058	2.057884
20	-565.352075	1.910222
21	-565.856092	1.771172
22	-566.360109	1.640362
23	-566.864126	1.517339
24	-567.368143	1.401660
25	-567.872160	1.293786
26	-568.376177	1.191805
27	-568.880194	1.095891
28	-569.384211	1.005022
29	-569.888229	0.916661
30	-570.392246	0.831536
31	-570.896263	0.748775
32	-571.400280	0.667533
33	-571.904297	0.588547
34	-572.408314	0.510213
35	-572.912331	0.432508
36	-573.416348	0.355402
37	-573.920365	0.278867
38	-574.424382	0.201368
39	-574.928399	0.124408
40	-575.432416	0.046151
41	-575.936433	-0.030996
bisection interval found by 1-dim search: [-575.936433,-575.432416]
No.6	 toolpath -493.970721	[r = -575.734629] is calculated within 6.811426s.
-----
initial linear search begins: 
No.	x	f(x)
0	-550.494665	4.869294
1	-550.999464	4.766845
2	-551.504263	4.659972
3	-552.009063	4.545149
4	-552.513862	4.420564
5	-553.018661	4.286952
6	-553.523460	4.143936
7	-554.028260	3.994566
8	-554.533059	3.837823
9	-555.037858	3.676689
10	-555.542658	3.512837
11	-556.047457	3.455382
12	-556.552256	3.286229
13	-557.057055	3.115484
14	-557.561855	2.943757
15	-558.066654	2.773446
16	-558.571453	2.604673
17	-559.076253	2.438258
18	-559.581052	2.276980
19	-560.085851	2.120641
20	-560.590651	1.971914
21	-561.095450	1.829807
22	-561.600249	1.696970
23	-562.105048	1.571044
24	-562.609848	1.454248
25	-563.114647	1.343542
26	-563.619446	1.240429
27	-564.124246	1.142547
28	-564.629045	1.048898
29	-565.133844	0.958568
30	-565.638644	0.871482
31	-566.143443	0.786761
32	-566.648242	0.703551
33	-567.153041	0.622616
34	-567.657841	0.542322
35	-568.162640	0.462651
36	-568.667439	0.383583
37	-569.172239	0.304320
38	-569.677038	0.225623
39	-570.181837	0.145947
40	-570.686636	0.066475
41	-571.191436	-0.012647
bisection interval found by 1-dim search: [-571.191436,-570.686636]
No.7	 toolpath -489.343721	[r = -571.107631] is calculated within 6.833114s.
-----
initial linear search begins: 
No.	x	f(x)
0	-545.829837	1.240396
1	-546.335393	1.136251
2	-546.840949	1.036315
3	-547.346505	0.940533
4	-547.852061	0.846273
5	-548.357617	0.755230
6	-548.863173	0.665665
7	-549.368728	0.576722
8	-549.874284	0.490074
9	-550.379840	3.760673
10	-550.885396	3.593519
11	-551.390952	3.422290
12	-551.896508	3.250267
13	-552.402064	3.076462
14	-552.907620	2.903175
15	-553.413175	2.731707
16	-553.918731	2.562091
17	-554.424287	2.396401
18	-554.929843	2.235799
19	-555.435399	2.082045
20	-555.940955	1.935305
21	-556.446511	1.887057
22	-556.952067	1.752245
23	-557.457623	1.624342
24	-557.963178	1.504724
25	-558.468734	1.392954
26	-558.974290	1.287071
27	-559.479846	1.187280
28	-559.985402	1.091719
29	-560.490958	0.999470
30	-560.996514	0.910474
31	-561.502070	0.823843
32	-562.007625	0.738716
33	-562.513181	0.655066
34	-563.018737	0.572866
35	-563.524293	0.491285
36	-564.029849	0.410309
37	-564.535405	0.329924
38	-565.040961	0.248531
39	-565.546517	0.167727
40	-566.052072	0.085568
41	-566.557628	0.004543
42	-567.063184	-0.075804
bisection interval found by 1-dim search: [-567.063184,-566.557628]
No.8	 toolpath -484.820377	[r = -566.582314] is calculated within 6.868773s.
-----
initial linear search begins: 
No.	x	f(x)
0	-541.267871	1.335151
1	-541.774160	1.229141
2	-542.280449	1.127340
3	-542.786738	1.028827
4	-543.293027	0.933573
5	-543.799315	0.839804
6	-544.305604	0.748383
7	-544.811893	0.658428
8	-545.318182	0.569073
9	-545.824471	0.480325
10	-546.330760	0.392187
11	-546.837049	0.304661
12	-547.343337	0.216913
13	-547.849626	0.128164
14	-548.355915	0.039787
15	-548.862204	-0.048883
bisection interval found by 1-dim search: [-548.862204,-548.355915]
No.9	 toolpath -480.095471	[r = -548.582361] is calculated within 5.110044s.
-----
initial linear search begins: 
No.	x	f(x)
0	-523.125535	1.632307
1	-523.634671	1.521934
2	-524.143808	1.414830
3	-524.652944	1.310068
4	-525.162081	1.208621
5	-525.671217	1.108615
6	-526.180354	1.010077
7	-526.689490	0.913028
8	-527.198627	0.816562
9	-527.707764	0.720710
10	-528.216900	0.625502
11	-528.726037	0.529146
12	-529.235173	0.433520
13	-529.744310	0.337161
14	-530.253446	0.240990
15	-530.762583	0.146079
16	-531.271719	0.052816
17	-531.780856	-0.036601
bisection interval found by 1-dim search: [-531.780856,-531.271719]
No.10	 toolpath -463.441206	[r = -531.571036] is calculated within 5.350991s.
-----
initial linear search begins: 
No.	x	f(x)
0	-505.984566	1.904054
1	-506.496295	1.788829
2	-507.008025	1.675875
3	-507.519754	1.566280
4	-508.031484	1.458070
5	-508.543213	1.352316
6	-509.054942	1.247049
7	-509.566672	1.143332
8	-510.078401	1.040214
9	-510.590131	0.937753
10	-511.101860	0.834039
11	-511.613589	0.731119
12	-512.125319	0.627248
13	-512.637048	0.524195
14	-513.148778	0.421116
15	-513.660507	0.320158
16	-514.172236	0.221803
17	-514.683966	0.193995
18	-515.195695	0.101457
19	-515.707424	0.014885
20	-516.219154	-0.063332
bisection interval found by 1-dim search: [-516.219154,-515.707424]
No.11	 toolpath -447.670551	[r = -515.802374] is calculated within 5.703521s.
-----
initial linear search begins: 
No.	x	f(x)
0	-490.099936	2.144141
1	-490.613985	2.023544
2	-491.128034	1.906315
3	-491.642082	1.790395
4	-492.156131	1.676952
5	-492.670180	1.644389
6	-493.184229	1.532709
7	-493.698277	1.422611
8	-494.212326	1.313106
9	-494.726375	1.203221
10	-495.240424	1.094102
11	-495.754472	0.983754
12	-496.268521	0.873457
13	-496.782570	0.762996
14	-497.296619	0.653456
15	-497.810667	0.546036
16	-498.324716	0.441177
17	-498.838765	0.340515
18	-499.352814	0.245892
19	-499.866863	0.158084
20	-500.380911	0.080033
21	-500.894960	0.045567
22	-501.409009	0.043536
23	-501.923058	0.041506
24	-502.437106	0.039476
25	-502.951155	0.037448
26	-503.465204	0.035420
27	-503.979253	0.033393
28	-504.493301	0.031368
29	-505.007350	0.029343
30	-505.521399	0.027319
31	-506.035448	0.024398
32	-506.549496	0.015156
33	-507.063545	0.000100
34	-507.577594	-0.019652
bisection interval found by 1-dim search: [-507.577594,-507.063545]
No.12	 toolpath -439.293547	[r = -507.065051] is calculated within 6.716282s.
-----
initial linear search begins: 
No.	x	f(x)
0	-481.300077	0.076461
1	-481.815376	2.200985
2	-482.330676	2.079136
3	-482.845975	1.960785
4	-483.361275	1.843814
5	-483.876574	1.727217
6	-484.391874	1.613301
7	-484.907173	1.498847
8	-485.422473	1.386149
9	-485.937772	1.272031
10	-486.453072	1.158784
11	-486.968371	1.044408
12	-487.483671	0.930615
13	-487.998970	0.817373
14	-488.514270	0.704865
15	-489.029569	0.595447
16	-489.544869	0.489689
17	-490.060168	0.388589
18	-490.575468	0.295117
19	-491.090767	0.209766
20	-491.606066	0.136630
21	-492.121366	0.113496
22	-492.636665	0.111355
23	-493.151965	0.111339
24	-493.667264	0.109271
25	-494.182564	0.107205
26	-494.697863	0.105140
27	-495.213163	0.103075
28	-495.728462	0.101011
29	-496.243762	0.098948
30	-496.759061	0.096885
31	-497.274361	0.091676
32	-497.789660	0.078956
33	-498.304960	0.060426
34	-498.820259	0.037186
35	-499.335559	0.010066
36	-499.850858	-0.020361
bisection interval found by 1-dim search: [-499.850858,-499.335559]
No.13	 toolpath -431.740684	[r = -499.511183] is calculated within 7.562594s.
-----
initial linear search begins: 
No.	x	f(x)
0	-473.693123	0.229243
1	-474.209484	0.178204
2	-474.725846	0.173918
3	-475.242207	0.169632
4	-475.758568	0.165347
5	-476.274929	0.161062
6	-476.791290	0.156778
7	-477.307652	0.152494
8	-477.824013	0.148211
9	-478.340374	0.143266
10	-478.856735	0.130777
11	-479.373096	0.110830
12	-479.889458	0.084972
13	-480.405819	0.054388
14	-480.922180	0.019912
15	-481.438541	-0.017887
bisection interval found by 1-dim search: [-481.438541,-480.922180]
No.14	 toolpath -424.285475	[r = -481.201035] is calculated within 5.370797s.
-----
initial linear search begins: 
No.	x	f(x)
0	-455.258036	0.547315
1	-455.776896	0.496236
2	-456.295756	0.481005
3	-456.814616	0.476552
4	-457.333476	0.472100
5	-457.852336	0.467648
6	-458.371196	0.463198
7	-458.890056	0.458748
8	-459.408916	0.450094
9	-459.927776	0.432031
10	-460.446636	0.405946
11	-460.965496	0.373684
12	-461.484356	0.336700
13	-462.003216	0.295630
14	-462.522076	0.251058
15	-463.040936	0.203363
16	-463.559796	0.153259
17	-464.078656	0.101455
18	-464.597516	0.047210
19	-465.116376	-0.008774
bisection interval found by 1-dim search: [-465.116376,-464.597516]
No.15	 toolpath -408.531513	[r = -465.032771] is calculated within 5.685247s.
-----
initial linear search begins: 
No.	x	f(x)
0	-438.983799	0.828035
1	-439.504779	0.786076
2	-440.025758	0.762187
3	-440.546737	0.756736
4	-441.067717	0.752108
5	-441.588696	0.747482
6	-442.109676	0.741382
7	-442.630655	0.728170
8	-443.151635	0.705836
9	-443.672614	0.674764
10	-444.193593	0.637238
11	-444.714573	0.594635
12	-445.235552	0.547614
13	-445.756532	0.496796
14	-446.277511	0.443582
15	-446.798491	0.387331
16	-447.319470	0.328738
17	-447.840449	0.268537
18	-448.361429	0.206421
19	-448.882408	0.142189
20	-449.403388	0.128769
21	-449.924367	0.063459
22	-450.445347	-0.001780
bisection interval found by 1-dim search: [-450.445347,-449.924367]
No.16	 toolpath -393.929332	[r = -450.429575] is calculated within 5.993203s.
-----
initial linear search begins: 
No.	x	f(x)
0	-424.288353	1.084029
1	-424.811178	1.049820
2	-425.334002	1.030680
3	-425.856827	1.020572
4	-426.379651	1.013065
5	-426.902475	1.002669
6	-427.425300	0.985565
7	-427.948124	0.959515
8	-428.470949	0.924589
9	-428.993773	0.882687
10	-429.516598	0.834850
11	-430.039422	0.783063
12	-430.562246	0.727225
13	-431.085071	0.668295
14	-431.607895	0.607179
15	-432.130720	0.542966
16	-432.653544	0.528595
17	-433.176369	0.462029
18	-433.699193	0.394113
19	-434.222017	0.324017
20	-434.744842	0.252779
21	-435.267666	0.181388
22	-435.790491	0.111015
23	-436.313315	0.043054
24	-436.836140	-0.020441
bisection interval found by 1-dim search: [-436.836140,-436.313315]
No.17	 toolpath -380.573248	[r = -436.663056] is calculated within 6.208884s.
-----
initial linear search begins: 
No.	x	f(x)
0	-410.437849	1.328210
1	-410.962353	1.299907
2	-411.486857	1.282394
3	-412.011361	1.269181
4	-412.535865	1.254400
5	-413.060369	1.233672
6	-413.584874	1.204574
7	-414.109378	1.166288
8	-414.633882	1.120243
9	-415.158386	1.068526
10	-415.682890	1.055669
11	-416.207394	0.998117
12	-416.731898	0.936926
13	-417.256403	0.872622
14	-417.780907	0.805531
15	-418.305411	0.736503
16	-418.829915	0.664438
17	-419.354419	0.591484
18	-419.878923	0.516038
19	-420.403427	0.439220
20	-420.927932	0.362021
21	-421.452436	0.285560
22	-421.976940	0.211167
23	-422.501444	0.140402
24	-423.025948	0.075896
25	-423.550452	0.019661
26	-424.074957	-0.026441
bisection interval found by 1-dim search: [-424.074957,-423.550452]
No.18	 toolpath -368.074087	[r = -423.757898] is calculated within 6.357093s.
-----
initial linear search begins: 
No.	x	f(x)
0	-397.456559	1.558651
1	-397.982586	1.533570
2	-398.508613	1.514511
3	-399.034639	1.510050
4	-399.560666	1.490250
5	-400.086693	1.464717
6	-400.612720	1.430962
7	-401.138747	1.387692
8	-401.664773	1.336852
9	-402.190800	1.279797
10	-402.716827	1.218419
11	-403.242854	1.152524
12	-403.768880	1.083840
13	-404.294907	1.012129
14	-404.820934	0.938283
15	-405.346961	0.861796
16	-405.872988	0.783554
17	-406.399014	0.703171
18	-406.925041	0.621808
19	-407.451068	0.539146
20	-407.977095	0.456944
21	-408.503121	0.375899
22	-409.029148	0.299206
23	-409.555175	0.227344
24	-410.081202	0.163454
25	-410.607229	0.109393
26	-411.133255	0.066785
27	-411.659282	0.036981
28	-412.185309	0.018459
29	-412.711336	0.008067
30	-413.237362	0.002844
31	-413.763389	0.000026
32	-414.289416	-0.002839
bisection interval found by 1-dim search: [-414.289416,-413.763389]
No.19	 toolpath -358.486206	[r = -413.769040] is calculated within 6.646657s.
-----
initial linear search begins: 
No.	x	f(x)
0	-387.410487	1.756975
1	-387.937658	1.727556
2	-388.464829	1.704502
3	-388.992000	1.681485
4	-389.519171	1.653821
5	-390.046342	1.618312
6	-390.573513	1.573474
7	-391.100685	1.520221
8	-391.627856	1.460551
9	-392.155027	1.396107
10	-392.682198	1.327358
11	-393.209369	1.254900
12	-393.736540	1.179799
13	-394.263711	1.102340
14	-394.790882	1.021977
15	-395.318053	0.940352
16	-395.845224	0.856278
17	-396.372395	0.770946
18	-396.899566	0.684051
19	-397.426737	0.598004
20	-397.953908	0.512067
21	-398.481079	0.430178
22	-399.008250	0.410447
23	-399.535421	0.335056
24	-400.062592	0.267086
25	-400.589763	0.208583
26	-401.116935	0.161942
27	-401.644106	0.128112
28	-402.171277	0.105573
29	-402.698448	0.091174
30	-403.225619	0.081982
31	-403.752790	0.075205
32	-404.279961	0.068389
33	-404.807132	0.059294
34	-405.334303	0.046005
35	-405.861474	0.026693
36	-406.388645	-0.000221
bisection interval found by 1-dim search: [-406.388645,-405.861474]
No.20	 toolpath -351.105296	[r = -406.387101] is calculated within 6.857412s.
-----
initial linear search begins: 
No.	x	f(x)
0	-379.987220	1.878933
1	-380.515218	1.851626
2	-381.043215	1.826086
3	-381.571213	1.796968
4	-382.099211	1.760926
5	-382.627208	1.750296
6	-383.155206	1.702854
7	-383.683203	1.646947
8	-384.211201	1.584578
9	-384.739199	1.516793
10	-385.267196	1.445232
11	-385.795194	1.370633
12	-386.323191	1.291980
13	-386.851189	1.211662
14	-387.379187	1.128398
15	-387.907184	1.043881
16	-388.435182	0.956871
17	-388.963180	0.868597
18	-389.491177	0.778730
19	-390.019175	0.689055
20	-390.547172	0.600780
21	-391.075170	0.515315
22	-391.603168	0.435351
23	-392.131165	0.361901
24	-392.659163	0.297982
25	-393.187160	0.244904
26	-393.715158	0.204670
27	-394.243156	0.176616
28	-394.771153	0.157324
29	-395.299151	0.144017
30	-395.827148	0.133839
31	-396.355146	0.124208
32	-396.883144	0.112771
33	-397.411141	0.097732
34	-397.939139	0.076974
35	-398.467137	0.049172
36	-398.995134	0.040885
37	-399.523132	0.003318
38	-400.051129	-0.040572
bisection interval found by 1-dim search: [-400.051129,-399.523132]
No.21	 toolpath -344.283093	[r = -399.565928] is calculated within 6.992405s.
-----
initial linear search begins: 
No.	x	f(x)
0	-373.128577	2.013848
1	-373.657324	1.983774
2	-374.186071	1.955594
3	-374.714818	1.923944
4	-375.243565	1.885180
5	-375.772312	1.837226
6	-376.301059	1.780834
7	-376.829806	1.716774
8	-377.358553	1.647896
9	-377.887300	1.574240
10	-378.416047	1.497178
11	-378.944794	1.417205
12	-379.473541	1.334610
13	-380.002288	1.248784
14	-380.531035	1.161462
15	-381.059782	1.072897
16	-381.588529	0.981942
17	-382.117276	0.889111
18	-382.646023	0.866264
19	-383.174770	0.773836
20	-383.703518	0.682142
21	-384.232265	0.594545
22	-384.761012	0.511247
23	-385.289759	0.435038
24	-385.818506	0.368364
25	-386.347253	0.312505
26	-386.876000	0.269496
27	-387.404747	0.238525
28	-387.933494	0.216649
29	-388.462241	0.200622
30	-388.990988	0.187678
31	-389.519735	0.175363
32	-390.048482	0.161324
33	-390.577229	0.143504
34	-391.105976	0.120048
35	-391.634723	0.089565
36	-392.163470	0.050778
37	-392.692217	0.005505
38	-393.220964	-0.044265
bisection interval found by 1-dim search: [-393.220964,-392.692217]
No.22	 toolpath -337.871348	[r = -392.755729] is calculated within 7.121290s.
-----
initial linear search begins: 
No.	x	f(x)
0	-366.281651	2.148584
1	-366.811132	2.115725
2	-367.340614	2.084933
3	-367.870095	2.050816
4	-368.399577	2.009388
5	-368.929058	1.959063
6	-369.458540	1.899785
7	-369.988022	1.833775
8	-370.517503	1.761770
9	-371.046985	1.686238
10	-371.576466	1.605881
11	-372.105948	1.523303
12	-372.635429	1.438085
13	-373.164911	1.349590
14	-373.694392	1.259597
15	-374.223874	1.167556
16	-374.753356	1.073905
17	-375.282837	0.979114
18	-375.812319	0.883467
19	-376.341800	0.788906
20	-376.871282	0.697413
21	-377.400763	0.609791
22	-377.930245	0.528312
23	-378.459727	0.456096
24	-378.989208	0.394757
25	-379.518690	0.345331
26	-380.048171	0.308742
27	-380.577653	0.281906
28	-381.107134	0.261724
29	-381.636616	0.245441
30	-382.166097	0.230338
31	-382.695579	0.226449
32	-383.225061	0.209754
33	-383.754542	0.189290
34	-384.284024	0.163200
35	-384.813505	0.130117
36	-385.342987	0.088705
37	-385.872468	0.040801
38	-386.401950	-0.012052
bisection interval found by 1-dim search: [-386.401950,-385.872468]
No.23	 toolpath -331.403296	[r = -386.286643] is calculated within 6.990236s.
-----
initial linear search begins: 
No.	x	f(x)
0	-359.778309	2.251527
1	-360.308475	2.218074
2	-360.838642	2.182560
3	-361.368809	2.140902
4	-361.898975	2.090478
5	-362.429142	2.030884
6	-362.959309	1.963637
7	-363.489475	1.890973
8	-364.019642	1.812987
9	-364.549809	1.731916
10	-365.079976	1.646825
11	-365.610142	1.559570
12	-366.140309	1.536374
13	-366.670476	1.445349
14	-367.200642	1.352825
15	-367.730809	1.258225
16	-368.260976	1.161996
17	-368.791142	1.064618
18	-369.321309	0.966358
19	-369.851476	0.869175
20	-370.381642	0.774404
21	-370.911809	0.684185
22	-371.441976	0.600627
23	-371.972142	0.525729
24	-372.502309	0.461314
25	-373.032476	0.409252
26	-373.562642	0.370052
27	-374.092809	0.340618
28	-374.622976	0.317851
29	-375.153143	0.299014
30	-375.683309	0.281369
31	-376.213476	0.262571
32	-376.743643	0.240663
33	-377.273809	0.213411
34	-377.803976	0.179520
35	-378.334143	0.137585
36	-378.864309	0.088690
37	-379.394476	0.034390
38	-379.924643	-0.024042
bisection interval found by 1-dim search: [-379.924643,-379.394476]
No.24	 toolpath -325.219716	[r = -379.708745] is calculated within 7.019024s.
-----
initial linear search begins: 
No.	x	f(x)
0	-353.166206	0.579021
1	-353.697056	0.507601
2	-354.227907	0.448018
3	-354.758758	0.441061
4	-355.289609	0.396003
5	-355.820460	0.360533
6	-356.351310	0.331304
7	-356.882161	0.305534
8	-357.413012	1.922926
9	-357.943863	1.839382
10	-358.474713	1.751772
11	-359.005564	1.661157
12	-359.536415	1.568591
13	-360.067266	1.474265
14	-360.598117	1.377532
15	-361.128967	1.278782
16	-361.659818	1.178573
17	-362.190669	1.077203
18	-362.721520	0.977353
19	-363.252371	0.878781
20	-363.783221	0.784382
21	-364.314072	0.695660
22	-364.844923	0.615306
23	-365.375774	0.545572
24	-365.906624	0.528923
25	-366.437475	0.474188
26	-366.968326	0.432338
27	-367.499177	0.400267
28	-368.030028	0.374875
29	-368.560878	0.353446
30	-369.091729	0.333221
31	-369.622580	0.311853
32	-370.153431	0.287210
33	-370.684281	0.257611
34	-371.215132	0.221207
35	-371.745983	0.176762
36	-372.276834	0.124898
37	-372.807685	0.068019
38	-373.338535	0.006989
39	-373.869386	-0.056000
bisection interval found by 1-dim search: [-373.869386,-373.338535]
No.25	 toolpath -318.913270	[r = -373.402300] is calculated within 7.096702s.
-----
initial linear search begins: 
No.	x	f(x)
0	-346.827559	0.703666
1	-347.359054	0.629191
2	-347.890549	0.567403
3	-348.422044	0.517829
4	-348.953538	0.478642
5	-349.485033	0.445900
6	-350.016528	0.417201
7	-350.548023	0.389748
8	-351.079518	0.361195
9	-351.611012	0.329642
10	-352.142507	0.293027
11	-352.674002	0.249661
12	-353.205497	0.198274
13	-353.736992	0.139382
14	-354.268487	0.075444
15	-354.799981	0.066381
16	-355.331476	-0.001501
bisection interval found by 1-dim search: [-355.331476,-354.799981]
No.26	 toolpath -312.588599	[r = -355.320576] is calculated within 5.516852s.
-----
initial linear search begins: 
No.	x	f(x)
0	-328.656702	0.990098
1	-329.189980	0.918672
2	-329.723257	0.860031
3	-330.256535	0.812080
4	-330.789812	0.771282
5	-331.323089	0.734760
6	-331.856367	0.700104
7	-332.389644	0.664701
8	-332.922922	0.626400
9	-333.456199	0.583257
10	-333.989477	0.533927
11	-334.522754	0.526824
12	-335.056032	0.468605
13	-335.589309	0.402796
14	-336.122587	0.331941
15	-336.655864	0.256755
16	-337.189142	0.179570
17	-337.722419	0.101438
18	-338.255697	0.023374
19	-338.788974	-0.052294
bisection interval found by 1-dim search: [-338.788974,-338.255697]
No.27	 toolpath -296.144983	[r = -338.417659] is calculated within 5.783405s.
-----
initial linear search begins: 
No.	x	f(x)
0	-311.674712	1.255297
1	-312.209571	1.187577
2	-312.744430	1.131196
3	-313.279289	1.082799
4	-313.814148	1.039090
5	-314.349007	0.997411
6	-314.883865	0.955325
7	-315.418724	0.910949
8	-315.953583	0.862042
9	-316.488442	0.806842
10	-317.023301	0.799024
11	-317.558160	0.734963
12	-318.093019	0.663483
13	-318.627878	0.586717
14	-319.162737	0.505311
15	-319.697596	0.420978
16	-320.232455	0.336131
17	-320.767314	0.251068
18	-321.302173	0.168196
19	-321.837032	0.087972
20	-322.371891	0.013005
21	-322.906750	-0.055202
bisection interval found by 1-dim search: [-322.906750,-322.371891]
No.28	 toolpath -280.664926	[r = -322.472699] is calculated within 5.961734s.
-----
initial linear search begins: 
No.	x	f(x)
0	-295.658891	1.504884
1	-296.195167	1.440654
2	-296.731443	1.384231
3	-297.267720	1.333701
4	-297.803996	1.285269
5	-298.340272	1.237125
6	-298.876548	1.186708
7	-299.412824	1.132416
8	-299.949100	1.071645
9	-300.485377	1.003718
10	-301.021653	0.927360
11	-301.557929	0.845086
12	-302.094205	0.834158
13	-302.630481	0.746985
14	-303.166757	0.656594
15	-303.703033	0.565474
16	-304.239310	0.473835
17	-304.775586	0.383435
18	-305.311862	0.296801
19	-305.848138	0.214445
20	-306.384414	0.138556
21	-306.920690	0.070475
22	-307.456967	0.011598
23	-307.993243	-0.038895
bisection interval found by 1-dim search: [-307.993243,-307.456967]
No.29	 toolpath -266.230062	[r = -307.570611] is calculated within 6.208510s.
-----
initial linear search begins: 
No.	x	f(x)
0	-280.693825	1.737650
1	-281.231361	1.674233
2	-281.768897	1.616869
3	-282.306433	1.562361
4	-282.843968	1.508572
5	-283.381504	1.452461
6	-283.919040	1.392774
7	-284.456575	1.327289
8	-284.994111	1.254365
9	-285.531647	1.173379
10	-286.069183	1.085463
11	-286.606718	0.993402
12	-287.144254	0.897603
13	-287.681790	0.799818
14	-288.219325	0.701798
15	-288.756861	0.604510
16	-289.294397	0.510555
17	-289.831933	0.498924
18	-290.369468	0.409678
19	-290.907004	0.326609
20	-291.444540	0.251730
21	-291.982075	0.185083
22	-292.519611	0.127349
23	-293.057147	0.078559
24	-293.594683	0.038713
25	-294.132218	0.027077
26	-294.669754	0.025413
27	-295.207290	0.023751
28	-295.744825	0.022089
29	-296.282361	0.020429
30	-296.819897	0.018769
31	-297.357433	0.017111
32	-297.894968	0.015454
33	-298.432504	0.013798
34	-298.970040	0.012144
35	-299.507575	0.007091
36	-300.045111	-0.008063
bisection interval found by 1-dim search: [-300.045111,-299.507575]
No.30	 toolpath -258.937204	[r = -299.808364] is calculated within 6.931526s.
-----
initial linear search begins: 
No.	x	f(x)
0	-272.900010	0.936443
1	-273.438177	0.832681
2	-273.976345	0.729388
3	-274.514512	0.629217
4	-275.052679	0.532494
5	-275.590846	0.442088
6	-276.129013	0.358806
7	-276.667180	0.284282
8	-277.205347	0.266988
9	-277.743514	0.203474
10	-278.281681	0.148911
11	-278.819848	1.025752
12	-279.358015	0.924947
13	-279.896182	0.912778
14	-280.434350	0.810917
15	-280.972517	0.711401
16	-281.510684	0.613610
17	-282.048851	0.521048
18	-282.587018	0.433599
19	-283.125185	0.354186
20	-283.663352	0.283009
21	-284.201519	0.221207
22	-284.739686	0.167896
23	-285.277853	0.123572
24	-285.816020	0.088198
25	-286.354187	0.074640
26	-286.892354	0.072845
27	-287.430522	0.071051
28	-287.968689	0.069258
29	-288.506856	0.067467
30	-289.045023	0.065677
31	-289.583190	0.063888
32	-290.121357	0.063891
33	-290.659524	0.062196
34	-291.197691	0.060257
35	-291.735858	0.052326
36	-292.274025	0.034236
37	-292.812192	0.004363
38	-293.350359	-0.037193
bisection interval found by 1-dim search: [-293.350359,-292.812192]
No.31	 toolpath -252.002522	[r = -292.873682] is calculated within 7.201689s.
-----
initial linear search begins: 
No.	x	f(x)
0	-265.937838	0.992412
1	-266.476555	0.886603
2	-267.015272	0.859885
3	-267.553989	0.756163
4	-268.092706	0.657466
5	-268.631422	0.563560
6	-269.170139	0.478129
7	-269.708856	0.400231
8	-270.247573	0.331794
9	-270.786290	0.271847
10	-271.325007	0.221243
11	-271.863724	0.179242
12	-272.402441	0.146338
13	-272.941158	0.122741
14	-273.479874	0.119547
15	-274.018591	0.116355
16	-274.557308	0.113164
17	-275.096025	0.109976
18	-275.634742	0.106788
19	-276.173459	0.103603
20	-276.712176	0.099260
21	-277.250893	0.097283
22	-277.789609	0.083992
23	-278.328326	0.060782
24	-278.867043	0.132503
25	-279.405760	0.119345
26	-279.944477	0.119678
27	-280.483194	0.117843
28	-281.021911	0.116010
29	-281.560628	0.114178
30	-282.099345	0.112347
31	-282.638061	0.110518
32	-283.176778	0.108691
33	-283.715495	0.105927
34	-284.254212	0.096312
35	-284.792929	0.076851
36	-285.331646	0.045597
37	-285.870363	0.002571
38	-286.409080	-0.049196
bisection interval found by 1-dim search: [-286.409080,-285.870363]
No.32	 toolpath -245.495338	[r = -285.897193] is calculated within 7.056592s.
-----
initial linear search begins: 
No.	x	f(x)
0	-258.934370	1.129037
1	-259.473626	1.019643
2	-260.012883	0.912900
3	-260.552139	0.809831
4	-261.091396	0.711703
5	-261.630652	0.620160
6	-262.169909	0.537976
7	-262.709165	0.464052
8	-263.248422	0.399086
9	-263.787678	0.343081
10	-264.326934	0.296010
11	-264.866191	0.257807
12	-265.405447	0.228523
13	-265.944704	0.207833
14	-266.483960	0.200381
15	-267.023217	0.199879
16	-267.562473	0.196634
17	-268.101730	0.193390
18	-268.640986	0.190149
19	-269.180243	0.186870
20	-269.719499	0.180237
21	-270.258756	0.166462
22	-270.798012	0.143168
23	-271.337269	0.108387
24	-271.876525	0.061620
25	-272.415782	0.005245
26	-272.955038	-0.056795
bisection interval found by 1-dim search: [-272.955038,-272.415782]
No.33	 toolpath -238.996678	[r = -272.464757] is calculated within 6.425153s.
-----
initial linear search begins: 
No.	x	f(x)
0	-245.451891	1.308788
1	-245.992148	1.195771
2	-246.532406	1.085889
3	-247.072663	0.980353
4	-247.612920	0.881496
5	-248.153178	0.791174
6	-248.693435	0.709698
7	-249.233692	0.636624
8	-249.773949	0.572600
9	-250.314207	0.517939
10	-250.854464	0.471819
11	-251.394721	0.434965
12	-251.934979	0.406564
13	-252.475236	0.386536
14	-253.015493	0.373939
15	-253.555751	0.366352
16	-254.096008	0.360924
17	-254.636265	0.359598
18	-255.176523	0.353158
19	-255.716780	0.342747
20	-256.257037	0.325794
21	-256.797295	0.299842
22	-257.337552	0.263153
23	-257.877809	0.213941
24	-258.418067	0.154616
25	-258.958324	0.088380
26	-259.498581	0.017628
27	-260.038839	-0.054410
bisection interval found by 1-dim search: [-260.038839,-259.498581]
No.34	 toolpath -226.563307	[r = -259.631008] is calculated within 6.614683s.
-----
initial linear search begins: 
No.	x	f(x)
0	-232.572659	1.473616
1	-233.113826	1.356378
2	-233.654993	1.244713
3	-234.196160	1.138204
4	-234.737327	1.040692
5	-235.278494	0.951323
6	-235.819661	0.870383
7	-236.360828	0.799056
8	-236.901995	0.736689
9	-237.443162	0.683224
10	-237.984329	0.638560
11	-238.525496	0.602757
12	-239.066663	0.575590
13	-239.607830	0.556081
14	-240.148997	0.552287
15	-240.690164	0.539652
16	-241.231331	0.529254
17	-241.772498	0.518331
18	-242.313665	0.504166
19	-242.854831	0.484008
20	-243.395998	0.455827
21	-243.937165	0.416801
22	-244.478332	0.365873
23	-245.019499	0.303591
24	-245.560666	0.233524
25	-246.101833	0.158717
26	-246.643000	0.081966
27	-247.184167	0.005225
28	-247.725334	-0.068543
bisection interval found by 1-dim search: [-247.725334,-247.184167]
No.35	 toolpath -214.557334	[r = -247.221690] is calculated within 6.704437s.
-----
initial linear search begins: 
No.	x	f(x)
0	-220.121517	1.625173
1	-220.663520	1.505901
2	-221.205523	1.392949
3	-221.747527	1.287721
4	-222.289530	1.190636
5	-222.831534	1.103222
6	-223.373537	1.024200
7	-223.915541	1.005917
8	-224.457544	0.938573
9	-224.999548	0.880128
10	-225.541551	0.830476
11	-226.083555	0.789702
12	-226.625558	0.757609
13	-227.167562	0.733155
14	-227.709565	0.714519
15	-228.251568	0.698947
16	-228.793572	0.683448
17	-229.335575	0.665524
18	-229.877579	0.642297
19	-230.419582	0.611529
20	-230.961586	0.570706
21	-231.503589	0.518013
22	-232.045593	0.453660
23	-232.587596	0.380172
24	-233.129600	0.301738
25	-233.671603	0.220040
26	-234.213607	0.137660
27	-234.755610	0.057683
28	-235.297613	-0.017656
bisection interval found by 1-dim search: [-235.297613,-234.755610]
No.36	 toolpath -202.907852	[r = -235.165818] is calculated within 6.632720s.
-----
initial linear search begins: 
No.	x	f(x)
0	-208.027030	1.860784
1	-208.569806	1.737622
2	-209.112582	1.618821
3	-209.655357	1.508648
4	-210.198133	1.406594
5	-210.740909	1.313622
6	-211.283685	1.229741
7	-211.826460	1.154919
8	-212.369236	1.089089
9	-212.912012	1.032492
10	-213.454788	0.984498
11	-213.997563	0.945370
12	-214.540339	0.914119
13	-215.083115	0.889557
14	-215.625891	0.868581
15	-216.168666	0.848510
16	-216.711442	0.826645
17	-217.254218	0.800275
18	-217.796994	0.767059
19	-218.339769	0.724101
20	-218.882545	0.670099
21	-219.425321	0.603535
22	-219.968097	0.527491
23	-220.510872	0.444509
24	-221.053648	0.358776
25	-221.596424	0.271699
26	-222.139200	0.185759
27	-222.681975	0.104583
28	-223.224751	0.028372
29	-223.767527	0.011030
30	-224.310303	-0.054280
bisection interval found by 1-dim search: [-224.310303,-223.767527]
No.37	 toolpath -191.595959	[r = -223.852866] is calculated within 6.676153s.
-----
initial linear search begins: 
No.	x	f(x)
0	-196.679645	1.000350
1	-197.223109	0.971085
2	-197.766574	0.937075
3	-198.310038	0.895883
4	-198.853503	0.845023
5	-199.396967	0.783094
6	-199.940431	0.708599
7	-200.483896	0.624748
8	-201.027360	1.227511
9	-201.570825	1.172930
10	-202.114289	1.126731
11	-202.657754	1.089103
12	-203.201218	1.058442
13	-203.744682	1.032271
14	-204.288147	1.007880
15	-204.831611	0.982304
16	-205.375076	0.952747
17	-205.918540	0.916949
18	-206.462004	0.872244
19	-207.005469	0.816688
20	-207.548933	0.748314
21	-208.092398	0.730601
22	-208.635862	0.650361
23	-209.179326	0.563790
24	-209.722791	0.473116
25	-210.266255	0.381714
26	-210.809720	0.291387
27	-211.353184	0.205169
28	-211.896649	0.125164
29	-212.440113	0.052702
30	-212.983577	-0.010302
bisection interval found by 1-dim search: [-212.983577,-212.440113]
No.38	 toolpath -181.042212	[r = -212.888577] is calculated within 6.644646s.
-----
initial linear search begins: 
No.	x	f(x)
0	-185.683643	1.188505
1	-186.227741	1.151650
2	-186.771840	1.108304
3	-187.315939	1.055958
4	-187.860038	0.992707
5	-188.404136	0.916592
6	-188.948235	0.830837
7	-189.492334	0.737460
8	-190.036432	0.639320
9	-190.580531	0.540675
10	-191.124630	0.442588
11	-191.668728	0.347437
12	-192.212827	0.258846
13	-192.756926	0.176733
14	-193.301024	0.104353
15	-193.845123	0.042700
16	-194.389222	-0.010192
bisection interval found by 1-dim search: [-194.389222,-193.845123]
No.39	 toolpath -171.034412	[r = -194.279233] is calculated within 5.764867s.
-----
initial linear search begins: 
No.	x	f(x)
0	-167.024192	1.515872
1	-167.569293	1.467413
2	-168.114394	1.410243
3	-168.659495	1.342685
4	-169.204595	1.262896
5	-169.749696	1.171344
6	-170.294797	1.072624
7	-170.839898	0.968385
8	-171.384999	0.861380
9	-171.930099	0.755867
10	-172.475200	0.651852
11	-173.020301	0.553991
12	-173.565402	0.462768
13	-174.110503	0.380184
14	-174.655604	0.308398
15	-175.200704	0.246207
16	-175.745805	0.192240
17	-176.290906	0.144820
18	-176.836007	0.103129
19	-177.381108	0.094330
20	-177.926209	0.057259
21	-178.471309	0.023115
22	-179.016410	-0.009521
bisection interval found by 1-dim search: [-179.016410,-178.471309]
No.40	 toolpath -155.612424	[r = -178.857245] is calculated within 6.349583s.
-----
initial linear search begins: 
No.	x	f(x)
0	-151.564212	1.772092
1	-152.110072	1.711349
2	-152.655933	1.640351
3	-153.201794	1.557385
4	-153.747654	1.462596
5	-154.293515	1.359144
6	-154.839376	1.249353
7	-155.385236	1.136914
8	-155.931097	1.024546
9	-156.476958	0.913879
10	-157.022818	0.890984
11	-157.568679	0.786307
12	-158.114540	0.689028
13	-158.660400	0.600312
14	-159.206261	0.522396
15	-159.752122	0.454098
16	-160.297982	0.393605
17	-160.843843	0.340182
18	-161.389704	0.292557
19	-161.935564	0.248506
20	-162.481425	0.207700
21	-163.027286	0.168988
22	-163.573146	0.130318
23	-164.119007	0.091080
24	-164.664868	0.049316
25	-165.210728	0.004118
26	-165.756589	-0.043810
bisection interval found by 1-dim search: [-165.756589,-165.210728]
No.41	 toolpath -142.436760	[r = -165.260304] is calculated within 6.976539s.
-----
initial linear search begins: 
No.	x	f(x)
0	-137.936418	2.034032
1	-138.482896	1.968519
2	-139.029373	1.892851
3	-139.575851	1.805324
4	-140.122329	1.705901
5	-140.668806	1.596861
6	-141.215284	1.482106
7	-141.761762	1.363711
8	-142.308240	1.245290
9	-142.854717	1.129386
10	-143.401195	1.018305
11	-143.947673	0.913323
12	-144.494150	0.817248
13	-145.040628	0.731050
14	-145.587106	0.654856
15	-146.133584	0.587859
16	-146.680061	0.527649
17	-147.226539	0.473125
18	-147.773017	0.423185
19	-148.319494	0.376361
20	-148.865972	0.331594
21	-149.412450	0.287764
22	-149.958928	0.243341
23	-150.505405	0.196668
24	-151.051883	0.146969
25	-151.598361	0.094319
26	-152.144838	0.040171
27	-152.691316	-0.014668
bisection interval found by 1-dim search: [-152.691316,-152.144838]
No.42	 toolpath -130.152015	[r = -152.545624] is calculated within 6.618491s.
-----
initial linear search begins: 
No.	x	f(x)
0	-125.195122	2.226338
1	-125.742132	2.148394
2	-126.289142	2.058475
3	-126.836152	1.956172
4	-127.383162	1.844238
5	-127.930172	1.725032
6	-128.477182	1.602403
7	-129.024192	1.479166
8	-129.571203	1.356956
9	-130.118213	1.239101
10	-130.665223	1.126905
11	-131.212233	1.023299
12	-131.759243	0.930049
13	-132.306253	0.846938
14	-132.853263	0.772767
15	-133.400273	0.706226
16	-133.947283	0.645592
17	-134.494293	0.589778
18	-135.041303	0.537285
19	-135.588313	0.487077
20	-136.135323	0.477894
21	-136.682333	0.428826
22	-137.229343	0.379559
23	-137.776353	0.328434
24	-138.323363	0.273936
25	-138.870373	0.216030
26	-139.417383	0.157055
27	-139.964393	0.097343
28	-140.511403	0.039058
29	-141.058413	-0.016444
bisection interval found by 1-dim search: [-141.058413,-140.511403]
No.43	 toolpath -118.497603	[r = -140.890144] is calculated within 6.723371s.
-----
initial linear search begins: 
No.	x	f(x)
0	-113.517134	2.386650
1	-114.064594	2.294539
2	-114.612054	2.190613
3	-115.159514	2.075502
4	-115.706974	1.952325
5	-116.254435	1.826006
6	-116.801895	1.697533
7	-117.349355	1.569519
8	-117.896815	1.547375
9	-118.444275	1.424974
10	-118.991736	1.308136
11	-119.539196	1.199833
12	-120.086656	1.101083
13	-120.634116	1.013305
14	-121.181576	0.934497
15	-121.729037	0.863364
16	-122.276497	0.797644
17	-122.823957	0.737326
18	-123.371417	0.680328
19	-123.918877	0.626061
20	-124.466338	0.572574
21	-125.013798	0.518751
22	-125.561258	0.463358
23	-126.108718	0.404715
24	-126.656178	0.342889
25	-127.203639	0.279351
26	-127.751099	0.214791
27	-128.298559	0.151414
28	-128.846019	0.090552
29	-129.393479	0.033978
30	-129.940940	-0.016990
bisection interval found by 1-dim search: [-129.940940,-129.393479]
No.44	 toolpath -107.800025	[r = -129.752216] is calculated within 6.769794s.
-----
initial linear search begins: 
No.	x	f(x)
0	-102.359383	0.772245
1	-102.907240	2.506646
2	-103.455096	2.398301
3	-104.002953	2.279359
4	-104.550810	2.152217
5	-105.098666	2.020866
6	-105.646523	1.888219
7	-106.194380	1.755928
8	-106.742236	1.627474
9	-107.290093	1.505106
10	-107.837950	1.389965
11	-108.385806	1.284898
12	-108.933663	1.190873
13	-109.481519	1.105393
14	-110.029376	1.028560
15	-110.577233	0.957295
16	-111.125089	0.891696
17	-111.672946	0.829606
18	-112.220803	0.770495
19	-112.768659	0.712350
20	-113.316516	0.654089
21	-113.864373	0.594973
22	-114.412229	0.532322
23	-114.960086	0.466828
24	-115.507943	0.398939
25	-116.055799	0.330268
26	-116.603656	0.262052
27	-117.151513	0.196099
28	-117.699369	0.184787
29	-118.247226	0.123496
30	-118.795083	0.068242
31	-119.342939	0.020184
32	-119.890796	-0.019621
bisection interval found by 1-dim search: [-119.890796,-119.342939]
No.45	 toolpath -97.651301	[r = -119.603492] is calculated within 6.893526s.
-----
initial linear search begins: 
No.	x	f(x)
0	-92.194029	0.806460
1	-92.742219	0.739444
2	-93.290408	0.728283
3	-93.838597	0.658163
4	-94.386786	0.584229
5	-94.934976	0.508492
6	-95.483165	0.431522
7	-96.031354	0.355631
8	-96.579543	0.282102
9	-97.127733	0.270033
10	-97.675922	0.201219
11	-98.224111	0.138553
12	-98.772300	0.083164
13	-99.320490	0.036352
14	-99.868679	-0.002758
bisection interval found by 1-dim search: [-99.868679,-99.320490]
No.46	 toolpath -88.333206	[r = -99.827458] is calculated within 5.520477s.
-----
initial linear search begins: 
No.	x	f(x)
0	-72.389501	0.856372
1	-72.938260	0.770948
2	-73.487019	0.686803
3	-74.035779	0.604632
4	-74.584538	0.526884
5	-75.133297	0.455284
6	-75.682056	0.390924
7	-76.230815	0.382907
8	-76.779574	0.328383
9	-77.328333	0.281373
10	-77.877092	0.240154
11	-78.425852	0.202812
12	-78.974611	0.168014
13	-79.523370	0.133959
14	-80.072129	0.129526
15	-80.620888	0.094391
16	-81.169647	0.056121
17	-81.718406	0.013220
18	-82.267165	-0.036444
bisection interval found by 1-dim search: [-82.267165,-81.718406]
No.47	 toolpath -72.713612	[r = -81.871137] is calculated within 5.736760s.
-----
initial linear search begins: 
No.	x	f(x)
0	-54.411777	0.901662
1	-54.960964	0.818517
2	-55.510152	0.741519
3	-56.059339	0.731295
4	-56.608526	0.663844
5	-57.157713	0.605074
6	-57.706900	0.553094
7	-58.256088	0.506517
8	-58.805275	0.462776
9	-59.354462	0.420960
10	-59.903649	0.378953
11	-60.452836	0.335192
12	-61.002024	0.288040
13	-61.551211	0.235403
14	-62.100398	0.227529
15	-62.649585	0.167523
16	-63.198772	0.103287
17	-63.747960	0.036946
18	-64.297147	-0.028395
bisection interval found by 1-dim search: [-64.297147,-63.747960]
No.48	 toolpath -56.803405	[r = -64.055268] is calculated within 5.757817s.
-----
initial linear search begins: 
No.	x	f(x)
0	-36.578865	1.100930
1	-37.128393	1.021843
2	-37.677921	0.951522
3	-38.227449	0.889265
4	-38.776977	0.832897
5	-39.326505	0.780443
6	-39.876034	0.730729
7	-40.425562	0.681548
8	-40.975090	0.631738
9	-41.524618	0.579018
10	-42.074146	0.569855
11	-42.623674	0.511858
12	-43.173202	0.447413
13	-43.722730	0.377376
14	-44.272258	0.304725
15	-44.821786	0.231098
16	-45.371314	0.159176
17	-45.920842	0.092488
18	-46.470370	0.032385
19	-47.019898	-0.019119
bisection interval found by 1-dim search: [-47.019898,-46.470370]
No.49	 toolpath -40.955187	[r = -46.803629] is calculated within 5.829385s.
-----
initial linear search begins: 
No.	x	f(x)
0	-19.314695	1.302499
1	-19.864474	1.230157
2	-20.414252	1.164430
3	-20.964031	1.103672
4	-21.513810	1.045908
5	-22.063588	0.989645
6	-22.613367	0.933387
7	-23.163146	0.875218
8	-23.712924	0.813102
9	-24.262703	0.745263
10	-24.812482	0.671031
11	-25.362260	0.656471
12	-25.912039	0.577149
13	-26.461818	0.496563
14	-27.011597	0.416852
15	-27.561375	0.340671
16	-28.111154	0.270969
17	-28.660933	0.209335
18	-29.210711	0.157455
19	-29.760490	0.115708
20	-30.310269	0.082967
21	-30.860047	0.057034
22	-31.409826	0.036455
23	-31.959605	0.019633
24	-32.509383	0.005151
25	-33.059162	-0.008274
bisection interval found by 1-dim search: [-33.059162,-32.509383]
No.50	 toolpath -27.777301	[r = -32.717161] is calculated within 6.527958s.
-----
initial linear search begins: 
No.	x	f(x)
0	-5.220890	1.513093
1	-5.770816	1.440029
2	-6.320741	1.372837
3	-6.870666	1.308974
4	-7.420592	1.246965
5	-7.970517	1.185336
6	-8.520443	1.122154
7	-9.070368	1.055863
8	-9.620293	0.983789
9	-10.170219	0.905194
10	-10.720144	0.821918
11	-11.270070	0.735351
12	-11.819995	0.649344
13	-12.369921	0.565420
14	-12.919846	0.487266
15	-13.469771	0.416536
16	-14.019697	0.354223
17	-14.569622	0.302730
18	-15.119548	0.260900
19	-15.669473	0.253372
20	-16.219399	0.220673
21	-16.769324	0.193449
22	-17.319249	0.170440
23	-17.869175	0.150116
24	-18.419100	0.131129
25	-18.969026	0.111722
26	-19.518951	0.089863
27	-20.068876	0.062987
28	-20.618802	0.030120
29	-21.168727	-0.008147
bisection interval found by 1-dim search: [-21.168727,-20.618802]
No.51	 toolpath -16.563082	[r = -21.057561] is calculated within 6.701185s.
-----
initial linear search begins: 
No.	x	f(x)
0	6.442816	1.679155
1	5.892808	1.606288
2	5.342801	1.537112
3	4.792793	1.470169
4	4.242786	1.403530
5	3.692778	1.336667
6	3.142771	1.266124
7	2.592763	1.191209
8	2.042756	1.109916
9	1.492748	1.022317
10	0.942741	0.932100
11	0.392733	0.840716
12	-0.157274	0.751493
13	-0.707282	0.667027
14	-1.257290	0.589637
15	-1.807297	0.520315
16	-2.357305	0.461684
17	-2.907312	0.413005
18	-3.457320	0.372723
19	-4.007327	0.338440
20	-4.557335	0.331490
21	-5.107342	0.303056
22	-5.657350	0.277743
23	-6.207357	0.253877
24	-6.757365	0.230207
25	-7.307372	0.204510
26	-7.857380	0.174202
27	-8.407387	0.138160
28	-8.957395	0.096248
29	-9.507403	0.050130
30	-10.057410	0.002037
31	-10.607418	-0.045498
bisection interval found by 1-dim search: [-10.607418,-10.057410]
No.52	 toolpath -6.023182	[r = -10.082655] is calculated within 6.690833s.
-----
initial linear search begins: 
No.	x	f(x)
0	17.419960	1.833238
1	16.869907	1.758897
2	16.319855	1.687173
3	15.769803	1.616623
4	15.219751	1.545290
5	14.669698	1.471670
6	14.119646	1.393623
7	13.569594	1.309456
8	13.019541	1.219158
9	12.469489	1.125129
10	11.919437	1.029359
11	11.369385	0.934571
12	10.819332	0.844075
13	10.269280	0.760278
14	9.719228	0.684684
15	9.169175	0.618566
16	8.619123	0.563044
17	8.069071	0.516419
18	7.519019	0.506319
19	6.968966	0.467810
20	6.418914	0.434339
21	5.868862	0.404019
22	5.318809	0.375592
23	4.768757	0.347690
24	4.218705	0.318323
25	3.668653	0.285010
26	3.118600	0.245884
27	2.568548	0.200864
28	2.018496	0.151308
29	1.468443	0.099061
30	0.918391	0.046887
31	0.368339	-0.003201
bisection interval found by 1-dim search: [0.368339,0.918391]
No.53	 toolpath 4.040081	[r = 0.407552] is calculated within 6.681578s.
-----
-----
No.53	 toolpath point at [r = 0] is calculated within 2.047265s.
-----
The toolpath concentric optimization process causes 338.627297 seconds.
The time spent in the spiral toolpath generation process is 0.786997s.
close all; save data.mat
s6_post_process
s4_optim_2D_aspheric_actual_tip_multi_iter
