Starting parallel pool (parpool) using the 'local' profile ...
Connected to the parallel pool (number of workers: 6).
The time spent in the parallel computing activating process is 25.201773s.
-----
No.1	 toolpath -2118.237076	[r = -2200.000000] is calculated within 0.287070s.
-----
<a href="matlab: opentoline('D:\Code\2021-11_ToolWaviness\upm_toolpath\src\funcs\tool_geometry\iterfunc_curvepath_multi_solve.m',111,1)">111 </a>    delta = 2*sqrt((2*toolData.radius*aimRes - aimRes^2))*cos(atan(surfFx(r)));
if system_dependent('IsDebugMode')==1, dbstep; end
2.1087/pi

ans =

    0.6712

0.6712*180

ans =

  120.8160

diff(toolData.toolFit(1,:))

ans =

  列 1 至 27

     0     0     0     0     0     0     0     0     0     0     0     0     0     0     0     0     0     0     0     0     0     0     0     0     0     0     0

  列 28 至 54

     0     0     0     0     0     0     0     0     0     0     0     0     0     0     0     0     0     0     0     0     0     0     0     0     0     0     0

  列 55 至 81

     0     0     0     0     0     0     0     0     0     0     0     0     0     0     0     0     0     0     0     0     0     0     0     0     0     0     0

  列 82 至 90

     0     0     0     0     0     0     0     0     0

diff(toolData.toolFit(2,:))

ans =

  列 1 至 16

   -4.3777   -0.2326   -1.0829   -3.5544    0.9496   -7.4455    3.3087   -3.1329   -4.8942    2.3853   -3.8283   -3.3297    0.7412   -4.4674   -0.4365   -3.0803

  列 17 至 32

   -1.1052   -3.1469   -2.1564   -0.6574   -3.7138   -1.5002   -4.2915   -0.0863   -4.4735   -0.1089   -4.0997   -0.5341   -4.6533   -2.4848   -3.0355    0.4447

  列 33 至 48

   -4.9002   -1.6992   -3.8891   -0.0267   -4.3119   -3.1415   -2.2720   -4.3042   -1.2131   -2.9184   -2.2175   -2.1942   -1.7991   -5.1580   -4.8750   -4.8152

  列 49 至 64

   -5.1968   -4.5076   -6.3741   -4.0698   -5.6446   -4.4936   -6.9200   -2.7498   -6.4954   -4.8068   -5.8640   -5.2070   -2.9648   -5.2162   -4.6124   -4.9415

  列 65 至 80

   -4.7675   -6.0722   -5.2779   -4.3559   -4.6237   -5.7280   -4.6751   -4.2833   -6.4979   -3.4309   -5.2118   -6.7638   -3.8908   -5.5474   -5.1766   -5.0728

  列 81 至 90

   -6.5205   -2.9805   -4.8335   -5.8726   -3.8341   -5.9145   -5.3431   -5.6840   -4.8801   -6.8009

if system_dependent('IsDebugMode')==1, dbquit; end
cleara
{函数或变量 'cleara' 无法识别。
} 
clear
clc
uiopen('D:\Code\2021-11_ToolWaviness\upm_toolpath\workspace\20230510\030100-sts-r0600c0.69-D906+0417-xplus-res1-arc0.02+deg1\feedrate.fig',1)
uiopen('D:\Code\2021-11_ToolWaviness\upm_toolpath\workspace\20230510\030134-sts-r0600c0.69-D906+theo-xminus-res1-arc0.02+deg1\feedrate-pchip.fig',1)
uiopen('D:\Code\2021-11_ToolWaviness\upm_toolpath\workspace\20230510\030135-sts-r0600c0.69-D906+myfit-xminus-res1-arc0.02+deg1\feedrate-pchip.fig',1)
uiopen('D:\Code\2021-11_ToolWaviness\upm_toolpath\workspace\20230510\030136-sts-r0600c0.69-D906+0417-xminus-x0.028-arc0.02+deg1\feedrate-pchip.fig',1)
uiopen('D:\Code\2021-11_ToolWaviness\upm_toolpath\workspace\20230510\030137-sts-r0600c0.69-D906+0417-xminus-r0.028-arc0.02+deg1\feedrate-pchip.fig',1)
uiopen('D:\Code\2021-11_ToolWaviness\upm_toolpath\workspace\20230510\030160-sts-r0600c0.69-D906+0417-xminus-res0.5-arc0.02+deg1\feedrate-pchip.fig',1)
uiopen('D:\Code\2021-11_ToolWaviness\upm_toolpath\workspace\20230510\030170-sts-r0600c0.69-D906+0417-xminus-res0.8-arc0.02+deg1\feedrate-pchip.fig',1)
uiopen('D:\Code\2021-11_ToolWaviness\upm_toolpath\workspace\20230510\030190-sts-r0600c0.69-D906+0417-xminus-res1.5-arc0.02+deg1\feedrate-pchip.fig',1)
uiopen('D:\Code\2021-11_ToolWaviness\upm_toolpath\workspace\20230510\040101-sts-r2000c0.18-D906+0417-xminus-res0.5-arc0.02+deg1\feedrate-pchip.fig',1)
uiopen('D:\Code\2021-11_ToolWaviness\upm_toolpath\workspace\20230510\050100-sts-r600c0.69-D906+theo-xplus-res1\feedrate-pchip.fig',1)
uiopen('D:\Code\2021-11_ToolWaviness\upm_toolpath\workspace\20230510\050101-sts-r600c0.69-D906+theo-xminus-res1\feedrate-pchip.fig',1)
uiopen('D:\Code\2021-11_ToolWaviness\upm_toolpath\workspace\20230510\030190-sts-r0600c0.69-D906+0417-xminus-res1.5-arc0.02+deg1\feedrate-pchip.fig',1)
uiopen('D:\Code\2021-11_ToolWaviness\upm_toolpath\workspace\20230510\040101-sts-r2000c0.18-D906+0417-xminus-res0.5-arc0.02+deg1\feedrate-pchip.fig',1)
uiopen('D:\Code\2021-11_ToolWaviness\upm_toolpath\workspace\20230510\050100-sts-r600c0.69-D906+theo-xplus-res1\feedrate-pchip.fig',1)
uiopen('D:\Code\2021-11_ToolWaviness\upm_toolpath\workspace\20230510\030160-sts-r0600c0.69-D906+0417-xminus-res0.5-arc0.02+deg1\feedrate-pchip.fig',1)
uiimport('D:\Code\2021-11_ToolWaviness\upm_toolpath\workspace\20230510\030160-sts-r0600c0.69-D906+0417-xminus-res0.5-arc0.02+deg1\030160-sts-r0600c0.69-D906+0417-xminus-res0.5-arc0.02+deg1-toolPath20230515T122518.mat',1)
uiimport('D:\OneDrive - sjtu.edu.cn\Research\Projects\202111-考虑刀具几何的路径规划\paper\manuscript\fig12 tool path smoothing\data.mat',1)
uiopen('D:\OneDrive - sjtu.edu.cn\Research\Projects\202111-考虑刀具几何的路径规划\paper\manuscript\fig10 2D residual error calculation\fig10.mlx',1)
 help axes
 <strong>axes</strong> Create axes graphics object
    <strong>axes</strong>, by itself, creates an axes graphics object in the current figure
    using default property values.
 
    <strong>axes</strong>(...,Name,Value) specifies axes properties using one or more
    Name,Value pair arguments.
 
    <strong>axes</strong>(AX) makes existing axes AX the current axes and brings the figure
    containing it into focus.
 
    <strong>axes</strong>(container,...) creates the axes in the figure, uipanel, or uitab
    specified by container, instead of in the current figure.
 
    H = <strong>axes</strong>(...) returns the axes object created.
 
    Execute GET(H), where H is an axes object, to see a list of axes object
    properties and their current values.
    Execute SET(H) to see a list of axes object properties and legal
    property values.
 
    See also <a href="matlab:help subplot -displayBanner">subplot</a>, <a href="matlab:help axis -displayBanner">axis</a>, <a href="matlab:help figure -displayBanner">figure</a>, <a href="matlab:help gca -displayBanner">gca</a>, <a href="matlab:help cla -displayBanner">cla</a>.

    <a href="matlab:doc axes">axes 的文档</a>

doc axes
lp plot> 
{函数或变量 'lp' 无法识别。
} 
help plot
 <strong>plot</strong>   Linear plot. 
    <strong>plot</strong>(X,Y) plots vector Y versus vector X. If X or Y is a matrix,
    then the vector is plotted versus the rows or columns of the matrix,
    whichever line up.  If X is a scalar and Y is a vector, disconnected
    line objects are created and plotted as discrete points vertically at
    X.
 
    <strong>plot</strong>(Y) plots the columns of Y versus their index.
    If Y is complex, <strong>plot</strong>(Y) is equivalent to <strong>plot</strong>(real(Y),imag(Y)).
    In all other uses of <strong>plot</strong>, the imaginary part is ignored.
 
    Various line types, plot symbols and colors may be obtained with
    <strong>plot</strong>(X,Y,S) where S is a character string made from one element
    from any or all the following 3 columns:
 
           b     blue          .     point              -     solid
           g     green         o     circle             :     dotted
           r     red           x     x-mark             -.    dashdot 
           c     cyan          +     plus               --    dashed   
           m     magenta       *     star             (none)  no line
           y     yellow        s     square
           k     black         d     diamond
           w     white         v     triangle (down)
                               ^     triangle (up)
                               <     triangle (left)
                               >     triangle (right)
                               p     pentagram
                               h     hexagram
                          
    For example, <strong>plot</strong>(X,Y,'c+:') plots a cyan dotted line with a plus 
    at each data point; <strong>plot</strong>(X,Y,'bd') plots blue diamond at each data 
    point but does not draw any line.
 
    <strong>plot</strong>(TBL,XVAR,YVAR) plots the variables xvar and yvar from the table
    tbl. To plot one data set, specify one variable for xvar and one
    variable for yvar. To plot multiple data sets, specify multiple
    variables for xvar, yvar, or both. If both arguments specify multiple
    variables, they must specify the same number of variables
  
    <strong>plot</strong>(TBL,YVAR) plots the specified variable from the table against the
    row indices in the table. If the table is a timetable, the specified
    variable is plotted against the row times from the timetable.
 
    <strong>plot</strong>(X1,Y1,S1,X2,Y2,S2,X3,Y3,S3,...) combines the plots defined by
    the (X,Y,S) triples, where the X's and Y's are vectors or matrices 
    and the S's are strings.  
 
    For example, <strong>plot</strong>(X,Y,'y-',X,Y,'go') plots the data twice, with a
    solid yellow line interpolating green circles at the data points.
 
    The <strong>plot</strong> command, if no color is specified, makes automatic use of
    the colors specified by the axes ColorOrder property.  By default,
    <strong>plot</strong> cycles through the colors in the ColorOrder property.  For
    monochrome systems, <strong>plot</strong> cycles over the axes LineStyleOrder property.
 
    Note that RGB colors in the ColorOrder property may differ from
    similarly-named colors in the (X,Y,S) triples.  For example, the 
    second axes ColorOrder property is medium green with RGB [0 .5 0],
    while <strong>plot</strong>(X,Y,'g') plots a green line with RGB [0 1 0].
 
    If you do not specify a marker type, <strong>plot</strong> uses no marker. 
    If you do not specify a line style, <strong>plot</strong> uses a solid line.
 
    <strong>plot</strong>(AX,...) plots into the axes with handle AX.
 
    <strong>plot</strong> returns a column vector of handles to lineseries objects, one
    handle per plotted line. 
 
    The X,Y pairs, or X,Y,S triples, can be followed by 
    parameter/value pairs to specify additional properties 
    of the lines. For example, <strong>plot</strong>(X,Y,'LineWidth',2,'Color',[.6 0 0]) 
    will create a plot with a dark red line width of 2 points.
 
    Example
       x = -pi:pi/10:pi;
       y = tan(sin(x)) - sin(tan(x));
       plot(x,y,'--rs','LineWidth',2,...
                       'MarkerEdgeColor','k',...
                       'MarkerFaceColor','g',...
                       'MarkerSize',10)
 
    See also <a href="matlab:help plottools -displayBanner">plottools</a>, <a href="matlab:help semilogx -displayBanner">semilogx</a>, <a href="matlab:help semilogy -displayBanner">semilogy</a>, <a href="matlab:help loglog -displayBanner">loglog</a>, <a href="matlab:help plotyy -displayBanner">plotyy</a>, <a href="matlab:help plot3 -displayBanner">plot3</a>, <a href="matlab:help grid -displayBanner">grid</a>,
    <a href="matlab:help title -displayBanner">title</a>, <a href="matlab:help xlabel -displayBanner">xlabel</a>, <a href="matlab:help ylabel -displayBanner">ylabel</a>, <a href="matlab:help axis -displayBanner">axis</a>, <a href="matlab:help axes -displayBanner">axes</a>, <a href="matlab:help hold -displayBanner">hold</a>, <a href="matlab:help legend -displayBanner">legend</a>, <a href="matlab:help subplot -displayBanner">subplot</a>, <a href="matlab:help scatter -displayBanner">scatter</a>.

    <a href="matlab:doc plot">plot 的文档</a>
    <a href="matlab:matlab.internal.language.introspective.overloads.displayOverloads('plot')">名为 plot 的其他函数</a>

doc plot

--------------------------------------------------------------------------------
             std::terminate() detected at 2023-06-22 12:20:11 +0800
--------------------------------------------------------------------------------

Configuration:
  Crash Decoding           : Disabled - No sandbox or build area path
  Crash Mode               : continue (default)
  Default Encoding         : UTF-8
  Deployed                 : false
  Graphics Driver          : NVIDIA Corporation NVIDIA GeForce GTX 1660 SUPER/PCIe/SSE2 Version 4.6.0 NVIDIA 535.98
  Graphics card 1          : Parsec Cloud, Inc. ( 0x0 ) Parsec Virtual Display Adapter Version 0.38.0.0 (2022-2-17)
  Graphics card 2          : NVIDIA ( 0x10de ) NVIDIA GeForce GTX 1660 SUPER Version 31.0.15.3598 (2023-5-24)
  Java Version             : Java 1.8.0_202-b08 with Oracle Corporation Java HotSpot(TM) 64-Bit Server VM mixed mode
  MATLAB Architecture      : win64
  MATLAB Entitlement ID    : 5150695
  MATLAB Root              : C:\Program Files\MATLAB\R2022a
  MATLAB Version           : 9.12.0.1884302 (R2022a)
  OpenGL                   : hardware
  Operating System         : Microsoft Windows 11 专业版
  Process ID               : 23812
  Processor ID             : x86 Family 25 Model 33 Stepping 0, AuthenticAMD
  Session Key              : ea2694df-58d4-4808-a85b-fb201e8242a4
  Window System            : Version 10.0 (Build 22000)

Fault Count: 1


Abnormal termination:
std::terminate()

Current Thread: 'MCR 0 interpreter thread' id 10516

Register State (captured):
  RAX = 00007ff90dcf6ad8  RBX = 00007ff90dcf6ad8
  RCX = 00000019893f3240  RDX = 0000000000000000
  RSP = 00000019893f3180  RBP = 00000019893f3f20
  RSI = 0000000000000000  RDI = 00007ff90dcf6ad8
 
   R8 = 0000000000000003   R9 = 00000019893f30f8
  R10 = 0000000000000014  R11 = 00007ff90dce6ad0
  R12 = 00000019893f3e28  R13 = 00000019893f74d0
  R14 = 00007ff90dce6a48  R15 = 00000019893f3860
 
  RIP = 00007ff90dbec6fa  EFL = 00000202
 
   CS = 0033   FS = 0053   GS = 002b

Stack Trace (captured):
[  0] 0x00007ff90dc99cb3 C:\Program Files\MATLAB\R2022a\bin\win64\libmwfl.dll+00761011 foundation::core::diag::symbolic+00000275
[  1] 0x00007ff90dc98758 C:\Program Files\MATLAB\R2022a\bin\win64\libmwfl.dll+00755544 foundation::core::diag::stacktrace_base::capture+00000024
[  2] 0x00007ff90dbe72ce C:\Program Files\MATLAB\R2022a\bin\win64\libmwfl.dll+00029390 foundation::core::diag::symbols::getSymbolAddress+00011550
[  3] 0x00007ff90dbeb2f4 C:\Program Files\MATLAB\R2022a\bin\win64\libmwfl.dll+00045812 foundation::core::diag::is_terminate_message_enabled+00000868
[  4] 0x00007ff8cc57bbbd   C:\Program Files\MATLAB\R2022a\bin\win64\mcr.dll+00834493 mcr::shutdown::startWatchdog+00033469
[  5] 0x00007ff8cc57b35c   C:\Program Files\MATLAB\R2022a\bin\win64\mcr.dll+00832348 mcr::shutdown::startWatchdog+00031324
[  6] 0x00007ff8cc577123   C:\Program Files\MATLAB\R2022a\bin\win64\mcr.dll+00815395 mcr::shutdown::startWatchdog+00014371
[  7] 0x00007ff8cc57da2e   C:\Program Files\MATLAB\R2022a\bin\win64\mcr.dll+00842286 mnSetSegvServiceUrl+00000190
[  8] 0x00007ff92e4a6994 C:\Program Files\MATLAB\R2022a\bin\win64\VCRUNTIME140.dll+00027028 purecall+00000020
[  9] 0x00007ff84718bc56 C:\Program Files\MATLAB\R2022a\bin\win64\handle_graphics.dll+02997334 hg::BasicEventExecutionContext::findOwner+00000022
[ 10] 0x00007ff846f0e168 C:\Program Files\MATLAB\R2022a\bin\win64\handle_graphics.dll+00385384 hg::UIEvent::execute+00000088
[ 11] 0x00007ff846f47b4a C:\Program Files\MATLAB\R2022a\bin\win64\handle_graphics.dll+00621386 mwboost::archive::codecvt_null<wchar_t>::do_out+00006154
[ 12] 0x00007ff846f297e3 C:\Program Files\MATLAB\R2022a\bin\win64\handle_graphics.dll+00497635 hg::test::NullEventSink::handleSceneNodeHitEvent+00053187
[ 13] 0x00007ff846f40680 C:\Program Files\MATLAB\R2022a\bin\win64\handle_graphics.dll+00591488 mwboost::archive::codecvt_null<wchar_t>::`default constructor closure'+00014640
[ 14] 0x00007ff8cc6f1e0a   C:\Program Files\MATLAB\R2022a\bin\win64\iqm.dll+00794122 iqm::PackagedTaskPlugin::execute+00000074
[ 15] 0x00007ff8cc5119ad   C:\Program Files\MATLAB\R2022a\bin\win64\mcr.dll+00399789 services::lmgr::exception::LicensingStartupException::~LicensingStartupException+00006861
[ 16] 0x00007ff8cc6c9882   C:\Program Files\MATLAB\R2022a\bin\win64\iqm.dll+00628866 iqm::Iqm::setupIqmFcnPtrs+00094722
[ 17] 0x00007ff8cc69bd86   C:\Program Files\MATLAB\R2022a\bin\win64\iqm.dll+00441734 iqm::Iqm::create+00012710
[ 18] 0x00007ff8cc69b472   C:\Program Files\MATLAB\R2022a\bin\win64\iqm.dll+00439410 iqm::Iqm::create+00010386
[ 19] 0x00007ff8cc69e1b9   C:\Program Files\MATLAB\R2022a\bin\win64\iqm.dll+00451001 iqm::Iqm::create+00021977
[ 20] 0x00007ff908eaf0f9 C:\Program Files\MATLAB\R2022a\bin\win64\libmwservices.dll+02552057 sysq::addProcessPendingEventsUnitTestHook+00001161
[ 21] 0x00007ff908eb0440 C:\Program Files\MATLAB\R2022a\bin\win64\libmwservices.dll+02556992 sysq::addProcessPendingEventsUnitTestHook+00006096
[ 22] 0x00007ff908eb1248 C:\Program Files\MATLAB\R2022a\bin\win64\libmwservices.dll+02560584 svWS_ProcessPendingEvents+00000200
[ 23] 0x00007ff8843c0ad3 C:\Program Files\MATLAB\R2022a\bin\win64\libmwdrawnow.dll+00264915 graphics::drawnow+00000355
[ 24] 0x00007ff8843c0a90 C:\Program Files\MATLAB\R2022a\bin\win64\libmwdrawnow.dll+00264848 graphics::drawnow+00000288
[ 25] 0x00007ff827b5771f C:\Program Files\MATLAB\R2022a\bin\win64\hgweb.dll+00423711 mwboost::serialization::singleton_module::unlock+00284431
[ 26] 0x00007ff827b0ae0c C:\Program Files\MATLAB\R2022a\bin\win64\hgweb.dll+00110092 MLTerminate_hgweb+00086972
[ 27] 0x00007ff84690e27e C:\Program Files\MATLAB\R2022a\bin\win64\libmwhghardcopy.dll+00057982 graphics::internal::Exportable::createExportView+00000446
[ 28] 0x00007ff84691c11e C:\Program Files\MATLAB\R2022a\bin\win64\libmwhghardcopy.dll+00114974 generateGraphicsOutput+00001198
[ 29] 0x00007ff8c97f9605 C:\Program Files\MATLAB\R2022a\bin\win64\builtin.dll+00103941 MathWorks::builtin::BuiltinFcn::invoke+00001157
[ 30] 0x00007ff8cc396b49                     bin\win64\pgo\m_dispatcher.dll+00093001 AutoPushingExecutionFrame::~AutoPushingExecutionFrame+00001449
[ 31] 0x00007ff8cc396a55                     bin\win64\pgo\m_dispatcher.dll+00092757 AutoPushingExecutionFrame::~AutoPushingExecutionFrame+00001205
[ 32] 0x00007ff8cc396262                     bin\win64\pgo\m_dispatcher.dll+00090722 Mfh_MATLAB_fn_impl::dispatch+00000738
[ 33] 0x00007ff8cc395fad                     bin\win64\pgo\m_dispatcher.dll+00090029 Mfh_MATLAB_fn_impl::dispatch+00000045
[ 34] 0x00007ff8c9ac1324 C:\Program Files\MATLAB\R2022a\bin\win64\libmwlxemainservices.dll+00332580 mwboost::archive::codecvt_null<wchar_t>::do_always_noconv+00071588
[ 35] 0x00007ff8c9acf720 C:\Program Files\MATLAB\R2022a\bin\win64\libmwlxemainservices.dll+00390944 mwboost::archive::codecvt_null<wchar_t>::do_always_noconv+00129952
[ 36] 0x00007ff889851721 C:\Program Files\MATLAB\R2022a\bin\win64\m_lxe.dll+05510945 MathWorks::lxe::ReadOnlyXvaluePtr::operator=+00006097
[ 37] 0x00007ff889853208 C:\Program Files\MATLAB\R2022a\bin\win64\m_lxe.dll+05517832 MathWorks::lxe::ReadOnlyXvaluePtr::operator=+00012984
[ 38] 0x00007ff8897a79b8 C:\Program Files\MATLAB\R2022a\bin\win64\m_lxe.dll+04815288 MathWorks::lxe::printLxeProfStatsForFeature+00279032
[ 39] 0x00007ff8897bfc99 C:\Program Files\MATLAB\R2022a\bin\win64\m_lxe.dll+04914329 MathWorks::lxe::printLxeProfStatsForFeature+00378073
[ 40] 0x00007ff8895bbbab C:\Program Files\MATLAB\R2022a\bin\win64\m_lxe.dll+02800555 MathWorks::lxe::LXEConstants::IsIfElse+00522971
[ 41] 0x00007ff8895c0074 C:\Program Files\MATLAB\R2022a\bin\win64\m_lxe.dll+02818164 MathWorks::lxe::LXEConstants::IsY+00012660
[ 42] 0x00007ff8895bd601 C:\Program Files\MATLAB\R2022a\bin\win64\m_lxe.dll+02807297 MathWorks::lxe::LXEConstants::IsY+00001793
[ 43] 0x00007ff8895c11b5 C:\Program Files\MATLAB\R2022a\bin\win64\m_lxe.dll+02822581 MathWorks::lxe::LXEConstants::IsY+00017077
[ 44] 0x00007ff8895c1463 C:\Program Files\MATLAB\R2022a\bin\win64\m_lxe.dll+02823267 MathWorks::lxe::LXEConstants::IsY+00017763
[ 45] 0x00007ff8895c0db8 C:\Program Files\MATLAB\R2022a\bin\win64\m_lxe.dll+02821560 MathWorks::lxe::LXEConstants::IsY+00016056
[ 46] 0x00007ff8895bcda6 C:\Program Files\MATLAB\R2022a\bin\win64\m_lxe.dll+02805158 MathWorks::lxe::LxeTypes::GetTypeXvalueOf+00000598
[ 47] 0x00007ff88968b3e5 C:\Program Files\MATLAB\R2022a\bin\win64\m_lxe.dll+03650533 MathWorks::lxe::SetEngineImplUnlinkFlagForAllCallsOnStack+00043317
[ 48] 0x00007ff88968ef60 C:\Program Files\MATLAB\R2022a\bin\win64\m_lxe.dll+03665760 MathWorks::lxe::SetEngineImplUnlinkFlagForAllCallsOnStack+00058544
[ 49] 0x00007ff8c9b8f830 C:\Program Files\MATLAB\R2022a\bin\win64\libmwlxemainservices.dll+01177648 FeatureTestObservableWorkspace+00186352
[ 50] 0x00007ff88986b5f5 C:\Program Files\MATLAB\R2022a\bin\win64\m_lxe.dll+05617141 MathWorks::lxe::on_unassigned_input+00014853
[ 51] 0x00007ff88986e4ff C:\Program Files\MATLAB\R2022a\bin\win64\m_lxe.dll+05629183 MathWorks::lxe::function_handle::invoke+00000543
[ 52] 0x00007ff88986e23c C:\Program Files\MATLAB\R2022a\bin\win64\m_lxe.dll+05628476 MathWorks::lxe::RegisterFunctionHandleTable+00000284
[ 53] 0x00007ff87cd330b1                        bin\win64\pgo\mcos_impl.dll+00471217 mdIsA+00182341
[ 54] 0x00007ff87cd32e6f                        bin\win64\pgo\mcos_impl.dll+00470639 mdIsA+00181763
[ 55] 0x00007ff87cd32d9b                        bin\win64\pgo\mcos_impl.dll+00470427 mdIsA+00181551
[ 56] 0x00007ff87cce7793                        bin\win64\pgo\mcos_impl.dll+00161683
[ 57] 0x00007ff87cd01726                        bin\win64\pgo\mcos_impl.dll+00268070
[ 58] 0x00007ff87cd01609                        bin\win64\pgo\mcos_impl.dll+00267785
[ 59] 0x00007ff87ccffa98                        bin\win64\pgo\mcos_impl.dll+00260760
[ 60] 0x00007ff87ccfee25                        bin\win64\pgo\mcos_impl.dll+00257573
[ 61] 0x00007ff87ccfea80                        bin\win64\pgo\mcos_impl.dll+00256640
[ 62] 0x00007ff87cd376eb                        bin\win64\pgo\mcos_impl.dll+00489195 mdIsA+00200319
[ 63] 0x00007ff87ceda5c4                        bin\win64\pgo\mcos_impl.dll+02205124 mwboost::archive::codecvt_null<wchar_t>::do_out+00634200
[ 64] 0x00007ff87cf47d4a                        bin\win64\pgo\mcos_impl.dll+02653514 namedArgsToCell+00004562
[ 65] 0x00007ff87cf551ad                        bin\win64\pgo\mcos_impl.dll+02707885 namedArgsToCell+00058933
[ 66] 0x00007ff8d6f51a48  C:\Program Files\MATLAB\R2022a\bin\win64\mcos.dll+00137800 omDirectCallMethod+00000072
[ 67] 0x00007ff8c89069e2                 bin\win64\pgo\libmwlxeindexing.dll+00485858 MathWorks::lxe::MatrixModuleImplementation::SetHeterogeneousArray+00012886
[ 68] 0x00007ff8c890637a                 bin\win64\pgo\libmwlxeindexing.dll+00484218 MathWorks::lxe::MatrixModuleImplementation::SetHeterogeneousArray+00011246
[ 69] 0x00007ff8c899a20f                 bin\win64\pgo\libmwlxeindexing.dll+01090063 MathWorks::lxe::intermediate_paren_ref_place+00006027
[ 70] 0x00007ff8c889fac3                 bin\win64\pgo\libmwlxeindexing.dll+00064195 MathWorks::lxe::assign_brace_xlist_pointer_uninitialized+00000047
[ 71] 0x00007ff8c889fac3                 bin\win64\pgo\libmwlxeindexing.dll+00064195 MathWorks::lxe::assign_brace_xlist_pointer_uninitialized+00000047
[ 72] 0x00007ff8c89284fe                 bin\win64\pgo\libmwlxeindexing.dll+00623870 MathWorks::lxe::DereferenceRplaceToXvalueZeroOutputs+00000026
[ 73] 0x00007ff8c88f168f                 bin\win64\pgo\libmwlxeindexing.dll+00398991 MathWorks::lxe::at_rparen0+00000391
[ 74] 0x00007ff8897a79b8 C:\Program Files\MATLAB\R2022a\bin\win64\m_lxe.dll+04815288 MathWorks::lxe::printLxeProfStatsForFeature+00279032
[ 75] 0x00007ff8897c6549 C:\Program Files\MATLAB\R2022a\bin\win64\m_lxe.dll+04941129 MathWorks::lxe::printLxeProfStatsForFeature+00404873
[ 76] 0x00007ff8895bbbab C:\Program Files\MATLAB\R2022a\bin\win64\m_lxe.dll+02800555 MathWorks::lxe::LXEConstants::IsIfElse+00522971
[ 77] 0x00007ff8895c0074 C:\Program Files\MATLAB\R2022a\bin\win64\m_lxe.dll+02818164 MathWorks::lxe::LXEConstants::IsY+00012660
[ 78] 0x00007ff8895bd601 C:\Program Files\MATLAB\R2022a\bin\win64\m_lxe.dll+02807297 MathWorks::lxe::LXEConstants::IsY+00001793
[ 79] 0x00007ff8895c11b5 C:\Program Files\MATLAB\R2022a\bin\win64\m_lxe.dll+02822581 MathWorks::lxe::LXEConstants::IsY+00017077
[ 80] 0x00007ff8895c1463 C:\Program Files\MATLAB\R2022a\bin\win64\m_lxe.dll+02823267 MathWorks::lxe::LXEConstants::IsY+00017763
[ 81] 0x00007ff8895c0db8 C:\Program Files\MATLAB\R2022a\bin\win64\m_lxe.dll+02821560 MathWorks::lxe::LXEConstants::IsY+00016056
[ 82] 0x00007ff8895bcda6 C:\Program Files\MATLAB\R2022a\bin\win64\m_lxe.dll+02805158 MathWorks::lxe::LxeTypes::GetTypeXvalueOf+00000598
[ 83] 0x00007ff88968b3e5 C:\Program Files\MATLAB\R2022a\bin\win64\m_lxe.dll+03650533 MathWorks::lxe::SetEngineImplUnlinkFlagForAllCallsOnStack+00043317
[ 84] 0x00007ff88968ef60 C:\Program Files\MATLAB\R2022a\bin\win64\m_lxe.dll+03665760 MathWorks::lxe::SetEngineImplUnlinkFlagForAllCallsOnStack+00058544
[ 85] 0x00007ff8c9b8f830 C:\Program Files\MATLAB\R2022a\bin\win64\libmwlxemainservices.dll+01177648 FeatureTestObservableWorkspace+00186352
[ 86] 0x00007ff88986b5f5 C:\Program Files\MATLAB\R2022a\bin\win64\m_lxe.dll+05617141 MathWorks::lxe::on_unassigned_input+00014853
[ 87] 0x00007ff88986e4ff C:\Program Files\MATLAB\R2022a\bin\win64\m_lxe.dll+05629183 MathWorks::lxe::function_handle::invoke+00000543
[ 88] 0x00007ff88986e23c C:\Program Files\MATLAB\R2022a\bin\win64\m_lxe.dll+05628476 MathWorks::lxe::RegisterFunctionHandleTable+00000284
[ 89] 0x00007ff87cd330b1                        bin\win64\pgo\mcos_impl.dll+00471217 mdIsA+00182341
[ 90] 0x00007ff87cd32e6f                        bin\win64\pgo\mcos_impl.dll+00470639 mdIsA+00181763
[ 91] 0x00007ff87cd32d9b                        bin\win64\pgo\mcos_impl.dll+00470427 mdIsA+00181551
[ 92] 0x00007ff87cce7793                        bin\win64\pgo\mcos_impl.dll+00161683
[ 93] 0x00007ff8487862e9 C:\Program Files\MATLAB\R2022a\bin\win64\hgutils.dll+01663721 graphics::mixin::GraphicsPickable::fireHitEvent+00000329
[ 94] 0x00007ff84715771a C:\Program Files\MATLAB\R2022a\bin\win64\handle_graphics.dll+02783002 graphics::primitive::world::SceneNode::callFireHitEvent+00000378
[ 95] 0x00007ff8471713e5 C:\Program Files\MATLAB\R2022a\bin\win64\handle_graphics.dll+02888677 graphics::primitive::canvas::Canvas::handleGenericEvent+00001893
[ 96] 0x00007ff846f0e0f3 C:\Program Files\MATLAB\R2022a\bin\win64\handle_graphics.dll+00385267 hg::SceneNodeHitEvent::execute+00000099
[ 97] 0x00007ff846f47b4a C:\Program Files\MATLAB\R2022a\bin\win64\handle_graphics.dll+00621386 mwboost::archive::codecvt_null<wchar_t>::do_out+00006154
[ 98] 0x00007ff846f297e3 C:\Program Files\MATLAB\R2022a\bin\win64\handle_graphics.dll+00497635 hg::test::NullEventSink::handleSceneNodeHitEvent+00053187
[ 99] 0x00007ff846f40680 C:\Program Files\MATLAB\R2022a\bin\win64\handle_graphics.dll+00591488 mwboost::archive::codecvt_null<wchar_t>::`default constructor closure'+00014640
[100] 0x00007ff8cc6f1e0a   C:\Program Files\MATLAB\R2022a\bin\win64\iqm.dll+00794122 iqm::PackagedTaskPlugin::execute+00000074
[101] 0x00007ff8cc5119ad   C:\Program Files\MATLAB\R2022a\bin\win64\mcr.dll+00399789 services::lmgr::exception::LicensingStartupException::~LicensingStartupException+00006861
[102] 0x00007ff8cc6c9882   C:\Program Files\MATLAB\R2022a\bin\win64\iqm.dll+00628866 iqm::Iqm::setupIqmFcnPtrs+00094722
[103] 0x00007ff8cc69aa41   C:\Program Files\MATLAB\R2022a\bin\win64\iqm.dll+00436801 iqm::Iqm::create+00007777
[104] 0x00007ff8cc0d2de5 C:\Program Files\MATLAB\R2022a\bin\win64\libmwbridge.dll+00077285 ioReadLine+00000501
[105] 0x00007ff8cc0d2bb5 C:\Program Files\MATLAB\R2022a\bin\win64\libmwbridge.dll+00076725 ioReadLine+00000165
[106] 0x00007ff8cc0e2970 C:\Program Files\MATLAB\R2022a\bin\win64\libmwbridge.dll+00141680 mnGetCommandLineBuffer+00000288
[107] 0x00007ff8cc0e2e02 C:\Program Files\MATLAB\R2022a\bin\win64\libmwbridge.dll+00142850 mnParser+00000466
[108] 0x00007ff8cc517226   C:\Program Files\MATLAB\R2022a\bin\win64\mcr.dll+00422438 mcr_set_enableReadingFromStdin+00013622
[109] 0x00007ff8cc4c89a3   C:\Program Files\MATLAB\R2022a\bin\win64\mcr.dll+00100771 mcrFunctionSignature::set_signature+00079731
[110] 0x00007ff8cc4e6230   C:\Program Files\MATLAB\R2022a\bin\win64\mcr.dll+00221744 mwboost::archive::codecvt_null<wchar_t>::`default constructor closure'+00017584
[111] 0x00007ff8cc6f1e0a   C:\Program Files\MATLAB\R2022a\bin\win64\iqm.dll+00794122 iqm::PackagedTaskPlugin::execute+00000074
[112] 0x00007ff8cc5119ad   C:\Program Files\MATLAB\R2022a\bin\win64\mcr.dll+00399789 services::lmgr::exception::LicensingStartupException::~LicensingStartupException+00006861
[113] 0x00007ff8cc6c9882   C:\Program Files\MATLAB\R2022a\bin\win64\iqm.dll+00628866 iqm::Iqm::setupIqmFcnPtrs+00094722
[114] 0x00007ff8cc69bd86   C:\Program Files\MATLAB\R2022a\bin\win64\iqm.dll+00441734 iqm::Iqm::create+00012710
[115] 0x00007ff8cc69b472   C:\Program Files\MATLAB\R2022a\bin\win64\iqm.dll+00439410 iqm::Iqm::create+00010386
[116] 0x00007ff8cc50072c   C:\Program Files\MATLAB\R2022a\bin\win64\mcr.dll+00329516 mcrInstantiationError::operator=+00010380
[117] 0x00007ff8cc501165   C:\Program Files\MATLAB\R2022a\bin\win64\mcr.dll+00332133 mcrInstantiationError::operator=+00012997
[118] 0x00007ff8cc4fe930   C:\Program Files\MATLAB\R2022a\bin\win64\mcr.dll+00321840 mcrInstantiationError::operator=+00002704
[119] 0x00007ff9176c85da C:\Program Files\MATLAB\R2022a\bin\win64\mwboost_thread-vc142-mt-x64-1_75.dll+00034266 mwboost::thread::swap+00000074
[120] 0x00007ff93dd76c0c                   C:\Windows\System32\ucrtbase.dll+00158732 recalloc+00000092
[121] 0x00007ff93e905550                   C:\Windows\System32\KERNEL32.DLL+00087376 BaseThreadInitThunk+00000016
[122] 0x00007ff94076485b                      C:\Windows\SYSTEM32\ntdll.dll+00018523 RtlUserThreadStart+00000043

** This crash report has been saved to disk as C:\Users\55062\AppData\Local\Temp\matlab_crash_dump.23812-1 **



MATLAB is exiting because of fatal error
