The time spent in the parallel computing activating process is 0.000262s.
-----
No.1	 toolpath -527.019689	[r = -600.000000] is calculated within 0.041731s.
-----
initial linear search begins: 
No.	x	f(x)
0	-564.299477	5.988032
1	-565.013488	5.898743
2	-565.727498	5.700614
3	-566.441509	4.901301
4	-567.155519	4.909856
5	-567.869530	4.918413
6	-568.583540	4.926972
7	-569.297551	4.935532
8	-570.011561	4.944093
9	-570.725572	4.952656
10	-571.439582	4.753012
11	-572.153592	4.499065
12	-572.867603	4.505725
13	-573.581613	4.512387
14	-574.295624	4.519050
15	-575.009634	4.525713
16	-575.723645	4.532378
17	-576.437655	4.539045
18	-577.151666	4.545712
19	-577.865676	3.795406
20	-578.579686	3.800983
21	-579.293697	3.806561
22	-580.007707	3.812140
23	-580.721718	3.817721
24	-581.435728	3.722520
25	-582.149739	3.134818
26	-582.863749	2.965547
27	-583.577760	2.960138
28	-584.291770	2.964703
29	-585.005781	2.945048
30	-585.719791	2.862678
31	-586.433801	2.790591
32	-587.147812	2.794098
33	-587.861822	2.797606
34	-588.575833	2.705393
35	-589.289843	2.568868
36	-590.003854	2.571756
37	-590.717864	2.358562
38	-591.431875	2.156264
39	-592.145885	2.106940
40	-592.859895	2.004922
41	-593.573906	1.892480
42	-594.287916	1.723248
43	-595.001927	1.724081
44	-595.715937	1.724915
45	-596.429948	1.725748
46	-597.143958	1.726581
47	-597.857969	1.644629
48	-598.571979	1.362542
49	-599.285990	-0.783410
bisection interval found by 1-dim search: [-599.285990,-598.571979]
No.2	 toolpath -525.870578	[r = -598.856468] is calculated within 9.441482s.
-----
initial linear search begins: 
No.	x	f(x)
0	-563.141887	3.032061
1	-563.856179	3.010061
2	-564.570470	2.677353
3	-565.284762	2.528809
4	-565.999053	2.403785
5	-566.713345	2.216028
6	-567.427637	2.062047
7	-568.141928	2.044399
8	-568.856220	1.917491
9	-569.570512	1.803585
10	-570.284803	1.632471
11	-570.999095	1.535641
12	-571.713386	1.370353
13	-572.427678	1.264252
14	-573.141970	1.148969
15	-573.856261	0.980382
16	-574.570553	0.885368
17	-575.284844	0.782744
18	-575.999136	0.718420
19	-576.713428	0.576264
20	-577.427719	0.473920
21	-578.142011	0.408125
22	-578.856302	0.278454
23	-579.570594	0.220537
24	-580.284886	0.117783
25	-580.999177	0.005034
26	-581.713469	-0.027943
bisection interval found by 1-dim search: [-581.713469,-580.999177]
No.3	 toolpath -508.431816	[r = -581.417708] is calculated within 7.731461s.
-----
initial linear search begins: 
No.	x	f(x)
0	-545.492727	3.546514
1	-546.211226	3.522619
2	-546.929726	3.171595
3	-547.648226	3.019975
4	-548.366725	2.914699
5	-549.085225	2.684719
6	-549.803725	2.516937
7	-550.522224	2.489215
8	-551.240724	2.358162
9	-551.959223	2.231263
10	-552.677723	2.053078
11	-553.396223	1.941585
12	-554.114722	1.768858
13	-554.833222	1.650072
14	-555.551721	1.523039
15	-556.270221	1.348569
16	-556.988721	1.243570
17	-557.707220	1.118931
18	-558.425720	1.054917
19	-559.144220	0.896880
20	-559.862719	0.789645
21	-560.581219	0.705648
22	-561.299718	0.561697
23	-562.018218	0.503146
24	-562.736718	0.389652
25	-563.455217	0.258027
26	-564.173717	0.220880
27	-564.892216	0.121409
28	-565.610716	0.049320
29	-566.329216	-0.070063
bisection interval found by 1-dim search: [-566.329216,-565.610716]
No.4	 toolpath -493.045788	[r = -566.031712] is calculated within 7.963235s.
-----
initial linear search begins: 
No.	x	f(x)
0	-529.927237	4.005528
1	-530.649327	3.968567
2	-531.371416	3.605538
3	-532.093506	3.454753
4	-532.815595	3.359789
5	-533.537685	3.095641
6	-534.259774	2.918188
7	-534.981864	2.879830
8	-535.703953	2.746837
9	-536.426043	2.607231
10	-537.148132	2.424487
11	-537.870222	2.298661
12	-538.592311	2.120684
13	-539.314401	1.990192
14	-540.036490	1.852363
15	-540.758580	1.674516
16	-541.480669	1.557961
17	-542.202759	1.414348
18	-542.924848	1.351131
19	-543.646938	1.178816
20	-544.369027	1.066861
21	-545.091117	0.966702
22	-545.813206	0.814600
23	-546.535296	0.751950
24	-547.257385	0.628039
25	-547.979475	0.480190
26	-548.701564	0.440043
27	-549.423654	0.331937
28	-550.145743	0.249004
29	-550.867833	0.123266
30	-551.589922	-0.053621
bisection interval found by 1-dim search: [-551.589922,-550.867833]
No.5	 toolpath -478.304979	[r = -551.290932] is calculated within 8.077291s.
-----
initial linear search begins: 
No.	x	f(x)
0	-515.019807	4.446252
1	-515.745229	4.391425
2	-516.470652	4.020580
3	-517.196074	3.872067
4	-517.921497	3.775564
5	-518.646919	3.487785
6	-519.372342	3.302568
7	-520.097764	3.252546
8	-520.823187	3.119433
9	-521.548609	2.966927
10	-522.274032	2.781084
11	-522.999454	2.640074
12	-523.724877	2.457583
13	-524.450299	2.315124
14	-525.175722	2.167204
15	-525.901144	1.987697
16	-526.626567	1.858563
17	-527.351989	1.697823
18	-528.077412	1.633855
19	-528.802834	1.448111
20	-529.528257	1.332457
21	-530.253679	1.215580
22	-530.979102	1.059091
23	-531.704524	0.989587
24	-532.429947	0.856140
25	-533.155369	0.692156
26	-533.880792	0.649313
27	-534.606214	0.533025
28	-535.331637	0.439593
29	-536.057059	0.307909
30	-536.782482	0.115285
31	-537.507904	0.130213
32	-538.233327	0.126535
33	-538.958749	-0.191720
bisection interval found by 1-dim search: [-538.958749,-538.233327]
No.6	 toolpath -465.785748	[r = -538.760392] is calculated within 8.668964s.
-----
initial linear search begins: 
No.	x	f(x)
0	-502.351640	4.823709
1	-503.079815	4.748124
2	-503.807990	4.375860
3	-504.536165	4.231303
4	-505.264340	4.123760
5	-505.992515	3.820807
6	-506.720690	3.632375
7	-507.448865	3.568935
8	-508.177040	3.438759
9	-508.905215	3.274549
10	-509.633390	3.087734
11	-510.361565	2.931054
12	-511.089740	2.747764
13	-511.817915	2.593157
14	-512.546090	2.436717
15	-513.274265	2.257576
16	-514.002440	2.114951
17	-514.730615	1.939433
18	-515.458790	1.877382
19	-516.186965	1.678305
20	-516.915141	1.560939
21	-517.643316	1.426137
22	-518.371491	1.269484
23	-519.099666	1.194934
24	-519.827841	1.051641
25	-520.556016	0.871644
26	-521.284191	0.828466
27	-522.012366	0.705015
28	-522.740541	0.601950
29	-523.468716	0.468552
30	-524.196891	0.264454
31	-524.925066	0.257453
32	-525.653241	0.253777
33	-526.381416	-0.074404
bisection interval found by 1-dim search: [-526.381416,-525.653241]
No.7	 toolpath -453.275950	[r = -526.250572] is calculated within 8.375911s.
-----
initial linear search begins: 
No.	x	f(x)
0	-489.708077	5.200414
1	-490.438927	5.102796
2	-491.169776	4.733495
3	-491.900626	4.587903
4	-492.631476	4.464665
5	-493.362326	4.151887
6	-494.093176	3.961402
7	-494.824026	3.883346
8	-495.554876	3.754519
9	-496.285726	3.579014
10	-497.016576	3.390602
11	-497.747426	3.219900
12	-498.478276	3.035691
13	-499.209125	2.868338
14	-499.939975	2.704588
15	-500.670825	2.524490
16	-501.401675	2.367958
17	-502.132525	2.180170
18	-502.863375	2.116058
19	-503.594225	1.906830
20	-504.325075	1.785658
21	-505.055925	1.635646
22	-505.786775	1.478137
23	-506.517625	1.396887
24	-507.248474	1.244226
25	-507.979324	1.053065
26	-508.710174	1.005423
27	-509.441024	0.875198
28	-510.171874	0.763226
29	-510.902724	0.624912
30	-511.633574	0.412146
31	-512.364424	0.383977
32	-513.095274	0.380304
33	-513.826124	0.042393
34	-514.556974	0.145958
35	-515.287823	0.142868
36	-516.018673	-0.093011
bisection interval found by 1-dim search: [-516.018673,-515.287823]
No.8	 toolpath -442.867069	[r = -515.853090] is calculated within 8.614363s.
-----
initial linear search begins: 
No.	x	f(x)
0	-479.202185	5.511233
1	-479.935203	5.396949
2	-480.668221	5.031559
3	-481.401240	4.880449
4	-482.134258	4.744683
5	-482.867276	4.425402
6	-483.600294	4.233777
7	-484.333312	4.143632
8	-485.066330	4.013973
9	-485.799348	3.830490
10	-486.532366	3.639818
11	-487.265384	3.457936
12	-487.998402	3.271042
13	-488.731421	3.094579
14	-489.464439	2.924306
15	-490.197457	2.740963
16	-490.930475	2.575348
17	-491.663493	2.379700
18	-492.396511	2.311643
19	-493.129529	2.094760
20	-493.862547	1.968734
21	-494.595565	1.809310
22	-495.328583	1.648300
23	-496.061602	1.561058
24	-496.794620	1.401962
25	-497.527638	1.203923
26	-498.260656	1.150977
27	-498.993674	1.014285
28	-499.726692	0.895663
29	-500.459710	0.752312
30	-501.192728	0.532569
31	-501.925746	0.497810
32	-502.658764	0.485105
33	-503.391782	0.149129
34	-504.124801	0.234060
35	-504.857819	0.230971
36	-505.590837	-0.015384
bisection interval found by 1-dim search: [-505.590837,-504.857819]
No.9	 toolpath -432.553259	[r = -505.527843] is calculated within 8.656324s.
-----
initial linear search begins: 
No.	x	f(x)
0	-468.771730	5.828940
1	-469.506852	5.688934
2	-470.241974	5.347553
3	-470.977096	5.179273
4	-471.712219	5.023351
5	-472.447341	4.700102
6	-473.182463	4.511232
7	-473.917585	4.402820
8	-474.652708	4.277930
9	-475.387830	4.083642
10	-476.122952	3.894505
11	-476.858075	3.697273
12	-477.593197	3.512334
13	-478.328319	3.323679
14	-479.063441	3.147479
15	-479.798564	2.966162
16	-480.533686	2.784098
17	-481.268808	2.579074
18	-482.003930	2.510225
19	-482.739053	2.285171
20	-483.474175	2.156770
21	-484.209297	1.981135
22	-484.944419	1.824337
23	-485.679542	1.730225
24	-486.414664	1.561773
25	-487.149786	1.354870
26	-487.884909	1.298422
27	-488.620031	1.156617
28	-489.355153	1.029423
29	-490.090275	0.884286
30	-490.825398	0.656412
31	-491.560520	0.612266
32	-492.295642	0.588681
33	-493.030764	0.246370
34	-493.765887	0.321158
35	-494.501009	0.318070
36	-495.236131	0.061431
37	-495.971254	0.058706
38	-496.706376	-0.073800
bisection interval found by 1-dim search: [-496.706376,-495.971254]
No.10	 toolpath -423.484853	[r = -496.470907] is calculated within 8.744948s.
-----
initial linear search begins: 
No.	x	f(x)
0	-459.624500	6.018138
1	-460.361428	5.933786
2	-461.098356	5.529819
3	-461.835284	5.341505
4	-462.572213	5.208162
5	-463.309141	4.897771
6	-464.046069	4.748932
7	-464.782997	4.628347
8	-465.519925	4.502882
9	-466.256853	4.302087
10	-466.993781	4.109635
11	-467.730710	3.903687
12	-468.467638	3.717594
13	-469.204566	3.520363
14	-469.941494	3.338697
15	-470.678422	3.154579
16	-471.415350	2.963281
17	-472.152278	2.752388
18	-472.889207	2.679821
19	-473.626135	2.448523
20	-474.363063	2.315707
21	-475.099991	2.132138
22	-475.836919	1.973383
23	-476.573847	1.872662
24	-477.310775	1.698584
25	-478.047704	1.485553
26	-478.784632	1.424156
27	-479.521560	1.277251
28	-480.258488	1.144544
29	-480.995416	0.994827
30	-481.732344	0.760748
31	-482.469272	0.711386
32	-483.206200	0.679344
33	-483.943129	0.336846
34	-484.680057	0.397406
35	-485.416985	0.394319
36	-486.153913	0.128738
37	-486.890841	0.126011
38	-487.627769	-0.013510
bisection interval found by 1-dim search: [-487.627769,-486.890841]
No.11	 toolpath -414.612915	[r = -487.598983] is calculated within 8.728804s.
-----
initial linear search begins: 
No.	x	f(x)
0	-450.665918	6.284003
1	-451.404579	6.185209
2	-452.143241	5.778203
3	-452.881902	5.593986
4	-453.620563	5.458444
5	-454.359225	5.132507
6	-455.097886	4.908203
7	-455.836547	4.822750
8	-456.575209	4.645534
9	-457.313870	4.457972
10	-458.052531	4.227004
11	-458.791192	4.055350
12	-459.529854	3.826346
13	-460.268515	3.651037
14	-461.007176	3.467790
15	-461.745838	3.230759
16	-462.484499	3.068039
17	-463.223160	2.899288
18	-463.961822	2.847497
19	-464.700483	2.610785
20	-465.439144	2.474414
21	-466.177805	2.280077
22	-466.916467	2.122441
23	-467.655128	2.015099
24	-468.393789	1.834121
25	-469.132451	1.614703
26	-469.871112	1.549357
27	-470.609773	1.397943
28	-471.348435	1.258164
29	-472.087096	1.105867
30	-472.825757	0.864848
31	-473.564418	0.808818
32	-474.303080	0.767817
33	-475.041741	0.419253
34	-475.780402	0.471833
35	-476.519064	0.468747
36	-477.257725	0.194490
37	-477.996386	0.191762
38	-478.735047	0.051212
39	-479.473709	0.052103
40	-480.212370	0.050033
41	-480.951031	-0.047588
bisection interval found by 1-dim search: [-480.951031,-480.212370]
No.12	 toolpath -407.751430	[r = -480.737512] is calculated within 9.198213s.
-----
initial linear search begins: 
No.	x	f(x)
0	-443.738634	6.490749
1	-444.478612	6.378898
2	-445.218589	5.971389
3	-445.958567	5.788929
4	-446.698544	5.648810
5	-447.438522	5.313767
6	-448.178500	5.086713
7	-448.918477	4.995133
8	-449.658455	4.819275
9	-450.398432	4.625376
10	-451.138410	4.392959
11	-451.878387	4.213946
12	-452.618365	3.983038
13	-453.358342	3.801769
14	-454.098320	3.613678
15	-454.838298	3.376139
16	-455.578275	3.209397
17	-456.318253	3.030055
18	-457.058230	2.898293
19	-457.798208	2.689248
20	-458.538185	2.506678
21	-459.278163	2.384635
22	-460.018140	2.175940
23	-460.758118	2.041406
24	-461.498096	1.864490
25	-462.238073	1.695449
26	-462.978051	1.590115
27	-463.718028	1.490529
28	-464.458006	1.345889
29	-465.197983	1.191519
30	-465.937961	0.945808
31	-466.677938	0.884156
32	-467.417916	0.836063
33	-468.157894	0.486323
34	-468.897871	0.529248
35	-469.637849	0.526165
36	-470.377826	0.254958
37	-471.117804	0.242521
38	-471.857781	0.099613
39	-472.597759	0.090602
40	-473.337737	0.088532
41	-474.077714	-0.011524
bisection interval found by 1-dim search: [-474.077714,-473.337737]
No.13	 toolpath -401.039592	[r = -474.025684] is calculated within 8.986830s.
-----
initial linear search begins: 
No.	x	f(x)
0	-436.963442	6.693589
1	-437.704687	6.567864
2	-438.445932	6.162227
3	-439.187177	5.981401
4	-439.928421	5.833433
5	-440.669666	5.490905
6	-441.410911	5.262630
7	-442.152156	5.163170
8	-442.893401	4.989339
9	-443.634646	4.788400
10	-444.375890	4.555558
11	-445.117135	4.368968
12	-445.858380	4.136603
13	-446.599625	3.949952
14	-447.340870	3.756439
15	-448.082115	3.519922
16	-448.823360	3.347493
17	-449.564604	3.157916
18	-450.305849	3.028267
19	-451.047094	2.811237
20	-451.788339	2.628645
21	-452.529584	2.497221
22	-453.270829	2.285002
23	-454.012073	2.149081
24	-454.753318	1.970099
25	-455.494563	1.791867
26	-456.235808	1.685030
27	-456.977053	1.519296
28	-457.718298	1.394205
29	-458.459543	1.181181
30	-459.200787	0.975564
31	-459.942032	0.905580
32	-460.683277	0.901842
33	-461.424522	0.587469
34	-462.165767	0.584321
35	-462.907012	0.581162
36	-463.648257	0.312577
37	-464.389501	0.292096
38	-465.130746	0.148141
39	-465.871991	0.128206
40	-466.613236	0.126136
41	-467.354481	0.024431
42	-468.095726	-0.074886
bisection interval found by 1-dim search: [-468.095726,-467.354481]
No.14	 toolpath -394.501571	[r = -467.476091] is calculated within 8.947151s.
-----
initial linear search begins: 
No.	x	f(x)
0	-430.352977	6.895696
1	-431.095439	6.752461
2	-431.837901	6.353884
3	-432.580364	6.173842
4	-433.322826	6.013375
5	-434.065288	5.664792
6	-434.807751	5.437710
7	-435.550213	5.328510
8	-436.292675	5.158379
9	-437.035137	4.950425
10	-437.777600	4.719238
11	-438.520062	4.522106
12	-439.262524	4.290852
13	-440.004987	4.096840
14	-440.747449	3.898652
15	-441.489911	3.664432
16	-442.232373	3.486134
17	-442.974836	3.283327
18	-443.717298	3.158482
19	-444.459760	2.931288
20	-445.202223	2.752287
21	-445.944685	2.607411
22	-446.687147	2.392788
23	-447.429609	2.259409
24	-448.172072	2.076456
25	-448.914534	1.886291
26	-449.656996	1.779774
27	-450.399459	1.610680
28	-451.141921	1.480351
29	-451.884383	1.267712
30	-452.626845	1.052820
31	-453.369308	0.979817
32	-454.111770	0.967998
33	-454.854232	0.643350
34	-455.596695	0.640213
35	-456.339157	0.637054
36	-457.081619	0.343326
37	-457.824081	0.327126
38	-458.566544	0.166976
39	-459.309006	0.164828
40	-460.051468	0.158106
41	-460.793931	0.011662
42	-461.536393	-0.068490
bisection interval found by 1-dim search: [-461.536393,-460.793931]
No.15	 toolpath -388.166289	[r = -460.880938] is calculated within 9.000125s.
-----
initial linear search begins: 
No.	x	f(x)
0	-423.697482	7.092319
1	-424.441152	6.937819
2	-425.184821	6.544471
3	-425.928490	6.359129
4	-426.672159	6.189612
5	-427.415828	5.837612
6	-428.159497	5.607988
7	-428.903166	5.492153
8	-429.646835	5.322437
9	-430.390504	5.109144
10	-431.134174	4.875724
11	-431.877843	4.671458
12	-432.621512	4.439056
13	-433.365181	4.239152
14	-434.108850	4.036222
15	-434.852519	3.799922
16	-435.596188	3.617063
17	-436.339857	3.408231
18	-437.083526	3.282355
19	-437.827196	3.048983
20	-438.570865	2.867458
21	-439.314534	2.716714
22	-440.058203	2.498575
23	-440.801872	2.362064
24	-441.545541	2.175420
25	-442.289210	1.980354
26	-443.032879	1.870828
27	-443.776548	1.697234
28	-444.520218	1.563153
29	-445.263887	1.346758
30	-446.007556	1.127648
31	-446.751225	1.051343
32	-447.494894	1.034581
33	-448.238563	0.659605
34	-448.982232	0.696475
35	-449.725901	0.693318
36	-450.469570	0.393312
37	-451.213240	0.375597
38	-451.956909	0.194331
39	-452.700578	0.203086
40	-453.444247	0.195200
41	-454.187916	0.044548
42	-454.931585	-0.039021
bisection interval found by 1-dim search: [-454.931585,-454.187916]
No.16	 toolpath -381.839282	[r = -454.542321] is calculated within 8.898834s.
-----
initial linear search begins: 
No.	x	f(x)
0	-417.301769	7.290695
1	-418.046581	7.117072
2	-418.791392	6.742908
3	-419.536203	6.545865
4	-420.281014	6.361499
5	-421.025825	6.006887
6	-421.770636	5.780277
7	-422.515447	5.651598
8	-423.260258	5.487246
9	-424.005069	5.266316
10	-424.749880	5.036089
11	-425.494691	4.820236
12	-426.239502	4.590320
13	-426.984313	4.381334
14	-427.729124	4.174422
15	-428.473935	3.942005
16	-429.218746	3.750397
17	-429.963557	3.529803
18	-430.708368	3.409209
19	-431.453179	3.165891
20	-432.197990	2.987249
21	-432.942801	2.822887
22	-433.687612	2.603615
23	-434.432423	2.468126
24	-435.177234	2.278156
25	-435.922045	2.071795
26	-436.666856	1.962663
27	-437.411667	1.785858
28	-438.156478	1.645917
29	-438.901289	1.430735
30	-439.646100	1.202676
31	-440.390911	1.126693
32	-441.135722	1.098320
33	-441.880533	0.713715
34	-442.625344	0.750347
35	-443.370155	0.747191
36	-444.114966	0.441197
37	-444.859777	0.424941
38	-445.604588	0.232279
39	-446.349399	0.239741
40	-447.094211	0.233004
41	-447.839022	0.079680
42	-448.583833	-0.008733
bisection interval found by 1-dim search: [-448.583833,-447.839022]
No.17	 toolpath -375.793520	[r = -448.508188] is calculated within 9.165919s.
-----
initial linear search begins: 
No.	x	f(x)
0	-411.214098	7.472951
1	-411.959979	7.286865
2	-412.705861	6.926265
3	-413.451743	6.714252
4	-414.197625	6.522152
5	-414.943507	6.164680
6	-415.689388	5.937952
7	-416.435270	5.801169
8	-417.181152	5.636488
9	-417.927034	5.410162
10	-418.672916	5.178346
11	-419.418797	4.956763
12	-420.164679	4.725189
13	-420.910561	4.511498
14	-421.656443	4.301135
15	-422.402325	4.066146
16	-423.148206	3.869848
17	-423.894088	3.644004
18	-424.639970	3.521266
19	-425.385852	3.273458
20	-426.131734	3.092528
21	-426.877615	2.922804
22	-427.623497	2.700879
23	-428.369379	2.563015
24	-429.115261	2.368507
25	-429.861143	2.157821
26	-430.607024	2.045830
27	-431.352906	1.865655
28	-432.098788	1.722032
29	-432.844670	1.502846
30	-433.590552	1.271352
31	-434.336433	1.191943
32	-435.082315	1.158987
33	-435.828197	0.772074
34	-436.574079	0.801624
35	-437.319961	0.798469
36	-438.065842	0.486804
37	-438.811724	0.468616
38	-439.557606	0.270187
39	-440.303488	0.274657
40	-441.049370	0.266805
41	-441.795251	0.109513
42	-442.541133	0.018017
43	-443.287015	-0.057380
bisection interval found by 1-dim search: [-443.287015,-442.541133]
No.18	 toolpath -369.983792	[r = -442.698468] is calculated within 8.970086s.
-----
initial linear search begins: 
No.	x	f(x)
0	-405.353577	7.651479
1	-406.100475	7.451212
2	-406.847373	7.120299
3	-407.594271	6.882031
4	-408.341168	6.677534
5	-409.088066	6.318892
6	-409.834964	6.093551
7	-410.581862	5.946323
8	-411.328760	5.784266
9	-412.075657	5.552746
10	-412.822555	5.321686
11	-413.569453	5.090850
12	-414.316351	4.860804
13	-415.063249	4.639978
14	-415.810146	4.424727
15	-416.557044	4.191112
16	-417.303942	3.987315
17	-418.050840	3.754510
18	-418.797738	3.633432
19	-419.544636	3.379378
20	-420.291533	3.197237
21	-421.038431	3.019186
22	-421.785329	2.795700
23	-422.532227	2.656505
24	-423.279125	2.458632
25	-424.026022	2.241187
26	-424.772920	2.127320
27	-425.519818	1.944035
28	-426.266716	1.796343
29	-427.013614	1.575710
30	-427.760511	1.338948
31	-428.507409	1.257962
32	-429.254307	1.217222
33	-430.001205	0.824212
34	-430.748103	0.850857
35	-431.495001	0.847704
36	-432.241898	0.530613
37	-432.988796	0.512506
38	-433.735694	0.304933
39	-434.482592	0.308202
40	-435.229490	0.300093
41	-435.976387	0.139763
42	-436.723285	0.044783
43	-437.470183	-0.034027
bisection interval found by 1-dim search: [-437.470183,-436.723285]
No.19	 toolpath -364.399556	[r = -437.102569] is calculated within 9.148781s.
-----
initial linear search begins: 
No.	x	f(x)
0	-399.709438	7.829522
1	-400.457301	7.611476
2	-401.205163	7.331586
3	-401.953026	7.047654
4	-402.700888	6.828563
5	-403.448751	6.470438
6	-404.196614	6.249034
7	-404.944476	6.087009
8	-405.692339	5.929749
9	-406.440202	5.692056
10	-407.188064	5.462566
11	-407.935927	5.222121
12	-408.683789	4.995322
13	-409.431652	4.765402
14	-410.179515	4.548233
15	-410.927377	4.317282
16	-411.675240	4.103412
17	-412.423103	3.862557
18	-413.170965	3.744492
19	-413.918828	3.482842
20	-414.666690	3.303812
21	-415.414553	3.112631
22	-416.162416	2.890180
23	-416.910278	2.752249
24	-417.658141	2.549586
25	-418.406004	2.322015
26	-419.153866	2.209807
27	-419.901729	2.023003
28	-420.649591	1.869637
29	-421.397454	1.650806
30	-422.145317	1.405911
31	-422.893179	1.324675
32	-423.641042	1.273155
33	-424.388905	0.873269
34	-425.136767	0.898147
35	-425.884630	0.894995
36	-426.632492	0.572712
37	-427.380355	0.556204
38	-428.128218	0.337761
39	-428.876080	0.340443
40	-429.623943	0.333540
41	-430.371806	0.171244
42	-431.119668	0.072158
43	-431.867531	-0.010408
bisection interval found by 1-dim search: [-431.867531,-431.119668]
No.20	 toolpath -359.030144	[r = -431.744835] is calculated within 9.099280s.
-----
initial linear search begins: 
No.	x	f(x)
0	-394.306148	7.992521
1	-395.054922	7.763379
2	-395.803696	7.508347
3	-396.552469	7.196962
4	-397.301243	6.970620
5	-398.050017	6.611416
6	-398.798790	6.390199
7	-399.547564	6.219314
8	-400.296338	6.062321
9	-401.045112	5.819959
10	-401.793885	5.589088
11	-402.542659	5.343299
12	-403.291433	5.115403
13	-404.040207	4.880980
14	-404.788980	4.660135
15	-405.537754	4.427680
16	-406.286528	4.208974
17	-407.035302	3.963989
18	-407.784075	3.843701
19	-408.532849	3.578302
20	-409.281623	3.396013
21	-410.030396	3.200860
22	-410.779170	2.975967
23	-411.527944	2.835364
24	-412.276718	2.629572
25	-413.025491	2.398217
26	-413.774265	2.282690
27	-414.523039	2.092847
28	-415.271813	1.936448
29	-416.020586	1.714592
30	-416.769360	1.466040
31	-417.518134	1.381329
32	-418.266908	1.326721
33	-419.015681	0.924592
34	-419.764455	0.943441
35	-420.513229	0.940289
36	-421.262002	0.613055
37	-422.010776	0.595220
38	-422.759550	0.370460
39	-423.508324	0.371346
40	-424.257097	0.363070
41	-425.005871	0.197397
42	-425.754645	0.095653
43	-426.503419	0.010287
44	-427.252192	-0.158505
bisection interval found by 1-dim search: [-427.252192,-426.503419]
No.21	 toolpath -353.899866	[r = -426.602865] is calculated within 9.449397s.
-----
initial linear search begins: 
No.	x	f(x)
0	-389.121037	8.157479
1	-389.870674	7.911848
2	-390.620310	7.709183
3	-391.369947	7.347633
4	-392.119584	7.109533
5	-392.869220	6.752830
6	-393.618857	6.534990
7	-394.368493	6.349015
8	-395.118130	6.196503
9	-395.867766	5.949867
10	-396.617403	5.720709
11	-397.367039	5.464503
12	-398.116676	5.239004
13	-398.866313	4.996708
14	-399.615949	4.773774
15	-400.365586	4.544670
16	-401.115222	4.314515
17	-401.864859	4.063505
18	-402.614495	3.945728
19	-403.364132	3.674024
20	-404.113768	3.493318
21	-404.863405	3.286514
22	-405.613042	3.065159
23	-406.362678	2.922917
24	-407.112315	2.712265
25	-407.861951	2.473110
26	-408.611588	2.358196
27	-409.361224	2.165945
28	-410.110861	2.004619
29	-410.860497	1.783050
30	-411.610134	1.528071
31	-412.359771	1.443761
32	-413.109407	1.377923
33	-413.859044	0.975416
34	-414.608680	0.986749
35	-415.358317	0.983599
36	-416.107953	0.651644
37	-416.857590	0.635463
38	-417.607226	0.400243
39	-418.356863	0.400909
40	-419.106500	0.393877
41	-419.856136	0.226044
42	-420.605773	0.120622
43	-421.355409	0.031873
44	-422.105046	-0.138251
bisection interval found by 1-dim search: [-422.105046,-421.355409]
No.22	 toolpath -348.892535	[r = -421.607240] is calculated within 9.280274s.
-----
initial linear search begins: 
No.	x	f(x)
0	-384.084041	8.308389
1	-384.834505	8.053587
2	-385.584969	7.869105
3	-386.335433	7.486392
4	-387.085897	7.241654
5	-387.836361	6.885190
6	-388.586825	6.665832
7	-389.337289	6.471887
8	-390.087753	6.319074
9	-390.838217	6.069313
10	-391.588681	5.838752
11	-392.339145	5.576802
12	-393.089609	5.351138
13	-393.840073	5.104499
14	-394.590537	4.878212
15	-395.341001	4.647657
16	-396.091465	4.411968
17	-396.841929	4.157672
18	-397.592393	4.038047
19	-398.342857	3.763052
20	-399.093321	3.580284
21	-399.843785	3.368625
22	-400.594249	3.144241
23	-401.344713	2.999179
24	-402.095176	2.786714
25	-402.845640	2.543739
26	-403.596104	2.426002
27	-404.346568	2.230928
28	-405.097032	2.066167
29	-405.847496	1.842390
30	-406.597960	1.583910
31	-407.348424	1.496463
32	-408.098888	1.427706
33	-408.849352	1.023059
34	-409.599816	1.028852
35	-410.350280	1.025703
36	-411.100744	0.689177
37	-411.851208	0.671241
38	-412.601672	0.430167
39	-413.352136	0.429670
40	-414.102600	0.421590
41	-414.853064	0.250221
42	-415.603528	0.142366
43	-416.353992	0.051035
44	-417.104456	-0.123439
bisection interval found by 1-dim search: [-417.104456,-416.353992]
No.23	 toolpath -343.985198	[r = -416.688183] is calculated within 9.168036s.
-----
initial linear search begins: 
No.	x	f(x)
0	-379.124766	8.466223
1	-379.876035	8.197817
2	-380.627303	8.045814
3	-381.378571	7.630290
4	-382.129840	7.375414
5	-382.881108	7.025340
6	-383.632376	6.805232
7	-384.383645	6.596349
8	-385.134913	6.447362
9	-385.886181	6.193407
10	-386.637450	5.963590
11	-387.388718	5.693175
12	-388.139986	5.471094
13	-388.891255	5.215393
14	-389.642523	4.987537
15	-390.393791	4.759804
16	-391.145060	4.513248
17	-391.896328	4.253958
18	-392.647596	4.135279
19	-393.398865	3.855169
20	-394.150133	3.672328
21	-394.901401	3.450832
22	-395.652670	3.231048
23	-396.403938	3.084300
24	-397.155206	2.865714
25	-397.906475	2.615333
26	-398.657743	2.498473
27	-399.409011	2.301175
28	-400.160280	2.131533
29	-400.911548	1.909454
30	-401.662816	1.643638
31	-402.414085	1.555008
32	-403.165353	1.476527
33	-403.916621	1.071982
34	-404.667890	1.070152
35	-405.419158	1.067005
36	-406.170426	0.726008
37	-406.921695	0.709768
38	-407.672963	0.458408
39	-408.424232	0.457898
40	-409.175500	0.450770
41	-409.926768	0.278456
42	-410.678037	0.166375
43	-411.429305	0.071788
44	-412.180573	-0.103079
bisection interval found by 1-dim search: [-412.180573,-411.429305]
No.24	 toolpath -339.131306	[r = -411.846024] is calculated within 9.205739s.
-----
initial linear search begins: 
No.	x	f(x)
0	-374.243520	8.612104
1	-374.995570	8.335763
2	-375.747620	8.190428
3	-376.499670	7.763777
4	-377.251721	7.503740
5	-378.003771	7.154745
6	-378.755821	6.932090
7	-379.507871	6.715397
8	-380.259921	6.565915
9	-381.011971	6.309251
10	-381.764021	6.077833
11	-382.516071	5.802757
12	-383.268121	5.578522
13	-384.020171	5.318944
14	-384.772221	5.088779
15	-385.524271	4.858105
16	-386.276321	4.607474
17	-387.028372	4.345238
18	-387.780422	4.224526
19	-388.532472	3.941462
20	-389.284522	3.756485
21	-390.036572	3.530300
22	-390.788622	3.308645
23	-391.540672	3.158070
24	-392.292722	2.937728
25	-393.044772	2.684058
26	-393.796822	2.564059
27	-394.548872	2.364035
28	-395.300922	2.191030
29	-396.052972	1.965583
30	-396.805023	1.697569
31	-397.557073	1.606001
32	-398.309123	1.524621
33	-399.061173	1.117970
34	-399.813223	1.110844
35	-400.565273	1.107697
36	-401.317323	0.762312
37	-402.069373	0.744336
38	-402.821423	0.487083
39	-403.573473	0.485728
40	-404.325523	0.477556
41	-405.077573	0.301741
42	-405.829623	0.187325
43	-406.581674	0.090253
44	-407.333724	-0.088954
bisection interval found by 1-dim search: [-407.333724,-406.581674]
No.25	 toolpath -334.331106	[r = -407.045829] is calculated within 9.218624s.
-----
initial linear search begins: 
No.	x	f(x)
0	-369.405068	8.762789
1	-370.157883	8.475270
2	-370.910698	8.339160
3	-371.663514	7.898328
4	-372.416329	7.633195
5	-373.169144	7.292048
6	-373.921959	7.063044
7	-374.674775	6.835579
8	-375.427590	6.687013
9	-376.180405	6.426945
10	-376.933220	6.194577
11	-377.686036	5.913627
12	-378.438851	5.690955
13	-379.191666	5.424795
14	-379.944481	5.191971
15	-380.697296	4.962077
16	-381.450112	4.703379
17	-382.202927	4.438049
18	-382.955742	4.315499
19	-383.708557	4.029381
20	-384.461373	3.843035
21	-385.214188	3.609685
22	-385.967003	3.388834
23	-386.719818	3.236712
24	-387.472633	3.011854
25	-388.225449	2.752918
26	-388.978264	2.632379
27	-389.731079	2.429038
28	-390.483894	2.253051
29	-391.236710	2.027464
30	-391.989525	1.753895
31	-392.742340	1.660192
32	-393.495155	1.572171
33	-394.247971	1.164948
34	-395.000786	1.151073
35	-395.753601	1.147929
36	-396.506416	0.798219
37	-397.259231	0.780490
38	-398.012047	0.514965
39	-398.764862	0.513261
40	-399.517677	0.504892
41	-400.270492	0.326751
42	-401.023308	0.209424
43	-401.776123	0.109531
44	-402.528938	-0.071974
bisection interval found by 1-dim search: [-402.528938,-401.776123]
No.26	 toolpath -329.596598	[r = -402.299565] is calculated within 9.286716s.
-----
initial linear search begins: 
No.	x	f(x)
0	-364.621454	1.263942
1	-365.375016	0.804165
2	-366.128578	0.794999
3	-366.882141	8.032743
4	-367.635703	7.764221
5	-368.389265	7.439438
6	-369.142827	7.197629
7	-369.896389	6.955689
8	-370.649952	6.810083
9	-371.403514	6.547459
10	-372.157076	6.315758
11	-372.910638	6.026573
12	-373.664201	5.805628
13	-374.417763	5.532776
14	-375.171325	5.298057
15	-375.924887	5.069739
16	-376.678449	4.799959
17	-377.432012	4.532032
18	-378.185574	4.408625
19	-378.939136	4.119038
20	-379.692698	3.932782
21	-380.446260	3.689284
22	-381.199823	3.474423
23	-381.953385	3.317664
24	-382.706947	3.087806
25	-383.460509	2.822922
26	-384.214072	2.702481
27	-384.967634	2.497100
28	-385.721196	2.315614
29	-386.474758	2.091206
30	-387.228320	1.812019
31	-387.981883	1.716217
32	-388.735445	1.619051
33	-389.489007	1.212637
34	-390.242569	1.190747
35	-390.996131	1.187604
36	-391.749694	0.833642
37	-392.503256	0.817623
38	-393.256818	0.542138
39	-394.010380	0.540430
40	-394.763943	0.533293
41	-395.517505	0.354272
42	-396.271067	0.233222
43	-397.024629	0.129679
44	-397.778191	-0.052749
bisection interval found by 1-dim search: [-397.778191,-397.024629]
No.27	 toolpath -324.892727	[r = -397.607462] is calculated within 8.939462s.
-----
initial linear search begins: 
No.	x	f(x)
0	-359.892895	1.254939
1	-360.647186	0.919255
2	-361.401478	0.910086
3	-362.155769	0.900916
4	-362.910060	1.257806
5	-363.664352	1.258523
6	-364.418643	1.259241
7	-365.172934	1.259958
8	-365.927226	1.260676
9	-366.681517	6.659792
10	-367.435808	6.426035
11	-368.190100	6.132840
12	-368.944391	5.910724
13	-369.698683	5.632974
14	-370.452974	5.396132
15	-371.207265	5.165902
16	-371.961557	4.890990
17	-372.715848	4.620543
18	-373.470139	4.494765
19	-374.224431	4.202680
20	-374.978722	4.013043
21	-375.733013	3.766143
22	-376.487305	3.549611
23	-377.241596	3.390050
24	-377.995887	3.157380
25	-378.750179	2.888925
26	-379.504470	2.765852
27	-380.258761	2.557831
28	-381.013053	2.373711
29	-381.767344	2.146664
30	-382.521635	1.864018
31	-383.275927	1.765536
32	-384.030218	1.665440
33	-384.784509	1.256923
34	-385.538801	1.230007
35	-386.293092	1.226865
36	-387.047384	0.868712
37	-387.801675	0.850997
38	-388.555966	0.569410
39	-389.310258	0.567335
40	-390.064549	0.558868
41	-390.818840	0.376631
42	-391.573132	0.253367
43	-392.327423	0.147425
44	-393.081714	-0.038538
bisection interval found by 1-dim search: [-393.081714,-392.327423]
No.28	 toolpath -320.243222	[r = -392.946178] is calculated within 8.498366s.
-----
initial linear search begins: 
No.	x	f(x)
0	-355.195851	1.246041
1	-355.950857	1.246757
2	-356.705864	1.024041
3	-357.460870	0.443400
4	-358.215877	1.248904
5	-358.970883	1.249619
6	-359.725890	1.250336
7	-360.480896	1.251053
8	-361.235903	1.251769
9	-361.990909	0.498737
10	-362.745916	1.253203
11	-363.500923	1.253920
12	-364.255929	1.254638
13	-365.010936	1.255356
14	-365.765942	1.256074
15	-366.520949	5.269676
16	-367.275955	4.985733
17	-368.030962	4.714438
18	-368.785968	4.585764
19	-369.540975	4.292283
20	-370.295981	4.101070
21	-371.050988	3.844655
22	-371.805994	3.634728
23	-372.561001	3.469355
24	-373.316008	3.232728
25	-374.071014	2.958095
26	-374.826021	2.834772
27	-375.581027	2.624827
28	-376.336034	2.435217
29	-377.091040	2.210695
30	-377.846047	1.921395
31	-378.601053	1.820271
32	-379.356060	1.711342
33	-380.111066	1.304061
34	-380.866073	1.268861
35	-381.621080	1.265720
36	-382.376086	0.903429
37	-383.131093	0.887435
38	-383.886099	0.602120
39	-384.641106	0.593977
40	-385.396112	0.586736
41	-386.151119	0.403095
42	-386.906125	0.276350
43	-387.661132	0.167684
44	-388.416138	-0.019460
bisection interval found by 1-dim search: [-388.416138,-387.661132]
No.29	 toolpath -315.648305	[r = -388.351255] is calculated within 8.132969s.
-----
initial linear search begins: 
No.	x	f(x)
0	-350.566123	1.237285
1	-351.321825	1.237999
2	-352.077528	1.238713
3	-352.833231	1.239427
4	-353.588933	1.240142
5	-354.344636	1.240857
6	-355.100339	1.241572
7	-355.856041	1.242286
8	-356.611744	1.243002
9	-357.367447	1.243718
10	-358.123149	1.244434
11	-358.878852	1.245150
12	-359.634554	1.245865
13	-360.390257	1.246582
14	-361.145960	1.247299
15	-361.901662	1.248016
16	-362.657365	1.248733
17	-363.413068	0.557977
18	-364.168770	0.459695
19	-364.924473	0.453266
20	-365.680176	0.399849
21	-366.435878	3.920930
22	-367.191581	3.712448
23	-367.947284	3.544270
24	-368.702986	3.303393
25	-369.458689	3.024944
26	-370.214392	2.900198
27	-370.970094	2.688100
28	-371.725797	2.494647
29	-372.481499	2.268784
30	-373.237202	1.975631
31	-373.992905	1.871664
32	-374.748607	1.756575
33	-375.504310	1.348650
34	-376.260013	1.307153
35	-377.015715	1.304013
36	-377.771418	0.937661
37	-378.527121	0.921926
38	-379.282823	0.636395
39	-380.038526	0.620255
40	-380.794229	0.612824
41	-381.549931	0.427833
42	-382.305634	0.297530
43	-383.061336	0.186170
44	-383.817039	-0.003082
bisection interval found by 1-dim search: [-383.817039,-383.061336]
No.30	 toolpath -311.096383	[r = -383.811135] is calculated within 7.863118s.
-----
initial linear search begins: 
No.	x	f(x)
0	-345.992046	1.265888
1	-346.748428	1.256714
2	-347.504809	1.247538
3	-348.261191	1.238361
4	-349.017573	1.231498
5	-349.773955	1.232212
6	-350.530337	1.232926
7	-351.286718	1.233639
8	-352.043100	1.234353
9	-352.799482	1.235067
10	-353.555864	1.235782
11	-354.312246	1.236497
12	-355.068627	1.237212
13	-355.825009	1.237927
14	-356.581391	1.238641
15	-357.337773	1.239357
16	-358.094154	1.240073
17	-358.850536	0.640474
18	-359.606918	0.537352
19	-360.363300	0.530924
20	-361.119682	0.473894
21	-361.876063	0.283372
22	-362.632445	0.179242
23	-363.388827	0.140934
24	-364.145209	0.101195
25	-364.901591	0.002438
26	-365.657972	-0.174773
bisection interval found by 1-dim search: [-365.657972,-364.901591]
No.31	 toolpath -327.800046	[r = -364.907500] is calculated within 6.209669s.
-----
initial linear search begins: 
No.	x	f(x)
0	-326.951625	1.726916
1	-327.710743	1.717732
2	-328.469860	1.708547
3	-329.228978	1.699362
4	-329.988095	1.690176
5	-330.747213	1.680988
6	-331.506330	1.671798
7	-332.265448	1.623513
8	-333.024565	1.409989
9	-333.783683	1.153457
10	-334.542800	1.077605
11	-335.301918	1.070591
12	-336.061035	1.063576
13	-336.820153	1.056562
14	-337.579270	1.049547
15	-338.338388	1.042530
16	-339.097505	1.035513
17	-339.856623	0.998161
18	-340.615740	0.859381
19	-341.374858	0.852955
20	-342.133975	0.799229
21	-342.893093	0.596778
22	-343.652210	0.580553
23	-344.411328	0.577383
24	-345.170445	0.574213
25	-345.929563	0.571043
26	-346.688680	0.567871
27	-347.447798	0.564700
28	-348.206915	0.561527
29	-348.966033	0.558354
30	-349.725150	0.555181
31	-350.484268	0.552007
32	-351.243385	0.548833
33	-352.002503	0.545658
34	-352.761620	0.542482
35	-353.520737	0.539280
36	-354.279855	0.203256
37	-355.038972	-0.297531
bisection interval found by 1-dim search: [-355.038972,-354.279855]
No.32	 toolpath -317.486745	[r = -354.594177] is calculated within 7.361301s.
-----
initial linear search begins: 
No.	x	f(x)
0	-316.566785	1.977942
1	-317.327333	1.968754
2	-318.087881	1.959565
3	-318.848429	1.950375
4	-319.608977	1.941184
5	-320.369524	1.931991
6	-321.130072	1.922798
7	-321.890620	1.874375
8	-322.651168	1.658358
9	-323.411716	1.395461
10	-324.172264	1.268972
11	-324.932811	1.261962
12	-325.693359	1.254950
13	-326.453907	1.247938
14	-327.214455	1.240924
15	-327.975003	1.233910
16	-328.735551	1.226894
17	-329.496098	1.192280
18	-330.256646	1.034588
19	-331.017194	1.028162
20	-331.777742	0.975393
21	-332.538290	0.766584
22	-333.298838	0.666907
23	-334.059385	0.663739
24	-334.819933	0.660571
25	-335.580481	0.657401
26	-336.341029	0.654232
27	-337.101577	0.651062
28	-337.862125	0.647891
29	-338.622672	0.644720
30	-339.383220	0.641548
31	-340.143768	0.638375
32	-340.904316	0.635203
33	-341.664864	0.632029
34	-342.425412	0.628855
35	-343.185959	0.625681
36	-343.946507	0.290141
37	-344.707055	-0.222688
bisection interval found by 1-dim search: [-344.707055,-343.946507]
No.33	 toolpath -307.272836	[r = -344.380257] is calculated within 7.427292s.
-----
initial linear search begins: 
No.	x	f(x)
0	-306.284185	2.226163
1	-307.046106	2.216971
2	-307.808027	2.207777
3	-308.569949	2.198582
4	-309.331870	2.189387
5	-310.093792	2.180191
6	-310.855713	2.170993
7	-311.617635	2.122387
8	-312.379556	1.904080
9	-313.141478	1.632809
10	-313.903399	1.472009
11	-314.665321	1.463997
12	-315.427242	1.455957
13	-316.189163	1.437035
14	-316.951085	1.430024
15	-317.713006	1.423011
16	-318.474928	1.415998
17	-319.236849	1.384093
18	-319.998771	1.207725
19	-320.760692	1.201300
20	-321.522614	1.149605
21	-322.284535	0.934602
22	-323.046457	0.800063
23	-323.808378	0.765208
24	-324.570299	0.760901
25	-325.332221	0.756594
26	-326.094142	0.752286
27	-326.856064	0.747978
28	-327.617985	0.743668
29	-328.379907	0.739359
30	-329.141828	0.726856
31	-329.903750	0.723686
32	-330.665671	0.720516
33	-331.427593	0.717346
34	-332.189514	0.714175
35	-332.951435	0.711004
36	-333.713357	0.376140
37	-334.475278	-0.091218
bisection interval found by 1-dim search: [-334.475278,-333.713357]
No.34	 toolpath -297.135720	[r = -334.255035] is calculated within 7.894299s.
-----
initial linear search begins: 
No.	x	f(x)
0	-296.092976	2.472009
1	-296.856217	2.462812
2	-297.619459	2.453613
3	-298.382700	2.444414
4	-299.145941	2.435215
5	-299.909182	2.426014
6	-300.672423	2.416812
7	-301.435665	2.367043
8	-302.198906	2.145136
9	-302.962147	1.867972
10	-303.725388	1.686061
11	-304.488629	1.678030
12	-305.251870	1.669819
13	-306.015112	1.624175
14	-306.778353	1.617166
15	-307.541594	1.610156
16	-308.304835	1.603145
17	-309.068076	1.571195
18	-309.831318	1.379096
19	-310.594559	1.372673
20	-311.357800	1.319705
21	-312.121041	1.099469
22	-312.884282	0.958431
23	-313.647523	0.889761
24	-314.410765	0.875697
25	-315.174006	0.871392
26	-315.937247	0.867086
27	-316.700488	0.862780
28	-317.463729	0.858472
29	-318.226971	0.854164
30	-318.990212	0.811267
31	-319.753453	0.808100
32	-320.516694	0.804932
33	-321.279935	0.801764
34	-322.043176	0.798595
35	-322.806418	0.795425
36	-323.569659	0.455019
37	-324.332900	0.047557
38	-325.096141	0.045276
39	-325.859382	0.042995
40	-326.622624	-0.060292
bisection interval found by 1-dim search: [-326.622624,-325.859382]
No.35	 toolpath -288.924904	[r = -326.032304] is calculated within 7.530061s.
-----
initial linear search begins: 
No.	x	f(x)
0	-287.818187	2.671143
1	-288.582469	2.661943
2	-289.346751	2.652740
3	-290.111034	2.643538
4	-290.875316	2.634335
5	-291.639598	2.625130
6	-292.403881	2.615925
7	-293.168163	2.567483
8	-293.932445	2.348594
9	-294.696728	2.064098
10	-295.461010	1.871925
11	-296.225292	1.851429
12	-296.989575	1.843231
13	-297.753857	1.794455
14	-298.518140	1.768633
15	-299.282422	1.761625
16	-300.046704	1.754616
17	-300.810987	1.728193
18	-301.575269	1.517813
19	-302.339551	1.511392
20	-303.103834	1.462553
21	-303.868116	1.238369
22	-304.632398	1.088477
23	-305.396681	1.014226
24	-306.160963	0.968620
25	-306.925245	0.964316
26	-307.689528	0.960012
27	-308.453810	0.955706
28	-309.218092	0.951401
29	-309.982375	0.947094
30	-310.746657	0.902723
31	-311.510940	0.876399
32	-312.275222	0.873233
33	-313.039504	0.870066
34	-313.803787	0.866899
35	-314.568069	0.863731
36	-315.332351	0.531643
37	-316.096634	0.096695
38	-316.860916	0.094416
39	-317.625198	0.092136
40	-318.389481	-0.032041
bisection interval found by 1-dim search: [-318.389481,-317.625198]
No.36	 toolpath -280.714848	[r = -317.822240] is calculated within 7.518824s.
-----
initial linear search begins: 
No.	x	f(x)
0	-279.557506	2.869899
1	-280.322800	2.860695
2	-281.088095	2.851489
3	-281.853390	2.842282
4	-282.618684	2.833075
5	-283.383979	2.823867
6	-284.149274	2.814657
7	-284.914568	2.767403
8	-285.679863	2.546882
9	-286.445158	2.257743
10	-287.210452	2.055788
11	-287.975747	2.024518
12	-288.741042	2.016229
13	-289.506336	1.964185
14	-290.271631	1.919705
15	-291.036926	1.912700
16	-291.802221	1.905694
17	-292.567515	1.881956
18	-293.332810	1.656176
19	-294.098105	1.649757
20	-294.863399	1.602645
21	-295.628694	1.373791
22	-296.393989	1.217588
23	-297.159283	1.138082
24	-297.924578	1.065056
25	-298.689873	1.057004
26	-299.455167	1.052700
27	-300.220462	1.048396
28	-300.985757	1.044092
29	-301.751051	1.039787
30	-302.516346	0.996760
31	-303.281641	0.944505
32	-304.046936	0.941341
33	-304.812230	0.938177
34	-305.577525	0.935013
35	-306.342820	0.931847
36	-307.108114	0.601782
37	-307.873409	0.145690
38	-308.638704	0.143412
39	-309.403998	0.141134
40	-310.169293	-0.003825
bisection interval found by 1-dim search: [-310.169293,-309.403998]
No.37	 toolpath -272.493917	[r = -309.601301] is calculated within 7.560807s.
-----
initial linear search begins: 
No.	x	f(x)
0	-271.287241	3.068717
1	-272.053522	3.059508
2	-272.819803	3.050298
3	-273.586084	3.041087
4	-274.352366	3.031875
5	-275.118647	3.022663
6	-275.884928	3.013449
7	-276.651209	2.966382
8	-277.417490	2.745230
9	-278.183772	2.451602
10	-278.950053	2.240876
11	-279.716334	2.197672
12	-280.482615	2.189315
13	-281.248896	2.134042
14	-282.015178	2.070703
15	-282.781459	2.063701
16	-283.547740	2.056697
17	-284.314021	2.035499
18	-285.080302	1.794482
19	-285.846584	1.788065
20	-286.612865	1.742711
21	-287.379146	1.509308
22	-288.145427	1.346811
23	-288.911708	1.262028
24	-289.677990	1.184710
25	-290.444271	1.149654
26	-291.210552	1.145351
27	-291.976833	1.141048
28	-292.743114	1.136745
29	-293.509396	1.132441
30	-294.275677	1.090740
31	-295.041958	1.012559
32	-295.808239	1.009398
33	-296.574520	1.006235
34	-297.340802	1.003072
35	-298.107083	0.999909
36	-298.873364	0.671937
37	-299.639645	0.194647
38	-300.405926	0.192371
39	-301.172208	0.190095
40	-301.938489	0.024414
41	-302.704770	0.023100
42	-303.471051	0.021785
43	-304.237332	0.020470
44	-305.003614	0.012306
45	-305.769895	-0.259278
bisection interval found by 1-dim search: [-305.769895,-305.003614]
No.38	 toolpath -267.998009	[r = -305.105385] is calculated within 7.817890s.
-----
initial linear search begins: 
No.	x	f(x)
0	-266.764923	3.177370
1	-267.531732	3.168158
2	-268.298541	3.158945
3	-269.065350	3.149732
4	-269.832160	3.140517
5	-270.598969	3.131302
6	-271.365778	3.122086
7	-272.132587	3.074912
8	-272.899397	2.854509
9	-273.666206	2.558517
10	-274.433015	2.342531
11	-275.199824	2.292301
12	-275.966634	2.283888
13	-276.733443	2.226539
14	-277.500252	2.153982
15	-278.267061	2.146162
16	-279.033871	2.139161
17	-279.800680	2.119661
18	-280.567489	1.870020
19	-281.334298	1.863605
20	-282.101108	1.819640
21	-282.867917	1.585042
22	-283.634726	1.417367
23	-284.401535	1.329728
24	-285.168345	1.250044
25	-285.935154	1.200254
26	-286.701963	1.195953
27	-287.468772	1.191652
28	-288.235582	1.187350
29	-289.002391	1.183047
30	-289.769200	1.141928
31	-290.536010	1.049720
32	-291.302819	1.046559
33	-292.069628	1.043398
34	-292.836437	1.040237
35	-293.603247	1.037075
36	-294.370056	0.706774
37	-295.136865	0.221377
38	-295.903674	0.219102
39	-296.670484	0.216827
40	-297.437293	0.039852
41	-298.204102	0.038537
42	-298.970911	0.037222
43	-299.737721	0.035907
44	-300.504530	0.027685
45	-301.271339	-0.244564
bisection interval found by 1-dim search: [-301.271339,-300.504530]
No.39	 toolpath -263.570888	[r = -300.678260] is calculated within 7.890253s.
-----
initial linear search begins: 
No.	x	f(x)
0	-262.312193	3.284312
1	-263.079515	3.275097
2	-263.846836	3.265881
3	-264.614157	3.256665
4	-265.381479	3.247448
5	-266.148800	3.238229
6	-266.916121	3.229011
7	-267.683443	3.182556
8	-268.450764	2.962139
9	-269.218085	2.661319
10	-269.985407	2.441512
11	-270.752728	2.385438
12	-271.520049	2.376965
13	-272.287371	2.318145
14	-273.054692	2.242926
15	-273.822013	2.227282
16	-274.589335	2.220281
17	-275.356656	2.202400
18	-276.123977	1.944330
19	-276.891299	1.937915
20	-277.658620	1.895356
21	-278.425941	1.657842
22	-279.193263	1.487825
23	-279.960584	1.396377
24	-280.727905	1.314358
25	-281.495227	1.250034
26	-282.262548	1.245734
27	-283.029869	1.241433
28	-283.797191	1.237131
29	-284.564512	1.232829
30	-285.331833	1.193706
31	-286.099155	1.086266
32	-286.866476	1.083108
33	-287.633797	1.079948
34	-288.401119	1.076789
35	-289.168440	1.073629
36	-289.935761	0.747457
37	-290.703083	0.247669
38	-291.470404	0.245395
39	-292.237725	0.243121
40	-293.005047	0.055049
41	-293.772368	0.053734
42	-294.539689	0.052418
43	-295.307011	0.051103
44	-296.074332	0.042392
45	-296.841653	-0.232308
bisection interval found by 1-dim search: [-296.841653,-296.074332]
No.40	 toolpath -259.188768	[r = -296.308125] is calculated within 7.874056s.
-----
initial linear search begins: 
No.	x	f(x)
0	-257.917168	3.389980
1	-258.684987	3.380762
2	-259.452806	3.371543
3	-260.220625	3.362323
4	-260.988444	3.353103
5	-261.756263	3.343882
6	-262.524082	3.334660
7	-263.291902	3.286391
8	-264.059721	3.066047
9	-264.827540	2.760325
10	-265.595359	2.538104
11	-266.363178	2.477461
12	-267.130997	2.468752
13	-267.898817	2.407519
14	-268.666636	2.329872
15	-269.434455	2.307394
16	-270.202274	2.300396
17	-270.970093	2.281118
18	-271.737912	2.017718
19	-272.505731	2.011305
20	-273.273551	1.966680
21	-274.041370	1.726048
22	-274.809189	1.554489
23	-275.577008	1.461618
24	-276.344827	1.377191
25	-277.112646	1.299191
26	-277.880466	1.294892
27	-278.648285	1.290593
28	-279.416104	1.286293
29	-280.183923	1.281993
30	-280.951742	1.240649
31	-281.719561	1.122354
32	-282.487380	1.119196
33	-283.255200	1.116037
34	-284.023019	1.112878
35	-284.790838	1.109718
36	-285.558657	0.774868
37	-286.326476	0.273629
38	-287.094295	0.271356
39	-287.862115	0.269083
40	-288.629934	0.070067
41	-289.397753	0.068752
42	-290.165572	0.067436
43	-290.933391	0.066120
44	-291.701210	0.055963
45	-292.469029	-0.224813
bisection interval found by 1-dim search: [-292.469029,-291.701210]
No.41	 toolpath -254.863782	[r = -291.971147] is calculated within 8.001415s.
-----
initial linear search begins: 
No.	x	f(x)
0	-253.555863	3.494526
1	-254.324168	3.485304
2	-255.092474	3.476081
3	-255.860780	3.466857
4	-256.629086	3.457633
5	-257.397391	3.448407
6	-258.165697	3.439182
7	-258.934003	3.393226
8	-259.702308	3.173828
9	-260.470614	2.868707
10	-261.238920	2.638686
11	-262.007225	2.568498
12	-262.775531	2.559886
13	-263.543837	2.497695
14	-264.312142	2.418757
15	-265.080448	2.386598
16	-265.848754	2.379603
17	-266.617059	2.363807
18	-267.385365	2.090281
19	-268.153671	2.083869
20	-268.921976	2.043006
21	-269.690282	1.802909
22	-270.458588	1.624486
23	-271.226893	1.528058
24	-271.995199	1.441524
25	-272.763505	1.347801
26	-273.531810	1.343503
27	-274.300116	1.339205
28	-275.068422	1.334906
29	-275.836727	1.330606
30	-276.605033	1.292660
31	-277.373339	1.158035
32	-278.141645	1.154878
33	-278.909950	1.151721
34	-279.678256	1.148563
35	-280.446562	1.145405
36	-281.214867	0.821221
37	-281.983173	0.299293
38	-282.751479	0.297021
39	-283.519784	0.294748
40	-284.288090	0.084926
41	-285.056396	0.083610
42	-285.824701	0.082294
43	-286.593007	0.080978
44	-287.361313	0.072184
45	-288.129618	-0.205940
bisection interval found by 1-dim search: [-288.129618,-287.361313]
No.42	 toolpath -250.572079	[r = -287.691444] is calculated within 7.969013s.
-----
initial linear search begins: 
No.	x	f(x)
0	-249.252521	3.597959
1	-250.021300	3.588731
2	-250.790078	3.579502
3	-251.558857	3.570274
4	-252.327635	3.561045
5	-253.096414	3.551815
6	-253.865192	3.542585
7	-254.633971	3.494794
8	-255.402749	3.275528
9	-256.171528	2.965562
10	-256.940306	2.733184
11	-257.709084	2.658548
12	-258.477863	2.649666
13	-259.246641	2.585110
14	-260.015420	2.503823
15	-260.784198	2.464902
16	-261.552977	2.457907
17	-262.321755	2.441784
18	-263.090534	2.162019
19	-263.859312	2.155609
20	-264.628090	2.113908
21	-265.396869	1.869534
22	-266.165647	1.689607
23	-266.934426	1.591218
24	-267.703204	1.502238
25	-268.471983	1.395856
26	-269.240761	1.391558
27	-270.009540	1.387261
28	-270.778318	1.382962
29	-271.547097	1.378663
30	-272.315875	1.338562
31	-273.084653	1.193301
32	-273.853432	1.190146
33	-274.622210	1.186990
34	-275.390989	1.183835
35	-276.159767	1.180678
36	-276.928546	0.847875
37	-277.697324	0.324660
38	-278.466103	0.322389
39	-279.234881	0.320118
40	-280.003660	0.099626
41	-280.772438	0.098310
42	-281.541216	0.096993
43	-282.309995	0.095676
44	-283.078773	0.085440
45	-283.847552	-0.198758
bisection interval found by 1-dim search: [-283.847552,-283.078773]
No.43	 toolpath -246.313763	[r = -283.433132] is calculated within 7.842962s.
-----
initial linear search begins: 
No.	x	f(x)
0	-244.971050	3.700732
1	-245.740291	3.691496
2	-246.509533	3.682260
3	-247.278775	3.673024
4	-248.048016	3.663788
5	-248.817258	3.654552
6	-249.586500	3.645315
7	-250.355741	3.598080
8	-251.124983	3.379031
9	-251.894225	3.067076
10	-252.663466	2.828338
11	-253.432708	2.747992
12	-254.201949	2.739008
13	-254.971191	2.673153
14	-255.740433	2.589285
15	-256.509674	2.542635
16	-257.278916	2.535643
17	-258.048158	2.520944
18	-258.817399	2.233237
19	-259.586641	2.226828
20	-260.355883	2.186587
21	-261.125124	1.941452
22	-261.894366	1.757459
23	-262.663608	1.655243
24	-263.432849	1.564774
25	-264.202091	1.443562
26	-264.971333	1.439266
27	-265.740574	1.434970
28	-266.509816	1.430673
29	-267.279058	1.426376
30	-268.048299	1.388274
31	-268.817541	1.228300
32	-269.586782	1.225147
33	-270.356024	1.221993
34	-271.125266	1.218839
35	-271.894507	1.215684
36	-272.663749	0.887201
37	-273.432991	0.349838
38	-274.202232	0.347568
39	-274.971474	0.345298
40	-275.740716	0.114228
41	-276.509957	0.112911
42	-277.279199	0.111594
43	-278.048441	0.110277
44	-278.817682	0.100010
45	-279.586924	-0.184698
bisection interval found by 1-dim search: [-279.586924,-278.817682]
No.44	 toolpath -242.100960	[r = -279.208313] is calculated within 7.837362s.
-----
initial linear search begins: 
No.	x	f(x)
0	-240.723607	3.802661
1	-241.493301	3.793400
2	-242.262996	3.784139
3	-243.032690	3.774878
4	-243.802384	3.765618
5	-244.572078	3.756366
6	-245.341772	3.747116
7	-246.111466	3.701887
8	-246.881160	3.486549
9	-247.650854	3.170439
10	-248.420548	2.926848
11	-249.190243	2.836580
12	-249.959937	2.827754
13	-250.729631	2.761649
14	-251.499325	2.674974
15	-252.269019	2.619570
16	-253.038713	2.612581
17	-253.808407	2.600655
18	-254.578101	2.303727
19	-255.347795	2.297320
20	-256.117490	2.260742
21	-256.887184	2.014743
22	-257.656878	1.825872
23	-258.426572	1.720794
24	-259.196266	1.627533
25	-259.965960	1.490783
26	-260.735654	1.486488
27	-261.505348	1.482192
28	-262.275042	1.477896
29	-263.044736	1.473599
30	-263.814431	1.438751
31	-264.584125	1.262945
32	-265.353819	1.259792
33	-266.123513	1.256639
34	-266.893207	1.253485
35	-267.662901	1.250331
36	-268.432595	0.932614
37	-269.202289	0.374756
38	-269.971983	0.372487
39	-270.741678	0.370218
40	-271.511372	0.128691
41	-272.281066	0.127374
42	-273.050760	0.126056
43	-273.820454	0.124738
44	-274.590148	0.115403
45	-275.359842	-0.166048
bisection interval found by 1-dim search: [-275.359842,-274.590148]
No.45	 toolpath -237.921765	[r = -275.029114] is calculated within 7.821259s.
-----
initial linear search begins: 
No.	x	f(x)
0	-236.522377	3.903738
1	-237.292512	3.894473
2	-238.062647	3.885207
3	-238.832781	3.875940
4	-239.602916	3.866672
5	-240.373051	3.857404
6	-241.143186	3.848136
7	-241.913320	3.803068
8	-242.683455	3.588117
9	-243.453590	3.270230
10	-244.223725	3.021797
11	-244.993859	2.925943
12	-245.763994	2.915372
13	-246.534129	2.847413
14	-247.304264	2.758832
15	-248.074398	2.695714
16	-248.844533	2.688726
17	-249.614668	2.677870
18	-250.384803	2.379814
19	-251.154937	2.367093
20	-251.925072	2.331930
21	-252.695207	2.085472
22	-253.465342	1.891460
23	-254.235476	1.783669
24	-255.005611	1.688166
25	-255.775746	1.546288
26	-256.545881	1.533224
27	-257.316015	1.528930
28	-258.086150	1.524636
29	-258.856285	1.520341
30	-259.626419	1.487341
31	-260.396554	1.297228
32	-261.166689	1.294077
33	-261.936824	1.290925
34	-262.706958	1.287773
35	-263.477093	1.284621
36	-264.247228	0.964853
37	-265.017363	0.399414
38	-265.787497	0.397146
39	-266.557632	0.394878
40	-267.327767	0.143014
41	-268.097902	0.141696
42	-268.868036	0.140378
43	-269.638171	0.139060
44	-270.408306	0.129235
45	-271.178441	-0.154520
bisection interval found by 1-dim search: [-271.178441,-270.408306]
No.46	 toolpath -233.764244	[r = -270.871590] is calculated within 7.847820s.
-----
initial linear search begins: 
No.	x	f(x)
0	-232.343277	4.004256
1	-233.113844	3.994989
2	-233.884410	3.985720
3	-234.654976	3.976452
4	-235.425542	3.967182
5	-236.196109	3.957912
6	-236.966675	3.948641
7	-237.737241	3.902900
8	-238.507807	3.689128
9	-239.278374	3.369546
10	-240.048940	3.114791
11	-240.819506	3.015632
12	-241.590073	3.002498
13	-242.360639	2.933352
14	-243.131205	2.843315
15	-243.901771	2.771398
16	-244.672338	2.764412
17	-245.442904	2.754501
18	-246.213470	2.458609
19	-246.984036	2.436438
20	-247.754603	2.402684
21	-248.525169	2.153850
22	-249.295735	1.956700
23	-250.066301	1.846203
24	-250.836868	1.749279
25	-251.607434	1.605751
26	-252.378000	1.579679
27	-253.148566	1.575386
28	-253.919133	1.571092
29	-254.689699	1.566798
30	-255.460265	1.534370
31	-256.230831	1.331294
32	-257.001398	1.328145
33	-257.771964	1.324995
34	-258.542530	1.321845
35	-259.313096	1.318694
36	-260.083663	1.003315
37	-260.854229	0.425766
38	-261.624795	0.421651
39	-262.395361	0.419384
40	-263.165928	0.157258
41	-263.936494	0.155940
42	-264.707060	0.154622
43	-265.477626	0.153303
44	-266.248193	0.143464
45	-267.018759	-0.140702
bisection interval found by 1-dim search: [-267.018759,-266.248193]
No.47	 toolpath -229.628474	[r = -266.735816] is calculated within 7.800157s.
-----
initial linear search begins: 
No.	x	f(x)
0	-228.186379	4.104194
1	-228.957368	4.094926
2	-229.728357	4.085658
3	-230.499345	4.076389
4	-231.270334	4.067118
5	-232.041323	4.057847
6	-232.812312	4.048575
7	-233.583300	4.002879
8	-234.354289	3.789581
9	-235.125278	3.468386
10	-235.896267	3.208855
11	-236.667255	3.104588
12	-237.438244	3.089134
13	-238.209233	3.018825
14	-238.980222	2.926281
15	-239.751210	2.846613
16	-240.522199	2.839629
17	-241.293188	2.830543
18	-242.064177	2.537066
19	-242.835165	2.505365
20	-243.606154	2.473001
21	-244.377143	2.223907
22	-245.148132	2.022804
23	-245.919120	1.908398
24	-246.690109	1.809261
25	-247.461098	1.664905
26	-248.232087	1.625847
27	-249.003075	1.621555
28	-249.774064	1.617264
29	-250.545053	1.612971
30	-251.316042	1.582320
31	-252.087030	1.365144
32	-252.858019	1.361996
33	-253.629008	1.358848
34	-254.399997	1.355700
35	-255.170985	1.352551
36	-255.941974	1.041578
37	-256.712963	0.463329
38	-257.483952	0.446002
39	-258.254940	0.443736
40	-259.025929	0.171424
41	-259.796918	0.170106
42	-260.567907	0.168787
43	-261.338895	0.167468
44	-262.109884	0.157619
45	-262.880873	-0.129306
bisection interval found by 1-dim search: [-262.880873,-262.109884]
No.48	 toolpath -225.514529	[r = -262.621869] is calculated within 7.865612s.
-----
initial linear search begins: 
No.	x	f(x)
0	-224.051752	4.203546
1	-224.823154	4.194278
2	-225.594556	4.185010
3	-226.365959	4.175740
4	-227.137361	4.166470
5	-227.908763	4.157199
6	-228.680166	4.147927
7	-229.451568	4.102251
8	-230.222970	3.891944
9	-230.994373	3.566748
10	-231.765775	3.302503
11	-232.537177	3.193350
12	-233.308580	3.175280
13	-234.079982	3.103832
14	-234.851384	3.008787
15	-235.622787	2.921363
16	-236.394189	2.914380
17	-237.165591	2.905992
18	-237.936994	2.615179
19	-238.708396	2.573864
20	-239.479798	2.542880
21	-240.251201	2.291563
22	-241.022603	2.087371
23	-241.794006	1.971050
24	-242.565408	1.869753
25	-243.336810	1.722605
26	-244.108213	1.671736
27	-244.879615	1.667445
28	-245.651017	1.663154
29	-246.422420	1.658863
30	-247.193822	1.628765
31	-247.965224	1.398789
32	-248.736627	1.395642
33	-249.508029	1.392494
34	-250.279431	1.389346
35	-251.050834	1.386198
36	-251.822236	1.073265
37	-252.593638	0.492754
38	-253.365041	0.470200
39	-254.136443	0.467935
40	-254.907845	0.185511
41	-255.679248	0.184192
42	-256.450650	0.182873
43	-257.222052	0.181554
44	-257.993455	0.171699
45	-258.764857	-0.115599
bisection interval found by 1-dim search: [-258.764857,-257.993455]
No.49	 toolpath -221.422484	[r = -258.541874] is calculated within 7.952414s.
-----
initial linear search begins: 
No.	x	f(x)
0	-219.951576	4.302159
1	-220.723382	4.292892
2	-221.495188	4.283624
3	-222.266993	4.274355
4	-223.038799	4.265085
5	-223.810605	4.255815
6	-224.582411	4.246543
7	-225.354217	4.199448
8	-226.126023	3.986182
9	-226.897829	3.658742
10	-227.669635	3.392253
11	-228.441441	3.281191
12	-229.213247	3.260639
13	-229.985053	3.186858
14	-230.756859	3.089564
15	-231.528665	2.995544
16	-232.300471	2.988564
17	-233.072277	2.980052
18	-233.844083	2.684115
19	-234.615889	2.641844
20	-235.387695	2.610219
21	-236.159501	2.356659
22	-236.931307	2.150230
23	-237.703113	2.030856
24	-238.474919	1.927276
25	-239.246725	1.778735
26	-240.018531	1.717269
27	-240.790336	1.712979
28	-241.562142	1.708690
29	-242.333948	1.704400
30	-243.105754	1.672477
31	-243.877560	1.432169
32	-244.649366	1.429023
33	-245.421172	1.425878
34	-246.192978	1.422731
35	-246.964784	1.419585
36	-247.736590	1.104703
37	-248.508396	0.513903
38	-249.280202	0.494208
39	-250.052008	0.491944
40	-250.823814	0.199499
41	-251.595620	0.198179
42	-252.367426	0.196860
43	-253.139232	0.195540
44	-253.911038	0.184177
45	-254.682844	-0.109157
bisection interval found by 1-dim search: [-254.682844,-253.911038]
No.50	 toolpath -217.364470	[r = -254.471803] is calculated within 7.827012s.
-----
initial linear search begins: 
No.	x	f(x)
0	-215.861698	4.400176
1	-216.633901	4.390909
2	-217.406103	4.381642
3	-218.178305	4.372374
4	-218.950507	4.363105
5	-219.722709	4.353835
6	-220.494911	4.344565
7	-221.267113	4.298886
8	-222.039315	4.089750
9	-222.811517	3.761754
10	-223.583719	3.488284
11	-224.355921	3.369660
12	-225.128124	3.345937
13	-225.900326	3.272191
14	-226.672528	3.173349
15	-227.444730	3.069256
16	-228.216932	3.062279
17	-228.989134	3.055052
18	-229.761336	2.767200
19	-230.533538	2.709395
20	-231.305740	2.682064
21	-232.077942	2.429795
22	-232.850144	2.216566
23	-233.622347	2.093597
24	-234.394549	1.987905
25	-235.166751	1.839183
26	-235.938953	1.762523
27	-236.711155	1.758235
28	-237.483357	1.753947
29	-238.255559	1.749658
30	-239.027761	1.721800
31	-239.799963	1.465332
32	-240.572165	1.462189
33	-241.344367	1.459045
34	-242.116570	1.455900
35	-242.888772	1.452755
36	-243.660974	1.148740
37	-244.433176	0.559052
38	-245.205378	0.518063
39	-245.977580	0.515800
40	-246.749782	0.213407
41	-247.521984	0.212087
42	-248.294186	0.210767
43	-249.066388	0.209447
44	-249.838590	0.199105
45	-250.610793	-0.090775
bisection interval found by 1-dim search: [-250.610793,-249.838590]
No.51	 toolpath -213.316445	[r = -250.435841] is calculated within 8.087350s.
-----
initial linear search begins: 
No.	x	f(x)
0	-211.806415	4.497592
1	-212.579004	4.488327
2	-213.351592	4.479061
3	-214.124181	4.469794
4	-214.896769	4.460526
5	-215.669358	4.451257
6	-216.441946	4.441988
7	-217.214535	4.394925
8	-217.987123	4.185343
9	-218.759712	3.852669
10	-219.532300	3.576987
11	-220.304889	3.456153
12	-221.077477	3.430213
13	-221.850066	3.354954
14	-222.622654	3.253187
15	-223.395243	3.142501
16	-224.167831	3.135525
17	-224.940420	3.128253
18	-225.713008	2.838180
19	-226.485597	2.776527
20	-227.258185	2.748621
21	-228.030774	2.492007
22	-228.803362	2.277374
23	-229.575951	2.153495
24	-230.348539	2.045587
25	-231.121128	1.893482
26	-231.893716	1.807490
27	-232.666305	1.803203
28	-233.438893	1.798915
29	-234.211482	1.794627
30	-234.984070	1.765040
31	-235.756659	1.498279
32	-236.529247	1.495138
33	-237.301836	1.491995
34	-238.074424	1.488853
35	-238.847013	1.485710
36	-239.619602	1.173425
37	-240.392190	0.579792
38	-241.164779	0.541764
39	-241.937367	0.539502
40	-242.709956	0.227235
41	-243.482544	0.225915
42	-244.255133	0.224595
43	-245.027721	0.223274
44	-245.800310	0.211390
45	-246.572898	-0.084508
bisection interval found by 1-dim search: [-246.572898,-245.800310]
No.52	 toolpath -209.302603	[r = -246.409930] is calculated within 7.887645s.
-----
initial linear search begins: 
No.	x	f(x)
0	-207.761550	4.594407
1	-208.534517	4.585143
2	-209.307485	4.575878
3	-210.080453	4.566613
4	-210.853420	4.557346
5	-211.626388	4.548079
6	-212.399355	4.538811
7	-213.172323	4.493094
8	-213.945291	4.287726
9	-214.718258	3.954820
10	-215.491226	3.672397
11	-216.264193	3.543864
12	-217.037161	3.514565
13	-217.810129	3.439371
14	-218.583096	3.336149
15	-219.356064	3.215288
16	-220.129031	3.208315
17	-220.901999	3.201341
18	-221.674967	2.920687
19	-222.447934	2.843231
20	-223.220902	2.818469
21	-223.993869	2.564537
22	-224.766837	2.344465
23	-225.539805	2.215661
24	-226.312772	2.105621
25	-227.085740	1.953340
26	-227.858708	1.852174
27	-228.631675	1.847889
28	-229.404643	1.843604
29	-230.177610	1.839318
30	-230.950578	1.813605
31	-231.723546	1.531022
32	-232.496513	1.527881
33	-233.269481	1.524739
34	-234.042448	1.521597
35	-234.815416	1.518455
36	-235.588384	1.217080
37	-236.361351	0.624743
38	-237.134319	0.565311
39	-237.907286	0.563051
40	-238.680254	0.240983
41	-239.453222	0.239663
42	-240.226189	0.238342
43	-240.999157	0.237021
44	-241.772124	0.226196
45	-242.545092	-0.066198
bisection interval found by 1-dim search: [-242.545092,-241.772124]
No.53	 toolpath -205.298875	[r = -242.418277] is calculated within 7.841577s.
-----
initial linear search begins: 
No.	x	f(x)
0	-203.751415	4.690617
1	-204.524752	4.681355
2	-205.298089	4.672092
3	-206.071427	4.662827
4	-206.844764	4.653563
5	-207.618101	4.644297
6	-208.391438	4.635031
7	-209.164776	4.587973
8	-209.938113	4.382193
9	-210.711450	4.044653
10	-211.484787	3.760050
11	-212.258125	3.629328
12	-213.031462	3.597941
13	-213.804799	3.520456
14	-214.578136	3.415045
15	-215.351474	3.287605
16	-216.124811	3.280635
17	-216.898148	3.273664
18	-217.671485	2.990829
19	-218.444822	2.909515
20	-219.218160	2.884228
21	-219.991497	2.628111
22	-220.764834	2.404480
23	-221.538171	2.274852
24	-222.311509	2.162617
25	-223.084846	2.008150
26	-223.858183	1.896574
27	-224.631520	1.892290
28	-225.404858	1.888005
29	-226.178195	1.883720
30	-226.951532	1.857462
31	-227.724869	1.563548
32	-228.498207	1.560409
33	-229.271544	1.557270
34	-230.044881	1.554129
35	-230.818218	1.550989
36	-231.591556	1.241388
37	-232.364893	0.645075
38	-233.138230	0.588705
39	-233.911567	0.586446
40	-234.684905	0.254651
41	-235.458242	0.253331
42	-236.231579	0.252010
43	-237.004916	0.250688
44	-237.778254	0.238832
45	-238.551591	-0.060104
bisection interval found by 1-dim search: [-238.551591,-237.778254]
No.54	 toolpath -201.329477	[r = -238.436799] is calculated within 7.799766s.
-----
initial linear search begins: 
No.	x	f(x)
0	-199.751811	4.786221
1	-200.525511	4.776961
2	-201.299210	4.767700
3	-202.072910	4.758438
4	-202.846610	4.749175
5	-203.620310	4.739911
6	-204.394009	4.730645
7	-205.167709	4.684878
8	-205.941409	4.483371
9	-206.715109	4.145929
10	-207.488808	3.854840
11	-208.262508	3.716285
12	-209.036208	3.681355
13	-209.809908	3.604668
14	-210.583607	3.497177
15	-211.357307	3.367115
16	-212.131007	3.352485
17	-212.904707	3.345517
18	-213.678407	3.072727
19	-214.452106	2.975369
20	-215.225806	2.953902
21	-215.999506	2.697853
22	-216.773206	2.471065
23	-217.546905	2.336441
24	-218.320605	2.222056
25	-219.094305	2.067420
26	-219.868005	1.940689
27	-220.641704	1.936407
28	-221.415404	1.932125
29	-222.189104	1.927842
30	-222.962804	1.905169
31	-223.736503	1.595859
32	-224.510203	1.592722
33	-225.283903	1.589584
34	-226.057603	1.586446
35	-226.831302	1.583307
36	-227.605002	1.290966
37	-228.378702	0.689822
38	-229.152402	0.611945
39	-229.926101	0.609687
40	-230.699801	0.268239
41	-231.473501	0.266918
42	-232.247201	0.265596
43	-233.020900	0.264275
44	-233.794600	0.253488
45	-234.568300	-0.041869
bisection interval found by 1-dim search: [-234.568300,-233.794600]
No.55	 toolpath -197.370314	[r = -234.489721] is calculated within 7.850691s.
-----
initial linear search begins: 
No.	x	f(x)
0	-195.787069	4.881219
1	-196.561122	4.871961
2	-197.335175	4.862701
3	-198.109228	4.853441
4	-198.883281	4.844180
5	-199.657334	4.834917
6	-200.431387	4.825655
7	-201.205440	4.778597
8	-201.979493	4.576706
9	-202.753546	4.237710
10	-203.527599	3.941440
11	-204.301652	3.800718
12	-205.075705	3.763629
13	-205.849758	3.684783
14	-206.623811	3.575130
15	-207.397865	3.442889
16	-208.171918	3.423881
17	-208.945971	3.416914
18	-209.720024	3.142029
19	-210.494077	3.040805
20	-211.268130	3.018875
21	-212.042183	2.760654
22	-212.816236	2.530286
23	-213.590289	2.394923
24	-214.364342	2.278365
25	-215.138395	2.120362
26	-215.912448	1.984520
27	-216.686501	1.980239
28	-217.460554	1.975958
29	-218.234607	1.971676
30	-219.008660	1.947501
31	-219.782713	1.627954
32	-220.556766	1.624818
33	-221.330819	1.621682
34	-222.104872	1.618546
35	-222.878925	1.615409
36	-223.652978	1.314979
37	-224.427031	0.709747
38	-225.201084	0.635032
39	-225.975138	0.632775
40	-226.749191	0.281746
41	-227.523244	0.280424
42	-228.297297	0.279103
43	-229.071350	0.277781
44	-229.845403	0.265429
45	-230.619456	-0.035947
bisection interval found by 1-dim search: [-230.619456,-229.845403]
No.56	 toolpath -193.445620	[r = -230.552936] is calculated within 7.974559s.
-----
initial linear search begins: 
No.	x	f(x)
0	-191.832967	4.975608
1	-192.607366	4.966351
2	-193.381766	4.957094
3	-194.156165	4.947836
4	-194.930564	4.938578
5	-195.704964	4.929318
6	-196.479363	4.920057
7	-197.253762	4.874853
8	-198.028162	4.676659
9	-198.802561	4.338124
10	-199.576961	4.035608
11	-200.351360	3.886924
12	-201.125759	3.846114
13	-201.900159	3.767335
14	-202.674558	3.655147
15	-203.448957	3.523191
16	-204.223357	3.494806
17	-204.997756	3.487842
18	-205.772156	3.223285
19	-206.546555	3.105810
20	-207.320954	3.087386
21	-208.095354	2.831964
22	-208.869753	2.596361
23	-209.644152	2.455933
24	-210.418552	2.338171
25	-211.192951	2.180257
26	-211.967351	2.028067
27	-212.741750	2.023788
28	-213.516149	2.019508
29	-214.290549	2.015228
30	-215.064948	1.994450
31	-215.839347	1.659842
32	-216.613747	1.656707
33	-217.388146	1.653572
34	-218.162546	1.650436
35	-218.936945	1.647300
36	-219.711344	1.357765
37	-220.485744	0.754287
38	-221.260143	0.657965
39	-222.034542	0.655710
40	-222.808942	0.295172
41	-223.583341	0.293850
42	-224.357741	0.292529
43	-225.132140	0.291208
44	-225.906539	0.279960
45	-226.680939	-0.017789
bisection interval found by 1-dim search: [-226.680939,-225.906539]
No.57	 toolpath -189.531276	[r = -226.650689] is calculated within 7.839787s.
-----
initial linear search begins: 
No.	x	f(x)
0	-187.913852	5.069388
1	-188.688589	5.060134
2	-189.463325	5.050879
3	-190.238062	5.041623
4	-191.012799	5.032366
5	-191.787536	5.023108
6	-192.562272	5.013850
7	-193.337009	4.967416
8	-194.111746	4.768854
9	-194.886482	4.425806
10	-195.661219	4.121154
11	-196.435956	3.970325
12	-197.210693	3.927513
13	-197.985429	3.847205
14	-198.760166	3.733434
15	-199.534903	3.598042
16	-200.309640	3.565262
17	-201.084376	3.558301
18	-201.859113	3.291745
19	-202.633850	3.170397
20	-203.408587	3.151569
21	-204.183323	2.894007
22	-204.958060	2.654786
23	-205.732797	2.512714
24	-206.507534	2.392828
25	-207.282270	2.232525
26	-208.057007	2.071330
27	-208.831744	2.067052
28	-209.606480	2.062773
29	-210.381217	2.058494
30	-211.155954	2.036305
31	-211.930691	1.691517
32	-212.705427	1.688384
33	-213.480164	1.685250
34	-214.254901	1.682116
35	-215.029638	1.678982
36	-215.804374	1.381405
37	-216.579111	0.773804
38	-217.353848	0.680745
39	-218.128585	0.678491
40	-218.903321	0.308516
41	-219.678058	0.307195
42	-220.452795	0.305874
43	-221.227532	0.304553
44	-222.002268	0.292266
45	-222.777005	-0.012039
bisection interval found by 1-dim search: [-222.777005,-222.002268]
No.58	 toolpath -185.651537	[r = -222.758847] is calculated within 7.851991s.
-----
initial linear search begins: 
No.	x	f(x)
0	-184.005481	5.162557
1	-184.780548	5.153306
2	-185.555616	5.144054
3	-186.330683	5.134800
4	-187.105750	5.125546
5	-187.880818	5.116290
6	-188.655885	5.107033
7	-189.430952	5.061786
8	-190.206020	4.867562
9	-190.981087	4.525315
10	-191.756154	4.214686
11	-192.531222	4.055783
12	-193.306289	4.009083
13	-194.081356	3.929539
14	-194.856424	3.812574
15	-195.631491	3.677525
16	-196.406558	3.635260
17	-197.181626	3.628300
18	-197.956693	3.372328
19	-198.731760	3.234553
20	-199.506828	3.218892
21	-200.281895	2.964697
22	-201.056962	2.720351
23	-201.832029	2.574136
24	-202.607097	2.452065
25	-203.382164	2.291849
26	-204.157231	2.114307
27	-204.932299	2.110031
28	-205.707366	2.105754
29	-206.482433	2.101477
30	-207.257501	2.083348
31	-208.032568	1.727230
32	-208.807635	1.719844
33	-209.582703	1.716713
34	-210.357770	1.713581
35	-211.132837	1.710448
36	-211.907905	1.430026
37	-212.682972	0.818132
38	-213.458039	0.703372
39	-214.233107	0.701119
40	-215.008174	0.321781
41	-215.783241	0.320460
42	-216.558309	0.319139
43	-217.333376	0.317817
44	-218.108443	0.306645
45	-218.883511	0.006040
46	-219.658578	-0.328241
bisection interval found by 1-dim search: [-219.658578,-218.883511]
No.59	 toolpath -181.782258	[r = -218.901676] is calculated within 7.931418s.
-----
initial linear search begins: 
No.	x	f(x)
0	-180.132217	4.204899
1	-180.907607	4.095127
2	-181.682996	4.048939
3	-182.458385	5.227366
4	-183.233774	5.218114
5	-184.009163	5.208862
6	-184.784553	5.199608
7	-185.559942	5.153186
8	-186.335331	4.958610
9	-187.110720	4.615032
10	-187.886109	4.299176
11	-188.661498	4.138844
12	-189.436888	4.089358
13	-190.212277	4.007703
14	-190.987666	3.889947
15	-191.763055	3.751453
16	-192.538444	3.704791
17	-193.313833	3.697835
18	-194.089223	3.439944
19	-194.864612	3.298291
20	-195.640001	3.282284
21	-196.415390	3.023699
22	-197.190779	2.777978
23	-197.966168	2.630161
24	-198.741558	2.506003
25	-199.516947	2.343444
26	-200.292336	2.157001
27	-201.067725	2.152726
28	-201.843114	2.148451
29	-202.618504	2.144175
30	-203.393893	2.124765
31	-204.169282	1.767387
32	-204.944671	1.751089
33	-205.720060	1.747960
34	-206.495449	1.744830
35	-207.270839	1.741699
36	-208.046228	1.453376
37	-208.821617	0.837244
38	-209.597006	0.725846
39	-210.372395	0.723594
40	-211.147784	0.334965
41	-211.923174	0.333643
42	-212.698563	0.332321
43	-213.473952	0.330999
44	-214.249341	0.318244
45	-215.024730	0.011621
46	-215.800119	-0.323032
bisection interval found by 1-dim search: [-215.800119,-215.024730]
No.60	 toolpath -177.923483	[r = -215.042903] is calculated within 7.873547s.
-----
initial linear search begins: 
No.	x	f(x)
0	-176.257633	4.314969
1	-177.033339	4.199552
2	-177.809044	4.151703
3	-178.584749	4.037915
4	-179.360455	3.910757
5	-180.136160	3.762789
6	-180.911866	3.753649
7	-181.687571	3.707623
8	-182.463276	5.054161
9	-183.238982	4.707758
10	-184.014687	4.387946
11	-184.790393	4.222514
12	-185.566098	4.169941
13	-186.341803	4.087967
14	-187.117509	3.967210
15	-187.893214	3.828725
16	-188.668920	3.774179
17	-189.444625	3.767226
18	-190.220330	3.513781
19	-190.996036	3.361898
20	-191.771741	3.346872
21	-192.547447	3.089436
22	-193.323152	2.840147
23	-194.098858	2.689196
24	-194.874563	2.562879
25	-195.650268	2.398685
26	-196.425974	2.199610
27	-197.201679	2.195337
28	-197.977385	2.191064
29	-198.753090	2.186790
30	-199.528795	2.168676
31	-200.304501	1.811848
32	-201.080206	1.782271
33	-201.855912	1.779142
34	-202.631617	1.776013
35	-203.407322	1.772883
36	-204.183028	1.489179
37	-204.958733	0.864655
38	-205.734439	0.748273
39	-206.510144	0.746022
40	-207.285849	0.348128
41	-208.061555	0.346806
42	-208.837260	0.345484
43	-209.612966	0.344162
44	-210.388671	0.331456
45	-211.164376	0.024662
46	-211.940082	-0.311361
bisection interval found by 1-dim search: [-211.940082,-211.164376]
No.61	 toolpath -174.087375	[r = -211.206798] is calculated within 7.948372s.
-----
initial linear search begins: 
No.	x	f(x)
0	-172.406094	4.422942
1	-173.182108	4.303020
2	-173.958122	4.253516
3	-174.734136	4.138468
4	-175.510150	4.008686
5	-176.286164	3.853468
6	-177.062178	3.844330
7	-177.838192	3.801192
8	-178.614206	3.426690
9	-179.390221	3.413950
10	-180.166235	3.324674
11	-180.942249	3.024758
12	-181.718263	2.813020
13	-182.494277	4.166997
14	-183.270291	4.045378
15	-184.046305	3.905577
16	-184.822319	3.843105
17	-185.598333	3.836154
18	-186.374347	3.587228
19	-187.150361	3.425086
20	-187.926375	3.411588
21	-188.702389	3.154822
22	-189.478404	2.902017
23	-190.254418	2.746851
24	-191.030432	2.619446
25	-191.806446	2.453613
26	-192.582460	2.241936
27	-193.358474	2.237664
28	-194.134488	2.233392
29	-194.910502	2.229119
30	-195.686516	2.211433
31	-196.462530	1.856061
32	-197.238544	1.813243
33	-198.014558	1.810116
34	-198.790573	1.806989
35	-199.566587	1.803861
36	-200.342601	1.518521
37	-201.118615	0.900321
38	-201.894629	0.770546
39	-202.670643	0.768296
40	-203.446657	0.361209
41	-204.222671	0.359887
42	-204.998685	0.358565
43	-205.774699	0.357242
44	-206.550713	0.344023
45	-207.326727	0.037647
46	-208.102742	-0.302987
bisection interval found by 1-dim search: [-208.102742,-207.326727]
No.62	 toolpath -170.273991	[r = -207.393416] is calculated within 7.952074s.
-----
initial linear search begins: 
No.	x	f(x)
0	-168.577651	4.530350
1	-169.353966	4.406345
2	-170.130282	4.354694
3	-170.906597	4.238413
4	-171.682912	4.107600
5	-172.459228	3.943539
6	-173.235543	3.934405
7	-174.011858	3.895701
8	-174.788173	3.522328
9	-175.564489	3.498332
10	-176.340804	3.413060
11	-177.117119	3.110370
12	-177.893435	2.894889
13	-178.669750	2.751935
14	-179.446065	2.610497
15	-180.222381	2.406019
16	-180.998696	2.258088
17	-181.775011	2.251626
18	-182.551326	3.660278
19	-183.327642	3.487845
20	-184.103957	3.475207
21	-184.880272	3.219855
22	-185.656588	2.961955
23	-186.432903	2.805260
24	-187.209218	2.674650
25	-187.985534	2.508230
26	-188.761849	2.283975
27	-189.538164	2.279706
28	-190.314479	2.275436
29	-191.090795	2.271165
30	-191.867110	2.254698
31	-192.643425	1.900026
32	-193.419741	1.844000
33	-194.196056	1.840875
34	-194.972371	1.837749
35	-195.748687	1.834624
36	-196.525002	1.553927
37	-197.301317	0.927389
38	-198.077633	0.792666
39	-198.853948	0.790417
40	-199.630263	0.374208
41	-200.406578	0.372885
42	-201.182894	0.371563
43	-201.959209	0.370241
44	-202.735524	0.357082
45	-203.511840	0.048053
46	-204.288155	-0.294672
bisection interval found by 1-dim search: [-204.288155,-203.511840]
No.63	 toolpath -166.483386	[r = -203.602814] is calculated within 8.020161s.
-----
initial linear search begins: 
No.	x	f(x)
0	-164.772355	4.637195
1	-165.548965	4.508650
2	-166.325574	4.455237
3	-167.102183	4.337747
4	-167.878792	4.204352
5	-168.655401	4.037639
6	-169.432010	4.023875
7	-170.208620	3.987826
8	-170.985229	3.614823
9	-171.761838	3.582147
10	-172.538447	3.499180
11	-173.315056	3.195529
12	-174.091665	2.976321
13	-174.868275	2.830608
14	-175.644884	2.686128
15	-176.421493	2.481348
16	-177.198102	2.321330
17	-177.974711	2.314870
18	-178.751321	2.308409
19	-179.527930	2.301948
20	-180.304539	2.193520
21	-181.081148	1.850824
22	-181.857757	1.845507
23	-182.634366	2.863367
24	-183.410976	2.730586
25	-184.187585	2.562536
26	-184.964194	2.325732
27	-185.740803	2.321464
28	-186.517412	2.317195
29	-187.294021	2.312925
30	-188.070631	2.297618
31	-188.847240	1.943743
32	-189.623849	1.874541
33	-190.400458	1.871418
34	-191.177067	1.868295
35	-191.953676	1.865171
36	-192.730286	1.589116
37	-193.506895	0.962774
38	-194.283504	0.814633
39	-195.060113	0.812385
40	-195.836722	0.387124
41	-196.613332	0.385802
42	-197.389941	0.384481
43	-198.166550	0.383159
44	-198.943159	0.370065
45	-199.719768	0.060920
46	-200.496377	-0.286415
bisection interval found by 1-dim search: [-200.496377,-199.719768]
No.64	 toolpath -162.715616	[r = -199.835046] is calculated within 8.133858s.
-----
initial linear search begins: 
No.	x	f(x)
0	-160.990256	4.745266
1	-161.767152	4.610880
2	-162.544048	4.555148
3	-163.320944	4.437530
4	-164.097840	4.302122
5	-164.874735	4.134034
6	-165.651631	4.112750
7	-166.428527	4.080713
8	-167.205423	3.706869
9	-167.982319	3.665404
10	-168.759214	3.586384
11	-169.536110	3.280233
12	-170.313006	3.055876
13	-171.089902	2.907753
14	-171.866798	2.762443
15	-172.643693	2.556226
16	-173.420589	2.384152
17	-174.197485	2.377693
18	-174.974381	2.371233
19	-175.751277	2.364773
20	-176.528172	2.260160
21	-177.305068	1.902506
22	-178.081964	1.897190
23	-178.858860	1.891875
24	-179.635755	1.886558
25	-180.412651	1.869769
26	-181.189547	1.372679
27	-181.966443	0.811267
28	-182.743339	2.358669
29	-183.520234	2.354402
30	-184.297130	2.340194
31	-185.074026	1.987210
32	-185.850922	1.904868
33	-186.627818	1.901746
34	-187.404713	1.898625
35	-188.181609	1.895503
36	-188.958505	1.624084
37	-189.735401	0.989499
38	-190.512297	0.836446
39	-191.289192	0.834200
40	-192.066088	0.399960
41	-192.842984	0.398638
42	-193.619880	0.397316
43	-194.396776	0.395994
44	-195.173671	0.382971
45	-195.950567	0.071190
46	-196.727463	-0.278215
bisection interval found by 1-dim search: [-196.727463,-195.950567]
No.65	 toolpath -158.970733	[r = -196.078027] is calculated within 8.049884s.
-----
initial linear search begins: 
No.	x	f(x)
0	-157.219218	4.854925
1	-157.996395	4.713307
2	-158.773571	4.655815
3	-159.550747	4.537910
4	-160.327923	4.401105
5	-161.105099	4.233949
6	-161.882275	4.201160
7	-162.659452	4.174173
8	-163.436628	3.807472
9	-164.213804	3.748229
10	-164.990980	3.674705
11	-165.768156	3.369225
12	-166.545332	3.139473
13	-167.322509	2.987852
14	-168.099685	2.840764
15	-168.876861	2.635155
16	-169.654037	2.446650
17	-170.431213	2.440193
18	-171.208389	2.433736
19	-171.985566	2.427277
20	-172.762742	2.328778
21	-173.539918	1.953918
22	-174.317094	1.948604
23	-175.094270	1.943290
24	-175.871446	1.937976
25	-176.648622	1.925067
26	-177.425799	1.437379
27	-178.202975	0.854211
28	-178.980151	0.849770
29	-179.757327	0.845330
30	-180.534503	0.390748
31	-181.311679	0.387227
32	-182.088856	0.383706
33	-182.866032	1.931919
34	-183.643208	1.928798
35	-184.420384	1.925677
36	-185.197560	1.664963
37	-185.974736	1.033206
38	-186.751913	0.858142
39	-187.529089	0.855898
40	-188.306265	0.412733
41	-189.083441	0.411411
42	-189.860617	0.410089
43	-190.637793	0.408767
44	-191.414970	0.396938
45	-192.192146	0.091560
46	-192.969322	-0.263291
bisection interval found by 1-dim search: [-192.969322,-192.192146]
No.66	 toolpath -155.236647	[r = -192.356081] is calculated within 8.087189s.
-----
initial linear search begins: 
No.	x	f(x)
0	-153.483653	4.956562
1	-154.261101	4.813491
2	-155.038550	4.753705
3	-155.815998	4.633453
4	-156.593447	4.494620
5	-157.370896	4.325436
6	-158.148344	4.288963
7	-158.925793	4.262874
8	-159.703241	3.892871
9	-160.480690	3.830495
10	-161.258138	3.757627
11	-162.035587	3.448526
12	-162.813036	3.216747
13	-163.590484	3.063089
14	-164.367933	2.913970
15	-165.145381	2.706328
16	-165.922830	2.508729
17	-166.700278	2.502273
18	-167.477727	2.495816
19	-168.255176	2.489359
20	-169.032624	2.389791
21	-169.810073	2.004977
22	-170.587521	1.999666
23	-171.364970	1.994354
24	-172.142418	1.989041
25	-172.919867	1.974969
26	-173.697316	1.486196
27	-174.474764	0.896864
28	-175.252213	0.892425
29	-176.029661	0.887986
30	-176.807110	0.424561
31	-177.584558	0.421041
32	-178.362007	0.417519
33	-179.139456	0.413999
34	-179.916904	0.332603
35	-180.694353	-0.074119
bisection interval found by 1-dim search: [-180.694353,-179.916904]
No.67	 toolpath -151.496411	[r = -180.542507] is calculated within 7.418247s.
-----
initial linear search begins: 
No.	x	f(x)
0	-141.628605	4.707173
1	-142.406883	4.570195
2	-143.185161	4.560110
3	-143.963439	4.359764
4	-144.741717	4.799067
5	-145.519995	4.627149
6	-146.298274	4.566807
7	-147.076552	4.548547
8	-147.854830	4.184772
9	-148.633108	4.090811
10	-149.411386	4.027512
11	-150.189664	3.713807
12	-150.967942	3.469073
13	-151.746220	3.307056
14	-152.524498	3.152957
15	-153.302776	2.943510
16	-154.081054	2.705178
17	-154.859332	2.698728
18	-155.637610	2.692278
19	-156.415888	2.685826
20	-157.194166	2.594518
21	-157.972444	2.166548
22	-158.750722	2.161242
23	-159.529000	2.155935
24	-160.307278	2.150627
25	-161.085556	2.140281
26	-161.863834	1.656322
27	-162.642112	1.031846
28	-163.420390	1.027411
29	-164.198668	1.022975
30	-164.976947	0.531636
31	-165.755225	0.528116
32	-166.533503	0.524595
33	-167.311781	0.521074
34	-168.090059	0.439766
35	-168.868337	0.028527
36	-169.646615	-0.285644
bisection interval found by 1-dim search: [-169.646615,-168.868337]
No.68	 toolpath -139.889117	[r = -168.923059] is calculated within 8.519726s.
-----
initial linear search begins: 
No.	x	f(x)
0	-129.970968	5.037006
1	-130.750010	4.871748
2	-131.529052	4.861673
3	-132.308093	4.688779
4	-133.087135	4.372817
5	-133.866177	4.363314
6	-134.645219	4.140161
7	-135.424261	3.830056
8	-136.203303	3.631563
9	-136.982344	3.472645
10	-137.761386	3.288504
11	-138.540428	3.007200
12	-139.319470	2.899884
13	-140.098512	2.892469
14	-140.877554	2.885054
15	-141.656595	2.876933
16	-142.435637	2.554749
17	-143.214679	2.317564
18	-143.993721	2.311293
19	-144.772763	2.878576
20	-145.551805	2.801391
21	-146.330846	2.346521
22	-147.109888	2.319728
23	-147.888930	2.314426
24	-148.667972	2.309123
25	-149.447014	2.303047
26	-150.226056	1.839132
27	-151.005097	1.164271
28	-151.784139	1.159840
29	-152.563181	1.155408
30	-153.342223	0.636774
31	-154.121265	0.633255
32	-154.900306	0.629735
33	-155.679348	0.626214
34	-156.458390	0.549183
35	-157.237432	0.132619
36	-158.016474	-0.193365
bisection interval found by 1-dim search: [-158.016474,-157.237432]
No.69	 toolpath -128.477378	[r = -157.523486] is calculated within 7.538926s.
-----
initial linear search begins: 
No.	x	f(x)
0	-118.536429	3.890814
1	-119.316170	3.722696
2	-120.095911	3.527146
3	-120.875652	3.231546
4	-121.655394	3.101792
5	-122.435135	3.092682
6	-123.214876	4.427683
7	-123.994617	4.107116
8	-124.774358	3.897827
9	-125.554099	3.733332
10	-126.333840	3.543692
11	-127.113582	3.259519
12	-127.893323	3.117293
13	-128.673064	3.109883
14	-129.452805	3.102473
15	-130.232546	3.094845
16	-131.012287	2.778648
17	-131.792029	2.501381
18	-132.571770	2.495115
19	-133.351511	2.488849
20	-134.131252	2.482583
21	-134.910993	2.271840
22	-135.690734	1.604491
23	-136.470475	1.305792
24	-137.250217	1.300394
25	-138.029958	0.749588
26	-138.809699	0.745097
27	-139.589440	0.740605
28	-140.369181	0.736112
29	-141.148922	0.721715
30	-141.928663	0.408503
31	-142.708405	0.014840
32	-143.488146	-0.241410
bisection interval found by 1-dim search: [-143.488146,-142.708405]
No.70	 toolpath -117.287987	[r = -142.751047] is calculated within 7.367976s.
-----
initial linear search begins: 
No.	x	f(x)
0	-103.722351	0.916598
1	-104.502925	0.906740
2	-105.283499	0.896881
3	-106.064073	0.887022
4	-106.844647	0.800695
5	-107.625221	0.356999
6	-108.405795	-0.001560
bisection interval found by 1-dim search: [-108.405795,-107.625221]
No.71	 toolpath -102.775298	[r = -108.399697] is calculated within 4.658175s.
-----
initial linear search begins: 
No.	x	f(x)
0	-69.290145	1.785143
1	-70.072336	1.775286
2	-70.854527	1.765429
3	-71.636718	1.755572
4	-72.418909	1.677415
5	-73.201100	1.224979
6	-73.983291	0.835250
7	-74.765482	0.539705
8	-75.547673	0.499616
9	-76.329864	0.491394
10	-77.112055	0.483173
11	-77.894246	0.474951
12	-78.676437	0.395285
13	-79.458628	0.212808
14	-80.240819	0.474414
15	-81.023010	0.062100
16	-81.805201	0.057330
17	-82.587392	0.052561
18	-83.369583	0.047791
19	-84.151775	0.043021
20	-84.933966	0.038251
21	-85.716157	0.033480
22	-86.498348	0.028710
23	-87.280539	0.023939
24	-88.062730	0.019168
25	-88.844921	0.014397
26	-89.627112	0.009625
27	-90.409303	0.004853
28	-91.191494	-0.078769
bisection interval found by 1-dim search: [-91.191494,-90.409303]
No.72	 toolpath -85.218763	[r = -90.843174] is calculated within 8.403055s.
-----
initial linear search begins: 
No.	x	f(x)
0	-51.700886	2.228083
1	-52.483732	2.218230
2	-53.266578	2.208376
3	-54.049424	2.198522
4	-54.832270	2.127053
5	-55.615115	1.675953
6	-56.397961	1.266883
7	-57.180807	0.957930
8	-57.963653	0.869105
9	-58.746498	0.860881
10	-59.529344	0.852656
11	-60.312190	0.844432
12	-61.095036	0.761504
13	-61.877881	0.570011
14	-62.660727	0.417051
15	-63.443573	0.324421
16	-64.226419	0.271609
17	-65.009264	0.309526
18	-65.792110	0.313457
19	-66.574956	0.257301
20	-67.357802	0.252532
21	-68.140647	0.247762
22	-68.923493	0.242991
23	-69.706339	0.238221
24	-70.489185	0.233450
25	-71.272030	0.228679
26	-72.054876	0.223908
27	-72.837722	0.219137
28	-73.620568	0.135334
29	-74.403413	-0.042627
bisection interval found by 1-dim search: [-74.403413,-73.620568]
No.73	 toolpath -68.454850	[r = -74.079266] is calculated within 8.166838s.
-----
initial linear search begins: 
No.	x	f(x)
0	-34.911124	2.692795
1	-35.694487	2.640563
2	-36.477850	2.630713
3	-37.261213	2.620863
4	-38.044575	2.557462
5	-38.827938	2.110487
6	-39.611301	1.679649
7	-40.394664	1.357730
8	-41.178027	1.221604
9	-41.961390	1.213380
10	-42.744753	1.205156
11	-43.528115	1.196931
12	-44.311478	1.111429
13	-45.094841	0.912466
14	-45.878204	0.747386
15	-46.661567	0.644469
16	-47.444930	0.557173
17	-48.228292	0.471201
18	-49.011655	0.466432
19	-49.795018	0.461664
20	-50.578381	0.456895
21	-51.361744	0.452126
22	-52.145107	0.447357
23	-52.928470	0.442587
24	-53.711832	0.437818
25	-54.495195	0.433049
26	-55.278558	0.428280
27	-56.061921	0.423511
28	-56.845284	0.339982
29	-57.628647	0.149012
30	-58.412009	0.035732
31	-59.195372	-0.019594
bisection interval found by 1-dim search: [-59.195372,-58.412009]
No.74	 toolpath -52.952829	[r = -58.565010] is calculated within 8.272673s.
-----
initial linear search begins: 
No.	x	f(x)
0	-19.377635	0.675174
1	-20.161382	0.665343
2	-20.945130	0.655511
3	-21.728877	0.645679
4	-22.512625	0.585677
5	-23.296372	0.352687
6	-24.080120	0.243057
7	-24.863867	0.109669
8	-25.647615	0.059472
9	-26.431362	0.039532
10	-27.215110	0.031482
11	-27.998857	0.023432
12	-28.782605	0.015381
13	-29.566352	0.001211
14	-30.350100	-0.026089
bisection interval found by 1-dim search: [-30.350100,-29.566352]
No.75	 toolpath -42.816015	[r = -29.694936] is calculated within 6.755686s.
-----
initial linear search begins: 
No.	x	f(x)
0	9.516241	1.399598
1	8.732018	1.389770
2	7.947794	1.379942
3	7.163571	1.370113
4	6.379347	1.319153
5	5.595124	1.063019
6	4.810900	0.944151
7	4.026676	0.783805
8	3.242453	0.719450
9	2.458229	0.632828
10	1.674006	0.624775
11	0.889782	0.616722
12	0.105559	0.608668
13	-0.678665	0.569736
14	-1.462888	0.519058
15	-2.247112	0.140427
16	-3.031335	0.153685
17	-3.815559	0.146724
18	-4.599782	0.073086
19	-5.384006	-0.016300
bisection interval found by 1-dim search: [-5.384006,-4.599782]
No.76	 toolpath -18.339667	[r = -5.230837] is calculated within 7.955432s.
-----
initial linear search begins: 
No.	x	f(x)
0	33.988318	2.012813
1	33.203934	2.002990
2	32.419551	1.993167
3	31.635168	1.983345
4	30.850785	1.939389
5	30.066402	1.665824
6	29.282019	1.538259
7	28.497636	1.355993
8	27.713253	1.278652
9	26.928870	1.135393
10	26.144487	1.127340
11	25.360104	1.119287
12	24.575720	1.111235
13	23.791337	1.051218
14	23.006954	1.001942
15	22.222571	0.605052
16	21.438188	0.588274
17	20.653805	0.581307
18	19.869422	0.499204
19	19.085039	0.395856
20	18.300656	0.256567
21	17.516273	0.250565
22	16.731889	0.228939
23	15.947506	0.126811
24	15.163123	0.048952
25	14.378740	-0.216591
bisection interval found by 1-dim search: [14.378740,15.163123]
No.77	 toolpath 1.815303	[r = 14.936387] is calculated within 8.601085s.
-----
-----
No.77	 toolpath point at [r = 0] is calculated within 2.169002s.
-----
The toolpath concentric optimization process causes 622.323010 seconds.
The time spent in the spiral toolpath generation process is 1.146098s.
close all; save data.mat
s6_post_process
s4_optim_2D_aspheric_actual_tip_multi_iter
