The time spent in the parallel computing activating process is 0.000229s.
-----
No.1	 toolpath 515.077549	[r = 600.000000] is calculated within 0.026198s.
-----
initial linear search begins: 
No.	x	f(x)
0	564.362051	-0.075733
1	563.649292	-0.118539
2	562.936533	-0.081142
3	562.223774	-0.000716
4	561.511015	0.064466
bisection interval found by 1-dim search: [561.511015,562.223774]
No.2	 toolpath 485.308422	[r = 562.217510] is calculated within 8.686493s.
-----
initial linear search begins: 
No.	x	f(x)
0	526.132777	-0.302477
1	525.411082	-0.225991
2	524.689387	-0.182790
3	523.967693	-0.176356
4	523.245998	-0.166786
5	522.524303	-0.074903
6	521.802609	-0.024888
7	521.080914	-0.017941
8	520.359219	-0.011184
9	519.637525	0.033004
bisection interval found by 1-dim search: [519.637525,520.359219]
No.3	 toolpath 453.469481	[r = 519.727032] is calculated within 13.032099s.
-----
initial linear search begins: 
No.	x	f(x)
0	483.180398	0.447390
1	483.911330	0.421844
2	484.642263	0.318530
3	485.373196	0.345808
4	486.104128	0.217968
5	486.835061	0.182094
6	487.565994	0.122998
7	488.296926	0.125701
8	489.027859	0.128404
9	489.758792	0.131107
10	490.489725	0.111349
11	491.220657	0.128332
12	491.951590	0.062447
13	492.682523	0.057283
14	493.413455	0.052119
15	494.144388	-0.104102
bisection interval found by 1-dim search: [493.413455,494.144388]
No.4	 toolpath 427.523503	[r = 493.779635] is calculated within 9.541339s.
-----
initial linear search begins: 
No.	x	f(x)
0	456.971383	-0.086083
1	456.235218	-0.088783
2	455.499053	-0.091483
3	454.762888	-0.094182
4	454.026723	-0.058716
5	453.290558	-0.057658
6	452.554393	0.080263
bisection interval found by 1-dim search: [452.554393,453.290558]
No.5	 toolpath 397.781157	[r = 453.095733] is calculated within 10.040463s.
-----
initial linear search begins: 
No.	x	f(x)
0	415.907570	0.670534
1	416.651333	0.670345
2	417.395097	0.670156
3	418.138860	0.669967
4	418.882623	0.669778
5	419.626386	0.669588
6	420.370150	0.211210
7	421.113913	0.171959
8	421.857676	0.052756
9	422.601439	0.079519
10	423.345203	0.043300
11	424.088966	0.038366
12	424.832729	0.033840
13	425.576492	-0.002145
bisection interval found by 1-dim search: [424.832729,425.576492]
No.6	 toolpath 370.251029	[r = 425.565597] is calculated within 9.311194s.
-----
initial linear search begins: 
No.	x	f(x)
0	388.140847	0.620369
1	388.889342	0.684069
2	389.637837	0.683889
3	390.386332	0.683709
4	391.134827	0.683529
5	391.883322	0.683348
6	392.631817	0.683167
7	393.380312	0.682987
8	394.128807	0.682806
9	394.877302	0.682624
10	395.625797	0.597173
11	396.374292	0.617495
12	397.122787	0.682080
13	397.871282	0.619390
14	398.619777	0.200305
15	399.368272	0.000219
16	400.116767	0.463403
17	400.865262	0.261304
18	401.613757	0.519869
19	402.362252	0.236334
20	403.110747	0.359308
21	403.859242	0.460789
22	404.607737	0.550409
23	405.356232	0.680073
24	406.104727	0.679889
25	406.853222	0.634854
26	407.601717	0.679522
27	408.350212	0.679338
28	409.098707	0.617248
29	409.847202	0.678970
30	410.595697	0.678786
31	411.344192	0.105756
32	412.092687	0.615032
33	412.841182	0.176043
34	413.589677	0.370113
35	414.338172	-0.327587
bisection interval found by 1-dim search: [413.589677,414.338172]
No.7	 toolpath 372.212140	[r = 413.912027] is calculated within 11.979743s.
-----
initial linear search begins: 
No.	x	f(x)
0	376.392018	1.116090
1	377.142418	0.944979
2	377.892818	0.935754
3	378.643219	0.881294
4	379.393619	0.906049
5	380.144019	0.851684
6	380.894419	0.807919
7	381.644819	0.784028
8	382.395220	0.775484
9	383.145620	0.688249
10	383.896020	0.688071
11	384.646420	0.687893
12	385.396820	0.687714
13	386.147220	0.687536
14	386.897621	0.687357
15	387.648021	0.482532
16	388.398421	0.686999
17	389.148821	0.686820
18	389.899221	0.686641
19	390.649622	0.686462
20	391.400022	0.686282
21	392.150422	0.686102
22	392.900822	0.685923
23	393.651222	0.685743
24	394.401622	0.685562
25	395.152023	0.685382
26	395.902423	0.685202
27	396.652823	0.685021
28	397.403223	0.683382
29	398.153623	0.602300
30	398.904024	0.684479
31	399.654424	0.684298
32	400.404824	0.340538
33	401.155224	0.038231
34	401.905624	0.429980
35	402.656024	0.415556
36	403.406425	0.530370
37	404.156825	0.395272
38	404.907225	0.291514
39	405.657625	0.468523
40	406.408025	0.467937
41	407.158426	0.682484
42	407.908826	0.682301
43	408.659226	0.682119
44	409.409626	0.679686
45	410.160026	0.681753
46	410.910426	0.560716
47	411.660827	0.681387
48	412.411227	0.681204
49	413.161627	-0.031792
bisection interval found by 1-dim search: [412.411227,413.161627]
No.8	 toolpath 371.450750	[r = 413.152100] is calculated within 12.395014s.
-----
initial linear search begins: 
No.	x	f(x)
0	375.625980	1.131077
1	376.376502	0.963823
2	377.127024	0.954598
3	377.877547	0.888912
4	378.628069	0.905295
5	379.378592	0.858303
6	380.129114	0.826190
7	380.879637	0.801463
8	381.630159	0.792919
9	382.380681	0.688612
10	383.131204	0.688434
11	383.881726	0.688256
12	384.632249	0.688078
13	385.382771	0.687900
14	386.133293	0.687721
15	386.883816	0.483716
16	387.634338	0.687364
17	388.384861	0.687185
18	389.135383	0.687006
19	389.885906	0.686827
20	390.636428	0.686648
21	391.386950	0.686468
22	392.137473	0.686289
23	392.887995	0.686109
24	393.638518	0.685929
25	394.389040	0.685749
26	395.139562	0.685569
27	395.890085	0.685388
28	396.640607	0.678369
29	397.391130	0.596176
30	398.141652	0.684847
31	398.892175	0.684666
32	399.642697	0.332166
33	400.393219	0.044079
34	401.143742	0.428354
35	401.894264	0.410285
36	402.644787	0.527148
37	403.395309	0.384762
38	404.145831	0.289371
39	404.896354	0.469713
40	405.646876	0.469127
41	406.397399	0.682853
42	407.147921	0.682671
43	407.898443	0.682489
44	408.648966	0.680065
45	409.399488	0.682124
46	410.150011	0.561176
47	410.900533	0.681759
48	411.651056	0.681576
49	412.401578	-0.031926
bisection interval found by 1-dim search: [411.651056,412.401578]
No.9	 toolpath 370.687767	[r = 412.389118] is calculated within 12.384376s.
-----
initial linear search begins: 
No.	x	f(x)
0	374.856873	1.144554
1	375.607518	0.982720
2	376.358163	0.973495
3	377.108808	0.896200
4	377.859453	0.904539
5	378.610098	0.865870
6	379.360743	0.844392
7	380.111388	0.818948
8	380.862033	0.810404
9	381.612677	0.688975
10	382.363322	0.688798
11	383.113967	0.688620
12	383.864612	0.688442
13	384.615257	0.688264
14	385.365902	0.688086
15	386.116547	0.484904
16	386.867192	0.687729
17	387.617837	0.687551
18	388.368482	0.687372
19	389.119126	0.687193
20	389.869771	0.687014
21	390.620416	0.686835
22	391.371061	0.686655
23	392.121706	0.686476
24	392.872351	0.686296
25	393.622996	0.686116
26	394.373641	0.685936
27	395.124286	0.685756
28	395.874930	0.671456
29	396.625575	0.589389
30	397.376220	0.685215
31	398.126865	0.685034
32	398.877510	0.324754
33	399.628155	0.049943
34	400.378800	0.426648
35	401.129445	0.405920
36	401.880090	0.522716
37	402.630735	0.382259
38	403.381379	0.288830
39	404.132024	0.470906
40	404.882669	0.470320
41	405.633314	0.683224
42	406.383959	0.683042
43	407.134604	0.681744
44	407.885249	0.679810
45	408.635894	0.682495
46	409.386539	0.561636
47	410.137183	0.682130
48	410.887828	0.681948
49	411.638473	-0.031920
bisection interval found by 1-dim search: [410.887828,411.638473]
No.10	 toolpath 369.924661	[r = 411.626011] is calculated within 12.422064s.
-----
initial linear search begins: 
No.	x	f(x)
0	374.087654	1.156858
1	374.838421	1.001617
2	375.589188	0.992392
3	376.339955	0.902844
4	377.090723	0.903782
5	377.841490	0.871689
6	378.592257	0.857446
7	379.343024	0.836435
8	380.093791	0.827891
9	380.844558	0.689338
10	381.595326	0.689161
11	382.346093	0.688983
12	383.096860	0.688806
13	383.847627	0.688628
14	384.598394	0.688450
15	385.349161	0.486091
16	386.099928	0.688094
17	386.850696	0.687915
18	387.601463	0.687737
19	388.352230	0.687558
20	389.102997	0.687379
21	389.853764	0.687201
22	390.604531	0.687021
23	391.355298	0.686842
24	392.106066	0.686663
25	392.856833	0.686483
26	393.607600	0.686304
27	394.358367	0.686124
28	395.109134	0.664487
29	395.859901	0.583492
30	396.610668	0.685583
31	397.361436	0.685403
32	398.112203	0.318372
33	398.862970	0.055807
34	399.613737	0.423422
35	400.364504	0.399986
36	401.115271	0.520251
37	401.866038	0.376994
38	402.616806	0.285738
39	403.367573	0.472098
40	404.118340	0.471513
41	404.869107	0.683593
42	405.619874	0.683412
43	406.370641	0.680538
44	407.121408	0.680310
45	407.872176	0.682866
46	408.622943	0.560277
47	409.373710	0.682502
48	410.124477	0.682319
49	410.875244	-0.031624
bisection interval found by 1-dim search: [410.124477,410.875244]
No.11	 toolpath 369.161429	[r = 410.862780] is calculated within 12.468955s.
-----
initial linear search begins: 
No.	x	f(x)
0	373.318322	1.168920
1	374.069211	1.021625
2	374.820100	1.011288
3	375.570989	0.919944
4	376.321878	0.903024
5	377.072768	0.877425
6	377.823657	0.865709
7	378.574546	0.855391
8	379.325435	0.845326
9	380.076324	0.699611
10	380.827213	0.689523
11	381.578103	0.689346
12	382.328992	0.689169
13	383.079881	0.688991
14	383.830770	0.688814
15	384.581659	0.487278
16	385.332548	0.688458
17	386.083438	0.688280
18	386.834327	0.688102
19	387.585216	0.687923
20	388.336105	0.687745
21	389.086994	0.687566
22	389.837883	0.687387
23	390.588773	0.687208
24	391.339662	0.687029
25	392.090551	0.686850
26	392.841440	0.686670
27	393.592329	0.686491
28	394.343219	0.656774
29	395.094108	0.575315
30	395.844997	0.685951
31	396.595886	0.685771
32	397.346775	0.312832
33	398.097664	0.061671
34	398.848554	0.420195
35	399.599443	0.397480
36	400.350332	0.515472
37	401.101221	0.371728
38	401.852110	0.286098
39	402.602999	0.473290
40	403.353889	0.472705
41	404.104778	0.683963
42	404.855667	0.683781
43	405.606556	0.678666
44	406.357445	0.680952
45	407.108334	0.683236
46	407.859224	0.559019
47	408.610113	0.682872
48	409.361002	0.682690
49	410.111891	-0.031329
bisection interval found by 1-dim search: [409.361002,410.111891]
No.12	 toolpath 368.398074	[r = 410.099425] is calculated within 12.585930s.
-----
initial linear search begins: 
No.	x	f(x)
0	372.548877	1.177726
1	373.299888	1.039382
2	374.050899	1.030184
3	374.801910	0.936087
4	375.552921	0.904039
5	376.303931	0.888490
6	377.054942	0.873230
7	377.805953	0.870552
8	378.556964	0.858184
9	379.307975	0.710879
10	380.058986	0.689886
11	380.809997	0.689709
12	381.561008	0.689531
13	382.312019	0.689354
14	383.063030	0.689177
15	383.814041	0.488465
16	384.565052	0.688822
17	385.316063	0.688644
18	386.067074	0.688466
19	386.818085	0.688287
20	387.569096	0.688109
21	388.320107	0.687931
22	389.071118	0.687752
23	389.822129	0.687573
24	390.573140	0.687394
25	391.324151	0.687215
26	392.075162	0.687036
27	392.826173	0.686857
28	393.577184	0.649057
29	394.328195	0.568285
30	395.079206	0.686318
31	395.830217	0.685896
32	396.581228	0.307263
33	397.332239	0.067534
34	398.083250	0.419311
35	398.834261	0.392140
36	399.585272	0.510629
37	400.336283	0.366462
38	401.087294	0.282157
39	401.838305	0.474482
40	402.589315	0.473897
41	403.340326	0.684331
42	404.091337	0.684150
43	404.842348	0.677174
44	405.593359	0.680239
45	406.344370	0.683606
46	407.095381	0.558408
47	407.846392	0.683243
48	408.597403	0.683061
49	409.348414	-0.031034
bisection interval found by 1-dim search: [408.597403,409.348414]
No.13	 toolpath 367.634595	[r = 409.335946] is calculated within 12.721281s.
-----
initial linear search begins: 
No.	x	f(x)
0	371.779319	1.186449
1	372.530452	1.058453
2	373.281584	1.049079
3	374.032717	0.952797
4	374.783849	0.921457
5	375.534982	0.905975
6	376.286114	0.890107
7	377.037247	0.881470
8	377.788379	0.869402
9	378.539512	0.721793
10	379.290645	0.698996
11	380.041777	0.690070
12	380.792910	0.689894
13	381.544042	0.689717
14	382.295175	0.689539
15	383.046307	0.489651
16	383.797440	0.689185
17	384.548572	0.689007
18	385.299705	0.688829
19	386.050837	0.688651
20	386.801970	0.688473
21	387.553102	0.688295
22	388.304235	0.688117
23	389.055368	0.687938
24	389.806500	0.687760
25	390.557633	0.687581
26	391.308765	0.687402
27	392.059898	0.687223
28	392.811030	0.641633
29	393.562163	0.562696
30	394.313295	0.686685
31	395.064428	0.683736
32	395.815560	0.297806
33	396.566693	0.073397
34	397.317826	0.416028
35	398.068958	0.389829
36	398.820091	0.505722
37	399.571223	0.361196
38	400.322356	0.280385
39	401.073488	0.475673
40	401.824621	0.475088
41	402.575753	0.684700
42	403.326886	0.684519
43	404.078018	0.675393
44	404.829151	0.679827
45	405.580284	0.683975
46	406.331416	0.558869
47	407.082549	0.683612
48	407.833681	0.683431
49	408.584814	-0.030740
bisection interval found by 1-dim search: [407.833681,408.584814]
No.14	 toolpath 366.870992	[r = 408.572344] is calculated within 12.436346s.
-----
initial linear search begins: 
No.	x	f(x)
0	371.009649	1.193240
1	371.760903	1.076891
2	372.512157	1.067974
3	373.263411	0.969045
4	374.014665	0.935850
5	374.765919	0.923459
6	375.517173	0.907316
7	376.268426	0.888666
8	377.019680	0.878467
9	377.770934	0.732350
10	378.522188	0.715700
11	379.273442	0.690432
12	380.024696	0.690255
13	380.775950	0.690078
14	381.527204	0.689902
15	382.278458	0.490836
16	383.029711	0.689547
17	383.780965	0.689370
18	384.532219	0.689192
19	385.283473	0.689015
20	386.034727	0.688837
21	386.785981	0.688659
22	387.537235	0.688481
23	388.288489	0.688303
24	389.039743	0.688124
25	389.790996	0.687946
26	390.542250	0.687767
27	391.293504	0.687588
28	392.044758	0.633605
29	392.796012	0.554973
30	393.547266	0.687051
31	394.298520	0.679451
32	395.049774	0.290389
33	395.801028	0.079260
34	396.552282	0.413457
35	397.303535	0.385550
36	398.054789	0.500754
37	398.806043	0.355930
38	399.557297	0.279166
39	400.308551	0.476864
40	401.059805	0.476279
41	401.811059	0.685068
42	402.562313	0.684887
43	403.313567	0.673426
44	404.064820	0.680209
45	404.816074	0.684344
46	405.567328	0.559329
47	406.318582	0.683982
48	407.069836	0.683800
49	407.821090	-0.030446
bisection interval found by 1-dim search: [407.069836,407.821090]
No.15	 toolpath 366.107266	[r = 407.808618] is calculated within 12.474666s.
-----
initial linear search begins: 
No.	x	f(x)
0	370.239867	1.198251
1	370.991242	1.094069
2	371.742617	1.086870
3	372.493992	0.981750
4	373.245367	0.951398
5	373.996742	0.940942
6	374.748117	0.924637
7	375.499492	0.893902
8	376.250867	0.885262
9	377.002242	0.742550
10	377.753617	0.732404
11	378.504992	0.690793
12	379.256367	0.690616
13	380.007742	0.690440
14	380.759117	0.690263
15	381.510493	0.492021
16	382.261868	0.689909
17	383.013243	0.689732
18	383.764618	0.689555
19	384.515993	0.689378
20	385.267368	0.689200
21	386.018743	0.689022
22	386.770118	0.688844
23	387.521493	0.688666
24	388.272868	0.688488
25	389.024243	0.688310
26	389.775618	0.688131
27	390.526993	0.687953
28	391.278368	0.624493
29	392.029743	0.549409
30	392.781118	0.687416
31	393.532493	0.674422
32	394.283868	0.284377
33	395.035243	0.085122
34	395.786618	0.411189
35	396.537993	0.379242
36	397.289368	0.495725
37	398.040743	0.350663
38	398.792118	0.276879
39	399.543493	0.478054
40	400.294868	0.477470
41	401.046243	0.685437
42	401.797618	0.685256
43	402.548993	0.672364
44	403.300368	0.680842
45	404.051743	0.684712
46	404.803118	0.557747
47	405.554493	0.684350
48	406.305868	0.684169
49	407.057243	-0.030152
bisection interval found by 1-dim search: [406.305868,407.057243]
No.16	 toolpath 365.343417	[r = 407.044769] is calculated within 12.552201s.
-----
initial linear search begins: 
No.	x	f(x)
0	369.469974	1.201131
1	370.221470	1.109890
2	370.972965	1.105766
3	371.724461	0.999610
4	372.475957	0.966849
5	373.227453	0.958425
6	373.978949	0.941555
7	374.730445	0.897248
8	375.481941	0.890621
9	376.233437	0.757271
10	376.984933	0.749218
11	377.736429	0.691153
12	378.487925	0.690977
13	379.239420	0.690801
14	379.990916	0.690624
15	380.742412	0.493206
16	381.493908	0.690271
17	382.245404	0.690094
18	382.996900	0.692163
19	383.748396	0.689740
20	384.499892	0.689563
21	385.251388	0.689385
22	386.002884	0.689207
23	386.754379	0.689030
24	387.505875	0.688852
25	388.257371	0.688674
26	389.008867	0.688496
27	389.760363	0.688317
28	390.511859	0.616756
29	391.263355	0.541785
30	392.014851	0.687781
31	392.766347	0.668805
32	393.517843	0.275555
33	394.269339	0.090985
34	395.020834	0.408844
35	395.772330	0.376900
36	396.523826	0.490850
37	397.275322	0.348548
38	398.026818	0.276282
39	398.778314	0.479244
40	399.529810	0.478660
41	400.281306	0.685805
42	401.032802	0.685624
43	401.784298	0.669877
44	402.535793	0.680100
45	403.287289	0.685081
46	404.038785	0.556490
47	404.790281	0.684719
48	405.541777	0.684538
49	406.293273	-0.029858
bisection interval found by 1-dim search: [405.541777,406.293273]
No.17	 toolpath 364.579445	[r = 406.280797] is calculated within 12.908061s.
-----
initial linear search begins: 
No.	x	f(x)
0	368.699968	1.202631
1	369.451585	1.124828
2	370.203202	1.124661
3	370.954818	1.017929
4	371.706435	0.980344
5	372.458051	0.975908
6	373.209668	0.958030
7	373.961284	0.898317
8	374.712901	0.895008
9	375.464518	0.773974
10	376.216134	0.765809
11	376.967751	0.691513
12	377.719367	0.691337
13	378.470984	0.691161
14	379.222600	0.690985
15	379.974217	0.494390
16	380.725834	0.690632
17	381.477450	0.690455
18	382.229067	0.690088
19	382.980683	0.690102
20	383.732300	0.689925
21	384.483916	0.689747
22	385.235533	0.689570
23	385.987150	0.689393
24	386.738766	0.689215
25	387.490383	0.689037
26	388.241999	0.688859
27	388.993616	0.688681
28	389.745232	0.609106
29	390.496849	0.535482
30	391.248466	0.688146
31	392.000082	0.662472
32	392.751699	0.268138
33	393.503315	0.096846
34	394.254932	0.406424
35	395.006548	0.372461
36	395.758165	0.486174
37	396.509782	0.343278
38	397.261398	0.273424
39	398.013015	0.480433
40	398.764631	0.479849
41	399.516248	0.686172
42	400.267864	0.685991
43	401.019481	0.667266
44	401.771098	0.679532
45	402.522714	0.685449
46	403.274331	0.556035
47	404.025947	0.685087
48	404.777564	0.684906
49	405.529180	-0.033144
bisection interval found by 1-dim search: [404.777564,405.529180]
No.18	 toolpath 363.815351	[r = 405.516702] is calculated within 12.553171s.
-----
initial linear search begins: 
No.	x	f(x)
0	367.929852	1.201625
1	368.681589	1.139365
2	369.433326	1.143556
3	370.185063	1.036247
4	370.936800	0.993665
5	371.688537	0.993389
6	372.440274	0.974020
7	373.192011	0.899565
8	373.943748	0.897702
9	374.695485	0.790678
10	375.447222	0.783453
11	376.198959	0.691872
12	376.950696	0.691697
13	377.702433	0.691521
14	378.454170	0.691345
15	379.205907	0.504705
16	379.957644	0.690993
17	380.709381	0.690816
18	381.461118	0.688139
19	382.212855	0.690463
20	382.964592	0.690286
21	383.716329	0.690109
22	384.468066	0.689932
23	385.219803	0.689755
24	385.971540	0.689577
25	386.723277	0.689400
26	387.475014	0.689222
27	388.226751	0.689044
28	388.978488	0.599896
29	389.730225	0.527701
30	390.481962	0.688510
31	391.233699	0.656478
32	391.985436	0.261046
33	392.737173	0.102708
34	393.488910	0.403929
35	394.240647	0.366306
36	394.992384	0.482246
37	395.744121	0.338007
38	396.495858	0.273351
39	397.247595	0.481622
40	397.999332	0.481038
41	398.751069	0.686539
42	399.502806	0.686358
43	400.254543	0.665804
44	401.006280	0.680168
45	401.758017	0.685817
46	402.509754	0.556496
47	403.261491	0.685456
48	404.013228	0.685275
49	404.764965	-0.033280
bisection interval found by 1-dim search: [404.013228,404.764965]
No.19	 toolpath 363.051133	[r = 404.752485] is calculated within 12.492662s.
-----
initial linear search begins: 
No.	x	f(x)
0	367.159624	1.199851
1	367.911481	1.152518
2	368.663339	1.162450
3	369.415196	1.054565
4	370.167053	1.008417
5	370.918910	1.010872
6	371.670768	0.989486
7	372.422625	0.899549
8	373.174482	0.898795
9	373.926339	0.807381
10	374.678196	0.797520
11	375.430054	0.692231
12	376.181911	0.692056
13	376.933768	0.691880
14	377.685625	0.691704
15	378.437483	0.519416
16	379.189340	0.691353
17	379.941197	0.691176
18	380.693054	0.681778
19	381.444911	0.690824
20	382.196769	0.690647
21	382.948626	0.690471
22	383.700483	0.690294
23	384.452340	0.690117
24	385.204198	0.689939
25	385.956055	0.689762
26	386.707912	0.689585
27	387.459769	0.689407
28	388.211626	0.590778
29	388.963484	0.521198
30	389.715341	0.688873
31	390.467198	0.650268
32	391.219055	0.255986
33	391.970913	0.108569
34	392.722770	0.400301
35	393.474627	0.361633
36	394.226484	0.477474
37	394.978341	0.332736
38	395.730199	0.269050
39	396.482056	0.482810
40	397.233913	0.482227
41	397.985770	0.686905
42	398.737628	0.686725
43	399.489485	0.662849
44	400.241342	0.680967
45	400.993199	0.686185
46	401.745056	0.552716
47	402.496914	0.685823
48	403.248771	0.685643
49	404.000628	-0.033417
bisection interval found by 1-dim search: [403.248771,404.000628]
No.20	 toolpath 362.286794	[r = 403.988146] is calculated within 12.520124s.
-----
initial linear search begins: 
No.	x	f(x)
0	366.389286	1.198076
1	367.141263	1.164357
2	367.893240	1.181343
3	368.645217	1.072882
4	369.397194	1.018898
5	370.149172	1.028355
6	370.901149	1.004385
7	371.653126	0.898559
8	372.405103	0.897676
9	373.157081	0.824084
10	373.909058	0.811680
11	374.661035	0.692589
12	375.413012	0.692414
13	376.164989	0.692239
14	376.916967	0.692063
15	377.668944	0.534125
16	378.420921	0.691712
17	379.172898	0.691536
18	379.924875	0.673950
19	380.676853	0.691184
20	381.428830	0.691008
21	382.180807	0.690831
22	382.932784	0.690655
23	383.684761	0.690478
24	384.436739	0.690301
25	385.188716	0.690124
26	385.940693	0.689947
27	386.692670	0.689769
28	387.444648	0.583023
29	388.196625	0.516120
30	388.948602	0.689236
31	389.700579	0.643724
32	390.452556	0.249376
33	391.204534	0.114429
34	391.956511	0.396840
35	392.708488	0.358631
36	393.460465	0.472670
37	394.212442	0.327464
38	394.964420	0.266186
39	395.716397	0.483999
40	396.468374	0.483415
41	397.220351	0.687271
42	397.972328	0.687091
43	398.724306	0.661120
44	399.476283	0.679648
45	400.228260	0.686551
46	400.980237	0.555239
47	401.732215	0.686191
48	402.484192	0.686010
49	403.236169	-0.033555
bisection interval found by 1-dim search: [402.484192,403.236169]
No.21	 toolpath 361.525270	[r = 403.225154] is calculated within 12.974358s.
-----
initial linear search begins: 
No.	x	f(x)
0	365.620317	1.196306
1	366.372413	1.174250
2	367.124510	1.195639
3	367.876607	1.091146
4	368.628704	1.032358
5	369.380800	1.045787
6	370.132897	1.018771
7	370.884994	0.896549
8	371.637091	0.896920
9	372.389187	0.840739
10	373.141284	0.824764
11	373.893381	0.692946
12	374.645478	0.692771
13	375.397574	0.692596
14	376.149671	0.692421
15	376.901768	0.548792
16	377.653864	0.692070
17	378.405961	0.691895
18	379.158058	0.667485
19	379.910155	0.691543
20	380.662251	0.691367
21	381.414348	0.691191
22	382.166445	0.691014
23	382.918542	0.690838
24	383.670638	0.690661
25	384.422735	0.690484
26	385.174832	0.690307
27	385.926929	0.690130
28	386.679025	0.575947
29	387.431122	0.507253
30	388.183219	0.689598
31	388.935316	0.638769
32	389.687412	0.243502
33	390.439509	0.120273
34	391.191606	0.393375
35	391.943703	0.354843
36	392.695799	0.470198
37	393.447896	0.322208
38	394.199993	0.266020
39	394.952090	0.485183
40	395.704186	0.484600
41	396.456283	0.687635
42	397.208380	0.687455
43	397.960476	0.658433
44	398.712573	0.679600
45	399.464670	0.686916
46	400.216767	0.553986
47	400.968863	0.686556
48	401.720960	0.686376
49	402.473057	-0.026214
bisection interval found by 1-dim search: [401.720960,402.473057]
No.22	 toolpath 360.762157	[r = 402.463509] is calculated within 13.295959s.
-----
initial linear search begins: 
No.	x	f(x)
0	364.852718	1.194538
1	365.604934	1.183131
2	366.357150	1.196625
3	367.109366	1.109409
4	367.861581	1.041772
5	368.613797	1.063219
6	369.366013	1.033532
7	370.118229	0.895792
8	370.870445	0.896163
9	371.622660	0.857393
10	372.374876	0.834406
11	373.127092	0.693302
12	373.879308	0.693128
13	374.631524	0.692953
14	375.383739	0.692778
15	376.135955	0.563459
16	376.888171	0.692428
17	377.640387	0.692252
18	378.392603	0.657876
19	379.144819	0.691901
20	379.897034	0.691725
21	380.649250	0.691549
22	381.401466	0.691373
23	382.153682	0.691197
24	382.905898	0.691020
25	383.658113	0.690844
26	384.410329	0.690667
27	385.162545	0.690490
28	385.914761	0.564893
29	386.666977	0.500846
30	387.419193	0.686938
31	388.171408	0.631066
32	388.923624	0.233764
33	389.675840	0.126116
34	390.428056	0.389888
35	391.180272	0.348059
36	391.932487	0.464825
37	392.684703	0.316951
38	393.436919	0.262853
39	394.189135	0.486366
40	394.941351	0.485783
41	395.693566	0.687999
42	396.445782	0.687819
43	397.197998	0.655835
44	397.950214	0.680455
45	398.702430	0.687281
46	399.454646	0.553596
47	400.206861	0.686922
48	400.959077	0.686742
49	401.711293	-0.033830
bisection interval found by 1-dim search: [400.959077,401.711293]
No.23	 toolpath 360.000391	[r = 401.700274] is calculated within 13.513406s.
-----
initial linear search begins: 
No.	x	f(x)
0	364.083530	1.192770
1	364.835864	1.189853
2	365.588199	1.194502
3	366.340534	1.127671
4	367.092869	1.052120
5	367.845204	1.080649
6	368.597539	1.048788
7	369.349874	0.895035
8	370.102209	0.895406
9	370.854544	0.874576
10	371.606879	0.843399
11	372.359213	0.693658
12	373.111548	0.693484
13	373.863883	0.693309
14	374.616218	0.693134
15	375.368553	0.578125
16	376.120888	0.692785
17	376.873223	0.692610
18	377.625558	0.651413
19	378.377893	0.692259
20	379.130227	0.692083
21	379.882562	0.691907
22	380.634897	0.691732
23	381.387232	0.691556
24	382.139567	0.691379
25	382.891902	0.691203
26	383.644237	0.691027
27	384.396572	0.690850
28	385.148907	0.557374
29	385.901241	0.495733
30	386.653576	0.681114
31	387.405911	0.623387
32	388.158246	0.226363
33	388.910581	0.131959
34	389.662916	0.386381
35	390.415251	0.345664
36	391.167586	0.459398
37	391.919921	0.311693
38	392.672255	0.262940
39	393.424590	0.487550
40	394.176925	0.486967
41	394.929260	0.688362
42	395.681595	0.688183
43	396.433930	0.654055
44	397.186265	0.679682
45	397.938600	0.687645
46	398.690935	0.551478
47	399.443270	0.687286
48	400.195604	0.687107
49	400.947939	-0.026491
bisection interval found by 1-dim search: [400.195604,400.947939]
No.24	 toolpath 359.237036	[r = 400.938388] is calculated within 13.232840s.
-----
initial linear search begins: 
No.	x	f(x)
0	363.315712	1.191001
1	364.068166	1.191867
2	364.820619	1.192734
3	365.573073	1.145933
4	366.325526	1.060931
5	367.077980	1.098080
6	367.830433	1.060867
7	368.582887	0.907030
8	369.335341	0.894649
9	370.087794	0.888840
10	370.840248	0.851796
11	371.592701	0.694013
12	372.345155	0.693839
13	373.097608	0.693665
14	373.850062	0.693490
15	374.602515	0.592445
16	375.354969	0.693141
17	376.107422	0.692966
18	376.859876	0.642918
19	377.612329	0.692616
20	378.364783	0.692441
21	379.117236	0.692265
22	379.869690	0.692090
23	380.622143	0.691914
24	381.374597	0.691738
25	382.127050	0.691562
26	382.879504	0.691386
27	383.631957	0.691209
28	384.384411	0.549654
29	385.136864	0.494546
30	385.889318	0.675764
31	386.641771	0.617149
32	387.394225	0.219451
33	388.146678	0.137802
34	388.899132	0.384888
35	389.651585	0.340375
36	390.404039	0.453918
37	391.156492	0.306436
38	391.908946	0.259569
39	392.661400	0.488732
40	393.413853	0.488150
41	394.166307	0.688724
42	394.918760	0.688546
43	395.671214	0.651357
44	396.423667	0.680062
45	397.176121	0.688009
46	397.928574	0.550224
47	398.681028	0.687650
48	399.433481	0.687471
49	400.185935	-0.034105
bisection interval found by 1-dim search: [399.433481,400.185935]
No.25	 toolpath 358.475029	[r = 400.174912] is calculated within 13.206714s.
-----
initial linear search begins: 
No.	x	f(x)
0	362.546305	1.189232
1	363.298877	1.190098
2	364.051450	1.190965
3	364.804022	1.164195
4	365.556594	1.070765
5	366.309166	1.115509
6	367.061738	1.073933
7	367.814310	0.923684
8	368.566882	0.893890
9	369.319455	0.894262
10	370.072027	0.858395
11	370.824599	0.699732
12	371.577171	0.694194
13	372.329743	0.694020
14	373.082315	0.693846
15	373.834887	0.606394
16	374.587460	0.693497
17	375.340032	0.693322
18	376.092604	0.631338
19	376.845176	0.692973
20	377.597748	0.692798
21	378.350320	0.692622
22	379.102892	0.692447
23	379.855465	0.692272
24	380.608037	0.692096
25	381.360609	0.691920
26	382.113181	0.691744
27	382.865753	0.691568
28	383.618325	0.541736
29	384.370897	0.495727
30	385.123470	0.669421
31	385.876042	0.609286
32	386.628614	0.214226
33	387.381186	0.143644
34	388.133758	0.381314
35	388.886330	0.335614
36	389.638902	0.448387
37	390.391475	0.304641
38	391.144047	0.259816
39	391.896619	0.489915
40	392.649191	0.489333
41	393.401763	0.689087
42	394.154335	0.688908
43	394.906907	0.649603
44	395.659480	0.680044
45	396.412052	0.688372
46	397.164624	0.550168
47	397.917196	0.688014
48	398.669768	0.687835
49	399.422340	-0.026769
bisection interval found by 1-dim search: [398.669768,399.422340]
No.26	 toolpath 357.711433	[r = 399.412786] is calculated within 13.661948s.
-----
initial linear search begins: 
No.	x	f(x)
0	361.778270	1.187462
1	362.530961	1.188328
2	363.283651	1.189195
3	364.036341	1.182455
4	364.789032	1.078453
5	365.541722	1.132938
6	366.294412	1.085862
7	367.047103	0.940338
8	367.799793	0.893132
9	368.552483	0.893504
10	369.305174	0.863017
11	370.057864	0.713274
12	370.810554	0.694549
13	371.563244	0.694375
14	372.315935	0.693632
15	373.068625	0.619524
16	373.821315	0.693853
17	374.574006	0.693678
18	375.326696	0.622905
19	376.079386	0.693329
20	376.832077	0.693154
21	377.584767	0.692979
22	378.337457	0.692804
23	379.090148	0.692629
24	379.842838	0.692453
25	380.595528	0.692278
26	381.348219	0.692102
27	382.100909	0.691926
28	382.853599	0.531144
29	383.606289	0.496906
30	384.358980	0.663730
31	385.111670	0.601792
32	385.864360	0.207437
33	386.617051	0.149486
34	387.369741	0.377718
35	388.122431	0.331813
36	388.875122	0.443248
37	389.627812	0.299032
38	390.380502	0.256333
39	391.133193	0.491097
40	391.885883	0.490515
41	392.638573	0.689448
42	393.391264	0.689270
43	394.143954	0.646936
44	394.896644	0.680969
45	395.649335	0.688735
46	396.402025	0.551518
47	397.154715	0.688377
48	397.907405	0.688198
49	398.660096	-0.033774
bisection interval found by 1-dim search: [397.907405,398.660096]
No.27	 toolpath 356.949187	[r = 398.649070] is calculated within 13.236950s.
-----
initial linear search begins: 
No.	x	f(x)
0	361.008646	1.193048
1	361.761454	1.186558
2	362.514263	1.187425
3	363.267071	1.188550
4	364.019880	1.085745
5	364.772688	1.150366
6	365.525497	1.096473
7	366.278305	0.956992
8	367.031113	0.908734
9	367.783922	0.892744
10	368.536730	0.868266
11	369.289539	0.727400
12	370.042347	0.706758
13	370.795156	0.694729
14	371.547964	0.690885
15	372.300773	0.632603
16	373.053581	0.694208
17	373.806390	0.694033
18	374.559198	0.610746
19	375.312007	0.693685
20	376.064815	0.693510
21	376.817624	0.693335
22	377.570432	0.693160
23	378.323241	0.692985
24	379.076049	0.692810
25	379.828858	0.692635
26	380.581666	0.692459
27	381.334475	0.689650
28	382.087283	0.522042
29	382.840092	0.498086
30	383.592900	0.657257
31	384.345709	0.595323
32	385.098517	0.201395
33	385.851326	0.155330
34	386.604134	0.374100
35	387.356943	0.324505
36	388.109751	0.438227
37	388.862560	0.293771
38	389.615368	0.256648
39	390.368177	0.492278
40	391.120985	0.491696
41	391.873794	0.689809
42	392.626602	0.689632
43	393.379411	0.644270
44	394.132219	0.678779
45	394.885028	0.689097
46	395.637836	0.551088
47	396.390645	0.688740
48	397.143453	0.688561
49	397.896262	-0.026653
bisection interval found by 1-dim search: [397.143453,397.896262]
No.28	 toolpath 356.185351	[r = 397.886704] is calculated within 13.228890s.
-----
initial linear search begins: 
No.	x	f(x)
0	360.240394	1.201950
1	360.993320	1.201941
2	361.746246	1.185654
3	362.499172	1.186522
4	363.252099	1.092643
5	364.005025	1.167794
6	364.757951	1.107360
7	365.510877	0.973647
8	366.263804	0.921069
9	367.016730	0.891985
10	367.769656	0.872309
11	368.522582	0.740898
12	369.275508	0.723615
13	370.028435	0.695083
14	370.781361	0.687357
15	371.534287	0.644778
16	372.287213	0.694562
17	373.040139	0.694388
18	373.793066	0.601298
19	374.545992	0.694040
20	375.298918	0.693865
21	376.051844	0.693691
22	376.804771	0.693516
23	377.557697	0.693342
24	378.310623	0.693167
25	379.063549	0.692992
26	379.816475	0.692816
27	380.569402	0.683350
28	381.322328	0.512940
29	382.075254	0.499264
30	382.828180	0.649993
31	383.581106	0.588635
32	384.334033	0.192011
33	385.086959	0.161173
34	385.839885	0.372375
35	386.592811	0.319214
36	387.345737	0.433565
37	388.098664	0.288509
38	388.851590	0.253144
39	389.604516	0.493459
40	390.357442	0.492878
41	391.110369	0.690170
42	391.863295	0.689992
43	392.616221	0.641688
44	393.369147	0.679726
45	394.122073	0.689459
46	394.875000	0.551548
47	395.627926	0.689102
48	396.380852	0.688924
49	397.133778	-0.033196
bisection interval found by 1-dim search: [396.380852,397.133778]
No.29	 toolpath 355.422867	[r = 397.122749] is calculated within 13.294251s.
-----
initial linear search begins: 
No.	x	f(x)
0	359.470552	1.212055
1	360.223596	1.219370
2	360.976640	1.193895
3	361.729684	1.184750
4	362.482728	1.099149
5	363.235772	1.185221
6	363.988816	1.116732
7	364.741860	0.990302
8	365.494904	0.935296
9	366.247948	0.891225
10	367.000992	0.875734
11	367.754036	0.753766
12	368.507080	0.738373
13	369.260123	0.695436
14	370.013167	0.678331
15	370.766211	0.657290
16	371.519255	0.694916
17	372.272299	0.694742
18	373.025343	0.587926
19	373.778387	0.694395
20	374.531431	0.694220
21	375.284475	0.694046
22	376.037519	0.693872
23	376.790563	0.693697
24	377.543607	0.693523
25	378.296651	0.693348
26	379.049695	0.693173
27	379.802739	0.674358
28	380.555782	0.505176
29	381.308826	0.500443
30	382.061870	0.643578
31	382.814914	0.581732
32	383.567958	0.184606
33	384.321002	0.167016
34	385.074046	0.368687
35	385.827090	0.316777
36	386.580134	0.428439
37	387.333178	0.283247
38	388.086222	0.253438
39	388.839266	0.494640
40	389.592310	0.494058
41	390.345354	0.690530
42	391.098398	0.690353
43	391.851441	0.639841
44	392.604485	0.678163
45	393.357529	0.689820
46	394.110573	0.547757
47	394.863617	0.689464
48	395.616661	0.689285
49	396.369705	-0.026074
bisection interval found by 1-dim search: [395.616661,396.369705]
No.30	 toolpath 354.658792	[r = 396.360145] is calculated within 13.338415s.
-----
initial linear search begins: 
No.	x	f(x)
0	358.702085	1.219396
1	359.455246	1.236797
2	360.208407	1.206978
3	360.961568	1.182979
4	361.714730	1.103815
5	362.467891	1.184715
6	363.221052	1.125409
7	363.974213	1.006956
8	364.727374	0.949339
9	365.480536	0.890467
10	366.233697	0.879188
11	366.986858	0.767705
12	367.740019	0.754181
13	368.493180	0.695789
14	369.246342	0.687968
15	369.999503	0.666831
16	370.752664	0.695269
17	371.505825	0.695096
18	372.258986	0.576644
19	373.012148	0.694749
20	373.765309	0.694575
21	374.518470	0.693429
22	375.271631	0.694227
23	376.024792	0.694052
24	376.777954	0.693878
25	377.531115	0.693703
26	378.284276	0.693529
27	379.037437	0.665587
28	379.790598	0.502200
29	380.543760	0.501621
30	381.296921	0.636635
31	382.050082	0.574618
32	382.803243	0.177200
33	383.556404	0.172858
34	384.309566	0.364976
35	385.062727	0.311483
36	385.815888	0.426280
37	386.569049	0.277985
38	387.322211	0.250003
39	388.075372	0.495820
40	388.828533	0.495239
41	389.581694	0.690890
42	390.334855	0.690713
43	391.088017	0.637173
44	391.841178	0.679891
45	392.594339	0.690180
46	393.347500	0.547598
47	394.100661	0.689825
48	394.853823	0.689647
49	395.606984	-0.032620
bisection interval found by 1-dim search: [394.853823,395.606984]
No.31	 toolpath 353.896069	[r = 395.595951] is calculated within 12.634260s.
-----
initial linear search begins: 
No.	x	f(x)
0	357.932027	1.226255
1	358.685306	1.254225
2	359.438584	1.219679
3	360.191863	1.181206
4	360.945141	1.110616
5	361.698420	1.182943
6	362.451698	1.133675
7	363.204977	1.023609
8	363.958255	0.961623
9	364.711534	0.889710
10	365.464812	0.882069
11	366.218091	0.781624
12	366.971369	0.771878
13	367.724648	0.704387
14	368.477926	0.702630
15	369.231204	0.678222
16	369.984483	0.695622
17	370.737761	0.695449
18	371.491040	0.567127
19	372.244318	0.695102
20	372.997597	0.694929
21	373.750875	0.686579
22	374.504154	0.694581
23	375.257432	0.694407
24	376.010711	0.694233
25	376.763989	0.694059
26	377.517268	0.693884
27	378.270546	0.657161
28	379.023825	0.503377
29	379.777103	0.502798
30	380.530382	0.630179
31	381.283660	0.567296
32	382.036939	0.181574
33	382.790217	0.178700
34	383.543496	0.361242
35	384.296774	0.306678
36	385.050052	0.420508
37	385.803331	0.272722
38	386.556609	0.250186
39	387.309888	0.497000
40	388.063166	0.496419
41	388.816445	0.691249
42	389.569723	0.691072
43	390.323002	0.634823
44	391.076280	0.679496
45	391.829559	0.690541
46	392.582837	0.548059
47	393.336116	0.690186
48	394.089394	0.690008
49	394.842673	-0.025497
bisection interval found by 1-dim search: [394.089394,394.842673]
No.32	 toolpath 353.131756	[r = 394.833110] is calculated within 12.061417s.
-----
initial linear search begins: 
No.	x	f(x)
0	357.163345	1.234617
1	357.916740	1.271651
2	358.670135	1.232031
3	359.423531	1.179434
4	360.176926	1.114464
5	360.930321	1.181170
6	361.683717	1.140058
7	362.437112	1.040262
8	363.190507	0.973524
9	363.943902	0.888952
10	364.697298	0.884154
11	365.450693	0.796755
12	366.204088	0.786007
13	366.957484	0.715846
14	367.710879	0.717292
15	368.464274	0.688792
16	369.217670	0.695975
17	369.971065	0.695802
18	370.724460	0.553750
19	371.477855	0.695456
20	372.231251	0.695282
21	372.984646	0.677491
22	373.738041	0.694935
23	374.491437	0.694761
24	375.244832	0.694587
25	375.998227	0.694413
26	376.751622	0.694239
27	377.505018	0.648096
28	378.258413	0.504554
29	379.011808	0.503975
30	379.765204	0.623768
31	380.518599	0.559769
32	381.271994	0.187416
33	382.025390	0.184542
34	382.778785	0.359272
35	383.532180	0.302487
36	384.285575	0.414689
37	385.038971	0.267458
38	385.792366	0.246907
39	386.545761	0.498179
40	387.299157	0.497598
41	388.052552	0.691608
42	388.805947	0.691431
43	389.559342	0.632411
44	390.312738	0.680508
45	391.066133	0.690900
46	391.819528	0.548519
47	392.572924	0.690546
48	393.326319	0.690368
49	394.079714	-0.025209
bisection interval found by 1-dim search: [393.326319,394.079714]
No.33	 toolpath 352.368796	[r = 394.068678] is calculated within 12.081946s.
-----
initial linear search begins: 
No.	x	f(x)
0	356.393073	1.242748
1	357.146585	1.289077
2	357.900097	1.244068
3	358.653609	1.177664
4	359.407121	1.121113
5	360.160633	1.179399
6	360.914145	1.146928
7	361.667657	1.056916
8	362.421169	0.986738
9	363.174682	0.888193
10	363.928194	0.885930
11	364.681706	0.809374
12	365.435218	0.801762
13	366.188730	0.726003
14	366.942242	0.731954
15	367.695754	0.697389
16	368.449266	0.696327
17	369.202778	0.696154
18	369.956291	0.541609
19	370.709803	0.695808
20	371.463315	0.695635
21	372.216827	0.667180
22	372.970339	0.695288
23	373.723851	0.695115
24	374.477363	0.694941
25	375.230875	0.694767
26	375.984387	0.694593
27	376.737900	0.640730
28	377.491412	0.505730
29	378.244924	0.505152
30	378.998436	0.617008
31	379.751948	0.552041
32	380.505460	0.193257
33	381.258972	0.190383
34	382.012484	0.355464
35	382.765996	0.298243
36	383.519509	0.408826
37	384.273021	0.264899
38	385.026533	0.246893
39	385.780045	0.499358
40	386.533557	0.498777
41	387.287069	0.691966
42	388.040581	0.691789
43	388.794093	0.630061
44	389.547606	0.678318
45	390.301118	0.691259
46	391.054630	0.546566
47	391.808142	0.690905
48	392.561654	0.690728
49	393.315166	-0.024921
bisection interval found by 1-dim search: [392.561654,393.315166]
No.34	 toolpath 351.604246	[r = 393.305600] is calculated within 12.115210s.
-----
initial linear search begins: 
No.	x	f(x)
0	355.624176	1.247511
1	356.377804	1.306503
2	357.131433	1.255825
3	357.885061	1.175893
4	358.638690	1.124913
5	359.392318	1.177629
6	360.145947	1.151441
7	360.899575	1.073570
8	361.653204	0.998226
9	362.406832	0.887434
10	363.160461	0.887127
11	363.914089	0.825188
12	364.667718	0.815029
13	365.421346	0.735010
14	366.174975	0.746617
15	366.928603	0.707135
16	367.682232	0.696678
17	368.435860	0.696506
18	369.189489	0.529053
19	369.943117	0.696160
20	370.696746	0.695987
21	371.450374	0.656853
22	372.204003	0.695641
23	372.957631	0.695468
24	373.711259	0.695295
25	374.464888	0.695121
26	375.218516	0.694947
27	375.972145	0.630460
28	376.725773	0.506906
29	377.479402	0.506328
30	378.233030	0.609908
31	378.986659	0.544115
32	379.740287	0.199098
33	380.493916	0.196224
34	381.247544	0.351632
35	382.001173	0.290303
36	382.754801	0.402919
37	383.508430	0.259069
38	384.262058	0.243858
39	385.015687	0.500536
40	385.769315	0.499956
41	386.522944	0.692323
42	387.276572	0.692147
43	388.030201	0.627407
44	388.783829	0.679351
45	389.537458	0.691618
46	390.291086	0.545312
47	391.044715	0.691264
48	391.798343	0.691087
49	392.551972	-0.035502
bisection interval found by 1-dim search: [391.798343,392.551972]
No.35	 toolpath 350.841050	[r = 392.540932] is calculated within 12.334598s.
-----
initial linear search begins: 
No.	x	f(x)
0	354.853690	1.254858
1	355.607435	1.323927
2	356.361179	1.267335
3	357.114924	1.174122
4	357.868669	1.129267
5	358.622414	1.175858
6	359.376159	1.156401
7	360.129904	1.090224
8	360.883648	1.010809
9	361.637393	0.886674
10	362.391138	0.887236
11	363.144883	0.841004
12	363.898628	0.829083
13	364.652373	0.743807
14	365.406118	0.761279
15	366.159862	0.714555
16	366.913607	0.697029
17	367.667352	0.696857
18	368.421097	0.520551
19	369.174842	0.696512
20	369.928587	0.696339
21	370.682331	0.645487
22	371.436076	0.695994
23	372.189821	0.695821
24	372.943566	0.695647
25	373.697311	0.695474
26	374.451056	0.695301
27	375.204801	0.621667
28	375.958545	0.508082
29	376.712290	0.507504
30	377.466035	0.602474
31	378.219780	0.537029
32	378.973525	0.204939
33	379.727270	0.202065
34	380.481014	0.347775
35	381.234759	0.285007
36	381.988504	0.396970
37	382.742249	0.254743
38	383.495994	0.243560
39	384.249739	0.501714
40	385.003484	0.501134
41	385.757228	0.692680
42	386.510973	0.692505
43	387.264718	0.624814
44	388.018463	0.677514
45	388.772208	0.691976
46	389.525953	0.544968
47	390.279697	0.691623
48	391.033442	0.691446
49	391.787187	-0.028177
bisection interval found by 1-dim search: [391.033442,391.787187]
No.36	 toolpath 350.076264	[r = 391.777618] is calculated within 12.144324s.
-----
initial linear search begins: 
No.	x	f(x)
0	354.084580	1.262114
1	354.838441	1.341351
2	355.592302	1.277420
3	356.346162	1.172350
4	357.100023	1.133971
5	357.853884	1.174087
6	358.607745	1.160264
7	359.361605	1.106877
8	360.115466	1.020279
9	360.869327	0.885914
10	361.623188	0.886287
11	362.377048	0.856822
12	363.130909	0.842408
13	363.884770	0.752380
14	364.638631	0.775941
15	365.392491	0.724152
16	366.146352	0.697379
17	366.900213	0.697207
18	367.654074	0.515023
19	368.407934	0.697127
20	369.161795	0.696691
21	369.915656	0.634932
22	370.669517	0.696346
23	371.423378	0.696173
24	372.177238	0.696000
25	372.931099	0.695827
26	373.684960	0.695653
27	374.438821	0.612209
28	375.192681	0.509257
29	375.946542	0.508679
30	376.700403	0.594850
31	377.454264	0.529206
32	378.208124	0.210779
33	378.961985	0.207905
34	379.715846	0.505788
35	380.469707	0.279711
36	381.223567	0.391620
37	381.977428	0.247329
38	382.731289	0.240854
39	383.485150	0.502891
40	384.239011	0.502311
41	384.992871	0.693037
42	385.746732	0.692861
43	386.500593	0.622163
44	387.254454	0.679402
45	388.008314	0.692334
46	388.762175	0.546647
47	389.516036	0.691981
48	390.269897	0.691805
49	391.023757	-0.028319
bisection interval found by 1-dim search: [390.269897,391.023757]
No.37	 toolpath 349.312833	[r = 391.012715] is calculated within 12.090648s.
-----
initial linear search begins: 
No.	x	f(x)
0	353.313881	1.269275
1	354.067857	1.358774
2	354.821834	1.288512
3	355.575811	1.170578
4	356.329787	1.138201
5	357.083764	1.172315
6	357.837741	1.163572
7	358.591717	1.123529
8	359.345694	1.030459
9	360.099671	0.888156
10	360.853647	0.885526
11	361.607624	0.873482
12	362.361601	0.855418
13	363.115577	0.759221
14	363.869554	0.790602
15	364.623531	0.731038
16	365.377508	0.697729
17	366.131484	0.697557
18	366.885461	0.516196
19	367.639438	0.697214
20	368.393414	0.697042
21	369.147391	0.622920
22	369.901368	0.696697
23	370.655344	0.696524
24	371.409321	0.696352
25	372.163298	0.696179
26	372.917274	0.696006
27	373.671251	0.603339
28	374.425228	0.510431
29	375.179204	0.509793
30	375.933181	0.587679
31	376.687158	0.523616
32	377.441134	0.216618
33	378.195111	0.213745
34	378.949088	0.339986
35	379.703064	0.277226
36	380.457041	0.386170
37	381.211018	0.244208
38	381.964994	0.240189
39	382.718971	0.504068
40	383.472948	0.503489
41	384.226924	0.693393
42	384.980901	0.693218
43	385.734878	0.620263
44	386.488854	0.679288
45	387.242831	0.692691
46	387.996808	0.545889
47	388.750784	0.692339
48	389.504761	0.692162
49	390.258738	-0.028462
bisection interval found by 1-dim search: [389.504761,390.258738]
No.38	 toolpath 348.547812	[r = 390.249166] is calculated within 12.159017s.
-----
initial linear search begins: 
No.	x	f(x)
0	352.544559	1.272797
1	353.298651	1.376733
2	354.052743	1.296928
3	354.806835	1.172826
4	355.560927	1.141952
5	356.315020	1.170542
6	357.069112	1.165548
7	357.823204	1.140182
8	358.577296	1.041308
9	359.331388	0.903978
10	360.085480	0.886391
11	360.839572	0.885138
12	361.593664	0.864771
13	362.347757	0.765794
14	363.101849	0.805263
15	363.855941	0.737440
16	364.610033	0.698078
17	365.364125	0.697907
18	366.118217	0.517368
19	366.872309	0.697564
20	367.626402	0.697392
21	368.380494	0.612310
22	369.134586	0.697048
23	369.888678	0.696875
24	370.642770	0.696703
25	371.396862	0.696530
26	372.150954	0.696358
27	372.905047	0.593809
28	373.659139	0.511605
29	374.413231	0.507502
30	375.167323	0.580476
31	375.921415	0.515026
32	376.675507	0.222458
33	377.429599	0.219585
34	378.183692	0.339575
35	378.937784	0.271926
36	379.691876	0.380707
37	380.445968	0.235871
38	381.200060	0.237894
39	381.954152	0.505245
40	382.708244	0.504665
41	383.462337	0.693749
42	384.216429	0.693574
43	384.970521	0.617585
44	385.724613	0.678657
45	386.478705	0.693047
46	387.232797	0.544141
47	387.986889	0.692696
48	388.740982	0.692520
49	389.495074	-0.028605
bisection interval found by 1-dim search: [388.740982,389.495074]
No.39	 toolpath 347.784146	[r = 389.484027] is calculated within 12.131602s.
-----
initial linear search begins: 
No.	x	f(x)
0	351.773647	1.279451
1	352.527855	1.390335
2	353.282063	1.307608
3	354.036270	1.189479
4	354.790478	1.145218
5	355.544685	1.168769
6	356.298893	1.167504
7	357.053101	1.156836
8	357.807308	1.049556
9	358.561516	0.919801
10	359.315723	0.901977
11	360.069931	0.884377
12	360.824139	0.873622
13	361.578346	0.773681
14	362.332554	0.819923
15	363.086761	0.745613
16	363.840969	0.698427
17	364.595177	0.698256
18	365.349384	0.518539
19	366.103592	0.698901
20	366.857799	0.697742
21	367.612007	0.601802
22	368.366215	0.697398
23	369.120422	0.697226
24	369.874630	0.697054
25	370.628837	0.696881
26	371.383045	0.696709
27	372.137253	0.585526
28	372.891460	0.512779
29	373.645668	0.503686
30	374.399875	0.574168
31	375.154083	0.507165
32	375.908291	0.228297
33	376.662498	0.225424
34	377.416706	0.333670
35	378.170913	0.266627
36	378.925121	0.375243
37	379.679329	0.235790
38	380.433536	0.236779
39	381.187744	0.506421
40	381.941951	0.505842
41	382.696159	0.694104
42	383.450367	0.693929
43	384.204574	0.614907
44	384.958782	0.678190
45	385.712989	0.693403
46	386.467197	0.542888
47	387.221405	0.693052
48	387.975612	0.692877
49	388.729820	-0.028748
bisection interval found by 1-dim search: [387.975612,388.729820]
No.40	 toolpath 347.018891	[r = 388.720245] is calculated within 12.435311s.
-----
initial linear search begins: 
No.	x	f(x)
0	351.004114	1.286004
1	351.758437	1.393575
2	352.512759	1.315879
3	353.267082	1.206131
4	354.021405	1.149656
5	354.775727	1.166995
6	355.530050	1.167816
7	356.284373	1.168734
8	357.038695	1.058451
9	357.793018	0.935625
10	358.547340	0.918585
11	359.301663	0.883615
12	360.055986	0.879829
13	360.810308	0.779421
14	361.564631	0.834583
15	362.318953	0.751998
16	363.073276	0.698776
17	363.827599	0.698605
18	364.581921	0.519710
19	365.336244	0.698262
20	366.090566	0.698091
21	366.844889	0.590406
22	367.599212	0.697748
23	368.353534	0.697576
24	369.107857	0.697404
25	369.862180	0.697232
26	370.616502	0.697060
27	371.370825	0.574746
28	372.125147	0.513124
29	372.879470	0.498606
30	373.633793	0.565972
31	374.388115	0.497908
32	375.142438	0.234136
33	375.896760	0.231263
34	376.651083	0.331779
35	377.405406	0.261406
36	378.159728	0.369779
37	378.914051	0.229832
38	379.668374	0.234979
39	380.422696	0.507596
40	381.177019	0.507017
41	381.931341	0.694458
42	382.685664	0.694284
43	383.439987	0.612228
44	384.194309	0.679417
45	384.948632	0.693759
46	385.702954	0.542279
47	386.457277	0.693408
48	387.211600	0.693233
49	387.965922	-0.028892
bisection interval found by 1-dim search: [387.211600,387.965922]
No.41	 toolpath 346.254992	[r = 387.954873] is calculated within 12.108374s.
-----
initial linear search begins: 
No.	x	f(x)
0	350.232992	1.292578
1	350.987429	1.390131
2	351.741867	1.324140
3	352.496304	1.222784
4	353.250742	1.154217
5	354.005180	1.165220
6	354.759617	1.166090
7	355.514055	1.166960
8	356.268493	1.067350
9	357.022930	0.951451
10	357.777368	0.931853
11	358.531805	0.882856
12	359.286243	0.882578
13	360.040681	0.785886
14	360.795118	0.849242
15	361.549556	0.758775
16	362.303994	0.699123
17	363.058431	0.698953
18	363.812869	0.524380
19	364.567306	0.698577
20	365.321744	0.698440
21	366.076182	0.579630
22	366.830619	0.698097
23	367.585057	0.697926
24	368.339494	0.697754
25	369.093932	0.697582
26	369.848370	0.697410
27	370.602807	0.567162
28	371.357245	0.509292
29	372.111683	0.493386
30	372.866120	0.558671
31	373.620558	0.492917
32	374.374995	0.239974
33	375.129433	0.237101
34	375.883871	0.327798
35	376.638308	0.256736
36	377.392746	0.364314
37	378.147184	0.223851
38	378.901621	0.233332
39	379.656059	0.508772
40	380.410496	0.508193
41	381.164934	0.694812
42	381.919372	0.694638
43	382.673809	0.611291
44	383.428247	0.678212
45	384.182685	0.694114
46	384.937122	0.542740
47	385.691560	0.693764
48	386.445997	0.693589
49	387.200435	-0.029036
bisection interval found by 1-dim search: [386.445997,387.200435]
No.42	 toolpath 345.489503	[r = 387.190857] is calculated within 12.107900s.
-----
initial linear search begins: 
No.	x	f(x)
0	349.463248	1.297428
1	350.217800	1.386687
2	350.972352	1.332835
3	351.726905	1.239437
4	352.481457	1.162332
5	353.236009	1.163445
6	353.990561	1.164315
7	354.745113	1.165185
8	355.499666	1.074149
9	356.254218	0.967278
10	357.008770	0.946686
11	357.763322	0.885473
12	358.517874	0.882469
13	359.272426	0.793017
14	360.026979	0.863900
15	360.781531	0.764436
16	361.536083	0.699471
17	362.290635	0.699300
18	363.045187	0.537555
19	363.799740	0.700680
20	364.554292	0.698788
21	365.308844	0.565509
22	366.063396	0.698446
23	366.817948	0.698275
24	367.572500	0.698103
25	368.327053	0.697932
26	369.081605	0.697760
27	369.836157	0.556399
28	370.590709	0.504716
29	371.345261	0.486961
30	372.099814	0.551774
31	372.854366	0.483704
32	373.608918	0.245812
33	374.363470	0.242940
34	375.118022	0.512836
35	375.872574	0.252024
36	376.627127	0.360977
37	377.381679	0.217865
38	378.136231	0.232108
39	378.890783	0.509946
40	379.645335	0.509368
41	380.399888	0.695166
42	381.154440	0.694992
43	381.908992	0.608349
44	382.663544	0.678592
45	383.418096	0.694469
46	384.172649	0.543200
47	384.927201	0.694119
48	385.681753	0.693944
49	386.436305	-0.029180
bisection interval found by 1-dim search: [385.681753,386.436305]
No.43	 toolpath 344.725371	[r = 386.425252] is calculated within 12.157214s.
-----
initial linear search begins: 
No.	x	f(x)
0	348.691915	1.303050
1	349.446582	1.383241
2	350.201249	1.339651
3	350.955915	1.256090
4	351.710582	1.171448
5	352.465249	1.161672
6	353.219916	1.162541
7	353.974582	1.163410
8	354.729249	1.083114
9	355.483916	0.983107
10	356.238582	0.961470
11	356.993249	0.900131
12	357.747916	0.892941
13	358.502583	0.797258
14	359.257249	0.878558
15	360.011916	0.769932
16	360.766583	0.699818
17	361.521250	0.699647
18	362.275916	0.550729
19	363.030583	0.698979
20	363.785250	0.699136
21	364.539917	0.556694
22	365.294583	0.698794
23	366.049250	0.698623
24	366.803917	0.698452
25	367.558584	0.698281
26	368.313250	0.698109
27	369.067917	0.547580
28	369.822584	0.499163
29	370.577251	0.481771
30	371.331917	0.543967
31	372.086584	0.475854
32	372.841251	0.251650
33	373.595917	0.248777
34	374.350584	0.514009
35	375.105251	0.247269
36	375.859918	0.354759
37	376.614584	0.212595
38	377.369251	0.229848
39	378.123918	0.511121
40	378.878585	0.510542
41	379.633251	0.695519
42	380.387918	0.695345
43	381.142585	0.605350
44	381.897252	0.677306
45	382.651918	0.694823
46	383.406585	0.541737
47	384.161252	0.694474
48	384.915919	0.694299
49	385.670585	-0.028901
bisection interval found by 1-dim search: [384.915919,385.670585]
No.44	 toolpath 343.962598	[r = 385.662479] is calculated within 12.109252s.
-----
initial linear search begins: 
No.	x	f(x)
0	347.923447	1.307623
1	348.678228	1.379805
2	349.433008	1.346055
3	350.187789	1.272694
4	350.942570	1.180382
5	351.697350	1.159905
6	352.452131	1.160774
7	353.206912	1.161642
8	353.961692	1.091393
9	354.716473	0.998891
10	355.471253	0.976159
11	356.226034	0.914745
12	356.980815	0.907556
13	357.735595	0.801537
14	358.490376	0.881698
15	359.245157	0.775262
16	359.999937	0.700163
17	360.754718	0.699993
18	361.509498	0.563865
19	362.264279	0.700127
20	363.019060	0.699482
21	363.773840	0.544557
22	364.528621	0.699141
23	365.283402	0.698970
24	366.038182	0.698799
25	366.792963	0.698628
26	367.547743	0.698457
27	368.302524	0.539405
28	369.057305	0.493838
29	369.812085	0.474764
30	370.566866	0.537593
31	371.321647	0.469721
32	372.076427	0.257470
33	372.831208	0.254598
34	373.585988	0.515179
35	374.340769	0.248852
36	375.095550	0.348505
37	375.850330	0.207340
38	376.605111	0.226900
39	377.359892	0.512291
40	378.114672	0.511713
41	378.869453	0.695871
42	379.624234	0.695697
43	380.379014	0.602409
44	381.133795	0.677685
45	381.888575	0.695175
46	382.643356	0.540488
47	383.398137	0.694827
48	384.152917	0.694652
49	384.907698	-0.028618
bisection interval found by 1-dim search: [384.152917,384.907698]
No.45	 toolpath 343.199709	[r = 384.899590] is calculated within 12.702760s.
-----
initial linear search begins: 
No.	x	f(x)
0	347.154875	1.314104
1	347.909770	1.376368
2	348.664664	1.352529
3	349.419558	1.289297
4	350.174453	1.187954
5	350.929347	1.158136
6	351.684241	1.159006
7	352.439135	1.159875
8	353.194030	1.098985
9	353.948924	1.014677
10	354.703818	0.990310
11	355.458713	0.929359
12	356.213607	0.922170
13	356.968501	0.807737
14	357.723395	0.880940
15	358.478290	0.780425
16	359.233184	0.700814
17	359.988078	0.700338
18	360.742973	0.577000
19	361.497867	0.699416
20	362.252761	0.699828
21	363.007655	0.532513
22	363.762550	0.699487
23	364.517444	0.699317
24	365.272338	0.699146
25	366.027233	0.698975
26	366.782127	0.698804
27	367.537021	0.528559
28	368.291916	0.488021
29	369.046810	0.467379
30	369.801704	0.529172
31	370.556598	0.461649
32	371.311493	0.263290
33	372.066387	0.260418
34	372.821281	0.516347
35	373.576176	0.254673
36	374.331070	0.342484
37	375.085964	0.206062
38	375.840858	0.226322
39	376.595753	0.513461
40	377.350647	0.512883
41	378.105541	0.696222
42	378.860436	0.696048
43	379.615330	0.599733
44	380.370224	0.678382
45	381.125118	0.695527
46	381.880013	0.539529
47	382.634907	0.695179
48	383.389801	0.695005
49	384.144696	-0.028335
bisection interval found by 1-dim search: [383.389801,384.144696]
No.46	 toolpath 342.436706	[r = 384.136586] is calculated within 12.166446s.
-----
initial linear search begins: 
No.	x	f(x)
0	346.386200	1.318727
1	347.141208	1.372930
2	347.896215	1.358075
3	348.651223	1.305902
4	349.406231	1.196735
5	350.161239	1.156367
6	350.916246	1.157237
7	351.671254	1.158107
8	352.426262	1.105894
9	353.181269	1.030465
10	353.936277	1.004351
11	354.691285	0.943972
12	355.446293	0.936783
13	356.201300	0.813492
14	356.956308	0.880181
15	357.711316	0.783688
16	358.466324	0.691632
17	359.221331	0.700683
18	359.976339	0.590135
19	360.731347	0.699483
20	361.486355	0.700173
21	362.241362	0.524995
22	362.996370	0.699833
23	363.751378	0.699663
24	364.506385	0.699492
25	365.261393	0.699322
26	366.016401	0.699151
27	366.771409	0.519047
28	367.526416	0.481417
29	368.281424	0.461774
30	369.036432	0.522819
31	369.791440	0.455364
32	370.546447	0.269109
33	371.301455	0.265397
34	372.056463	0.307089
35	372.811470	0.260493
36	373.566478	0.337033
37	374.321486	0.199987
38	375.076494	0.227661
39	375.831501	0.514631
40	376.586509	0.514053
41	377.341517	0.696572
42	378.096525	0.696399
43	378.851532	0.597057
44	379.606540	0.676696
45	380.361548	0.695879
46	381.116555	0.539989
47	381.871563	0.695531
48	382.626571	0.695357
49	383.381579	-0.028053
bisection interval found by 1-dim search: [382.626571,383.381579]
No.47	 toolpath 341.670639	[r = 383.370519] is calculated within 12.076072s.
-----
initial linear search begins: 
No.	x	f(x)
0	345.614450	1.323874
1	346.369571	1.369479
2	347.124693	1.362096
3	347.879814	1.322570
4	348.634935	1.204306
5	349.390057	1.154591
6	350.145178	1.155461
7	350.900300	1.156331
8	351.655421	1.113972
9	352.410542	1.046315
10	353.165664	1.019243
11	353.920785	0.958641
12	354.675907	0.951452
13	355.431028	0.817289
14	356.186149	0.879420
15	356.941271	0.788135
16	357.696392	0.677416
17	358.451513	0.701028
18	359.206635	0.603320
19	359.961756	0.701539
20	360.716878	0.700520
21	361.471999	0.526165
22	362.227120	0.700180
23	362.982242	0.700010
24	363.737363	0.699840
25	364.492484	0.699669
26	365.247606	0.699333
27	366.002727	0.510206
28	366.757849	0.476981
29	367.512970	0.454228
30	368.268091	0.514204
31	369.023213	0.446000
32	369.778334	0.274951
33	370.533456	0.270967
34	371.288577	0.302798
35	372.043698	0.266335
36	372.798820	0.331561
37	373.553941	0.697613
38	374.309062	0.222766
39	375.064184	0.515804
40	375.819305	0.515227
41	376.574427	0.696923
42	377.329548	0.696751
43	378.084669	0.596330
44	378.839791	0.677380
45	379.594912	0.696231
46	380.350033	0.540450
47	381.105155	0.695884
48	381.860276	0.695710
49	382.615398	-0.027769
bisection interval found by 1-dim search: [381.860276,382.615398]
No.48	 toolpath 340.904456	[r = 382.604336] is calculated within 12.121080s.
-----
initial linear search begins: 
No.	x	f(x)
0	344.842596	1.327328
1	345.597831	1.366026
2	346.353066	1.365207
3	347.108300	1.339238
4	347.863535	1.213187
5	348.618770	1.152814
6	349.374005	1.153684
7	350.129240	1.154554
8	350.884474	1.121196
9	351.639709	1.062167
10	352.394944	1.031603
11	353.150179	0.973310
12	353.905414	0.966121
13	354.660648	0.821634
14	355.415883	0.878657
15	356.171118	0.792395
16	356.926353	0.663200
17	357.681588	0.701373
18	358.436823	0.616504
19	359.192057	0.699223
20	359.947292	0.700865
21	360.702527	0.527334
22	361.457762	0.700526
23	362.212997	0.700356
24	362.968231	0.700186
25	363.723466	0.700016
26	364.478701	0.696025
27	365.233936	0.500655
28	365.989171	0.469817
29	366.744405	0.446781
30	367.499640	0.507485
31	368.254875	0.440650
32	369.010110	0.280792
33	369.765345	0.275704
34	370.520579	0.298458
35	371.275814	0.272177
36	372.031049	0.326088
37	372.786284	0.189305
38	373.541519	0.224113
39	374.296753	0.516977
40	375.051988	0.516400
41	375.807223	0.697274
42	376.562458	0.697102
43	377.317693	0.593109
44	378.072927	0.678581
45	378.828162	0.696583
46	379.583397	0.539362
47	380.338632	0.696236
48	381.093867	0.696063
49	381.849101	-0.027486
bisection interval found by 1-dim search: [381.093867,381.849101]
No.49	 toolpath 340.138158	[r = 381.838038] is calculated within 12.114943s.
-----
initial linear search begins: 
No.	x	f(x)
0	344.070638	1.333613
1	344.825986	1.362573
2	345.581334	1.364538
3	346.336682	1.355906
4	347.092030	1.220914
5	347.847378	1.151036
6	348.602726	1.151907
7	349.358074	1.152777
8	350.113422	1.128616
9	350.868770	1.078020
10	351.624118	1.044951
11	352.379466	0.987978
12	353.134814	0.980789
13	353.890162	0.826978
14	354.645510	0.877894
15	355.400858	0.796919
16	356.156206	0.648984
17	356.911554	0.701717
18	357.666902	0.629688
19	358.422250	0.700486
20	359.177598	0.701210
21	359.932946	0.528503
22	360.688294	0.700871
23	361.443642	0.700702
24	362.198990	0.700532
25	362.954338	0.700362
26	363.709686	0.690577
27	364.465034	0.491226
28	365.220382	0.463848
29	365.975730	0.440472
30	366.731078	0.499061
31	367.486426	0.430544
32	368.241774	0.286633
33	368.997122	0.281530
34	369.752470	0.294070
35	370.507818	0.278018
36	371.263166	0.320615
37	372.018514	0.184026
38	372.773862	0.219977
39	373.529210	0.518150
40	374.284558	0.517573
41	375.039906	0.697625
42	375.795254	0.697452
43	376.550602	0.589885
44	377.305950	0.677837
45	378.061298	0.696934
46	378.816646	0.538108
47	379.571994	0.696588
48	380.327342	0.696415
49	381.082690	-0.020357
bisection interval found by 1-dim search: [380.327342,381.082690]
No.50	 toolpath 339.374696	[r = 381.074576] is calculated within 12.202408s.
-----
initial linear search begins: 
No.	x	f(x)
0	343.301550	1.336759
1	344.057010	1.359133
2	344.812471	1.360823
3	345.567931	1.362513
4	346.323392	1.229867
5	347.078852	1.149265
6	347.834313	1.150136
7	348.589773	1.151007
8	349.345234	1.136269
9	350.100694	1.093815
10	350.856155	1.056714
11	351.611615	1.002590
12	352.367076	0.995401
13	353.122536	0.828921
14	353.877997	0.877133
15	354.633458	0.800387
16	355.388918	0.636482
17	356.144379	0.702060
18	356.899839	0.642821
19	357.655300	0.699357
20	358.410760	0.701553
21	359.166221	0.529666
22	359.921681	0.701215
23	360.677142	0.701046
24	361.432602	0.700876
25	362.188063	0.700707
26	362.943523	0.684641
27	363.698984	0.481920
28	364.454445	0.458273
29	365.209905	0.433862
30	365.965366	0.491613
31	366.720826	0.425585
32	367.476287	0.292451
33	368.231747	0.288303
34	368.987208	0.522199
35	369.742668	0.283837
36	370.498129	0.315165
37	371.253589	0.181929
38	372.009050	0.220526
39	372.764510	0.519318
40	373.519971	0.518741
41	374.275432	0.697973
42	375.030892	0.697801
43	375.786353	0.587205
44	376.541813	0.677612
45	377.297274	0.697284
46	378.052734	0.536859
47	378.808195	0.696938
48	379.563655	0.696765
49	380.319116	-0.020075
bisection interval found by 1-dim search: [379.563655,380.319116]
No.51	 toolpath 338.611120	[r = 380.311001] is calculated within 12.384093s.
-----
initial linear search begins: 
No.	x	f(x)
0	342.532358	1.341723
1	343.287931	1.355691
2	344.043504	1.357382
3	344.799077	1.359073
4	345.554650	1.236830
5	346.310222	1.147493
6	347.065795	1.148364
7	347.821368	1.149235
8	348.576941	1.143293
9	349.332514	1.109611
10	350.088087	1.068419
11	350.843659	1.017203
12	351.599232	1.010014
13	352.354805	0.833887
14	353.110378	0.876372
15	353.865951	0.804165
16	354.621524	0.650391
17	355.377097	0.702402
18	356.132669	0.655953
19	356.888242	0.699275
20	357.643815	0.701896
21	358.399388	0.530830
22	359.154961	0.701558
23	359.910534	0.701389
24	360.666106	0.701220
25	361.421679	0.701051
26	362.177252	0.677881
27	362.932825	0.472643
28	363.688398	0.455248
29	364.443971	0.434169
30	365.199544	0.483833
31	365.955116	0.416082
32	366.710689	0.298269
33	367.466262	0.293906
34	368.221835	0.292527
35	368.977408	0.289655
36	369.732981	0.309715
37	370.488554	0.699007
38	371.244126	0.217299
39	371.999699	0.520485
40	372.755272	0.519908
41	373.510845	0.698321
42	374.266418	0.698149
43	375.021991	0.584525
44	375.777563	0.676768
45	376.533136	0.697633
46	377.288709	0.537184
47	378.044282	0.697288
48	378.799855	0.697115
49	379.555428	-0.030488
bisection interval found by 1-dim search: [378.799855,379.555428]
No.52	 toolpath 337.847431	[r = 379.547311] is calculated within 12.095553s.
-----
initial linear search begins: 
No.	x	f(x)
0	341.763065	1.345432
1	342.518749	1.352250
2	343.274434	1.353941
3	344.030119	1.355632
4	344.785804	1.246512
5	345.541489	1.156486
6	346.297174	1.146592
7	347.052859	1.147463
8	347.808544	1.147767
9	348.564229	1.125675
10	349.319914	1.079758
11	350.075599	1.031815
12	350.831284	1.024626
13	351.586969	0.836273
14	352.342654	0.875612
15	353.098339	0.807354
16	353.854023	0.664364
17	354.609708	0.702743
18	355.365393	0.669085
19	356.121078	0.700979
20	356.876763	0.702238
21	357.632448	0.531992
22	358.388133	0.701901
23	359.143818	0.701732
24	359.899503	0.701563
25	360.655188	0.701394
26	361.410873	0.670539
27	362.166558	0.481836
28	362.922243	0.465396
29	363.677928	0.442747
30	364.433613	0.475976
31	365.189297	0.410181
32	365.944982	0.304086
33	366.700667	0.300030
34	367.456352	0.298345
35	368.212037	0.295473
36	368.967722	0.304264
37	369.723407	0.699353
38	370.479092	0.216901
39	371.234777	0.521652
40	371.990462	0.521075
41	372.746147	0.698668
42	373.501832	0.698497
43	374.257517	0.583428
44	375.013202	0.677146
45	375.768887	0.697981
46	376.524571	0.537643
47	377.280256	0.697637
48	378.035941	0.697464
49	378.791626	-0.023189
bisection interval found by 1-dim search: [378.035941,378.791626]
No.53	 toolpath 337.083629	[r = 378.783509] is calculated within 12.120270s.
-----
initial linear search begins: 
No.	x	f(x)
0	340.993669	1.347115
1	341.749466	1.348807
2	342.505263	1.350498
3	343.261059	1.352190
4	344.016856	1.255714
5	344.772653	1.172290
6	345.528450	1.145580
7	346.284246	1.145691
8	347.040043	1.146562
9	347.795840	1.141816
10	348.551637	1.089761
11	349.307434	1.046427
12	350.063230	1.039238
13	350.819027	0.840307
14	351.574824	0.874854
15	352.330621	0.811455
16	353.086418	0.678347
17	353.842214	0.703084
18	354.598011	0.682216
19	355.353808	0.699040
20	356.109605	0.702580
21	356.865402	0.533155
22	357.621198	0.702243
23	358.376995	0.702075
24	359.132792	0.701906
25	359.888589	0.701737
26	360.644386	0.662166
27	361.400182	0.491027
28	362.155979	0.470711
29	362.911776	0.451326
30	363.667573	0.469820
31	364.423369	0.400454
32	365.179166	0.309903
33	365.934963	0.306659
34	366.690760	0.304162
35	367.446557	0.301291
36	368.202353	0.298813
37	368.958150	0.163384
38	369.713947	0.218246
39	370.469744	0.522818
40	371.225541	0.522242
41	371.981337	0.699015
42	372.737134	0.698844
43	373.492931	0.579990
44	374.248728	0.677927
45	375.004525	0.698329
46	375.760321	0.533107
47	376.516118	0.697985
48	377.271915	0.697813
49	378.027712	-0.023337
bisection interval found by 1-dim search: [377.271915,378.027712]
No.54	 toolpath 336.319713	[r = 378.019593] is calculated within 12.099589s.
-----
initial linear search begins: 
No.	x	f(x)
0	340.224172	1.343672
1	340.980080	1.345364
2	341.735988	1.347056
3	342.491897	1.348747
4	343.247805	1.264310
5	344.003714	1.188097
6	344.759622	1.157985
7	345.515531	1.143922
8	346.271439	1.144792
9	347.027347	1.145662
10	347.783256	1.098703
11	348.539164	1.061862
12	349.295073	1.053849
13	350.050981	0.842709
14	350.806889	0.874095
15	351.562798	0.812993
16	352.318706	0.688748
17	353.074615	0.703425
18	353.830523	0.695349
19	354.586432	0.699253
20	355.342340	0.702921
21	356.098248	0.534317
22	356.854157	0.702585
23	357.610065	0.702417
24	358.365974	0.702248
25	359.121882	0.702080
26	359.877791	0.655307
27	360.633699	0.500219
28	361.389607	0.478100
29	362.145516	0.459906
30	362.901424	0.460706
31	363.657333	0.394452
32	364.413241	0.315720
33	365.169150	0.311055
34	365.925058	0.526860
35	366.680966	0.307108
36	367.436875	0.293361
37	368.192783	0.157725
38	368.948692	0.213357
39	369.704600	0.523984
40	370.460509	0.523408
41	371.216417	0.699362
42	371.972325	0.699191
43	372.728234	0.576500
44	373.484142	0.675996
45	374.240051	0.698676
46	374.995959	0.535763
47	375.751868	0.698333
48	376.507776	0.698161
49	377.263684	-0.023485
bisection interval found by 1-dim search: [376.507776,377.263684]
No.55	 toolpath 335.555685	[r = 377.255564] is calculated within 12.222701s.
-----
initial linear search begins: 
No.	x	f(x)
0	339.454573	1.340230
1	340.210592	1.341921
2	340.966612	1.343612
3	341.722632	1.345304
4	342.478652	1.273634
5	343.234672	1.204814
6	343.990692	1.170023
7	344.746711	1.142151
8	345.502731	1.143022
9	346.258751	1.143893
10	347.014771	1.106261
11	347.770791	1.075337
12	348.526811	1.068459
13	349.282830	0.844846
14	350.038850	0.873335
15	350.794870	0.815828
16	351.550890	0.701813
17	352.306910	0.714949
18	353.062930	0.708482
19	353.818949	0.700609
20	354.574969	0.703262
21	355.330989	0.536593
22	356.087009	0.702926
23	356.843029	0.702758
24	357.599049	0.702590
25	358.355068	0.702422
26	359.111088	0.645199
27	359.867108	0.509410
28	360.623128	0.486678
29	361.379148	0.468485
30	362.135168	0.452798
31	362.891187	0.384824
32	363.647207	0.321536
33	364.403227	0.318299
34	365.159247	0.315795
35	365.915267	0.312924
36	366.671287	0.294544
37	367.427306	0.157454
38	368.183326	0.214591
39	368.939346	0.525149
40	369.695366	0.524574
41	370.451386	0.699708
42	371.207406	0.699537
43	371.963425	0.574683
44	372.719445	0.677014
45	373.475465	0.699023
46	374.231485	0.534513
47	374.987505	0.698680
48	375.743525	0.698509
49	376.499544	-0.023634
bisection interval found by 1-dim search: [375.743525,376.499544]
No.56	 toolpath 334.791544	[r = 376.491423] is calculated within 12.135317s.
-----
initial linear search begins: 
No.	x	f(x)
0	338.684872	1.336788
1	339.441003	1.338479
2	340.197134	1.340171
3	340.953265	1.341862
4	341.709396	1.282710
5	342.465527	1.219717
6	343.221658	1.182551
7	343.977789	1.140381
8	344.733920	1.141251
9	345.490051	1.142122
10	346.246182	1.112779
11	347.002313	1.085064
12	347.758444	1.083069
13	348.514575	0.847868
14	349.270706	0.872575
15	350.026837	0.818240
16	350.782969	0.715077
17	351.539100	0.728081
18	352.295231	0.721614
19	353.051362	0.698413
20	353.807493	0.703602
21	354.563624	0.545784
22	355.319755	0.703267
23	356.075886	0.703099
24	356.832017	0.702931
25	357.588148	0.702763
26	358.344279	0.637074
27	359.100410	0.518602
28	359.856541	0.493030
29	360.612672	0.477064
30	361.368803	0.447190
31	362.124934	0.378408
32	362.881065	0.327352
33	363.637196	0.323026
34	364.393327	0.529189
35	365.149458	0.318740
36	365.905589	0.295815
37	366.661720	0.700734
38	367.417851	0.210779
39	368.173982	0.526314
40	368.930113	0.525739
41	369.686244	0.700053
42	370.442375	0.699883
43	371.198506	0.573265
44	371.954637	0.678303
45	372.710768	0.699370
46	373.466899	0.534318
47	374.223030	0.699027
48	374.979161	0.698856
49	375.735292	-0.023782
bisection interval found by 1-dim search: [374.979161,375.735292]
No.57	 toolpath 334.024337	[r = 375.724216] is calculated within 12.257308s.
-----
initial linear search begins: 
No.	x	f(x)
0	337.912096	1.045922
1	338.668338	1.335023
2	339.424581	1.336715
3	340.180823	1.338407
4	340.937065	1.293066
5	341.693308	1.235592
6	342.449550	1.194418
7	343.205793	1.138602
8	343.962035	1.139473
9	344.718277	1.140345
10	345.474520	1.118262
11	346.230762	1.092810
12	346.987005	1.099259
13	347.743247	0.850005
14	348.499489	0.871812
15	349.255732	0.820246
16	350.011974	0.728946
17	350.768217	0.741263
18	351.524459	0.734796
19	352.280701	0.698192
20	353.036944	0.703943
21	353.793186	0.555010
22	354.549429	0.703609
23	355.305671	0.703441
24	356.061913	0.703273
25	356.818156	0.703105
26	357.574398	0.629553
27	358.330641	0.527829
28	359.086883	0.502279
29	359.843125	0.485675
30	360.599368	0.437117
31	361.355610	0.369163
32	362.111853	0.333189
33	362.868095	0.328942
34	363.624338	0.327450
35	364.380580	0.324579
36	365.136822	0.300696
37	365.893065	0.144955
38	366.649307	0.212004
39	367.405550	0.527483
40	368.161792	0.526908
41	368.918034	0.700400
42	369.674277	0.700229
43	370.430519	0.569671
44	371.186762	0.677132
45	371.943004	0.699717
46	372.699246	0.534780
47	373.455489	0.699375
48	374.211731	0.699204
49	374.967974	-0.023932
bisection interval found by 1-dim search: [374.211731,374.967974]
No.58	 toolpath 333.257017	[r = 374.956896] is calculated within 12.389681s.
-----
<a href="matlab: opentoline('D:\Code\2021-11_ToolWaviness\upm_toolpath\src\funcs\tool_geometry\iterfunc_curvepath_multi_solve.m',156,1)">156 </a>end
dbup 1;
if system_dependent('IsDebugMode')==1, dbquit; end
clear
clc
close all
uiopen('D:\Code\2021-11_ToolWaviness\upm_toolpath\workspace\20230510\030100-sts-r0600c0.69-D906+0417-xplus-res1-arc0.02+deg1\feedrate.fig',1)
uiopen('D:\Code\2021-11_ToolWaviness\upm_toolpath\workspace\20230510\030130-sts-r0600c0.69-D906+0417-xminus-res1-arc0.02+deg1\feedrate-pchip.fig',1)
uiimport('D:\Code\2021-11_ToolWaviness\upm_toolpath\workspace\20230510\030130-sts-r0600c0.69-D906+0417-xminus-res1-arc0.02+deg1\data.mat',1)
 <a href="matlab:matlab.internal.language.introspective.errorDocCallback('residual2D_multi')" style="font-weight:bold">residual2D_multi</a>
Index exceeds the number of array elements. Index must not exceed 0.

 <a href="matlab:matlab.internal.language.introspective.errorDocCallback('residual3D_multi', 'D:\Code\2021-11_ToolWaviness\upm_toolpath\src\funcs\tool_geometry\residual\residual3D_multi.m', 128)" style="font-weight:bold">residual3D_multi</a> (<a href="matlab: opentoline('D:\Code\2021-11_ToolWaviness\upm_toolpath\src\funcs\tool_geometry\residual\residual3D_multi.m',128,0)"> 128 </a>)
    [res,peakPt,interPt,uLim,~] = residual2D_multi(toolSp1,toolSpProj, ...

 <a href="matlab:matlab.internal.language.introspective.errorDocCallback('s4_optim_2D_aspheric_actual_tip_multi_iter', 'D:\Code\2021-11_ToolWaviness\upm_toolpath\src\s4_optim_2D_aspheric_actual_tip_multi_iter.m', 722)" style="font-weight:bold">s4_optim_2D_aspheric_actual_tip_multi_iter</a> (<a href="matlab: opentoline('D:\Code\2021-11_ToolWaviness\upm_toolpath\src\s4_optim_2D_aspheric_actual_tip_multi_iter.m',722,0)"> 722 </a>)
parfor ind1 = 1:spiralPtNum

opentoline('D:\Code\2021-11_ToolWaviness\upm_toolpath\src\s4_optim_2D_aspheric_actual_tip_multi_iter.m',722,0)
opentoline('D:\Code\2021-11_ToolWaviness\upm_toolpath\src\s4_optim_2D_aspheric_actual_tip_multi_iter.m',722,0)
opentoline('D:\Code\2021-11_ToolWaviness\upm_toolpath\src\s4_optim_2D_aspheric_actual_tip_multi_iter.m',722,0)
opentoline('D:\Code\2021-11_ToolWaviness\upm_toolpath\src\funcs\tool_geometry\residual\residual3D_multi.m',128,0)
Index exceeds the number of array elements. Index must not exceed 0.

 <a href="matlab:matlab.internal.language.introspective.errorDocCallback('residual2D_multi', 'D:\Code\2021-11_ToolWaviness\upm_toolpath\src\funcs\tool_geometry\residual\residual2D_multi.m', 170)" style="font-weight:bold">residual2D_multi</a> (<a href="matlab: opentoline('D:\Code\2021-11_ToolWaviness\upm_toolpath\src\funcs\tool_geometry\residual\residual2D_multi.m',170,0)"> 170 </a>)
        res = varargin{1} + 1;

 <a href="matlab:matlab.internal.language.introspective.errorDocCallback('residual3D_multi', 'D:\Code\2021-11_ToolWaviness\upm_toolpath\src\funcs\tool_geometry\residual\residual3D_multi.m', 133)" style="font-weight:bold">residual3D_multi</a> (<a href="matlab: opentoline('D:\Code\2021-11_ToolWaviness\upm_toolpath\src\funcs\tool_geometry\residual\residual3D_multi.m',133,0)"> 133 </a>)
    [res,peakPt,interPt,~,uLim] = residual2D_multi(toolSp1,toolSpProj, ...

 <a href="matlab:matlab.internal.language.introspective.errorDocCallback('s4_optim_2D_aspheric_actual_tip_multi_iter', 'D:\Code\2021-11_ToolWaviness\upm_toolpath\src\s4_optim_2D_aspheric_actual_tip_multi_iter.m', 763)" style="font-weight:bold">s4_optim_2D_aspheric_actual_tip_multi_iter</a> (<a href="matlab: opentoline('D:\Code\2021-11_ToolWaviness\upm_toolpath\src\s4_optim_2D_aspheric_actual_tip_multi_iter.m',763,0)"> 763 </a>)
            residual3D_multi(spiralPath,spiralNorm,spiralCut,spiralContactU, ...

clc
Index exceeds the number of array elements. Index must not exceed 0.

 <a href="matlab:matlab.internal.language.introspective.errorDocCallback('residual2D_multi', 'D:\Code\2021-11_ToolWaviness\upm_toolpath\src\funcs\tool_geometry\residual\residual2D_multi.m', 170)" style="font-weight:bold">residual2D_multi</a> (<a href="matlab: opentoline('D:\Code\2021-11_ToolWaviness\upm_toolpath\src\funcs\tool_geometry\residual\residual2D_multi.m',170,0)"> 170 </a>)
        res = varargin{1} + 1;

 <a href="matlab:matlab.internal.language.introspective.errorDocCallback('residual3D_multi', 'D:\Code\2021-11_ToolWaviness\upm_toolpath\src\funcs\tool_geometry\residual\residual3D_multi.m', 133)" style="font-weight:bold">residual3D_multi</a> (<a href="matlab: opentoline('D:\Code\2021-11_ToolWaviness\upm_toolpath\src\funcs\tool_geometry\residual\residual3D_multi.m',133,0)"> 133 </a>)
    [res,peakPt,interPt,~,uLim] = residual2D_multi(toolSp1,toolSpProj, ...

 <a href="matlab:matlab.internal.language.introspective.errorDocCallback('s4_optim_2D_aspheric_actual_tip_multi_iter', 'D:\Code\2021-11_ToolWaviness\upm_toolpath\src\s4_optim_2D_aspheric_actual_tip_multi_iter.m', 763)" style="font-weight:bold">s4_optim_2D_aspheric_actual_tip_multi_iter</a> (<a href="matlab: opentoline('D:\Code\2021-11_ToolWaviness\upm_toolpath\src\s4_optim_2D_aspheric_actual_tip_multi_iter.m',763,0)"> 763 </a>)
            residual3D_multi(spiralPath,spiralNorm,spiralCut,spiralContactU, ...

opentoline('D:\Code\2021-11_ToolWaviness\upm_toolpath\src\funcs\tool_geometry\residual\residual3D_multi.m',133,0)
s4_optim_2D_aspheric_actual_tip_multi_iter
