The time spent in the parallel computing activating process is 0.000291s.
-----
No.1	 toolpath 512.716367	[r = 600.000000] is calculated within 0.026662s.
-----
initial linear search begins: 
No.	x	f(x)
0	564.311082	-0.311010
1	563.597304	-0.311433
2	562.883526	-0.311856
3	562.169747	-0.295407
4	561.455969	-0.178130
5	560.742191	-0.040623
6	560.028412	0.118194
bisection interval found by 1-dim search: [560.028412,560.742191]
No.2	 toolpath 489.579722	[r = 560.591628] is calculated within 8.276121s.
-----
initial linear search begins: 
No.	x	f(x)
0	524.436806	0.378093
1	525.159902	0.379208
2	525.882999	0.380324
3	526.606095	0.381440
4	527.329192	0.382556
5	528.052288	0.383672
6	528.775385	0.384788
7	529.498481	0.385905
8	530.221578	0.387021
9	530.944674	0.388138
10	531.667770	0.389255
11	532.390867	0.390372
12	533.113963	0.391489
13	533.837060	0.392606
14	534.560156	0.393723
15	535.283253	0.394841
16	536.006349	0.319749
17	536.729446	0.205252
18	537.452542	0.106917
19	538.175638	0.046127
20	538.898735	-0.027505
bisection interval found by 1-dim search: [538.175638,538.898735]
No.3	 toolpath 467.485809	[r = 538.497642] is calculated within 9.950556s.
-----
initial linear search begins: 
No.	x	f(x)
0	502.097880	0.309329
1	502.825875	0.310448
2	503.553871	0.311567
3	504.281866	0.312687
4	505.009861	0.313806
5	505.737856	0.314926
6	506.465852	0.316045
7	507.193847	0.317165
8	507.921842	0.318285
9	508.649837	0.319405
10	509.377833	0.320526
11	510.105828	0.321646
12	510.833823	0.322766
13	511.561818	0.323887
14	512.289813	0.325008
15	513.017809	0.326129
16	513.745804	0.327250
17	514.473799	0.328371
18	515.201794	0.329492
19	515.929790	0.235935
20	516.657785	0.008469
21	517.385780	0.003341
22	518.113775	-0.014731
bisection interval found by 1-dim search: [517.385780,518.113775]
No.4	 toolpath 446.698171	[r = 517.721341] is calculated within 9.962321s.
-----
initial linear search begins: 
No.	x	f(x)
0	481.101640	-0.071545
1	480.369246	-0.070766
2	479.636852	-0.069988
3	478.904458	-0.069211
4	478.172064	0.009725
bisection interval found by 1-dim search: [478.172064,478.904458]
No.5	 toolpath 430.680505	[r = 478.246447] is calculated within 7.193377s.
-----
initial linear search begins: 
No.	x	f(x)
0	441.235970	0.593923
1	441.976180	0.588378
2	442.716389	0.582831
3	443.456599	0.577284
4	444.196808	0.571736
5	444.937018	0.566187
6	445.677227	0.560636
7	446.417437	0.555085
8	447.157646	0.549532
9	447.897856	0.543979
10	448.638066	0.538425
11	449.378275	0.532870
12	450.118485	0.527314
13	450.858694	0.521757
14	451.598904	0.516199
15	452.339113	0.510640
16	453.079323	0.356661
17	453.819532	0.233945
18	454.559742	0.314133
19	455.299951	0.315116
20	456.040161	0.274709
21	456.780371	0.405384
22	457.520580	0.316868
23	458.260790	0.045086
24	459.000999	-0.006022
bisection interval found by 1-dim search: [458.260790,459.000999]
No.6	 toolpath 410.862612	[r = 458.428493] is calculated within 10.265971s.
-----
initial linear search begins: 
No.	x	f(x)
0	421.234937	0.887875
1	421.978808	0.882205
2	422.722680	0.876535
3	423.466551	0.870863
4	424.210422	0.865191
5	424.954293	0.859518
6	425.698164	0.859436
7	426.442035	0.853887
8	427.185906	0.848337
9	427.929777	0.842786
10	428.673649	0.837234
11	429.417520	0.831681
12	430.161391	0.826127
13	430.905262	0.820571
14	431.649133	0.802660
15	432.393004	0.695344
16	433.136875	0.484924
17	433.880746	0.284608
18	434.624617	0.375852
19	435.368489	0.376375
20	436.112360	0.376899
21	436.856231	0.377422
22	437.600102	0.377946
23	438.343973	0.260815
24	439.087844	0.154982
25	439.831715	0.158039
26	440.575586	0.083952
27	441.319458	0.148737
28	442.063329	0.142686
29	442.807200	0.040221
30	443.551071	0.069316
31	444.294942	0.068884
32	445.038813	0.029677
33	445.782684	0.063971
34	446.526555	0.056727
35	447.270427	0.027328
36	448.014298	0.026544
37	448.758169	0.025760
38	449.502040	0.024977
39	450.245911	-0.016089
bisection interval found by 1-dim search: [449.502040,450.245911]
No.7	 toolpath 402.592886	[r = 450.158739] is calculated within 11.285359s.
-----
initial linear search begins: 
No.	x	f(x)
0	412.891333	1.014882
1	413.636681	1.009214
2	414.382029	1.003544
3	415.127377	0.997873
4	415.872725	0.992201
5	416.618073	0.986529
6	417.363422	0.980856
7	418.108770	0.975182
8	418.854118	0.969507
9	419.599466	0.963831
10	420.344814	0.958154
11	421.090162	0.952475
12	421.835510	0.946796
13	422.580858	0.867379
14	423.326207	0.750041
15	424.071555	0.609506
16	424.816903	0.419137
17	425.562251	0.363613
18	426.307599	0.364138
19	427.052947	0.364663
20	427.798295	0.365188
21	428.543643	0.365713
22	429.288991	0.366238
23	430.034340	0.347168
24	430.779688	0.247297
25	431.525036	0.234864
26	432.270384	0.154486
27	433.015732	0.243184
28	433.761080	0.229580
29	434.506428	0.112349
30	435.251776	0.130702
31	435.997124	0.130310
32	436.742473	0.047116
33	437.487821	0.130900
34	438.233169	0.118771
35	438.978517	0.044768
36	439.723865	0.043985
37	440.469213	0.043202
38	441.214561	0.042418
39	441.959909	-0.013149
bisection interval found by 1-dim search: [441.214561,441.959909]
No.8	 toolpath 394.330015	[r = 441.895856] is calculated within 11.303702s.
-----
initial linear search begins: 
No.	x	f(x)
0	404.556147	1.141488
1	405.302941	1.135821
2	406.049735	1.130152
3	406.796529	1.124483
4	407.543323	1.118812
5	408.290118	1.113141
6	409.036912	1.107468
7	409.783706	1.101795
8	410.530500	1.096121
9	411.277294	1.090447
10	412.024088	1.084771
11	412.770883	1.079094
12	413.517677	1.006802
13	414.264471	0.876900
14	415.011265	0.743280
15	415.758059	0.633459
16	416.504854	0.495767
17	417.251648	0.394475
18	417.998442	0.375539
19	418.745236	0.371168
20	419.492030	0.366797
21	420.238825	0.355895
22	420.985619	0.354529
23	421.732413	0.355056
24	422.479207	0.264155
25	423.226001	0.218075
26	423.972795	0.305565
27	424.719590	0.334420
28	425.466384	0.240918
29	426.213178	0.183948
30	426.959972	0.184405
31	427.706766	0.181239
32	428.453561	0.064499
33	429.200355	0.197150
34	429.947149	0.173985
35	430.693943	0.062152
36	431.440737	0.061370
37	432.187532	0.060587
38	432.934326	0.059804
39	433.681120	-0.011457
bisection interval found by 1-dim search: [432.934326,433.681120]
No.9	 toolpath 386.051112	[r = 433.628611] is calculated within 11.284563s.
-----
initial linear search begins: 
No.	x	f(x)
0	396.218036	1.267955
1	396.966248	1.262289
2	397.714459	1.256622
3	398.462671	1.250955
4	399.210882	1.245286
5	399.959094	1.239616
6	400.707305	1.233945
7	401.455517	1.228273
8	402.203728	1.222600
9	402.951940	1.216926
10	403.700151	1.194346
11	404.448363	1.106621
12	405.196574	1.003965
13	405.944786	0.875581
14	406.692997	0.744243
15	407.441209	0.649117
16	408.189420	0.569089
17	408.937632	0.477186
18	409.685843	0.472814
19	410.434055	0.468441
20	411.182266	0.464068
21	411.930478	0.430274
22	412.678689	0.342779
23	413.426901	0.343309
24	414.175112	0.343223
25	414.923324	0.302243
26	415.671535	0.344897
27	416.419747	0.345426
28	417.167958	0.307374
29	417.916170	0.175944
30	418.664381	0.193081
31	419.412593	0.132471
32	420.160804	0.227288
33	420.909016	0.262361
34	421.657227	0.124637
35	422.405439	0.078709
36	423.153650	0.077801
37	423.901862	0.076892
38	424.650073	0.050227
39	425.398285	-0.133832
bisection interval found by 1-dim search: [424.650073,425.398285]
No.10	 toolpath 377.772984	[r = 424.889735] is calculated within 11.384312s.
-----
initial linear search begins: 
No.	x	f(x)
0	387.405848	1.401135
1	388.155526	1.395471
2	388.905203	1.389806
3	389.654881	1.384140
4	390.404559	1.378473
5	391.154237	1.372805
6	391.903914	1.367136
7	392.653592	1.361466
8	393.403270	1.355795
9	394.152948	1.350123
10	394.902625	1.273694
11	395.652303	1.154689
12	396.401981	1.054736
13	397.151658	0.952660
14	397.901336	0.835489
15	398.651014	0.735206
16	399.400692	0.659810
17	400.150369	0.588917
18	400.900047	0.575348
19	401.649725	0.570973
20	402.399403	0.566598
21	403.149080	0.546497
22	403.898758	0.448338
23	404.648436	0.366906
24	405.398114	0.363783
25	406.147791	0.360660
26	406.897469	0.357535
27	407.647147	0.354411
28	408.396824	0.336581
29	409.146502	0.317072
30	409.896180	0.190508
31	410.645858	0.170613
32	411.395535	0.176149
33	412.145213	0.326817
34	412.894891	0.279876
35	413.644569	0.099959
36	414.394246	0.099050
37	415.143924	0.098141
38	415.893602	0.097233
39	416.643279	-0.009941
bisection interval found by 1-dim search: [415.893602,416.643279]
No.11	 toolpath 369.485542	[r = 416.602281] is calculated within 11.600238s.
-----
initial linear search begins: 
No.	x	f(x)
0	379.050377	1.527219
1	379.801416	1.521557
2	380.552454	1.515894
3	381.303492	1.510230
4	382.054530	1.504566
5	382.805568	1.475288
6	383.556606	1.383852
7	384.307644	1.387278
8	385.058682	1.397572
9	385.809720	1.377126
10	386.560758	1.269373
11	387.311796	1.140198
12	388.062834	1.035351
13	388.813872	0.947999
14	389.564911	0.861799
15	390.315949	0.784757
16	391.066987	0.698980
17	391.818025	0.676889
18	392.569063	0.672512
19	393.320101	0.668135
20	394.071139	0.648299
21	394.822177	0.580170
22	395.573215	0.491536
23	396.324253	0.436204
24	397.075291	0.433080
25	397.826329	0.429956
26	398.577368	0.426831
27	399.328406	0.421877
28	400.079444	0.327591
29	400.830482	0.327998
30	401.581520	0.261405
31	402.332558	0.158677
32	403.083596	0.235439
33	403.834634	0.329623
34	404.585672	0.320628
35	405.336710	0.130082
36	406.087748	0.119170
37	406.838786	0.118261
38	407.589824	0.117351
39	408.340863	-0.008790
bisection interval found by 1-dim search: [407.589824,408.340863]
No.12	 toolpath 361.183062	[r = 408.299790] is calculated within 11.503316s.
-----
initial linear search begins: 
No.	x	f(x)
0	370.681208	1.653241
1	371.433580	1.647581
2	372.185952	1.641920
3	372.938323	1.636258
4	373.690695	1.595404
5	374.443067	1.462115
6	375.195438	1.341900
7	375.947810	1.324050
8	376.700181	1.327212
9	377.452553	1.329570
10	378.204925	1.253107
11	378.957296	1.129386
12	379.709668	1.029476
13	380.462040	0.959212
14	381.214411	0.895898
15	381.966783	0.820196
16	382.719155	0.778477
17	383.471526	0.774098
18	384.223898	0.769719
19	384.976269	0.757095
20	385.728641	0.682324
21	386.481013	0.592274
22	387.233384	0.514540
23	387.985756	0.505504
24	388.738128	0.502380
25	389.490499	0.499255
26	390.242871	0.496130
27	390.995243	0.465003
28	391.747614	0.327604
29	392.499986	0.318966
30	393.252357	0.319375
31	394.004729	0.226037
32	394.757101	0.289286
33	395.509472	0.320600
34	396.261844	0.321009
35	397.014216	0.171573
36	397.766587	0.139280
37	398.518959	0.138371
38	399.271331	0.137214
39	400.023702	-0.008628
bisection interval found by 1-dim search: [399.271331,400.023702]
No.13	 toolpath 352.865839	[r = 399.982557] is calculated within 11.508976s.
-----
initial linear search begins: 
No.	x	f(x)
0	362.298639	1.779194
1	363.052318	1.773537
2	363.805996	1.767878
3	364.559674	1.747110
4	365.313353	1.594406
5	366.067031	1.436863
6	366.820709	1.306408
7	367.574388	1.253775
8	368.328066	1.256935
9	369.081744	1.260095
10	369.835423	1.231755
11	370.589101	1.138220
12	371.342780	1.055654
13	372.096458	0.978637
14	372.850136	0.908893
15	373.603815	0.880110
16	374.357493	0.875730
17	375.111171	0.871349
18	375.864850	0.854996
19	376.618528	0.790331
20	377.372206	0.703263
21	378.125885	0.606446
22	378.879563	0.577928
23	379.633241	0.574804
24	380.386920	0.571680
25	381.140598	0.568555
26	381.894276	0.549535
27	382.647955	0.478296
28	383.401633	0.347018
29	384.155311	0.309888
30	384.908990	0.310299
31	385.662668	0.288303
32	386.416347	0.311120
33	387.170025	0.311530
34	387.923703	0.311941
35	388.677382	0.210961
36	389.431060	0.159378
37	390.184738	0.158470
38	390.938417	0.152893
39	391.692095	-0.009586
bisection interval found by 1-dim search: [390.938417,391.692095]
No.14	 toolpath 344.534170	[r = 391.650878] is calculated within 11.809598s.
-----
initial linear search begins: 
No.	x	f(x)
0	353.902970	1.905076
1	354.657928	1.899421
2	355.412886	1.893765
3	356.167844	1.770933
4	356.922802	1.578133
5	357.677760	1.415575
6	358.432719	1.293812
7	359.187677	1.209597
8	359.942635	1.186736
9	360.697593	1.189892
10	361.452551	1.193050
11	362.207509	1.161594
12	362.962468	1.084998
13	363.717426	0.996928
14	364.472384	0.981788
15	365.227342	0.977405
16	365.982300	0.973023
17	366.737258	0.932278
18	367.492217	0.866812
19	368.247175	0.797179
20	369.002133	0.714390
21	369.757091	0.650351
22	370.512049	0.647228
23	371.267008	0.644104
24	372.021966	0.640979
25	372.776924	0.636050
26	373.531882	0.557543
27	374.286840	0.468119
28	375.041798	0.359482
29	375.796757	0.300772
30	376.551715	0.301184
31	377.306673	0.301596
32	378.061631	0.302008
33	378.816589	0.302420
34	379.571547	0.302832
35	380.326506	0.245331
36	381.081464	0.179464
37	381.836422	0.178556
38	382.591380	0.161737
39	383.346338	-0.011791
bisection interval found by 1-dim search: [382.591380,383.346338]
No.15	 toolpath 336.188354	[r = 383.305052] is calculated within 11.818611s.
-----
initial linear search begins: 
No.	x	f(x)
0	345.494499	1.885991
1	346.250710	1.950949
2	347.006921	1.938188
3	347.763132	1.769964
4	348.519343	1.567530
5	349.275554	1.417037
6	350.031765	1.317212
7	350.787976	1.225092
8	351.544187	1.138659
9	352.300398	1.119766
10	353.056609	1.122920
11	353.812820	1.126075
12	354.569031	1.097812
13	355.325242	1.082260
14	356.081453	1.079125
15	356.837664	1.074740
16	357.593876	1.027371
17	358.350087	0.942883
18	359.106298	0.859670
19	359.862509	0.789700
20	360.618720	0.722771
21	361.374931	0.719648
22	362.131142	0.716524
23	362.887353	0.713400
24	363.643564	0.710275
25	364.399775	0.653526
26	365.155986	0.554648
27	365.912197	0.452071
28	366.668408	0.361727
29	367.424619	0.291617
30	368.180830	0.292031
31	368.937041	0.292445
32	369.693252	0.292860
33	370.449464	0.293274
34	371.205675	0.293688
35	371.961886	0.276510
36	372.718097	0.199536
37	373.474308	0.198629
38	374.230519	0.166853
39	374.986730	-0.015372
bisection interval found by 1-dim search: [374.230519,374.986730]
No.16	 toolpath 327.805055	[r = 374.933559] is calculated within 11.895467s.
-----
initial linear search begins: 
No.	x	f(x)
0	337.061625	1.844489
1	337.819064	1.849061
2	338.576503	1.853634
3	339.333941	1.755277
4	340.091380	1.573941
5	340.848819	1.450370
6	341.606257	1.344329
7	342.363696	1.239623
8	343.121135	1.203014
9	343.878573	1.198631
10	344.636012	1.194247
11	345.393451	1.145627
12	346.150889	1.062876
13	346.908328	1.062171
14	347.665767	1.065325
15	348.423205	1.068479
16	349.180644	1.032045
17	349.938083	0.944746
18	350.695521	0.853014
19	351.452960	0.795331
20	352.210399	0.792209
21	352.967837	0.789086
22	353.725276	0.785962
23	354.482715	0.779282
24	355.240153	0.723548
25	355.997592	0.645527
26	356.755031	0.543529
27	357.512469	0.435847
28	358.269908	0.352225
29	359.027347	0.282396
30	359.784785	0.282813
31	360.542224	0.283229
32	361.299663	0.283645
33	362.057101	0.284061
34	362.814540	0.284477
35	363.571979	0.284894
36	364.329417	0.219636
37	365.086856	0.218730
38	365.844295	0.166267
39	366.601733	-0.023788
bisection interval found by 1-dim search: [365.844295,366.601733]
No.17	 toolpath 319.396292	[r = 366.524806] is calculated within 12.199807s.
-----
initial linear search begins: 
No.	x	f(x)
0	328.592680	1.732746
1	329.351322	1.610289
2	330.109965	1.495583
3	330.868607	1.372919
4	331.627250	1.290722
5	332.385892	1.494988
6	333.144535	1.372699
7	333.903177	1.305238
8	334.661820	1.300852
9	335.420462	1.296467
10	336.179105	1.251102
11	336.937748	1.151599
12	337.696390	1.049207
13	338.455033	0.991877
14	339.213675	0.995028
15	339.972318	0.998180
16	340.730960	1.000858
17	341.489603	0.941912
18	342.248245	0.868030
19	343.006888	0.864908
20	343.765530	0.861786
21	344.524173	0.858663
22	345.282815	0.846861
23	346.041458	0.771745
24	346.800100	0.700884
25	347.558743	0.627019
26	348.317385	0.530409
27	349.076028	0.421660
28	349.834670	0.335406
29	350.593313	0.273118
30	351.351956	0.273535
31	352.110598	0.273953
32	352.869241	0.274370
33	353.627883	0.274788
34	354.386526	0.275205
35	355.145168	0.275623
36	355.903811	0.239762
37	356.662453	0.238857
38	357.421096	0.162641
39	358.179738	0.012014
40	358.938381	-0.002612
bisection interval found by 1-dim search: [358.179738,358.938381]
No.18	 toolpath 311.116411	[r = 358.244934] is calculated within 11.899369s.
-----
initial linear search begins: 
No.	x	f(x)
0	320.254962	1.641799
1	321.014761	1.640794
2	321.774561	1.539472
3	322.534360	1.418426
4	323.294160	1.400260
5	324.053959	1.395267
6	324.813758	1.378268
7	325.573558	1.275941
8	326.333357	1.154263
9	327.093157	1.041332
10	327.852956	0.948753
11	328.612756	0.939657
12	329.372555	0.935931
13	330.132355	0.932205
14	330.892154	0.924595
15	331.651954	0.865685
16	332.411753	0.942665
17	333.171552	0.930640
18	333.931352	0.867277
19	334.691151	0.903489
20	335.450951	0.930179
21	336.210750	0.919454
22	336.970550	0.847493
23	337.730349	0.750613
24	338.490149	0.670674
25	339.249948	0.601190
26	340.009747	0.512512
27	340.769547	0.408411
28	341.529346	0.324051
29	342.289146	0.294371
30	343.048945	0.264954
31	343.808745	0.264799
32	344.568544	0.265219
33	345.328344	0.265639
34	346.088143	0.266058
35	346.847942	0.266477
36	347.607742	0.266897
37	348.367541	0.258629
38	349.127341	0.165568
39	349.887140	0.046105
40	350.646940	-0.007232
bisection interval found by 1-dim search: [349.887140,350.646940]
No.19	 toolpath 303.085084	[r = 350.201745] is calculated within 11.071815s.
-----
initial linear search begins: 
No.	x	f(x)
0	312.156927	1.544318
1	312.917823	1.548901
2	313.678720	1.552092
3	314.439616	1.474703
4	315.200512	1.506462
5	315.961409	1.501395
6	316.722305	1.429594
7	317.483201	1.300273
8	318.244098	1.164296
9	319.004994	1.051414
10	319.765890	1.022555
11	320.526787	1.018829
12	321.287683	1.015103
13	322.048580	1.008325
14	322.809476	0.922830
15	323.570372	0.859105
16	324.331269	0.857008
17	325.092165	0.868566
18	325.853061	0.871714
19	326.613958	0.831248
20	327.374854	0.733969
21	328.135750	0.640963
22	328.896647	0.572369
23	329.657543	0.498164
24	330.418439	0.406547
25	331.179336	0.349964
26	331.940232	0.494163
27	332.701128	0.402985
28	333.462025	0.353939
29	334.222921	0.317103
30	334.983818	0.284096
31	335.744714	0.283194
32	336.505610	0.282291
33	337.266507	0.281389
34	338.027403	0.280486
35	338.788299	0.279583
36	339.549196	0.278679
37	340.310092	0.258414
38	341.070988	0.203075
39	341.831885	0.081137
40	342.592781	0.007291
41	343.353677	-0.018132
bisection interval found by 1-dim search: [342.592781,343.353677]
No.20	 toolpath 295.577186	[r = 342.693838] is calculated within 11.105480s.
-----
initial linear search begins: 
No.	x	f(x)
0	304.599017	1.453338
1	305.360914	1.457924
2	306.122810	1.462509
3	306.884706	1.467095
4	307.646603	1.471682
5	308.408499	1.476268
6	309.170396	1.445325
7	309.932292	1.316864
8	310.694188	1.180132
9	311.456085	1.100122
10	312.217981	1.096397
11	312.979878	1.092672
12	313.741774	1.088946
13	314.503670	1.021925
14	315.265567	0.901616
15	316.027463	0.799954
16	316.789360	0.803098
17	317.551256	0.806243
18	318.313153	0.809389
19	319.075049	0.799560
20	319.836945	0.713168
21	320.598842	0.613989
22	321.360738	0.543599
23	322.122635	0.480814
24	322.884531	0.421368
25	323.646427	0.388254
26	324.408324	0.339633
27	325.170220	0.301237
28	325.932117	0.299728
29	326.694013	0.298218
30	327.455909	0.296709
31	328.217806	0.295199
32	328.979702	0.293688
33	329.741599	0.292178
34	330.503495	0.248803
35	331.265391	0.242174
36	332.027288	0.295922
37	332.789184	0.250072
38	333.551081	0.233131
39	334.312977	0.112384
40	335.074874	0.038834
41	335.836770	-0.038074
bisection interval found by 1-dim search: [335.074874,335.836770]
No.21	 toolpath 288.416558	[r = 335.545106] is calculated within 11.080227s.
-----
initial linear search begins: 
No.	x	f(x)
0	297.403741	1.366707
1	298.166569	1.371295
2	298.929396	1.375884
3	299.692223	1.380473
4	300.455051	1.385062
5	301.217878	1.389652
6	301.980705	1.394242
7	302.743533	1.324715
8	303.506360	1.202790
9	304.269187	1.170388
10	305.032014	1.166663
11	305.794842	1.162939
12	306.557669	1.139144
13	307.320496	1.011412
14	308.083324	0.874472
15	308.846151	0.753640
16	309.608978	0.743833
17	310.371806	0.746976
18	311.134633	0.750119
19	311.897460	0.752838
20	312.660287	0.687723
21	313.423115	0.590443
22	314.185942	0.519373
23	314.948769	0.480005
24	315.711597	0.450210
25	316.474424	0.408498
26	317.237251	0.353661
27	318.000079	0.329649
28	318.762906	0.328141
29	319.525733	0.326632
30	320.288560	0.325123
31	321.051388	0.323613
32	321.814215	0.322104
33	322.577042	0.295806
34	323.339870	0.244625
35	324.102697	0.244441
36	324.865524	0.244256
37	325.628352	0.244071
38	326.391179	0.243886
39	327.154006	0.243701
40	327.916833	0.209646
41	328.679661	0.243808
42	329.442488	0.123100
43	330.205315	-0.115835
bisection interval found by 1-dim search: [329.442488,330.205315]
No.22	 toolpath 284.907861	[r = 329.841780] is calculated within 11.492976s.
-----
initial linear search begins: 
No.	x	f(x)
0	291.664025	1.331253
1	292.427580	1.335236
2	293.191135	1.339220
3	293.954690	1.343205
4	294.718246	1.347190
5	295.481801	1.351176
6	296.245356	1.355161
7	297.008911	1.302497
8	297.772466	1.363133
9	298.536021	1.367120
10	299.299576	1.327076
11	300.063131	1.218882
12	300.826686	1.209080
13	301.590241	1.211431
14	302.353797	1.207705
15	303.117352	1.145780
16	303.880907	1.000137
17	304.644462	0.856778
18	305.408017	0.734327
19	306.171572	0.728122
20	306.935127	0.730658
21	307.698682	0.733193
22	308.462237	0.735698
23	309.225793	0.675334
24	309.989348	0.583116
25	310.752903	0.525007
26	311.516458	0.495088
27	312.280013	0.459201
28	313.043568	0.415676
29	313.807123	0.357853
30	314.570678	0.347738
31	315.334233	0.346229
32	316.097789	0.344719
33	316.861344	0.343209
34	317.624899	0.341699
35	318.388454	0.340189
36	319.152009	0.284144
37	319.915564	0.246828
38	320.679119	0.246644
39	321.442674	0.246461
40	322.206229	0.246277
41	322.969785	0.246093
42	323.733340	0.245909
43	324.496895	0.187025
44	325.260450	0.026328
45	326.024005	-0.376594
bisection interval found by 1-dim search: [325.260450,326.024005]
No.23	 toolpath 280.392143	[r = 325.326068] is calculated within 11.081904s.
-----
initial linear search begins: 
No.	x	f(x)
0	287.119966	1.297532
1	287.884088	1.287842
2	288.648210	1.291828
3	289.412332	1.295814
4	290.176454	1.299800
5	290.940576	1.303787
6	291.704698	1.307774
7	292.468820	1.305627
8	293.232942	1.236402
9	293.997065	1.209834
10	294.761187	1.244654
11	295.525309	1.236402
12	296.289431	1.123130
13	297.053553	0.964862
14	297.817675	1.251612
15	298.581797	1.151149
16	299.345919	0.993684
17	300.110041	0.844156
18	300.874163	0.719036
19	301.638285	0.698043
20	302.402407	0.700576
21	303.166529	0.703111
22	303.930651	0.705646
23	304.694773	0.664934
24	305.458895	0.584611
25	306.223017	0.544082
26	306.987139	0.502825
27	307.751261	0.461644
28	308.515383	0.418583
29	309.279505	0.367127
30	310.043627	0.365618
31	310.807749	0.364110
32	311.571871	0.362602
33	312.335993	0.361093
34	313.100115	0.359584
35	313.864237	0.354810
36	314.628359	0.278092
37	315.392481	0.248994
38	316.156603	0.248812
39	316.920725	0.248629
40	317.684848	0.248446
41	318.448970	0.248264
42	319.213092	0.248081
43	319.977214	0.172449
44	320.741336	0.014512
45	321.505458	-0.385094
bisection interval found by 1-dim search: [320.741336,321.505458]
No.24	 toolpath 275.849194	[r = 320.783124] is calculated within 11.141996s.
-----
initial linear search begins: 
No.	x	f(x)
0	282.548920	1.241849
1	283.313604	1.240183
2	284.078288	1.251196
3	284.842972	1.258464
4	285.607656	1.252146
5	286.372340	1.256134
6	287.137024	1.260122
7	287.901708	1.264111
8	288.666392	1.227457
9	289.431077	1.216508
10	290.195761	1.276079
11	290.960445	1.254232
12	291.725129	1.126635
13	292.489813	0.961145
14	293.254497	0.807264
15	294.019181	0.685066
16	294.783865	0.660227
17	295.548549	0.662759
18	296.313233	0.665290
19	297.077917	0.667822
20	297.842601	0.670355
21	298.607285	0.672888
22	299.371969	0.675421
23	300.136654	0.654675
24	300.901338	0.600156
25	301.666022	0.559960
26	302.430706	0.509697
27	303.195390	0.460690
28	303.960074	0.416005
29	304.724758	0.385101
30	305.489442	0.383593
31	306.254126	0.382085
32	307.018810	0.380576
33	307.783494	0.379068
34	308.548178	0.377559
35	309.312862	0.353460
36	310.077547	0.271201
37	310.842231	0.251159
38	311.606915	0.250977
39	312.371599	0.250796
40	313.136283	0.250614
41	313.900967	0.250433
42	314.665651	0.245660
43	315.430335	0.157618
44	316.195019	0.004281
45	316.959703	-0.394658
bisection interval found by 1-dim search: [316.195019,316.959703]
No.25	 toolpath 271.279008	[r = 316.200993] is calculated within 11.151470s.
-----
initial linear search begins: 
No.	x	f(x)
0	277.938866	1.188209
1	278.704108	1.192197
2	279.469351	1.196186
3	280.234593	1.200175
4	280.999836	1.204164
5	281.765078	1.208154
6	282.530321	1.212144
7	283.295564	1.216134
8	284.060806	1.220124
9	284.826049	1.213754
10	285.591291	1.228106
11	286.356534	1.232221
12	287.121776	1.129008
13	287.887019	0.958551
14	288.652261	0.801487
15	289.417504	0.685847
16	290.182747	0.636502
17	290.947989	0.632360
18	291.713232	0.634890
19	292.478474	0.637421
20	293.243717	0.638955
21	294.008959	0.609100
22	294.774202	0.561081
23	295.539444	0.503499
24	296.304687	0.445883
25	297.069929	0.398446
26	297.835172	0.516132
27	298.600415	0.458296
28	299.365657	0.409667
29	300.130900	0.403182
30	300.896142	0.401674
31	301.661385	0.400166
32	302.426627	0.398658
33	303.191870	0.397150
34	303.957112	0.395642
35	304.722355	0.347272
36	305.487598	0.263257
37	306.252840	0.253325
38	307.018083	0.253145
39	307.783325	0.252964
40	308.548568	0.252784
41	309.313810	0.252603
42	310.079053	0.234777
43	310.844295	0.143378
44	311.609538	-0.002866
bisection interval found by 1-dim search: [310.844295,311.609538]
No.26	 toolpath 266.669621	[r = 311.603559] is calculated within 11.043548s.
-----
initial linear search begins: 
No.	x	f(x)
0	273.313839	1.139958
1	274.079633	1.143947
2	274.845428	1.147938
3	275.611222	1.151928
4	276.377016	1.155919
5	277.142811	1.159910
6	277.908605	1.163901
7	278.674400	1.167892
8	279.440194	1.171884
9	280.205989	1.175876
10	280.971783	1.179868
11	281.737577	1.183861
12	282.503372	1.119911
13	283.269166	0.951523
14	284.034961	0.793683
15	284.800755	0.704500
16	285.566549	0.655507
17	286.332344	0.601820
18	287.098138	0.604349
19	287.863933	0.606879
20	288.629727	0.609408
21	289.395521	0.611410
22	290.161316	0.571109
23	290.927110	0.509328
24	291.692905	0.442296
25	292.458699	0.418921
26	293.224494	0.416761
27	293.990288	0.414600
28	294.756082	0.412439
29	295.521877	0.410278
30	296.287671	0.408117
31	297.053466	0.379067
32	297.819260	0.416832
33	298.585054	0.415325
34	299.350849	0.390443
35	300.116643	0.335735
36	300.882438	0.255677
37	301.648232	0.255498
38	302.414027	0.255318
39	303.179821	0.255138
40	303.945615	0.254957
41	304.711410	0.254777
42	305.477204	0.219127
43	306.242999	0.127749
44	307.008793	-0.018666
bisection interval found by 1-dim search: [306.242999,307.008793]
No.27	 toolpath 262.021006	[r = 306.954948] is calculated within 11.227251s.
-----
initial linear search begins: 
No.	x	f(x)
0	268.637758	1.091255
1	269.404101	1.095246
2	270.170445	1.099238
3	270.936789	1.103229
4	271.703133	1.107221
5	272.469477	1.111214
6	273.235821	1.115206
7	274.002164	1.119199
8	274.768508	1.123192
9	275.534852	1.127185
10	276.301196	1.131179
11	277.067540	1.135174
12	277.833883	1.107114
13	278.600227	0.947171
14	279.366571	0.796507
15	280.132915	0.732993
16	280.899259	0.672830
17	281.665602	0.601794
18	282.431946	0.573549
19	283.198290	0.576076
20	283.964634	0.578605
21	284.730978	0.581134
22	285.497321	0.572171
23	286.263665	0.512378
24	287.030009	0.447378
25	287.796353	0.436512
26	288.562697	0.443058
27	289.329040	0.440897
28	290.095384	0.438736
29	290.861728	0.436575
30	291.628072	0.415845
31	292.394416	0.366107
32	293.160760	0.311296
33	293.927103	0.252665
34	294.693447	0.251831
35	295.459791	0.250997
36	296.226135	0.250163
37	296.992479	0.249329
38	297.758822	0.257499
39	298.525166	0.257320
40	299.291510	0.257141
41	300.057854	0.256961
42	300.824198	0.203247
43	301.590541	0.112999
44	302.356885	-0.030115
bisection interval found by 1-dim search: [301.590541,302.356885]
No.28	 toolpath 257.345107	[r = 302.267079] is calculated within 11.414956s.
-----
initial linear search begins: 
No.	x	f(x)
0	263.922625	1.042226
1	264.689514	1.046219
2	265.456403	1.050212
3	266.223292	1.054205
4	266.990181	1.058198
5	267.757070	1.062192
6	268.523959	1.066185
7	269.290848	1.070179
8	270.057738	1.074174
9	270.824627	1.078168
10	271.591516	1.082164
11	272.358405	1.086160
12	273.125294	1.084560
13	273.892183	0.945607
14	274.659072	0.814838
15	275.425961	0.759348
16	276.192850	0.689204
17	276.959739	0.609115
18	277.726628	0.542568
19	278.493518	0.545095
20	279.260407	0.547622
21	280.027296	0.550149
22	280.794185	0.552677
23	281.561074	0.512103
24	282.327963	0.473829
25	283.094852	0.415358
26	283.861741	0.439133
27	284.628630	0.467352
28	285.395519	0.465192
29	286.162408	0.463032
30	286.929298	0.406444
31	287.696187	0.350945
32	288.463076	0.299675
33	289.229965	0.262860
34	289.996854	0.262027
35	290.763743	0.261194
36	291.530632	0.260361
37	292.297521	0.259528
38	293.064410	0.258695
39	293.831299	0.174015
40	294.598188	0.088403
41	295.365078	-0.071021
bisection interval found by 1-dim search: [294.598188,295.365078]
No.29	 toolpath 252.608786	[r = 295.155381] is calculated within 11.015786s.
-----
initial linear search begins: 
No.	x	f(x)
0	256.770403	1.003846
1	257.538103	1.007187
2	258.305802	1.010528
3	259.073502	1.013870
4	259.841201	1.017212
5	260.608901	1.020555
6	261.376600	1.023898
7	262.144300	1.027241
8	262.911999	1.030584
9	263.679699	1.033927
10	264.447399	1.037270
11	265.215098	1.040614
12	265.982798	1.043958
13	266.750497	1.047302
14	267.518197	1.050646
15	268.285896	1.053991
16	269.053596	0.971497
17	269.821296	0.862577
18	270.588995	0.802989
19	271.356695	0.724497
20	272.124394	0.633811
21	272.892094	0.538958
22	273.659793	0.527353
23	274.427493	0.529225
24	275.195193	0.531097
25	275.962892	0.532970
26	276.730592	0.521765
27	277.498291	0.485071
28	278.265991	0.405813
29	279.033690	0.421434
30	279.801390	0.494956
31	280.569090	0.498852
32	281.336789	0.484099
33	282.104489	0.408125
34	282.872188	0.346556
35	283.639888	0.297916
36	284.407587	0.275813
37	285.175287	0.274981
38	285.942986	0.274150
39	286.710686	0.273318
40	287.478386	0.272486
41	288.246085	0.266518
42	289.013785	0.172478
43	289.781484	0.079953
44	290.549184	-0.050181
bisection interval found by 1-dim search: [289.781484,290.549184]
No.30	 toolpath 247.840658	[r = 290.387247] is calculated within 11.089793s.
-----
initial linear search begins: 
No.	x	f(x)
0	251.975663	0.962125
1	252.743894	0.965467
2	253.512126	0.968810
3	254.280358	0.972153
4	255.048589	0.975497
5	255.816821	0.978841
6	256.585053	0.982185
7	257.353285	0.985529
8	258.121516	0.988873
9	258.889748	0.992217
10	259.657980	0.995562
11	260.426211	0.998907
12	261.194443	1.002252
13	261.962675	1.005597
14	262.730906	1.008943
15	263.499138	1.012289
16	264.267370	0.971792
17	265.035601	0.895339
18	265.803833	0.827520
19	266.572065	0.741252
20	267.340297	0.640590
21	268.108528	0.547315
22	268.876760	0.545158
23	269.644992	0.543001
24	270.413223	0.540844
25	271.181455	0.538686
26	271.949687	0.536527
27	272.717918	0.475268
28	273.486150	0.411905
29	274.254382	0.407306
30	275.022613	0.488794
31	275.790845	0.520895
32	276.559077	0.480772
33	277.327309	0.400415
34	278.095540	0.335076
35	278.863772	0.288159
36	279.632004	0.286147
37	280.400235	0.285316
38	281.168467	0.284485
39	281.936699	0.283654
40	282.704930	0.282823
41	283.473162	0.258461
42	284.241394	0.162327
43	285.009625	0.072975
44	285.777857	-0.054173
bisection interval found by 1-dim search: [285.009625,285.777857]
No.31	 toolpath 243.045216	[r = 285.591801] is calculated within 11.139088s.
-----
initial linear search begins: 
No.	x	f(x)
0	247.153913	0.920183
1	247.922671	0.923526
2	248.691429	0.926871
3	249.460186	0.930215
4	250.228944	0.933560
5	250.997702	0.936905
6	251.766460	0.940250
7	252.535217	0.943595
8	253.303975	0.946941
9	254.072733	0.950286
10	254.841491	0.953632
11	255.610248	0.956978
12	256.379006	0.960324
13	257.147764	0.963671
14	257.916522	0.967017
15	258.685279	0.970365
16	259.454037	0.971760
17	260.222795	0.923467
18	260.991553	0.850362
19	261.760310	0.757302
20	262.529068	0.646732
21	263.297826	0.574315
22	264.066584	0.572158
23	264.835341	0.570001
24	265.604099	0.567844
25	266.372857	0.565686
26	267.141615	0.558904
27	267.910373	0.470622
28	268.679130	0.425028
29	269.447888	0.392858
30	270.216646	0.475498
31	270.985404	0.497482
32	271.754161	0.471878
33	272.522919	0.391410
34	273.291677	0.322470
35	274.060435	0.297356
36	274.829192	0.296527
37	275.597950	0.295697
38	276.366708	0.294867
39	277.135466	0.294036
40	277.904223	0.293206
41	278.672981	0.247250
42	279.441739	0.152904
43	280.210497	0.063131
44	280.979254	-0.058317
bisection interval found by 1-dim search: [280.210497,280.979254]
No.32	 toolpath 238.222466	[r = 280.781059] is calculated within 11.099799s.
-----
initial linear search begins: 
No.	x	f(x)
0	242.317241	0.878073
1	243.086518	0.881417
2	243.855794	0.884763
3	244.625070	0.888108
4	245.394347	0.891454
5	246.163623	0.894800
6	246.932900	0.898146
7	247.702176	0.901493
8	248.471452	0.904839
9	249.240729	0.908186
10	250.010005	0.911533
11	250.779281	0.914880
12	251.548558	0.918228
13	252.317834	0.921575
14	253.087110	0.924923
15	253.856387	0.928271
16	254.625663	0.931620
17	255.394939	0.933404
18	256.164216	0.866832
19	256.933492	0.768995
20	257.702768	0.651860
21	258.472045	0.601405
22	259.241321	0.599249
23	260.010598	0.597094
24	260.779874	0.594938
25	261.549150	0.592781
26	262.318427	0.558268
27	263.087703	0.466521
28	263.856979	0.430271
29	264.626256	0.378843
30	265.395532	0.460362
31	266.164808	0.473999
32	266.934085	0.458790
33	267.703361	0.380262
34	268.472637	0.309091
35	269.241914	0.295697
36	270.011190	0.306931
37	270.780466	0.306102
38	271.549743	0.305273
39	272.319019	0.304444
40	273.088296	0.286540
41	273.857572	0.234842
42	274.626848	0.141122
43	275.396125	0.053974
44	276.165401	-0.067255
bisection interval found by 1-dim search: [275.396125,276.165401]
No.33	 toolpath 233.384435	[r = 275.931012] is calculated within 11.627922s.
-----
initial linear search begins: 
No.	x	f(x)
0	237.441516	0.835742
1	238.211306	0.839087
2	238.981096	0.842434
3	239.750886	0.845781
4	240.520676	0.849128
5	241.290466	0.852475
6	242.060256	0.855822
7	242.830046	0.859170
8	243.599835	0.862517
9	244.369625	0.865865
10	245.139415	0.869213
11	245.909205	0.872561
12	246.678995	0.875910
13	247.448785	0.879258
14	248.218575	0.882607
15	248.988365	0.885957
16	249.758155	0.889307
17	250.527945	0.892657
18	251.297735	0.876903
19	252.067525	0.780358
20	252.837314	0.661005
21	253.607104	0.628624
22	254.376894	0.626469
23	255.146684	0.624313
24	255.916474	0.622158
25	256.686264	0.620001
26	257.456054	0.552504
27	258.225844	0.442946
28	258.995634	0.429000
29	259.765424	0.363073
30	260.535214	0.441586
31	261.305004	0.450418
32	262.074794	0.444160
33	262.844583	0.370980
34	263.614373	0.297444
35	264.384163	0.272345
36	265.153953	0.317372
37	265.923743	0.316544
38	266.693533	0.315716
39	267.463323	0.314888
40	268.233113	0.272342
41	269.002903	0.224024
42	269.772693	0.132985
43	270.542483	0.045952
44	271.312273	-0.069950
bisection interval found by 1-dim search: [270.542483,271.312273]
No.34	 toolpath 228.507098	[r = 271.053671] is calculated within 11.057292s.
-----
initial linear search begins: 
No.	x	f(x)
0	232.538820	0.793138
1	233.309117	0.796484
2	234.079414	0.799832
3	234.849711	0.803180
4	235.620008	0.806528
5	236.390306	0.809876
6	237.160603	0.813225
7	237.930900	0.816573
8	238.701197	0.819922
9	239.471494	0.823271
10	240.241791	0.826620
11	241.012088	0.829969
12	241.782385	0.833319
13	242.552682	0.836668
14	243.322979	0.840018
15	244.093276	0.843369
16	244.863573	0.846720
17	245.633870	0.850071
18	246.404167	0.853423
19	247.174464	0.786688
20	247.944761	0.670062
21	248.715058	0.655999
22	249.485355	0.653837
23	250.255652	0.651688
24	251.025949	0.649533
25	251.796246	0.647421
26	252.566543	0.542585
27	253.336840	0.419242
28	254.107137	0.417835
29	254.877434	0.357892
30	255.647731	0.422192
31	256.418028	0.426709
32	257.188325	0.425806
33	257.958622	0.360308
34	258.728919	0.285572
35	259.499216	0.248131
36	260.269513	0.327862
37	261.039810	0.327036
38	261.810107	0.326209
39	262.580404	0.307805
40	263.350701	0.257065
41	264.120998	0.210811
42	264.891295	0.121895
43	265.661592	0.037965
44	266.431889	-0.075138
bisection interval found by 1-dim search: [265.661592,266.431889]
No.35	 toolpath 223.578405	[r = 266.137010] is calculated within 11.046330s.
-----
initial linear search begins: 
No.	x	f(x)
0	227.597074	0.750156
1	228.367873	0.753504
2	229.138671	0.756852
3	229.909470	0.760201
4	230.680269	0.763550
5	231.451067	0.766900
6	232.221866	0.770249
7	232.992665	0.773599
8	233.763464	0.776949
9	234.534262	0.780299
10	235.305061	0.783649
11	236.075860	0.786999
12	236.846658	0.790350
13	237.617457	0.793700
14	238.388256	0.797051
15	239.159055	0.800403
16	239.929853	0.803755
17	240.700652	0.807107
18	241.471451	0.810460
19	242.242250	0.784460
20	243.013048	0.681077
21	243.783847	0.683601
22	244.554646	0.635968
23	245.325444	0.679440
24	246.096243	0.677139
25	246.867042	0.663556
26	247.637841	0.529572
27	248.408639	0.395355
28	249.179438	0.397754
29	249.950237	0.350641
30	250.721035	0.401485
31	251.491834	0.402815
32	252.262633	0.404331
33	253.033432	0.347144
34	253.804230	0.271288
35	254.575029	0.229203
36	255.345828	0.318605
37	256.116626	0.337602
38	256.887425	0.336777
39	257.658224	0.291294
40	258.429023	0.240525
41	259.199821	0.195928
42	259.970620	0.110653
43	260.741419	0.027611
44	261.512218	-0.073222
bisection interval found by 1-dim search: [260.741419,261.512218]
No.36	 toolpath 218.610362	[r = 261.156927] is calculated within 11.312257s.
-----
initial linear search begins: 
No.	x	f(x)
0	222.592067	0.756615
1	223.363364	0.730012
2	224.134661	0.713443
3	224.905959	0.716793
4	225.677256	0.720143
5	226.448553	0.723493
6	227.219850	0.726844
7	227.991147	0.730195
8	228.762445	0.733545
9	229.533742	0.736896
10	230.305039	0.740248
11	231.076336	0.743599
12	231.847634	0.746950
13	232.618931	0.750302
14	233.390228	0.753654
15	234.161525	0.757006
16	234.932822	0.760359
17	235.704120	0.763713
18	236.475417	0.767066
19	237.246714	0.770157
20	238.018011	0.697043
21	238.789308	0.637990
22	239.560606	0.606856
23	240.331903	0.679912
24	241.103200	0.705001
25	241.874497	0.665414
26	242.645794	0.518171
27	243.417092	0.374630
28	244.188389	0.373118
29	244.959686	0.354858
30	245.730983	0.376844
31	246.502280	0.378709
32	247.273578	0.381115
33	248.044875	0.335023
34	248.816172	0.258813
35	249.587469	0.216983
36	250.358767	0.299237
37	251.130064	0.348265
38	251.901361	0.347440
39	252.672658	0.275365
40	253.443955	0.225513
41	254.215253	0.183260
42	254.986550	0.100407
43	255.757847	0.019146
44	256.529144	-0.070065
bisection interval found by 1-dim search: [255.757847,256.529144]
No.37	 toolpath 213.554754	[r = 256.113367] is calculated within 11.061931s.
-----
initial linear search begins: 
No.	x	f(x)
0	217.523760	0.785254
1	218.295552	0.710217
2	219.067344	0.669394
3	219.839136	0.672744
4	220.610929	0.676096
5	221.382721	0.679447
6	222.154513	0.682799
7	222.926305	0.686150
8	223.698097	0.689502
9	224.469889	0.692854
10	225.241681	0.696206
11	226.013473	0.699559
12	226.785266	0.702911
13	227.557058	0.706264
14	228.328850	0.709617
15	229.100642	0.712970
16	229.872434	0.716324
17	230.644226	0.719678
18	231.416018	0.723032
19	232.187811	0.726387
20	232.959603	0.709344
21	233.731395	0.631516
22	234.503187	0.570512
23	235.274979	0.671442
24	236.046771	0.733256
25	236.818563	0.656098
26	237.590356	0.502297
27	238.362148	0.367294
28	239.133940	0.366472
29	239.905732	0.365650
30	240.677524	0.364828
31	241.449316	0.364005
32	242.221108	0.363183
33	242.992900	0.320061
34	243.764693	0.244939
35	244.536485	0.201669
36	245.308277	0.282513
37	246.080069	0.359067
38	246.851861	0.338917
39	247.623653	0.257554
40	248.395445	0.207023
41	249.167238	0.169828
42	249.939030	0.087621
43	250.710822	0.009643
44	251.482614	-0.066865
bisection interval found by 1-dim search: [250.710822,251.482614]
No.38	 toolpath 208.435598	[r = 250.982155] is calculated within 11.165283s.
-----
initial linear search begins: 
No.	x	f(x)
0	212.367883	0.687146
1	213.140168	0.671831
2	213.912454	0.624705
3	214.684739	0.628057
4	215.457025	0.631409
5	216.229310	0.634761
6	217.001595	0.638113
7	217.773881	0.641466
8	218.546166	0.644819
9	219.318452	0.648172
10	220.090737	0.651525
11	220.863023	0.654879
12	221.635308	0.658232
13	222.407594	0.661586
14	223.179879	0.664940
15	223.952164	0.668293
16	224.724450	0.671648
17	225.496735	0.675003
18	226.269021	0.678358
19	227.041306	0.681714
20	227.813592	0.685069
21	228.585877	0.636473
22	229.358163	0.531523
23	230.130448	0.653072
24	230.902733	0.698494
25	231.675019	0.645603
26	232.447304	0.489822
27	233.219590	0.378220
28	233.991875	0.377400
29	234.764161	0.376579
30	235.536446	0.375758
31	236.308732	0.374937
32	237.081017	0.362636
33	237.853302	0.306316
34	238.625588	0.233827
35	239.397873	0.188336
36	240.170159	0.260420
37	240.942444	0.337792
38	241.714730	0.321252
39	242.487015	0.238622
40	243.259301	0.190280
41	244.031586	0.154961
42	244.803871	0.078361
43	245.576157	0.001231
44	246.348442	-0.063630
bisection interval found by 1-dim search: [245.576157,246.348442]
No.39	 toolpath 203.059771	[r = 245.618391] is calculated within 11.122566s.
-----
initial linear search begins: 
No.	x	f(x)
0	206.978886	0.571202
1	207.751676	0.578727
2	208.524466	0.577906
3	209.297256	0.581258
4	210.070046	0.584611
5	210.842836	0.587963
6	211.615626	0.591317
7	212.388416	0.594670
8	213.161207	0.598024
9	213.933997	0.601378
10	214.706787	0.604733
11	215.479577	0.608087
12	216.252367	0.611441
13	217.025157	0.614796
14	217.797947	0.618151
15	218.570737	0.621506
16	219.343527	0.624861
17	220.116318	0.628216
18	220.889108	0.631572
19	221.661898	0.634929
20	222.434688	0.638286
21	223.207478	0.625675
22	223.980268	0.503673
23	224.753058	0.631910
24	225.525848	0.651714
25	226.298638	0.623207
26	227.071429	0.470494
27	227.844219	0.389642
28	228.617009	0.388822
29	229.389799	0.388003
30	230.162589	0.387183
31	230.935379	0.386364
32	231.708169	0.333119
33	232.480959	0.289394
34	233.253749	0.220931
35	234.026540	0.175227
36	234.799330	0.240773
37	235.572120	0.315142
38	236.344910	0.298993
39	237.117700	0.217631
40	237.890490	0.172546
41	238.663280	0.140085
42	239.436070	0.063834
43	240.208860	-0.009920
bisection interval found by 1-dim search: [239.436070,240.208860]
No.40	 toolpath 197.499301	[r = 240.045850] is calculated within 10.961577s.
-----
initial linear search begins: 
No.	x	f(x)
0	201.380723	0.219402
1	202.154026	0.221250
2	202.927328	0.223097
3	203.700631	0.197678
4	204.473933	0.133093
5	205.247236	0.103374
6	206.020538	0.120371
7	206.793841	0.146909
8	207.567143	0.549538
9	208.340446	0.552893
10	209.113749	0.556248
11	209.887051	0.559604
12	210.660354	0.562959
13	211.433656	0.566315
14	212.206959	0.569671
15	212.980261	0.573027
16	213.753564	0.576383
17	214.526866	0.579739
18	215.300169	0.583096
19	216.073471	0.586453
20	216.846774	0.589810
21	217.620076	0.593168
22	218.393379	0.501650
23	219.166682	0.597089
24	219.939984	0.603242
25	220.713287	0.596962
26	221.486589	0.456033
27	222.259892	0.401464
28	223.033194	0.398704
29	223.806497	0.397976
30	224.579799	0.399007
31	225.353102	0.398188
32	226.126404	0.301316
33	226.899707	0.271506
34	227.673009	0.212949
35	228.446312	0.170995
36	229.219615	0.216980
37	229.992917	0.288955
38	230.766220	0.275815
39	231.539522	0.197495
40	232.312825	0.152737
41	233.086127	0.123699
42	233.859430	0.052372
43	234.632732	-0.019785
bisection interval found by 1-dim search: [233.859430,234.632732]
No.41	 toolpath 191.802240	[r = 234.348785] is calculated within 10.991475s.
-----
initial linear search begins: 
No.	x	f(x)
0	195.658089	0.302572
1	196.431903	0.295430
2	197.205717	0.195784
3	197.979531	0.191215
4	198.753345	0.135989
5	199.527159	0.096130
6	200.300973	0.121581
7	201.074787	0.202227
8	201.848601	0.191214
9	202.622414	0.122756
10	203.396228	0.090769
11	204.170042	0.106944
12	204.943856	0.189517
13	205.717670	0.194495
14	206.491484	0.175409
15	207.265298	0.523434
16	208.039112	0.526792
17	208.812926	0.530149
18	209.586740	0.533506
19	210.360554	0.536864
20	211.134368	0.540222
21	211.908182	0.543580
22	212.681995	0.494347
23	213.455809	0.550297
24	214.229623	0.553657
25	215.003437	0.556939
26	215.777251	0.437058
27	216.551065	0.382833
28	217.324879	0.352298
29	218.098693	0.370511
30	218.872507	0.411082
31	219.646321	0.410264
32	220.420135	0.266093
33	221.193949	0.252358
34	221.967763	0.211368
35	222.741576	0.159088
36	223.515390	0.194593
37	224.289204	0.260567
38	225.063018	0.251286
39	225.836832	0.175903
40	226.610646	0.133935
41	227.384460	0.107369
42	228.158274	0.038988
43	228.932088	-0.028218
bisection interval found by 1-dim search: [228.158274,228.932088]
No.42	 toolpath 185.980503	[r = 228.539135] is calculated within 10.849312s.
-----
initial linear search begins: 
No.	x	f(x)
0	189.823014	0.410283
1	190.597337	0.338722
2	191.371659	0.167959
3	192.145981	0.169802
4	192.920304	0.157802
5	193.694626	0.096387
6	194.468949	0.118755
7	195.243271	0.178171
8	196.017594	0.169523
9	196.791916	0.103442
10	197.566238	0.081938
11	198.340561	0.087161
12	199.114883	0.115957
13	199.889206	0.120842
14	200.663528	0.124623
15	201.437851	0.127522
16	202.212173	0.253880
17	202.986495	0.283365
18	203.760818	0.261838
19	204.535140	0.324989
[警告: Something wrong in the intersection point calculation process.\n] 
[> 位置：<a href="matlab:matlab.internal.language.introspective.errorDocCallback('residual2D_multi', 'D:\Code\2021-11_ToolWaviness\upm_toolpath\src\funcs\tool_geometry\residual\residual2D_multi.m', 177)" style="font-weight:bold">residual2D_multi</a> (<a href="matlab: opentoline('D:\Code\2021-11_ToolWaviness\upm_toolpath\src\funcs\tool_geometry\residual\residual2D_multi.m',177,0)">第 177 行</a>)
位置: <a href="matlab:matlab.internal.language.introspective.errorDocCallback('iterfunc_curvepath_multi_solve/iterfunc', 'D:\Code\2021-11_ToolWaviness\upm_toolpath\src\funcs\tool_geometry\iterfunc_curvepath_multi_solve.m', 73)" style="font-weight:bold">iterfunc_curvepath_multi_solve/iterfunc</a> (<a href="matlab: opentoline('D:\Code\2021-11_ToolWaviness\upm_toolpath\src\funcs\tool_geometry\iterfunc_curvepath_multi_solve.m',73,0)">第 73 行</a>)
位置: <a href="matlab:matlab.internal.language.introspective.errorDocCallback('mysearch', 'D:\Code\2021-11_ToolWaviness\upm_toolpath\src\funcs\math\optimization\mysearch.m', 24)" style="font-weight:bold">mysearch</a> (<a href="matlab: opentoline('D:\Code\2021-11_ToolWaviness\upm_toolpath\src\funcs\math\optimization\mysearch.m',24,0)">第 24 行</a>)
位置: <a href="matlab:matlab.internal.language.introspective.errorDocCallback('iterfunc_curvepath_multi_solve', 'D:\Code\2021-11_ToolWaviness\upm_toolpath\src\funcs\tool_geometry\iterfunc_curvepath_multi_solve.m', 123)" style="font-weight:bold">iterfunc_curvepath_multi_solve</a> (<a href="matlab: opentoline('D:\Code\2021-11_ToolWaviness\upm_toolpath\src\funcs\tool_geometry\iterfunc_curvepath_multi_solve.m',123,0)">第 123 行</a>)
位置: <a href="matlab:matlab.internal.language.introspective.errorDocCallback('s4_optim_2D_aspheric_actual_tip_multi_iter', 'D:\Code\2021-11_ToolWaviness\upm_toolpath\src\s4_optim_2D_aspheric_actual_tip_multi_iter.m', 252)" style="font-weight:bold">s4_optim_2D_aspheric_actual_tip_multi_iter</a> (<a href="matlab: opentoline('D:\Code\2021-11_ToolWaviness\upm_toolpath\src\s4_optim_2D_aspheric_actual_tip_multi_iter.m',252,0)">第 252 行</a>)] 

警告来自 <a href="matlab:matlab.internal.language.introspective.errorDocCallback('residual2D_multi', 'D:\Code\2021-11_ToolWaviness\upm_toolpath\src\funcs\tool_geometry\residual\residual2D_multi.m', 177)" style="font-weight:bold">residual2D_multi</a> (<a href="matlab: opentoline('D:\Code\2021-11_ToolWaviness\upm_toolpath\src\funcs\tool_geometry\residual\residual2D_multi.m',177,0)">第 177 行</a>)
<a href="matlab: opentoline('D:\Code\2021-11_ToolWaviness\upm_toolpath\src\funcs\tool_geometry\residual\residual2D_multi.m',177,1)"></a>    warning('Something wrong in the intersection point calculation process.\n');

if system_dependent('IsDebugMode')==1, dbstep; end
if system_dependent('IsDebugMode')==1, dbstep; end
if system_dependent('IsDebugMode')==1, dbstep; end
if system_dependent('IsDebugMode')==1, dbstep; end
if system_dependent('IsDebugMode')==1, dbstep; end
if system_dependent('IsDebugMode')==1, dbstep; end
if system_dependent('IsDebugMode')==1, dbstep; end
if system_dependent('IsDebugMode')==1, dbstep; end
if system_dependent('IsDebugMode')==1, dbstep; end
if system_dependent('IsDebugMode')==1, dbstep; end
if system_dependent('IsDebugMode')==1, dbstep; end
if system_dependent('IsDebugMode')==1, dbstep; end
if system_dependent('IsDebugMode')==1, dbstep; end
if system_dependent('IsDebugMode')==1, dbstep; end
if system_dependent('IsDebugMode')==1, dbstep; end
20	205.309463	1.000000
if system_dependent('IsDebugMode')==1, dbstep; end
if system_dependent('IsDebugMode')==1, dbstep; end
if system_dependent('IsDebugMode')==1, dbstep; end
if system_dependent('IsDebugMode')==1, dbstep; end
if system_dependent('IsDebugMode')==1, dbcont; end
21	206.083785	0.321819
22	206.858108	0.219565
23	207.632430	0.499703
24	208.406752	0.503063
25	209.181075	0.506423
26	209.955397	0.413990
27	210.729720	0.323363
28	211.504042	0.297927
29	212.278365	0.341131
30	213.052687	0.423377
31	213.827009	0.417453
32	214.601332	0.223392
33	215.375654	0.225245
34	216.149977	0.205222
35	216.924299	0.141420
36	217.698621	0.173983
37	218.472944	0.232659
38	219.247266	0.224295
39	220.021589	0.151998
40	220.795911	0.112449
41	221.570234	0.089642
42	222.344556	0.024230
43	223.118878	-0.041401
bisection interval found by 1-dim search: [222.344556,223.118878]
No.43	 toolpath 180.021846	[r = 222.580482] is calculated within 45.554381s.
-----
initial linear search begins: 
No.	x	f(x)
0	183.838963	0.370659
1	184.613794	0.310505
2	185.388624	0.139510
3	186.163455	0.141350
4	186.938285	0.140288
5	187.713115	0.083858
6	188.487946	0.108498
7	189.262776	0.148716
8	190.037607	0.144625
9	190.812437	0.148012
10	191.587267	0.151255
11	192.362098	0.141802
12	193.136928	0.142270
13	193.911758	0.137778
14	194.686589	0.133285
15	195.461419	0.125716
16	196.236250	0.217544
17	197.011080	0.221694
18	197.785910	0.222104
19	198.560741	0.337448
[警告: Something wrong in the intersection point calculation process.\n] 
[> 位置：<a href="matlab:matlab.internal.language.introspective.errorDocCallback('residual2D_multi', 'D:\Code\2021-11_ToolWaviness\upm_toolpath\src\funcs\tool_geometry\residual\residual2D_multi.m', 177)" style="font-weight:bold">residual2D_multi</a> (<a href="matlab: opentoline('D:\Code\2021-11_ToolWaviness\upm_toolpath\src\funcs\tool_geometry\residual\residual2D_multi.m',177,0)">第 177 行</a>)
位置: <a href="matlab:matlab.internal.language.introspective.errorDocCallback('iterfunc_curvepath_multi_solve/iterfunc', 'D:\Code\2021-11_ToolWaviness\upm_toolpath\src\funcs\tool_geometry\iterfunc_curvepath_multi_solve.m', 73)" style="font-weight:bold">iterfunc_curvepath_multi_solve/iterfunc</a> (<a href="matlab: opentoline('D:\Code\2021-11_ToolWaviness\upm_toolpath\src\funcs\tool_geometry\iterfunc_curvepath_multi_solve.m',73,0)">第 73 行</a>)
位置: <a href="matlab:matlab.internal.language.introspective.errorDocCallback('mysearch', 'D:\Code\2021-11_ToolWaviness\upm_toolpath\src\funcs\math\optimization\mysearch.m', 24)" style="font-weight:bold">mysearch</a> (<a href="matlab: opentoline('D:\Code\2021-11_ToolWaviness\upm_toolpath\src\funcs\math\optimization\mysearch.m',24,0)">第 24 行</a>)
位置: <a href="matlab:matlab.internal.language.introspective.errorDocCallback('iterfunc_curvepath_multi_solve', 'D:\Code\2021-11_ToolWaviness\upm_toolpath\src\funcs\tool_geometry\iterfunc_curvepath_multi_solve.m', 123)" style="font-weight:bold">iterfunc_curvepath_multi_solve</a> (<a href="matlab: opentoline('D:\Code\2021-11_ToolWaviness\upm_toolpath\src\funcs\tool_geometry\iterfunc_curvepath_multi_solve.m',123,0)">第 123 行</a>)
位置: <a href="matlab:matlab.internal.language.introspective.errorDocCallback('s4_optim_2D_aspheric_actual_tip_multi_iter', 'D:\Code\2021-11_ToolWaviness\upm_toolpath\src\s4_optim_2D_aspheric_actual_tip_multi_iter.m', 252)" style="font-weight:bold">s4_optim_2D_aspheric_actual_tip_multi_iter</a> (<a href="matlab: opentoline('D:\Code\2021-11_ToolWaviness\upm_toolpath\src\s4_optim_2D_aspheric_actual_tip_multi_iter.m',252,0)">第 252 行</a>)] 
if system_dependent('IsDebugMode')==1, dbcont; end
20	199.335571	1.000000
21	200.110401	0.337770
22	200.885232	0.216156
23	201.660062	0.160298
24	202.434893	0.157955
25	203.209723	0.130048
26	203.984553	0.180511
27	204.759384	0.185621
28	205.534214	0.187469
29	206.309044	0.149427
30	207.083875	0.435941
31	207.858705	0.389138
32	208.633536	0.194867
33	209.408366	0.196717
34	210.183196	0.186427
35	210.958027	0.122623
36	211.732857	0.148748
37	212.507687	0.204121
38	213.282518	0.199775
39	214.057348	0.128543
40	214.832179	0.091627
41	215.607009	0.072082
42	216.381839	0.010576
43	217.156670	-0.045657
bisection interval found by 1-dim search: [216.381839,217.156670]
No.44	 toolpath 173.938213	[r = 216.484747] is calculated within 24.743569s.
-----
initial linear search begins: 
No.	x	f(x)
0	177.717956	0.317718
1	178.493292	0.273806
2	179.268628	0.115387
3	180.043964	0.112338
4	180.819300	0.114177
5	181.594635	0.077556
6	182.369971	0.114659
7	183.145307	0.119693
8	183.920643	0.122776
9	184.695979	0.129184
10	185.471314	0.134814
11	186.246650	0.175636
12	187.021986	0.213188
13	187.797322	0.208607
14	188.572658	0.198966
15	189.347993	0.126922
16	190.123329	0.154730
17	190.898665	0.158726
18	191.674001	0.211429
19	192.449337	0.335217
[警告: Something wrong in the intersection point calculation process.\n] 
[> 位置：<a href="matlab:matlab.internal.language.introspective.errorDocCallback('residual2D_multi', 'D:\Code\2021-11_ToolWaviness\upm_toolpath\src\funcs\tool_geometry\residual\residual2D_multi.m', 177)" style="font-weight:bold">residual2D_multi</a> (<a href="matlab: opentoline('D:\Code\2021-11_ToolWaviness\upm_toolpath\src\funcs\tool_geometry\residual\residual2D_multi.m',177,0)">第 177 行</a>)
位置: <a href="matlab:matlab.internal.language.introspective.errorDocCallback('iterfunc_curvepath_multi_solve/iterfunc', 'D:\Code\2021-11_ToolWaviness\upm_toolpath\src\funcs\tool_geometry\iterfunc_curvepath_multi_solve.m', 73)" style="font-weight:bold">iterfunc_curvepath_multi_solve/iterfunc</a> (<a href="matlab: opentoline('D:\Code\2021-11_ToolWaviness\upm_toolpath\src\funcs\tool_geometry\iterfunc_curvepath_multi_solve.m',73,0)">第 73 行</a>)
位置: <a href="matlab:matlab.internal.language.introspective.errorDocCallback('mysearch', 'D:\Code\2021-11_ToolWaviness\upm_toolpath\src\funcs\math\optimization\mysearch.m', 24)" style="font-weight:bold">mysearch</a> (<a href="matlab: opentoline('D:\Code\2021-11_ToolWaviness\upm_toolpath\src\funcs\math\optimization\mysearch.m',24,0)">第 24 行</a>)
位置: <a href="matlab:matlab.internal.language.introspective.errorDocCallback('iterfunc_curvepath_multi_solve', 'D:\Code\2021-11_ToolWaviness\upm_toolpath\src\funcs\tool_geometry\iterfunc_curvepath_multi_solve.m', 123)" style="font-weight:bold">iterfunc_curvepath_multi_solve</a> (<a href="matlab: opentoline('D:\Code\2021-11_ToolWaviness\upm_toolpath\src\funcs\tool_geometry\iterfunc_curvepath_multi_solve.m',123,0)">第 123 行</a>)
位置: <a href="matlab:matlab.internal.language.introspective.errorDocCallback('s4_optim_2D_aspheric_actual_tip_multi_iter', 'D:\Code\2021-11_ToolWaviness\upm_toolpath\src\s4_optim_2D_aspheric_actual_tip_multi_iter.m', 252)" style="font-weight:bold">s4_optim_2D_aspheric_actual_tip_multi_iter</a> (<a href="matlab: opentoline('D:\Code\2021-11_ToolWaviness\upm_toolpath\src\s4_optim_2D_aspheric_actual_tip_multi_iter.m',252,0)">第 252 行</a>)] 
if system_dependent('IsDebugMode')==1, dbcont; end
20	193.224672	1.000000
21	194.000008	0.338237
22	194.775344	0.216593
23	195.550680	0.197189
24	196.326016	0.194845
25	197.101351	0.125571
26	197.876687	0.154697
27	198.652023	0.156543
28	199.427359	0.158389
29	200.202695	0.143063
30	200.978031	0.162082
31	201.753366	0.151628
32	202.528702	0.099984
33	203.304038	0.063803
34	204.079374	0.051951
35	204.854710	0.014371
36	205.630045	0.012918
37	206.405381	0.011464
38	207.180717	0.170911
39	207.956053	0.107952
40	208.731389	0.070421
41	209.506724	0.055518
42	210.282060	-0.002597
bisection interval found by 1-dim search: [209.506724,210.282060]
No.45	 toolpath 167.693129	[r = 210.251774] is calculated within 177.421977s.
-----
initial linear search begins: 
No.	x	f(x)
0	171.459885	0.263507
1	172.235723	0.226836
2	173.011561	0.157958
3	173.787399	0.214876
4	174.563236	0.143152
5	175.339074	0.055300
6	176.114912	0.104405
7	176.890750	0.121994
8	177.666587	0.167739
9	178.442425	0.203878
10	179.218263	0.206144
11	179.994101	0.225038
12	180.769938	0.271883
13	181.545776	0.281174
14	182.321614	0.239259
15	183.097452	0.148213
16	183.873290	0.106567
17	184.649127	0.108406
18	185.424965	0.214328
19	186.200803	0.469417
[警告: Something wrong in the intersection point calculation process.\n] 
[> 位置：<a href="matlab:matlab.internal.language.introspective.errorDocCallback('residual2D_multi', 'D:\Code\2021-11_ToolWaviness\upm_toolpath\src\funcs\tool_geometry\residual\residual2D_multi.m', 177)" style="font-weight:bold">residual2D_multi</a> (<a href="matlab: opentoline('D:\Code\2021-11_ToolWaviness\upm_toolpath\src\funcs\tool_geometry\residual\residual2D_multi.m',177,0)">第 177 行</a>)
位置: <a href="matlab:matlab.internal.language.introspective.errorDocCallback('iterfunc_curvepath_multi_solve/iterfunc', 'D:\Code\2021-11_ToolWaviness\upm_toolpath\src\funcs\tool_geometry\iterfunc_curvepath_multi_solve.m', 73)" style="font-weight:bold">iterfunc_curvepath_multi_solve/iterfunc</a> (<a href="matlab: opentoline('D:\Code\2021-11_ToolWaviness\upm_toolpath\src\funcs\tool_geometry\iterfunc_curvepath_multi_solve.m',73,0)">第 73 行</a>)
位置: <a href="matlab:matlab.internal.language.introspective.errorDocCallback('mysearch', 'D:\Code\2021-11_ToolWaviness\upm_toolpath\src\funcs\math\optimization\mysearch.m', 24)" style="font-weight:bold">mysearch</a> (<a href="matlab: opentoline('D:\Code\2021-11_ToolWaviness\upm_toolpath\src\funcs\math\optimization\mysearch.m',24,0)">第 24 行</a>)
位置: <a href="matlab:matlab.internal.language.introspective.errorDocCallback('iterfunc_curvepath_multi_solve', 'D:\Code\2021-11_ToolWaviness\upm_toolpath\src\funcs\tool_geometry\iterfunc_curvepath_multi_solve.m', 123)" style="font-weight:bold">iterfunc_curvepath_multi_solve</a> (<a href="matlab: opentoline('D:\Code\2021-11_ToolWaviness\upm_toolpath\src\funcs\tool_geometry\iterfunc_curvepath_multi_solve.m',123,0)">第 123 行</a>)
位置: <a href="matlab:matlab.internal.language.introspective.errorDocCallback('s4_optim_2D_aspheric_actual_tip_multi_iter', 'D:\Code\2021-11_ToolWaviness\upm_toolpath\src\s4_optim_2D_aspheric_actual_tip_multi_iter.m', 252)" style="font-weight:bold">s4_optim_2D_aspheric_actual_tip_multi_iter</a> (<a href="matlab: opentoline('D:\Code\2021-11_ToolWaviness\upm_toolpath\src\s4_optim_2D_aspheric_actual_tip_multi_iter.m',252,0)">第 252 行</a>)] 
if system_dependent('IsDebugMode')==1, dbcont; end
20	186.976641	1.000000
21	187.752478	0.321831
22	188.528316	0.225979
23	189.304154	0.234980
24	190.079992	0.224174
25	190.855829	0.113159
26	191.631667	0.124975
27	192.407505	0.126818
28	193.183343	0.128661
29	193.959180	0.130504
30	194.735018	0.132348
31	195.510856	0.132398
32	196.286694	0.085020
33	197.062532	0.043776
34	197.838369	0.039267
35	198.614207	0.037811
36	199.390045	0.036355
37	200.165883	0.034899
38	200.941720	0.027515
39	201.717558	-0.009676
bisection interval found by 1-dim search: [200.941720,201.717558]
No.46	 toolpath 182.257901	[r = 201.553905] is calculated within 20.352326s.
-----
initial linear search begins: 
No.	x	f(x)
0	162.728244	0.592849
1	163.504757	0.589875
2	164.281271	0.586900
3	165.057784	0.583925
4	165.834297	0.580950
5	166.610810	0.577975
6	167.387323	0.574999
7	168.163837	0.572023
8	168.940350	0.569046
9	169.716863	0.566069
10	170.493376	0.563092
11	171.269889	0.560116
12	172.046403	0.557139
13	172.822916	0.547622
14	173.599429	0.394028
15	174.375942	0.346383
16	175.152456	0.406419
17	175.928969	0.411801
18	176.705482	0.400569
19	177.481995	0.297009
20	178.258508	0.294662
21	179.035022	0.276945
22	179.811535	0.099994
23	180.588048	0.088011
24	181.364561	0.086551
25	182.141074	0.085092
26	182.917588	0.072402
27	183.694101	0.074449
28	184.470614	0.076496
29	185.247127	0.078542
30	186.023641	0.080589
31	186.800154	-0.006118
bisection interval found by 1-dim search: [186.023641,186.800154]
No.47	 toolpath 167.413157	[r = 186.709156] is calculated within 8.855325s.
-----
initial linear search begins: 
No.	x	f(x)
0	147.829212	0.706876
1	148.606811	0.703901
2	149.384410	0.700928
3	150.162009	0.697954
4	150.939608	0.694980
5	151.717207	0.692005
6	152.494806	0.689031
7	153.272404	0.686056
8	154.050003	0.683080
9	154.827602	0.601156
10	155.605201	0.610431
11	156.382800	0.674153
12	157.160399	0.671176
13	157.937998	0.592729
14	158.715597	0.409738
15	159.493195	0.396328
16	160.270794	0.388249
17	161.048393	0.258267
18	161.825992	0.262275
19	162.603591	0.266284
20	163.381190	0.270293
21	164.158789	0.260514
22	164.936388	0.128223
23	165.713986	0.143994
24	166.491585	0.142529
25	167.269184	0.140287
26	168.046783	0.012798
27	168.824382	-0.003898
bisection interval found by 1-dim search: [168.046783,168.824382]
No.48	 toolpath 148.781168	[r = 168.089308] is calculated within 8.317200s.
-----
initial linear search begins: 
No.	x	f(x)
0	129.147238	0.849632
1	129.926080	0.846660
2	130.704921	0.843687
3	131.483762	0.840714
4	132.262604	0.837742
5	133.041445	0.834623
6	133.820287	0.761454
7	134.599128	0.671568
8	135.377969	0.605120
9	136.156811	0.523331
10	136.935652	0.575150
11	137.714494	0.613301
12	138.493335	0.618417
13	139.272176	0.593304
14	140.051018	0.511554
15	140.829859	0.509199
16	141.608701	0.423167
17	142.387542	0.223264
18	143.166383	0.221791
19	143.945225	0.220318
20	144.724066	0.216818
21	145.502908	0.094020
22	146.281749	0.079393
23	147.060590	0.090053
24	147.839432	0.094062
25	148.618273	0.098312
26	149.397115	-0.044455
bisection interval found by 1-dim search: [148.618273,149.397115]
No.49	 toolpath 129.961186	[r = 149.257166] is calculated within 8.189427s.
-----
initial linear search begins: 
No.	x	f(x)
0	110.258980	0.993573
1	111.038944	0.990602
2	111.818908	0.985377
3	112.598871	0.882668
4	113.378835	0.771303
5	114.158799	0.684090
6	114.938763	0.644634
7	115.718726	0.642271
8	116.498690	0.596314
9	117.278654	0.508011
10	118.058618	0.412389
11	118.838581	0.365515
12	119.618545	0.370635
13	120.398509	0.375755
14	121.178472	0.380875
15	121.958436	0.385996
16	122.738400	0.376514
17	123.518364	0.236976
18	124.298327	0.291921
19	125.078291	0.291784
20	125.858255	0.246397
21	126.638218	0.022657
22	127.418182	-0.107882
bisection interval found by 1-dim search: [126.638218,127.418182]
No.50	 toolpath 107.397088	[r = 126.693060] is calculated within 7.830217s.
-----
initial linear search begins: 
No.	x	f(x)
0	87.636493	0.139843
1	88.417624	0.040696
2	89.198756	0.022718
3	89.979887	0.027841
4	90.761018	0.032964
5	91.542150	0.038087
6	92.323281	0.043210
7	93.104412	0.048333
8	93.885544	-0.126733
bisection interval found by 1-dim search: [93.104412,93.885544]
No.51	 toolpath 84.318134	[r = 93.537696] is calculated within 5.758744s.
-----
initial linear search begins: 
No.	x	f(x)
0	54.412778	0.348726
1	55.195277	0.191773
2	55.977775	0.035581
3	56.760273	-0.080027
bisection interval found by 1-dim search: [55.977775,56.760273]
No.52	 toolpath 54.142627	[r = 56.179513] is calculated within 4.497457s.
-----
initial linear search begins: 
No.	x	f(x)
0	17.002319	0.920734
1	17.785863	0.924709
2	18.569407	0.928684
3	19.352951	0.932660
4	20.136495	0.899198
5	20.920039	0.598714
6	21.703582	0.271763
7	22.487126	0.180283
8	23.270670	0.183368
9	24.054214	0.186454
10	24.837758	0.152988
11	25.621302	0.112232
12	26.404846	0.084264
13	27.188390	0.006344
14	27.971933	-0.117018
bisection interval found by 1-dim search: [27.188390,27.971933]
No.53	 toolpath 25.182119	[r = 27.231240] is calculated within 6.856453s.
-----
initial linear search begins: 
No.	x	f(x)
0	-11.968500	0.626822
1	-11.184506	0.630798
2	-10.400511	0.634774
3	-9.616516	0.638750
4	-8.832521	0.642727
5	-8.048526	0.638263
6	-7.264532	0.558451
7	-6.480537	0.512286
8	-5.696542	0.402339
9	-4.912547	0.144262
10	-4.128552	0.008690
11	-3.344558	0.006072
12	-2.560563	0.003454
13	-1.776568	0.000837
14	-0.992573	-0.001781
bisection interval found by 1-dim search: [-1.776568,-0.992573]
No.54	 toolpath -3.562319	[r = -1.525445] is calculated within 7.069677s.
-----
-----
No.54	 toolpath point at [r = 0] is calculated within 2.316460s.
-----
The toolpath concentric optimization process causes 780.299490 seconds.
The time spent in the spiral toolpath generation process is 0.832964s.
close all; save data.mat
s6_post_process
s4_optim_2D_aspheric_actual_tip_multi_iter
