The time spent in the parallel computing activating process is 0.000240s.
-----
No.1	 toolpath -517.894901	[r = -600.000000] is calculated within 0.028037s.
-----
initial linear search begins: 
No.	x	f(x)
0	-580.602381	3.202444
1	-580.990333	3.078942
2	-581.378286	2.956290
3	-581.766238	2.831283
4	-582.154191	2.706366
5	-582.542143	2.582727
6	-582.930095	2.460440
7	-583.318048	2.340286
8	-583.706000	2.222413
9	-584.093952	2.106893
10	-584.481905	1.995724
11	-584.869857	1.888587
12	-585.257810	1.785138
13	-585.645762	1.687629
14	-586.033714	1.593705
15	-586.421667	1.505358
16	-586.809619	1.421936
17	-587.197572	1.342091
18	-587.585524	1.266889
19	-587.973476	1.195861
20	-588.361429	1.127215
21	-588.749381	1.061595
22	-589.137333	0.998899
23	-589.525286	0.991368
24	-589.913238	0.930240
25	-590.301191	0.871157
26	-590.689143	0.813344
27	-591.077095	0.756756
28	-591.465048	0.701353
29	-591.853000	0.646398
30	-592.240952	0.591866
31	-592.628905	0.538415
32	-593.016857	0.484645
33	-593.404810	0.431895
34	-593.792762	0.378778
35	-594.180714	0.325274
36	-594.568667	0.272031
37	-594.956619	0.218409
38	-595.344571	0.164725
39	-595.732524	0.111406
40	-596.120476	0.058288
41	-596.508429	0.013366
42	-596.896381	-0.029113
bisection interval found by 1-dim search: [-596.896381,-596.508429]
No.2	 toolpath -514.532142	[r = -596.636483] is calculated within 6.761081s.
-----
initial linear search begins: 
No.	x	f(x)
0	-577.216447	3.259341
1	-577.604848	3.134746
2	-577.993249	3.010997
3	-578.381650	2.884858
4	-578.770050	2.758786
5	-579.158451	2.633974
6	-579.546852	2.510493
7	-579.935252	2.389149
8	-580.323653	2.270088
9	-580.712054	2.153379
10	-581.100455	2.041036
11	-581.488855	1.932733
12	-581.877256	1.828118
13	-582.265657	1.728582
14	-582.654057	1.634393
15	-583.042458	1.544915
16	-583.430859	1.459570
17	-583.819260	1.379409
18	-584.207660	1.302325
19	-584.596061	1.230213
20	-584.984462	1.160471
21	-585.372862	1.093759
22	-585.761263	1.029982
23	-586.149664	0.967577
24	-586.538065	0.906499
25	-586.926465	0.847429
26	-587.314866	0.789590
27	-587.703267	0.732229
28	-588.091667	0.676029
29	-588.480068	0.620956
30	-588.868469	0.565569
31	-589.256870	0.511252
32	-589.645270	0.504849
33	-590.033671	0.450328
34	-590.422072	0.396126
35	-590.810472	0.342217
36	-591.198873	0.287891
37	-591.587274	0.233181
38	-591.975675	0.177736
39	-592.364075	0.123337
40	-592.752476	0.069763
41	-593.140877	0.016897
42	-593.529277	-0.034644
bisection interval found by 1-dim search: [-593.529277,-593.140877]
No.3	 toolpath -511.158671	[r = -593.264528] is calculated within 6.834217s.
-----
initial linear search begins: 
No.	x	f(x)
0	-573.822171	3.316357
1	-574.211018	3.190667
2	-574.599865	3.064429
3	-574.988712	2.938547
4	-575.377560	2.811318
5	-575.766407	2.685332
6	-576.155254	2.560654
7	-576.544101	2.436948
8	-576.932948	2.316752
9	-577.321795	2.198905
10	-577.710642	2.085435
11	-578.099490	1.976008
12	-578.488337	1.870266
13	-578.877184	1.769611
14	-579.266031	1.674312
15	-579.654878	1.582892
16	-580.043725	1.497276
17	-580.432572	1.415221
18	-580.821419	1.337832
19	-581.210267	1.263859
20	-581.599114	1.193798
21	-581.987961	1.125993
22	-582.376808	1.060378
23	-582.765655	0.996887
24	-583.154502	0.935462
25	-583.543349	0.874567
26	-583.932197	0.815647
27	-584.321044	0.757923
28	-584.709891	0.700634
29	-585.098738	0.643761
30	-585.487585	0.587282
31	-585.876432	0.531885
32	-586.265279	0.476124
33	-586.654126	0.421394
34	-587.042974	0.365559
35	-587.431821	0.310008
36	-587.820668	0.254057
37	-588.209515	0.197997
38	-588.598362	0.142252
39	-588.987209	0.086632
40	-589.376056	0.032954
41	-589.764904	0.026058
42	-590.153751	-0.025954
bisection interval found by 1-dim search: [-590.153751,-589.764904]
No.4	 toolpath -507.855748	[r = -589.961606] is calculated within 6.323763s.
-----
initial linear search begins: 
No.	x	f(x)
0	-570.497532	3.372218
1	-570.886814	3.245457
2	-571.276095	3.118133
3	-571.665377	2.989772
4	-572.054658	2.862790
5	-572.443940	2.735653
6	-572.833221	2.608564
7	-573.222502	2.484915
8	-573.611784	2.363552
9	-574.001065	2.244538
10	-574.390347	2.129916
11	-574.779628	2.018367
12	-575.168910	1.912460
13	-575.558191	1.810675
14	-575.947473	1.713389
15	-576.336754	1.621725
16	-576.726036	1.534189
17	-577.115317	1.451053
18	-577.504599	1.372596
19	-577.893880	1.297551
20	-578.283162	1.225646
21	-578.672443	1.157557
22	-579.061724	1.090871
23	-579.451006	1.026313
24	-579.840287	0.963070
25	-580.229569	0.901857
26	-580.618850	0.841876
27	-581.008132	0.782351
28	-581.397413	0.724002
29	-581.786695	0.666063
30	-582.175976	0.609244
31	-582.565258	0.552064
32	-582.954539	0.495957
33	-583.343821	0.439457
34	-583.733102	0.382552
35	-584.122384	0.325941
36	-584.511665	0.268928
37	-584.900946	0.211806
38	-585.290228	0.155002
39	-585.679509	0.098976
40	-586.068791	0.043581
41	-586.458072	-0.010562
bisection interval found by 1-dim search: [-586.458072,-586.068791]
No.5	 toolpath -504.617596	[r = -586.381280] is calculated within 5.495979s.
-----
initial linear search begins: 
No.	x	f(x)
0	-566.893831	3.432492
1	-567.283580	3.304574
2	-567.673329	3.176076
3	-568.063078	3.046517
4	-568.452827	2.918328
5	-568.842576	2.789952
6	-569.232325	2.661590
7	-569.622074	2.536683
8	-570.011823	2.414066
9	-570.401572	2.293796
10	-570.791321	2.176900
11	-571.181070	2.065144
12	-571.570819	1.957068
13	-571.960568	1.854101
14	-572.350317	1.756518
15	-572.740066	1.662803
16	-573.129815	1.574096
17	-573.519564	1.489794
18	-573.909313	1.410181
19	-574.299062	1.333980
20	-574.688811	1.260915
21	-575.078560	1.190895
22	-575.468309	1.123842
23	-575.858058	1.058130
24	-576.247807	0.993726
25	-576.637556	0.931363
26	-577.027305	0.869472
27	-577.417054	0.809550
28	-577.806803	0.750048
29	-578.196552	0.690952
30	-578.586301	0.632243
31	-578.976050	0.574646
32	-579.365799	0.516659
33	-579.755548	0.459008
34	-580.145297	0.401675
35	-580.535046	0.343914
36	-580.924795	0.285748
37	-581.314544	0.227467
38	-581.704293	0.168803
39	-582.094042	0.111633
40	-582.483791	0.055086
41	-582.873540	0.000404
42	-583.263289	-0.052999
bisection interval found by 1-dim search: [-583.263289,-582.873540]
No.6	 toolpath -501.112138	[r = -582.874301] is calculated within 5.537715s.
-----
initial linear search begins: 
No.	x	f(x)
0	-563.364118	3.491537
1	-563.754322	3.362487
2	-564.144525	3.232842
3	-564.534729	3.103516
4	-564.924933	2.972739
5	-565.315136	2.843149
6	-565.705340	2.714802
7	-566.095544	2.587397
8	-566.485747	2.463551
9	-566.875951	2.342051
10	-567.266155	2.224976
11	-567.656358	2.110968
12	-568.046562	2.001687
13	-568.436766	1.897530
14	-568.826969	1.797877
15	-569.217173	1.703880
16	-569.607377	1.614009
17	-569.997580	1.528551
18	-570.387784	1.446975
19	-570.777988	1.369643
20	-571.168191	1.296255
21	-571.558395	1.225100
22	-571.948598	1.156126
23	-572.338802	1.089286
24	-572.729006	1.023748
25	-573.119209	0.960262
26	-573.509413	0.897233
27	-573.899617	0.836192
28	-574.289820	0.774797
29	-574.680024	0.715335
30	-575.070228	0.655491
31	-575.460431	0.596774
32	-575.850635	0.537654
33	-576.240839	0.478875
34	-576.631042	0.419677
35	-577.021246	0.360793
36	-577.411450	0.301503
37	-577.801653	0.242099
38	-578.191857	0.183011
39	-578.582061	0.124010
40	-578.972264	0.067002
41	-579.362468	0.010535
42	-579.752672	-0.043410
bisection interval found by 1-dim search: [-579.752672,-579.362468]
No.7	 toolpath -497.674231	[r = -579.437917] is calculated within 5.558540s.
-----
initial linear search begins: 
No.	x	f(x)
0	-559.905617	3.549438
1	-560.296263	3.419280
2	-560.686909	3.288511
3	-561.077555	3.156629
4	-561.468201	3.026100
5	-561.858847	2.893984
6	-562.249493	2.764483
7	-562.640139	2.637132
8	-563.030785	2.510918
9	-563.421431	2.389371
10	-563.812077	2.270048
11	-564.202723	2.154893
12	-564.593369	2.044472
13	-564.984015	1.939184
14	-565.374661	1.838399
15	-565.765307	1.743286
16	-566.155953	1.652297
17	-566.546599	1.565724
18	-566.937245	1.483032
19	-567.327891	1.404594
20	-567.718537	1.329288
21	-568.109183	1.257035
22	-568.499829	1.186961
23	-568.890475	1.119023
24	-569.281121	1.052379
25	-569.671767	0.987799
26	-570.062413	0.923663
27	-570.453059	0.861531
28	-570.843705	0.799804
29	-571.234351	0.738471
30	-571.624997	0.677521
31	-572.015643	0.617710
32	-572.406289	0.557485
33	-572.796935	0.497605
34	-573.187581	0.438057
35	-573.578227	0.377317
36	-573.968873	0.316927
37	-574.359519	0.256422
38	-574.750165	0.196236
39	-575.140811	0.136127
40	-575.531457	0.077351
41	-575.922103	0.020453
42	-576.312749	-0.034592
bisection interval found by 1-dim search: [-576.312749,-575.922103]
No.8	 toolpath -494.301094	[r = -576.063255] is calculated within 5.570892s.
-----
initial linear search begins: 
No.	x	f(x)
0	-556.509386	3.606292
1	-556.900463	3.476519
2	-557.291541	3.343178
3	-557.682618	3.211600
4	-558.073695	3.078501
5	-558.464773	2.946553
6	-558.855850	2.814511
7	-559.246928	2.685969
8	-559.638005	2.559730
9	-560.029082	2.435836
10	-560.420160	2.315334
11	-560.811237	2.199008
12	-561.202314	2.088411
13	-561.593392	1.980996
14	-561.984469	1.879073
15	-562.375547	1.781949
16	-562.766624	1.689864
17	-563.157701	1.602198
18	-563.548779	1.519260
19	-563.939856	1.438892
20	-564.330933	1.362501
21	-564.722011	1.289167
22	-565.113088	1.218009
23	-565.504166	1.148989
24	-565.895243	1.081257
25	-566.286320	1.015599
26	-566.677398	0.950372
27	-567.068475	0.887167
28	-567.459552	0.823564
29	-567.850630	0.761940
30	-568.241707	0.699901
31	-568.632785	0.638232
32	-569.023862	0.577703
33	-569.414939	0.516740
34	-569.806017	0.455344
35	-570.197094	0.394282
36	-570.588172	0.332809
37	-570.979249	0.271217
38	-571.370326	0.209200
39	-571.761404	0.148723
40	-572.152481	0.088838
41	-572.543558	0.030175
42	-572.934636	-0.025947
bisection interval found by 1-dim search: [-572.934636,-572.543558]
No.9	 toolpath -490.992977	[r = -572.755137] is calculated within 5.531501s.
-----
initial linear search begins: 
No.	x	f(x)
0	-553.180270	3.551693
1	-553.571768	3.418446
2	-553.963265	3.283884
3	-554.354762	3.150503
4	-554.746260	3.016636
5	-555.137757	2.883766
6	-555.529254	2.753034
7	-555.920752	2.624650
8	-556.312249	2.605291
9	-556.703746	2.481417
10	-557.095244	2.359756
11	-557.486741	2.242282
12	-557.878238	2.129567
13	-558.269736	2.022013
14	-558.661233	1.918975
15	-559.052730	1.820745
16	-559.444228	1.727567
17	-559.835725	1.637949
18	-560.227222	1.553954
19	-560.618720	1.472515
20	-561.010217	1.395062
21	-561.401714	1.320669
22	-561.793212	1.248451
23	-562.184709	1.178373
24	-562.576206	1.109576
25	-562.967704	1.042041
26	-563.359201	0.976569
27	-563.750698	0.911500
28	-564.142196	0.847638
29	-564.533693	0.784159
30	-564.925191	0.721859
31	-565.316688	0.659123
32	-565.708185	0.596750
33	-566.099683	0.534731
34	-566.491180	0.473057
35	-566.882677	0.410155
36	-567.274175	0.347626
37	-567.665672	0.284978
38	-568.057169	0.222646
39	-568.448667	0.160366
40	-568.840164	0.099423
41	-569.231661	0.040366
42	-569.623159	-0.017482
bisection interval found by 1-dim search: [-569.623159,-569.231661]
No.10	 toolpath -487.739421	[r = -569.501580] is calculated within 5.622139s.
-----
initial linear search begins: 
No.	x	f(x)
0	-549.906201	0.435276
1	-550.298109	3.472261
2	-550.690016	3.336613
3	-551.081924	3.202135
4	-551.473831	3.067139
5	-551.865739	2.933112
6	-552.257646	2.801223
7	-552.649554	2.671687
8	-553.041462	2.544546
9	-553.433369	2.421964
10	-553.825277	2.302508
11	-554.217184	2.187906
12	-554.609092	2.077594
13	-555.001000	1.972893
14	-555.392907	1.873090
15	-555.784815	1.777535
16	-556.176722	1.763777
17	-556.568630	1.673978
18	-556.960538	1.588065
19	-557.352445	1.505575
20	-557.744353	1.427081
21	-558.136260	1.351649
22	-558.528168	1.278389
23	-558.920075	1.206428
24	-559.311983	1.137430
25	-559.703891	1.068847
26	-560.095798	1.002339
27	-560.487706	0.936225
28	-560.879613	0.871324
29	-561.271521	0.806801
30	-561.663429	0.742652
31	-562.055336	0.678873
32	-562.447244	0.616264
33	-562.839151	0.552401
34	-563.231059	0.489696
35	-563.622967	0.426541
36	-564.014874	0.362179
37	-564.406782	0.298494
38	-564.798689	0.235127
39	-565.190597	0.171803
40	-565.582504	0.109820
41	-565.974412	0.049730
42	-566.366320	-0.008524
bisection interval found by 1-dim search: [-566.366320,-565.974412]
No.11	 toolpath -484.540629	[r = -566.304319] is calculated within 5.624436s.
-----
initial linear search begins: 
No.	x	f(x)
0	-546.688916	0.486228
1	-547.081224	0.417789
2	-547.473533	0.348910
3	-547.865841	0.279828
4	-548.258149	0.211783
5	-548.650457	0.143612
6	-549.042765	0.075878
7	-549.435073	0.009941
8	-549.827381	-0.019262
bisection interval found by 1-dim search: [-549.827381,-549.435073]
No.12	 toolpath -481.010025	[r = -549.497137] is calculated within 3.149342s.
-----
initial linear search begins: 
No.	x	f(x)
0	-529.778658	0.689959
1	-530.173027	0.615570
2	-530.567397	0.540931
3	-530.961766	0.466477
4	-531.356136	0.392681
5	-531.750506	0.320052
6	-532.144875	0.248337
7	-532.539245	0.178231
8	-532.933614	0.111211
9	-533.327984	0.047312
10	-533.722353	-0.013144
bisection interval found by 1-dim search: [-533.722353,-533.327984]
No.13	 toolpath -465.500640	[r = -533.630693] is calculated within 3.409906s.
-----
initial linear search begins: 
No.	x	f(x)
0	-513.818226	0.871315
1	-514.214476	0.791444
2	-514.610725	0.784461
3	-515.006974	0.704954
4	-515.403224	0.626101
5	-515.799473	0.547529
6	-516.195722	0.470743
7	-516.591972	0.395531
8	-516.988221	0.323440
9	-517.384470	0.253749
10	-517.780720	0.188220
11	-518.176969	0.127320
12	-518.573218	0.110931
13	-518.969468	0.109485
14	-519.365717	0.108040
15	-519.761966	0.106595
16	-520.158216	0.105152
17	-520.554465	0.103709
18	-520.950714	0.102266
19	-521.346964	0.100825
20	-521.743213	0.099384
21	-522.139462	0.097944
22	-522.535712	0.096505
23	-522.931961	0.095066
24	-523.328211	0.093628
25	-523.724460	0.092192
26	-524.120709	0.090755
27	-524.516959	0.089320
28	-524.913208	0.086041
29	-525.309457	0.079485
30	-525.705707	0.070172
31	-526.101956	0.058433
32	-526.498205	0.044620
33	-526.894455	0.028868
34	-527.290704	0.011641
35	-527.686953	-0.007226
bisection interval found by 1-dim search: [-527.686953,-527.290704]
No.14	 toolpath -459.409084	[r = -527.539134] is calculated within 5.471889s.
-----
initial linear search begins: 
No.	x	f(x)
0	-507.691429	0.968260
1	-508.088383	0.886461
2	-508.485337	0.804795
3	-508.882291	0.723742
4	-509.279245	0.643819
5	-509.676199	0.564695
6	-510.073154	0.487075
7	-510.470108	0.412534
8	-510.867062	0.340298
9	-511.264016	0.272157
10	-511.660970	0.209152
11	-512.057924	0.155945
12	-512.454878	0.154416
13	-512.851832	0.152886
14	-513.248786	0.151358
15	-513.645740	0.149830
16	-514.042695	0.148303
17	-514.439649	0.146777
18	-514.836603	0.147147
19	-515.233557	0.145679
20	-515.630511	0.144211
21	-516.027465	0.142743
22	-516.424419	0.141277
23	-516.821373	0.139811
24	-517.218327	0.138345
25	-517.615281	0.136881
26	-518.012235	0.135417
27	-518.409190	0.133528
28	-518.806144	0.128386
29	-519.203098	0.119848
30	-519.600052	0.108621
31	-519.997006	0.094960
32	-520.393960	0.079226
33	-520.790914	0.061760
34	-521.187868	0.042403
35	-521.584822	0.021862
36	-521.981776	-0.000375
bisection interval found by 1-dim search: [-521.981776,-521.584822]
No.15	 toolpath -453.846301	[r = -521.976349] is calculated within 5.433867s.
-----
initial linear search begins: 
No.	x	f(x)
0	-502.096873	1.056749
1	-502.494462	0.974193
2	-502.892052	0.890749
3	-503.289641	0.806949
4	-503.687231	0.725264
5	-504.084820	0.644360
6	-504.482410	0.564946
7	-504.880000	0.487809
8	-505.277589	0.414574
9	-505.675179	0.344619
10	-506.072768	0.279803
11	-506.470358	0.220195
12	-506.867947	0.197748
13	-507.265537	0.196196
14	-507.663126	0.194646
15	-508.060716	0.193095
16	-508.458305	0.191546
17	-508.855895	0.189997
18	-509.253484	0.188448
19	-509.651074	0.186901
20	-510.048663	0.185353
21	-510.446253	0.183807
22	-510.843842	0.182261
23	-511.241432	0.180715
24	-511.639022	0.179171
25	-512.036611	0.177627
26	-512.434201	0.174851
27	-512.831790	0.168170
28	-513.229380	0.158185
29	-513.626969	0.145251
30	-514.024559	0.129967
31	-514.422148	0.112581
32	-514.819738	0.110768
33	-515.217327	0.091563
34	-515.614917	0.070701
35	-516.012506	0.048162
36	-516.410096	0.024449
37	-516.807685	-0.000780
bisection interval found by 1-dim search: [-516.807685,-516.410096]
No.16	 toolpath -448.665990	[r = -516.797590] is calculated within 5.463858s.
-----
initial linear search begins: 
No.	x	f(x)
0	-496.888883	1.139107
1	-497.287057	1.053917
2	-497.685231	0.968851
3	-498.083406	0.884396
4	-498.481580	0.800117
5	-498.879754	0.717591
6	-499.277928	0.636548
7	-499.676102	0.558609
8	-500.074276	0.482930
9	-500.472450	0.411350
10	-500.870625	0.344918
11	-501.268799	0.283679
12	-501.666973	0.238572
13	-502.065147	0.237001
14	-502.463321	0.235431
15	-502.861495	0.233862
16	-503.259669	0.232293
17	-503.657844	0.230724
18	-504.056018	0.229156
19	-504.454192	0.227589
20	-504.852366	0.226022
21	-505.250540	0.224456
22	-505.648714	0.222890
23	-506.046888	0.221325
24	-506.445063	0.219761
25	-506.843237	0.218187
26	-507.241411	0.213944
27	-507.639585	0.205635
28	-508.037759	0.194030
29	-508.435933	0.179458
30	-508.834107	0.162547
31	-509.232282	0.143536
32	-509.630456	0.122784
33	-510.028630	0.100066
34	-510.426804	0.075892
35	-510.824978	0.050533
36	-511.223152	0.023939
37	-511.621326	-0.003972
bisection interval found by 1-dim search: [-511.621326,-511.223152]
No.17	 toolpath -443.795886	[r = -511.567666] is calculated within 5.450523s.
-----
initial linear search begins: 
No.	x	f(x)
0	-491.629778	1.143109
1	-492.028536	1.056162
2	-492.427294	0.969782
3	-492.826051	0.962495
4	-493.224809	0.876544
5	-493.623567	0.792349
6	-494.022325	0.709623
7	-494.421082	0.630010
8	-494.819840	0.552631
9	-495.218598	0.479347
10	-495.617356	0.410562
11	-496.016114	0.348245
12	-496.414871	0.292733
13	-496.813629	0.278631
14	-497.212387	0.277043
15	-497.611145	0.275455
16	-498.009902	0.273868
17	-498.408660	0.272282
18	-498.807418	0.270695
19	-499.206176	0.269110
20	-499.604933	0.267525
21	-500.003691	0.265940
22	-500.402449	0.264356
23	-500.801207	0.262772
24	-501.199964	0.261189
25	-501.598722	0.259246
26	-501.997480	0.253425
27	-502.396238	0.243522
28	-502.794995	0.230163
29	-503.193753	0.214136
30	-503.592511	0.195617
31	-503.991269	0.174739
32	-504.390027	0.152358
33	-504.788784	0.127986
34	-505.187542	0.102481
35	-505.586300	0.075498
36	-505.985058	0.046934
37	-506.383815	0.017722
38	-506.782573	-0.012895
bisection interval found by 1-dim search: [-506.782573,-506.383815]
No.18	 toolpath -438.844902	[r = -506.616684] is calculated within 5.562239s.
-----
initial linear search begins: 
No.	x	f(x)
0	-486.651483	1.222749
1	-487.050787	1.133177
2	-487.450091	1.045234
3	-487.849395	0.958380
4	-488.248699	0.871248
5	-488.648003	0.787439
6	-489.047307	0.704862
7	-489.446611	0.626170
8	-489.845915	0.550632
9	-490.245219	0.480176
10	-490.644523	0.414767
11	-491.043827	0.356723
12	-491.443131	0.318191
13	-491.842435	0.316530
14	-492.241739	0.314869
15	-492.641043	0.313208
16	-493.040347	0.313594
17	-493.439651	0.311991
18	-493.838955	0.310389
19	-494.238259	0.308787
20	-494.637563	0.307186
21	-495.036867	0.305585
22	-495.436171	0.303985
23	-495.835475	0.302385
24	-496.234779	0.300785
25	-496.634083	0.298091
26	-497.033387	0.290688
27	-497.432691	0.279234
28	-497.831995	0.264492
29	-498.231299	0.246744
30	-498.630603	0.226676
31	-499.029907	0.204505
32	-499.429211	0.180308
33	-499.828515	0.154695
34	-500.227819	0.127329
35	-500.627123	0.098799
36	-501.026428	0.069028
37	-501.425732	0.037915
38	-501.825036	0.005738
39	-502.224340	-0.027181
bisection interval found by 1-dim search: [-502.224340,-501.825036]
No.19	 toolpath -434.127343	[r = -501.897565] is calculated within 5.662828s.
-----
initial linear search begins: 
No.	x	f(x)
0	-481.906613	1.297622
1	-482.306432	1.207610
2	-482.706251	1.118156
3	-483.106070	1.028770
4	-483.505889	0.941094
5	-483.905708	0.854804
6	-484.305527	0.771585
7	-484.705346	0.690484
8	-485.105165	0.613405
9	-485.504984	0.541408
10	-485.904804	0.474431
11	-486.304623	0.415326
12	-486.704442	0.364303
13	-487.104261	0.356098
14	-487.504080	0.354421
15	-487.903899	0.352746
16	-488.303718	0.351071
17	-488.703537	0.349396
18	-489.103356	0.347722
19	-489.503175	0.346048
20	-489.902994	0.344375
21	-490.302813	0.342702
22	-490.702632	0.341030
23	-491.102451	0.339358
24	-491.502270	0.335899
25	-491.902089	0.327384
26	-492.301908	0.314613
27	-492.701727	0.313370
28	-493.101546	0.297005
29	-493.501365	0.278006
30	-493.901184	0.256495
31	-494.301003	0.232585
32	-494.700823	0.207223
33	-495.100642	0.179822
34	-495.500461	0.151329
35	-495.900280	0.120970
36	-496.300099	0.089726
37	-496.699918	0.057130
38	-497.099737	0.023857
39	-497.499556	-0.010537
bisection interval found by 1-dim search: [-497.499556,-497.099737]
No.20	 toolpath -429.605172	[r = -497.376955] is calculated within 5.636134s.
-----
initial linear search begins: 
No.	x	f(x)
0	-477.361591	0.337901
1	-477.761898	0.316595
2	-478.162205	0.292544
3	-478.562513	0.266002
4	-478.962820	0.237391
5	-479.363127	0.207108
6	-479.763435	0.174766
7	-480.163742	0.141405
8	-480.564049	0.106555
9	-480.964356	0.070068
10	-481.364664	0.033066
11	-481.764971	0.470451
12	-482.165278	0.418015
13	-482.565586	0.394305
14	-482.965893	0.392614
15	-483.366200	0.390924
16	-483.766507	0.389234
17	-484.166815	0.387545
18	-484.567122	0.385856
19	-484.967429	0.384167
20	-485.367737	0.382479
21	-485.768044	0.380792
22	-486.168351	0.379105
23	-486.568658	0.377414
24	-486.968966	0.372674
25	-487.369273	0.362744
26	-487.769580	0.348716
27	-488.169888	0.331152
28	-488.570195	0.310679
29	-488.970502	0.287868
30	-489.370809	0.262922
31	-489.771117	0.235899
32	-490.171424	0.207103
33	-490.571731	0.177208
34	-490.972039	0.145783
35	-491.372346	0.112692
36	-491.772653	0.079002
37	-492.172960	0.043818
38	-492.573268	0.007880
39	-492.973575	0.004634
40	-493.373882	-0.031910
bisection interval found by 1-dim search: [-493.373882,-492.973575]
No.21	 toolpath -425.257302	[r = -493.027523] is calculated within 5.689846s.
-----
initial linear search begins: 
No.	x	f(x)
0	-472.988907	0.405959
1	-473.389679	0.383342
2	-473.790452	0.357978
3	-474.191224	0.330111
4	-474.591996	0.300174
5	-474.992769	0.268192
6	-475.393541	0.234880
7	-475.794313	0.199777
8	-476.195086	0.163575
9	-476.595858	0.126154
10	-476.996630	0.087372
11	-477.397403	0.047990
12	-477.798175	0.007057
13	-478.198947	-0.034151
bisection interval found by 1-dim search: [-478.198947,-477.798175]
No.22	 toolpath -420.952559	[r = -477.869406] is calculated within 3.725014s.
-----
initial linear search begins: 
No.	x	f(x)
0	-457.751556	0.616537
1	-458.153913	0.585964
2	-458.556270	0.553574
3	-458.958627	0.518360
4	-459.360984	0.481900
5	-459.763341	0.443753
6	-460.165698	0.403774
7	-460.568055	0.362735
8	-460.970412	0.319989
9	-461.372769	0.276842
10	-461.775126	0.232168
11	-462.177483	0.186375
12	-462.579840	0.140376
13	-462.982197	0.093641
14	-463.384554	0.047178
15	-463.786911	0.001584
16	-464.189268	-0.042450
bisection interval found by 1-dim search: [-464.189268,-463.786911]
No.23	 toolpath -407.300305	[r = -463.800271] is calculated within 4.074198s.
-----
initial linear search begins: 
No.	x	f(x)
0	-443.611360	0.802062
1	-444.015138	0.764875
2	-444.418916	0.725627
3	-444.822694	0.684275
4	-445.226472	0.641181
5	-445.630251	0.597232
6	-446.034029	0.551201
7	-446.437807	0.504484
8	-446.841585	0.456353
9	-447.245364	0.407189
10	-447.649142	0.357431
11	-448.052920	0.306445
12	-448.456698	0.255222
13	-448.860477	0.204278
14	-449.264255	0.204821
15	-449.668033	0.154848
16	-450.071811	0.106421
17	-450.475589	0.060709
18	-450.879368	0.018099
19	-451.283146	-0.019844
bisection interval found by 1-dim search: [-451.283146,-450.879368]
No.24	 toolpath -394.566310	[r = -451.066273] is calculated within 4.336009s.
-----
initial linear search begins: 
No.	x	f(x)
0	-430.815080	0.959133
1	-431.220104	0.915899
2	-431.625128	0.870527
3	-432.030152	0.823397
4	-432.435176	0.823362
5	-432.840199	0.775551
6	-433.245223	0.725583
7	-433.650247	0.674969
8	-434.055271	0.622906
9	-434.460295	0.569802
10	-434.865319	0.515541
11	-435.270343	0.460601
12	-435.675366	0.405430
13	-436.080390	0.350538
14	-436.485414	0.296516
15	-436.890438	0.244033
16	-437.295462	0.193852
17	-437.700486	0.147218
18	-438.105510	0.105279
19	-438.510533	0.068461
20	-438.915557	0.038141
21	-439.320581	0.032510
22	-439.725605	0.031341
23	-440.130629	0.030173
24	-440.535653	0.029006
25	-440.940676	0.027840
26	-441.345700	0.026674
27	-441.750724	0.025510
28	-442.155748	0.024346
29	-442.560772	0.023183
30	-442.965796	0.022022
31	-443.370820	0.020861
32	-443.775843	0.019086
33	-444.180867	0.013568
34	-444.585891	0.003162
35	-444.990915	-0.011827
bisection interval found by 1-dim search: [-444.990915,-444.585891]
No.25	 toolpath -388.592082	[r = -444.681610] is calculated within 5.399120s.
-----
initial linear search begins: 
No.	x	f(x)
0	-424.399913	1.058108
1	-424.805547	1.012945
2	-425.211180	0.965626
3	-425.616814	0.916540
4	-426.022448	0.866676
5	-426.428082	0.814614
6	-426.833716	0.761927
7	-427.239350	0.707773
8	-427.644984	0.652574
9	-428.050618	0.596205
10	-428.456252	0.539157
11	-428.861886	0.481877
12	-429.267520	0.424877
13	-429.673154	0.368741
14	-430.078788	0.314137
15	-430.484422	0.261820
16	-430.890056	0.213047
17	-431.295690	0.168617
18	-431.701324	0.130002
19	-432.106957	0.097525
20	-432.512591	0.097509
21	-432.918225	0.072241
22	-433.323859	0.068797
23	-433.729493	0.067594
24	-434.135127	0.066391
25	-434.540761	0.065191
26	-434.946395	0.063991
27	-435.352029	0.062792
28	-435.757663	0.061594
29	-436.163297	0.060397
30	-436.568931	0.059201
31	-436.974565	0.057984
32	-437.380199	0.054579
33	-437.785833	0.047102
34	-438.191467	0.034858
35	-438.597101	0.017751
36	-439.002735	-0.002995
bisection interval found by 1-dim search: [-439.002735,-438.597101]
No.26	 toolpath -382.856958	[r = -438.948069] is calculated within 5.624218s.
-----
initial linear search begins: 
No.	x	f(x)
0	-418.639387	1.146947
1	-419.045561	1.100058
2	-419.451734	1.050997
3	-419.857908	1.000160
4	-420.264082	0.947943
5	-420.670255	0.894741
6	-421.076429	0.839666
7	-421.482603	0.783748
8	-421.888776	0.726785
9	-422.294950	0.669272
10	-422.701124	0.610443
11	-423.107297	0.551383
12	-423.513471	0.492030
13	-423.919644	0.434136
14	-424.325818	0.377771
15	-424.731992	0.323685
16	-425.138165	0.273146
17	-425.544339	0.227318
18	-425.950513	0.186571
19	-426.356686	0.152328
20	-426.762860	0.125163
21	-427.169034	0.105877
22	-427.575207	0.103120
23	-427.981381	0.101818
24	-428.387554	0.100517
25	-428.793728	0.099218
26	-429.199902	0.097920
27	-429.606075	0.096624
28	-430.012249	0.095328
29	-430.418423	0.094034
30	-430.824596	0.091992
31	-431.230770	0.086756
32	-431.636944	0.077334
33	-432.043117	0.063203
34	-432.449291	0.063165
35	-432.855464	0.044273
36	-433.261638	0.021763
37	-433.667812	-0.003674
bisection interval found by 1-dim search: [-433.667812,-433.261638]
No.27	 toolpath -377.518788	[r = -433.609900] is calculated within 5.533308s.
-----
initial linear search begins: 
No.	x	f(x)
0	-413.276441	1.182384
1	-413.683110	1.131608
2	-414.089779	1.079042
3	-414.496448	1.025092
4	-414.903118	0.970159
5	-415.309787	0.913323
6	-415.716456	0.912586
7	-416.123125	0.855028
8	-416.529794	0.796422
9	-416.936464	0.737271
10	-417.343133	0.676785
11	-417.749802	0.616067
12	-418.156471	0.555039
13	-418.563140	0.495482
14	-418.969810	0.437446
15	-419.376479	0.381678
16	-419.783148	0.329453
17	-420.189817	0.281552
18	-420.596486	0.239494
19	-421.003155	0.203548
20	-421.409825	0.174670
21	-421.816494	0.153541
22	-422.223163	0.139750
23	-422.629832	0.136596
24	-423.036501	0.135255
25	-423.443171	0.133915
26	-423.849840	0.132578
27	-424.256509	0.131242
28	-424.663178	0.129907
29	-425.069847	0.128440
30	-425.476517	0.124903
31	-425.883186	0.117999
32	-426.289855	0.106927
33	-426.696524	0.091158
34	-427.103193	0.070717
35	-427.509862	0.046483
36	-427.916532	0.019011
37	-428.323201	-0.010622
bisection interval found by 1-dim search: [-428.323201,-427.916532]
No.28	 toolpath -372.497496	[r = -428.181025] is calculated within 5.569151s.
-----
initial linear search begins: 
No.	x	f(x)
0	-407.822709	1.266375
1	-408.229875	1.213957
2	-408.637042	1.160391
3	-409.044208	1.104805
4	-409.451374	1.047563
5	-409.858541	0.989739
6	-410.265707	0.930394
7	-410.672873	0.869983
8	-411.080040	0.808359
9	-411.487206	0.746051
10	-411.894372	0.683506
11	-412.301539	0.621232
12	-412.708705	0.559230
13	-413.115871	0.499342
14	-413.523038	0.441703
15	-413.930204	0.387598
16	-414.337370	0.338209
17	-414.744537	0.293852
18	-415.151703	0.255995
19	-415.558869	0.225190
20	-415.966035	0.224970
21	-416.373202	0.202100
22	-416.780368	0.186587
23	-417.187534	0.176778
24	-417.594701	0.171798
25	-418.001867	0.170402
26	-418.409033	0.169008
27	-418.816200	0.167617
28	-419.223366	0.166193
29	-419.630532	0.163525
30	-420.037699	0.158355
31	-420.444865	0.149822
32	-420.852031	0.137123
33	-421.259198	0.119746
34	-421.666364	0.097436
35	-422.073530	0.071536
36	-422.480697	0.042713
37	-422.887863	0.011434
38	-423.295029	-0.021579
bisection interval found by 1-dim search: [-423.295029,-422.887863]
No.29	 toolpath -367.345094	[r = -423.028622] is calculated within 5.563521s.
-----
initial linear search begins: 
No.	x	f(x)
0	-402.647031	1.346677
1	-403.054663	1.292730
2	-403.462295	1.236973
3	-403.869926	1.179823
4	-404.277558	1.121005
5	-404.685190	1.061618
6	-405.092822	1.000694
7	-405.500454	0.938698
8	-405.908086	0.875478
9	-406.315717	0.811572
10	-406.723349	0.747430
11	-407.130981	0.683556
12	-407.538613	0.619936
13	-407.946245	0.558438
14	-408.353876	0.499177
15	-408.761508	0.443449
16	-409.169140	0.392016
17	-409.576772	0.346442
18	-409.984404	0.306944
19	-410.392036	0.274488
20	-410.799667	0.249772
21	-411.207299	0.232444
22	-411.614931	0.220838
23	-412.022563	0.213536
24	-412.430195	0.209208
25	-412.837826	0.206550
26	-413.245458	0.204377
27	-413.653090	0.201618
28	-414.060722	0.197298
29	-414.468354	0.190416
30	-414.875986	0.180216
31	-415.283617	0.166019
32	-415.691249	0.165623
33	-416.098881	0.146669
34	-416.506513	0.123032
35	-416.914145	0.095595
36	-417.321776	0.064887
37	-417.729408	0.032026
38	-418.137040	-0.002574
bisection interval found by 1-dim search: [-418.137040,-417.729408]
No.30	 toolpath -362.422463	[r = -418.107582] is calculated within 5.684963s.
-----
initial linear search begins: 
No.	x	f(x)
0	-397.704050	1.368394
1	-398.112120	1.311733
2	-398.520191	1.253002
3	-398.928262	1.192577
4	-399.336332	1.191132
5	-399.744403	1.129536
6	-400.152474	1.067107
7	-400.560544	1.003605
8	-400.968615	0.939573
9	-401.376686	0.874141
10	-401.784756	0.808473
11	-402.192827	0.742437
12	-402.600898	0.677907
13	-403.008968	0.614300
14	-403.417039	0.554061
15	-403.825110	0.496294
16	-404.233180	0.443786
17	-404.641251	0.396277
18	-405.049322	0.355272
19	-405.457392	0.321304
20	-405.865463	0.295076
21	-406.273533	0.276243
22	-406.681604	0.263128
23	-407.089675	0.254362
24	-407.497745	0.248475
25	-407.905816	0.244318
26	-408.313887	0.240626
27	-408.721957	0.236358
28	-409.130028	0.230538
29	-409.538099	0.222135
30	-409.946169	0.210425
31	-410.354240	0.194728
32	-410.762311	0.174022
33	-411.170381	0.148805
34	-411.578452	0.119779
35	-411.986523	0.087463
36	-412.394593	0.052993
37	-412.802664	0.016770
38	-413.210734	-0.020070
bisection interval found by 1-dim search: [-413.210734,-412.802664]
No.31	 toolpath -357.706845	[r = -412.988368] is calculated within 5.618947s.
-----
initial linear search begins: 
No.	x	f(x)
0	-392.562307	1.448125
1	-392.970828	1.389251
2	-393.379350	1.328970
3	-393.787871	1.267717
4	-394.196392	1.204445
5	-394.604913	1.140326
6	-395.013434	1.075111
7	-395.421956	1.008635
8	-395.830477	0.941461
9	-396.238998	0.874044
10	-396.647519	0.806884
11	-397.056041	0.740553
12	-397.464562	0.675106
13	-397.873083	0.613035
14	-398.281604	0.553382
15	-398.690125	0.498996
16	-399.098647	0.497567
17	-399.507168	0.448432
18	-399.915689	0.405801
19	-400.324210	0.370199
20	-400.732731	0.342332
21	-401.141253	0.321880
22	-401.549774	0.307151
23	-401.958295	0.296793
24	-402.366816	0.289304
25	-402.775338	0.283582
26	-403.183859	0.278314
27	-403.592380	0.272489
28	-404.000901	0.265133
29	-404.409422	0.255182
30	-404.817944	0.241945
31	-405.226465	0.224740
32	-405.634986	0.202513
33	-406.043507	0.175781
34	-406.452028	0.145234
35	-406.860550	0.111375
36	-407.269071	0.075362
37	-407.677592	0.037583
38	-408.086113	-0.001233
bisection interval found by 1-dim search: [-408.086113,-407.677592]
No.32	 toolpath -352.792623	[r = -408.075741] is calculated within 5.667439s.
-----
initial linear search begins: 
No.	x	f(x)
0	-387.628345	1.523985
1	-388.037293	1.463629
2	-388.446241	1.401865
3	-388.855189	1.338381
4	-389.264136	1.274358
5	-389.673084	1.208738
6	-390.082032	1.142016
7	-390.490980	1.074020
8	-390.899928	1.005324
9	-391.308876	0.936386
10	-391.717824	0.867703
11	-392.126772	0.799208
12	-392.535720	0.732853
13	-392.944668	0.668689
14	-393.353616	0.608039
15	-393.762564	0.551644
16	-394.171511	0.500714
17	-394.580459	0.456279
18	-394.989407	0.418854
19	-395.398355	0.389155
20	-395.807303	0.366910
21	-396.216251	0.350420
22	-396.625199	0.338264
23	-397.034147	0.329156
24	-397.443095	0.321739
25	-397.852043	0.314891
26	-398.260991	0.307477
27	-398.669939	0.298483
28	-399.078886	0.298245
29	-399.487834	0.286780
30	-399.896782	0.272039
31	-400.305730	0.253341
32	-400.714678	0.229601
33	-401.123626	0.201369
34	-401.532574	0.169323
35	-401.941522	0.133954
36	-402.350470	0.096439
37	-402.759418	0.057152
38	-403.168366	0.016827
39	-403.577314	-0.023804
bisection interval found by 1-dim search: [-403.577314,-403.168366]
No.33	 toolpath -348.056973	[r = -403.340092] is calculated within 5.784524s.
-----
initial linear search begins: 
No.	x	f(x)
0	-382.872392	1.597066
1	-383.281746	1.535284
2	-383.691100	1.472093
3	-384.100454	1.407938
4	-384.509808	1.341717
5	-384.919162	1.274652
6	-385.328516	1.206478
7	-385.737870	1.137018
8	-386.147224	1.066857
9	-386.556578	0.996452
10	-386.965932	0.926303
11	-387.375286	0.856323
12	-387.784640	0.788491
13	-388.193994	0.722840
14	-388.603348	0.660701
15	-389.012702	0.602805
16	-389.422056	0.550371
17	-389.831410	0.504433
18	-390.240764	0.465494
19	-390.650118	0.434278
20	-391.059472	0.410535
21	-391.468826	0.392553
22	-391.878180	0.378912
23	-392.287534	0.368338
24	-392.696888	0.359461
25	-393.106242	0.351106
26	-393.515596	0.342244
27	-393.924950	0.331900
28	-394.334304	0.318951
29	-394.743658	0.302762
30	-395.153012	0.282655
31	-395.562366	0.257507
32	-395.971720	0.227860
33	-396.381074	0.193997
34	-396.790428	0.157527
35	-397.199782	0.118083
36	-397.609136	0.077255
37	-398.018490	0.035829
38	-398.427844	-0.006377
bisection interval found by 1-dim search: [-398.427844,-398.018490]
No.34	 toolpath -343.481617	[r = -398.366281] is calculated within 5.688833s.
-----
initial linear search begins: 
No.	x	f(x)
0	-377.877532	1.614848
1	-378.287307	1.549322
2	-378.697082	1.483583
3	-379.106857	1.415735
4	-379.516632	1.347028
5	-379.926407	1.277186
6	-380.336182	1.206023
7	-380.745957	1.134896
8	-381.155732	1.062741
9	-381.565506	0.990124
10	-381.975281	0.919040
11	-382.385056	0.916233
12	-382.794831	0.846854
13	-383.204606	0.779645
14	-383.614381	0.715945
15	-384.024156	0.656479
16	-384.433931	0.602470
17	-384.843706	0.554956
18	-385.253481	0.514433
19	-385.663256	0.481631
20	-386.073031	0.456130
21	-386.482806	0.436630
22	-386.892581	0.421576
23	-387.302356	0.409377
24	-387.712131	0.399059
25	-388.121906	0.389178
26	-388.531681	0.378811
27	-388.941456	0.366863
28	-389.351231	0.352535
29	-389.761006	0.334869
30	-390.170781	0.313063
31	-390.580556	0.286687
32	-390.990331	0.255226
33	-391.400106	0.220227
34	-391.809881	0.181856
35	-392.219656	0.141331
36	-392.629431	0.098997
37	-393.039206	0.055596
38	-393.448981	0.011866
39	-393.858756	-0.031453
bisection interval found by 1-dim search: [-393.858756,-393.448981]
No.35	 toolpath -338.678766	[r = -393.561829] is calculated within 5.788493s.
-----
initial linear search begins: 
No.	x	f(x)
0	-373.053016	1.688890
1	-373.463192	1.622699
2	-373.873368	1.554724
3	-374.283545	1.486222
4	-374.693721	1.416050
5	-375.103897	1.344729
6	-375.514074	1.272068
7	-375.924250	1.198685
8	-376.334426	1.125044
9	-376.744602	1.051641
10	-377.154779	0.979036
11	-377.564955	0.907212
12	-377.975131	0.838213
13	-378.385307	0.772700
14	-378.795484	0.711391
15	-379.205660	0.655516
16	-379.615836	0.606119
17	-380.026012	0.563687
18	-380.436189	0.528959
19	-380.846365	0.501573
20	-381.256541	0.480263
21	-381.666718	0.463468
22	-382.076894	0.449566
23	-382.487070	0.449067
24	-382.897246	0.437287
25	-383.307423	0.425935
26	-383.717599	0.414115
27	-384.127775	0.400720
28	-384.537951	0.384965
29	-384.948128	0.365876
30	-385.358304	0.342651
31	-385.768480	0.314560
32	-386.178656	0.281990
33	-386.588833	0.245165
34	-386.999009	0.205766
35	-387.409185	0.163336
36	-387.819361	0.119535
37	-388.229538	0.075156
38	-388.639714	0.029957
39	-389.049890	-0.014836
bisection interval found by 1-dim search: [-389.049890,-388.639714]
No.36	 toolpath -334.029835	[r = -388.914500] is calculated within 5.944506s.
-----
initial linear search begins: 
No.	x	f(x)
0	-368.386529	1.760506
1	-368.797088	1.692920
2	-369.207648	1.623536
3	-369.618207	1.553636
4	-370.028767	1.481224
5	-370.439326	1.408489
6	-370.849885	1.335209
7	-371.260445	1.260389
8	-371.671004	1.185310
9	-372.081564	1.110469
10	-372.492123	1.035725
11	-372.902683	0.963139
12	-373.313242	0.892682
13	-373.723801	0.825710
14	-374.134361	0.762934
15	-374.544920	0.705586
16	-374.955480	0.654310
17	-375.366039	0.610462
18	-375.776598	0.574319
19	-376.187158	0.545730
20	-376.597717	0.522961
21	-377.008277	0.504587
22	-377.418836	0.489258
23	-377.829396	0.475915
24	-378.239955	0.463023
25	-378.650514	0.449716
26	-379.061074	0.434869
27	-379.471633	0.417708
28	-379.882193	0.397028
29	-380.292752	0.372684
30	-380.703312	0.343278
31	-381.113871	0.309001
32	-381.524430	0.271180
33	-381.934990	0.229931
34	-382.345549	0.228463
35	-382.756109	0.184603
36	-383.166668	0.139384
37	-383.577228	0.093600
38	-383.987787	0.046982
39	-384.398346	0.000271
40	-384.808906	-0.044770
bisection interval found by 1-dim search: [-384.808906,-384.398346]
No.37	 toolpath -329.519294	[r = -384.402356] is calculated within 5.864992s.
-----
initial linear search begins: 
No.	x	f(x)
0	-363.856018	1.765028
1	-364.266945	1.695040
2	-364.677872	1.622840
3	-365.088799	1.549753
4	-365.499725	1.475474
5	-365.910652	1.471965
6	-366.321579	1.396475
7	-366.732506	1.321057
8	-367.143432	1.243786
9	-367.554359	1.167549
10	-367.965286	1.092105
11	-368.376213	1.017403
12	-368.787139	0.945533
13	-369.198066	0.877145
14	-369.608993	0.812944
15	-370.019920	0.754168
16	-370.430846	0.701872
17	-370.841773	0.656524
18	-371.252700	0.618874
19	-371.663627	0.588573
20	-372.074553	0.564387
21	-372.485480	0.544604
22	-372.896407	0.528005
23	-373.307334	0.513159
24	-373.718260	0.498889
25	-374.129187	0.484222
26	-374.540114	0.468021
27	-374.951041	0.449525
28	-375.361967	0.427501
29	-375.772894	0.401561
30	-376.183821	0.371118
31	-376.594748	0.335511
32	-377.005674	0.296367
33	-377.416601	0.253775
34	-377.827528	0.208510
35	-378.238455	0.161861
36	-378.649381	0.114629
37	-379.060308	0.066513
38	-379.471235	0.018258
39	-379.882162	-0.028337
bisection interval found by 1-dim search: [-379.882162,-379.471235]
No.38	 toolpath -325.141637	[r = -379.629345] is calculated within 5.777836s.
-----
initial linear search begins: 
No.	x	f(x)
0	-359.063831	1.839314
1	-359.475141	1.767052
2	-359.886451	1.693401
3	-360.297762	1.618864
4	-360.709072	1.543126
5	-361.120382	1.466813
6	-361.531693	1.388897
7	-361.943003	1.310706
8	-362.354313	1.232732
9	-362.765623	1.155528
10	-363.176934	1.079021
11	-363.588244	1.005329
12	-363.999554	0.935095
13	-364.410865	0.869014
14	-364.822175	0.808332
15	-365.233485	0.754110
16	-365.644795	0.706806
17	-366.056106	0.704844
18	-366.467416	0.665374
19	-366.878726	0.633862
20	-367.290037	0.607983
21	-367.701347	0.586913
22	-368.112657	0.568699
23	-368.523967	0.552400
24	-368.935278	0.536812
25	-369.346588	0.520708
26	-369.757898	0.503075
27	-370.169209	0.482960
28	-370.580519	0.459720
29	-370.991829	0.432377
30	-371.403139	0.400192
31	-371.814450	0.363535
32	-372.225760	0.322537
33	-372.637070	0.278490
34	-373.048381	0.232276
35	-373.459691	0.184191
36	-373.871001	0.134989
37	-374.282312	0.085418
38	-374.693622	0.036230
39	-375.104932	-0.012343
bisection interval found by 1-dim search: [-375.104932,-374.693622]
No.39	 toolpath -320.511987	[r = -374.999695] is calculated within 5.812514s.
-----
initial linear search begins: 
No.	x	f(x)
0	-354.415824	0.412589
1	-354.827502	0.417059
2	-355.239179	0.377415
3	-355.650857	0.333384
4	-356.062534	0.285919
5	-356.474211	0.235922
6	-356.885889	0.183681
7	-357.297566	1.372030
8	-357.709244	1.292624
9	-358.120921	1.213987
10	-358.532598	1.136733
11	-358.944276	1.061552
12	-359.355953	0.989204
13	-359.767631	0.921664
14	-360.179308	0.859521
15	-360.590985	0.803840
16	-361.002663	0.755068
17	-361.414340	0.713655
18	-361.826018	0.680277
19	-362.237695	0.652585
20	-362.649372	0.629619
21	-363.061050	0.609926
22	-363.472727	0.592042
23	-363.884405	0.574789
24	-364.296082	0.557221
25	-364.707759	0.538170
26	-365.119437	0.516681
27	-365.531114	0.492124
28	-365.942792	0.490972
29	-366.354469	0.462271
30	-366.766146	0.428732
31	-367.177824	0.390302
32	-367.589501	0.348359
33	-368.001179	0.302938
34	-368.412856	0.254817
35	-368.824533	0.205326
36	-369.236211	0.154714
37	-369.647888	0.103735
38	-370.059566	0.053141
39	-370.471243	0.003153
40	-370.882920	-0.044895
bisection interval found by 1-dim search: [-370.882920,-370.471243]
No.40	 toolpath -316.010070	[r = -370.497777] is calculated within 5.865541s.
-----
initial linear search begins: 
No.	x	f(x)
0	-349.896289	0.481331
1	-350.308319	0.439619
2	-350.720349	0.393613
3	-351.132379	0.344270
4	-351.544408	0.292489
5	-351.956438	0.238543
6	-352.368468	0.183191
7	-352.780498	0.127194
8	-353.192527	0.071312
9	-353.604557	0.016303
10	-354.016587	-0.037621
bisection interval found by 1-dim search: [-354.016587,-353.604557]
No.41	 toolpath -311.456332	[r = -353.729293] is calculated within 3.481531s.
-----
initial linear search begins: 
No.	x	f(x)
0	-333.064181	0.684099
1	-333.477484	0.632455
2	-333.890786	0.577569
3	-334.304088	0.520351
4	-334.717390	0.527525
5	-335.130692	0.468553
6	-335.543995	0.408146
7	-335.957297	0.346426
8	-336.370599	0.285465
9	-336.783901	0.225388
10	-337.197204	0.166353
11	-337.610506	0.109222
12	-338.023808	0.055445
13	-338.437110	0.004868
14	-338.850413	-0.040959
bisection interval found by 1-dim search: [-338.850413,-338.437110]
No.42	 toolpath -296.205316	[r = -338.478279] is calculated within 3.964487s.
-----
initial linear search begins: 
No.	x	f(x)
0	-317.758019	0.916166
1	-318.172424	0.860057
2	-318.586829	0.800691
3	-319.001235	0.738323
4	-319.415640	0.674445
5	-319.830045	0.609200
6	-320.244450	0.543366
7	-320.658855	0.477028
8	-321.073261	0.412369
9	-321.487666	0.348150
10	-321.902071	0.286592
11	-322.316476	0.228525
12	-322.730881	0.173185
13	-323.145287	0.123276
14	-323.559692	0.078133
15	-323.974097	0.060652
16	-324.388502	0.059602
17	-324.802907	0.058553
18	-325.217313	0.057505
19	-325.631718	0.056457
20	-326.046123	0.055409
21	-326.460528	0.054362
22	-326.874933	0.053316
23	-327.289339	0.052270
24	-327.703744	0.051225
25	-328.118149	0.050180
26	-328.532554	0.049135
27	-328.946959	0.048091
28	-329.361365	0.047048
29	-329.775770	0.046005
30	-330.190175	0.044963
31	-330.604580	0.043921
32	-331.018985	0.042880
33	-331.433391	0.041839
34	-331.847796	0.039440
35	-332.262201	0.030376
36	-332.676606	0.013904
37	-333.091011	-0.008718
bisection interval found by 1-dim search: [-333.091011,-332.676606]
No.43	 toolpath -291.132171	[r = -332.941275] is calculated within 5.640066s.
-----
initial linear search begins: 
No.	x	f(x)
0	-312.201629	0.936839
1	-312.616422	0.875301
2	-313.031215	0.810838
3	-313.446008	0.744261
4	-313.860801	0.677097
5	-314.275594	0.609441
6	-314.690387	0.542074
7	-315.105180	0.475079
8	-315.519972	0.409312
9	-315.934765	0.346320
10	-316.349558	0.286341
11	-316.764351	0.230365
12	-317.179144	0.237231
13	-317.593937	0.185113
14	-318.008730	0.138730
15	-318.423523	0.096800
16	-318.838316	0.087910
17	-319.253109	0.086845
18	-319.667902	0.085781
19	-320.082695	0.084716
20	-320.497488	0.083653
21	-320.912280	0.082590
22	-321.327073	0.081527
23	-321.741866	0.080465
24	-322.156659	0.079404
25	-322.571452	0.078343
26	-322.986245	0.077283
27	-323.401038	0.076223
28	-323.815831	0.075164
29	-324.230624	0.074105
30	-324.645417	0.073047
31	-325.060210	0.071989
32	-325.475003	0.070932
33	-325.889796	0.069875
34	-326.304588	0.066196
35	-326.719381	0.055460
36	-327.134174	0.037313
37	-327.548967	0.013271
38	-327.963760	-0.015675
bisection interval found by 1-dim search: [-327.963760,-327.548967]
No.44	 toolpath -285.936726	[r = -327.744212] is calculated within 5.720795s.
-----
initial linear search begins: 
No.	x	f(x)
0	-306.986677	1.015802
1	-307.401827	0.952742
2	-307.816978	0.886739
3	-308.232129	0.819332
4	-308.647279	0.749894
5	-309.062430	0.680679
6	-309.477581	0.611748
7	-309.892731	0.543169
8	-310.307882	0.475801
9	-310.723033	0.411212
10	-311.138184	0.349625
11	-311.553334	0.292035
12	-311.968485	0.238870
13	-312.383636	0.191008
14	-312.798786	0.148071
15	-313.213937	0.114723
16	-313.629088	0.113572
17	-314.044238	0.112420
18	-314.459389	0.111270
19	-314.874540	0.110120
20	-315.289691	0.108970
21	-315.704841	0.107821
22	-316.119992	0.106673
23	-316.535143	0.105525
24	-316.950293	0.106221
25	-317.365444	0.105144
26	-317.780595	0.104068
27	-318.195745	0.102993
28	-318.610896	0.101918
29	-319.026047	0.100844
30	-319.441198	0.099770
31	-319.856348	0.098697
32	-320.271499	0.097625
33	-320.686650	0.096496
34	-321.101800	0.091351
35	-321.516951	0.079122
36	-321.932102	0.059474
37	-322.347252	0.033656
38	-322.762403	0.003453
39	-323.177554	-0.030354
bisection interval found by 1-dim search: [-323.177554,-322.762403]
No.45	 toolpath -280.997893	[r = -322.805378] is calculated within 5.749611s.
-----
initial linear search begins: 
No.	x	f(x)
0	-302.031118	1.017525
1	-302.446603	1.026336
2	-302.862088	0.958873
3	-303.277573	0.890008
4	-303.693058	0.819083
5	-304.108544	0.748389
6	-304.524029	0.677226
7	-304.939514	0.607890
8	-305.354999	0.539002
9	-305.770484	0.472894
10	-306.185970	0.409779
11	-306.601455	0.350078
12	-307.016940	0.295938
13	-307.432425	0.246533
14	-307.847910	0.202044
15	-308.263396	0.162980
16	-308.678881	0.141206
17	-309.094366	0.140039
18	-309.509851	0.138873
19	-309.925336	0.137707
20	-310.340822	0.136542
21	-310.756307	0.135377
22	-311.171792	0.134214
23	-311.587277	0.133050
24	-312.002762	0.131888
25	-312.418248	0.130725
26	-312.833733	0.129564
27	-313.249218	0.128403
28	-313.664703	0.127242
29	-314.080188	0.126083
30	-314.495674	0.124923
31	-314.911159	0.123765
32	-315.326644	0.121795
33	-315.742129	0.114180
34	-316.157614	0.099351
35	-316.573100	0.077414
36	-316.988585	0.080324
37	-317.404070	0.053301
38	-317.819555	0.021327
39	-318.235041	-0.013613
bisection interval found by 1-dim search: [-318.235041,-317.819555]
No.46	 toolpath -276.266069	[r = -318.075176] is calculated within 5.801139s.
-----
initial linear search begins: 
No.	x	f(x)
0	-297.285148	1.089437
1	-297.700948	1.020106
2	-298.116749	0.949485
3	-298.532549	0.876880
4	-298.948350	0.804622
5	-299.364150	0.731979
6	-299.779951	0.660536
7	-300.195752	0.591111
8	-300.611552	0.523151
9	-301.027353	0.459017
10	-301.443153	0.398413
11	-301.858954	0.342924
12	-302.274754	0.350077
13	-302.690555	0.299252
14	-303.106356	0.253335
15	-303.522156	0.212847
16	-303.937957	0.177770
17	-304.353757	0.166830
18	-304.769558	0.165648
19	-305.185358	0.164467
20	-305.601159	0.163286
21	-306.016960	0.162106
22	-306.432760	0.160927
23	-306.848561	0.159748
24	-307.264361	0.158570
25	-307.680162	0.157392
26	-308.095962	0.156215
27	-308.511763	0.155039
28	-308.927564	0.153863
29	-309.343364	0.152688
30	-309.759165	0.151514
31	-310.174965	0.150340
32	-310.590766	0.147446
33	-311.006566	0.138407
34	-311.422367	0.122152
35	-311.838168	0.098800
36	-312.253968	0.069249
37	-312.669769	0.035502
38	-313.085569	-0.001733
bisection interval found by 1-dim search: [-313.085569,-312.669769]
No.47	 toolpath -271.726630	[r = -313.066891] is calculated within 6.041912s.
-----
initial linear search begins: 
No.	x	f(x)
0	-292.260433	1.166195
1	-292.676563	1.095414
2	-293.092692	1.022559
3	-293.508821	0.949236
4	-293.924950	0.874696
5	-294.341079	0.800534
6	-294.757208	0.727571
7	-295.173337	0.656625
8	-295.589467	0.587113
9	-296.005596	0.521435
10	-296.421725	0.459263
11	-296.837854	0.402208
12	-297.253983	0.350464
13	-297.670112	0.303610
14	-298.086241	0.262176
15	-298.502371	0.225833
16	-298.918500	0.195424
17	-299.334629	0.194154
18	-299.750758	0.192885
19	-300.166887	0.191616
20	-300.583016	0.190347
21	-300.999145	0.189080
22	-301.415275	0.187813
23	-301.831404	0.186546
24	-302.247533	0.187180
25	-302.663662	0.185985
26	-303.079791	0.184792
27	-303.495920	0.183598
28	-303.912049	0.182406
29	-304.328179	0.181214
30	-304.744308	0.180022
31	-305.160437	0.178828
32	-305.576566	0.174628
33	-305.992695	0.164149
34	-306.408824	0.146462
35	-306.824954	0.121413
36	-307.241083	0.090674
37	-307.657212	0.055100
38	-308.073341	0.016746
39	-308.489470	-0.023855
bisection interval found by 1-dim search: [-308.489470,-308.073341]
No.48	 toolpath -266.902946	[r = -308.244832] is calculated within 5.908479s.
-----
initial linear search begins: 
No.	x	f(x)
0	-287.422815	1.158214
1	-287.839255	1.083569
2	-288.255695	1.008571
3	-288.672136	0.932436
4	-289.088576	0.856783
5	-289.505016	0.782434
6	-289.921457	0.792133
7	-290.337897	0.718971
8	-290.754337	0.648718
9	-291.170778	0.580881
10	-291.587218	0.517870
11	-292.003658	0.459306
12	-292.420099	0.405566
13	-292.836539	0.357263
14	-293.252979	0.314383
15	-293.669420	0.276905
16	-294.085860	0.244533
17	-294.502300	0.223846
18	-294.918741	0.222558
19	-295.335181	0.221272
20	-295.751622	0.219986
21	-296.168062	0.218701
22	-296.584502	0.217416
23	-297.000943	0.216132
24	-297.417383	0.214849
25	-297.833823	0.213567
26	-298.250264	0.212285
27	-298.666704	0.211004
28	-299.083144	0.209724
29	-299.499585	0.208444
30	-299.916025	0.206637
31	-300.332465	0.200116
32	-300.748906	0.187181
33	-301.165346	0.166917
34	-301.581786	0.139680
35	-301.998227	0.106364
36	-302.414667	0.110989
37	-302.831107	0.073958
38	-303.247548	0.034159
39	-303.663988	-0.007902
bisection interval found by 1-dim search: [-303.663988,-303.247548]
No.49	 toolpath -262.246459	[r = -303.586719] is calculated within 5.793711s.
-----
initial linear search begins: 
No.	x	f(x)
0	-282.749911	1.228943
1	-283.166647	1.153723
2	-283.583384	1.076535
3	-284.000120	0.998997
4	-284.416856	0.922744
5	-284.833592	0.846173
6	-285.250328	0.772537
7	-285.667064	0.700396
8	-286.083800	0.631533
9	-286.500537	0.567620
10	-286.917273	0.507635
11	-287.334009	0.453583
12	-287.750745	0.404398
13	-288.167481	0.360240
14	-288.584217	0.321587
15	-289.000954	0.288399
16	-289.417690	0.260628
17	-289.834426	0.264002
18	-290.251162	0.251593
19	-290.667898	0.250288
20	-291.084634	0.248984
21	-291.501370	0.247681
22	-291.918107	0.246379
23	-292.334843	0.245077
24	-292.751579	0.243776
25	-293.168315	0.242476
26	-293.585051	0.241176
27	-294.001787	0.239877
28	-294.418523	0.238579
29	-294.835260	0.237282
30	-295.251996	0.234667
31	-295.668732	0.226805
32	-296.085468	0.212537
33	-296.502204	0.190948
34	-296.918940	0.162082
35	-297.335677	0.127719
36	-297.752413	0.088640
37	-298.169149	0.046965
38	-298.585885	0.003603
39	-299.002621	-0.040698
bisection interval found by 1-dim search: [-299.002621,-298.585885]
No.50	 toolpath -257.745129	[r = -298.616001] is calculated within 5.846806s.
-----
initial linear search begins: 
No.	x	f(x)
0	-277.763670	0.310760
1	-278.180716	0.282941
2	-278.597763	0.260631
3	-279.014810	0.982093
4	-279.431856	0.904900
5	-279.848903	0.914117
6	-280.265949	0.838977
7	-280.682996	0.765303
8	-281.100043	0.694896
9	-281.517089	0.628809
10	-281.934136	0.567900
11	-282.351183	0.511791
12	-282.768229	0.461117
13	-283.185276	0.415861
14	-283.602322	0.375655
15	-284.019369	0.340920
16	-284.436416	0.311605
17	-284.853462	0.287651
18	-285.270509	0.282256
19	-285.687556	0.280860
20	-286.104602	0.279464
21	-286.521649	0.278070
22	-286.938695	0.276676
23	-287.355742	0.275283
24	-287.772789	0.273891
25	-288.189835	0.272500
26	-288.606882	0.271110
27	-289.023928	0.269720
28	-289.440975	0.268243
29	-289.858022	0.268478
30	-290.275068	0.264531
31	-290.692115	0.255177
32	-291.109162	0.239417
33	-291.526208	0.216332
34	-291.943255	0.186289
35	-292.360301	0.150120
36	-292.777348	0.109957
37	-293.194395	0.066377
38	-293.611441	0.021528
39	-294.028488	-0.023811
bisection interval found by 1-dim search: [-294.028488,-293.611441]
No.51	 toolpath -252.936875	[r = -293.807746] is calculated within 5.841000s.
-----
initial linear search begins: 
No.	x	f(x)
0	-272.940654	0.355880
1	-273.357996	0.331760
2	-273.775338	0.312690
3	-274.192680	0.309778
4	-274.610021	0.307309
5	-275.027363	0.304841
6	-275.444705	0.302374
7	-275.862047	0.299908
8	-276.279389	0.297443
9	-276.696731	0.294979
10	-277.114073	0.295021
11	-277.531414	0.292619
12	-277.948756	0.289829
13	-278.366098	0.283474
14	-278.783440	0.387783
15	-279.200782	0.357299
16	-279.618124	0.332449
17	-280.035465	0.335266
18	-280.452807	0.315159
19	-280.870149	0.313343
20	-281.287491	0.311926
21	-281.704833	0.310509
22	-282.122175	0.309094
23	-282.539517	0.307679
24	-282.956858	0.306265
25	-283.374200	0.304853
26	-283.791542	0.303441
27	-284.208884	0.302030
28	-284.626226	0.299997
29	-285.043568	0.293853
30	-285.460909	0.282162
31	-285.878251	0.264129
32	-286.295593	0.238540
33	-286.712935	0.205784
34	-287.130277	0.167724
35	-287.547619	0.125066
36	-287.964961	0.079997
37	-288.382302	0.033387
38	-288.799644	-0.013570
bisection interval found by 1-dim search: [-288.799644,-288.382302]
No.52	 toolpath -248.276047	[r = -288.678191] is calculated within 5.716931s.
-----
initial linear search begins: 
No.	x	f(x)
0	-267.795626	0.433004
1	-268.213278	0.407116
2	-268.630929	0.386641
3	-269.048580	0.371246
4	-269.466232	0.368492
5	-269.883883	0.365995
6	-270.301534	0.363498
7	-270.719185	0.361003
8	-271.136837	0.358510
9	-271.554488	0.356017
10	-271.972139	0.353525
11	-272.389791	0.349714
12	-272.807442	0.341922
13	-273.225093	0.328922
14	-273.642745	0.309895
15	-274.060396	0.283817
16	-274.478047	0.250277
17	-274.895698	0.210477
18	-275.313350	0.165890
19	-275.731001	0.118393
20	-276.148652	0.068365
21	-276.566304	0.017501
22	-276.983955	0.015407
23	-277.401606	-0.034479
bisection interval found by 1-dim search: [-277.401606,-276.983955]
No.53	 toolpath -243.243582	[r = -277.113655] is calculated within 4.677781s.
-----
initial linear search begins: 
No.	x	f(x)
0	-256.197248	0.581133
1	-256.615576	0.556792
2	-257.033904	0.537532
3	-257.452232	0.523245
4	-257.870560	0.513678
5	-258.288888	0.507715
6	-258.707216	0.504134
7	-259.125545	0.501462
8	-259.543873	0.498554
9	-259.962201	0.494114
10	-260.380529	0.486957
11	-260.798857	0.475744
12	-261.217185	0.459574
13	-261.635514	0.437365
14	-262.053842	0.408165
15	-262.472170	0.371108
16	-262.890498	0.328018
17	-263.308826	0.280552
18	-263.727154	0.229182
19	-264.145482	0.175666
20	-264.563811	0.121252
21	-264.982139	0.067118
22	-265.400467	0.014371
23	-265.818795	-0.035952
bisection interval found by 1-dim search: [-265.818795,-265.400467]
No.54	 toolpath -232.452583	[r = -265.518939] is calculated within 4.799737s.
-----
initial linear search begins: 
No.	x	f(x)
0	-244.570040	0.730706
1	-244.989018	0.707575
2	-245.407996	0.689531
3	-245.826974	0.676103
4	-246.245952	0.666370
5	-246.664930	0.659001
6	-247.083908	0.652776
7	-247.502886	0.646350
8	-247.921864	0.638490
9	-248.340842	0.627907
10	-248.759820	0.613480
11	-249.178798	0.593926
12	-249.597776	0.568534
13	-250.016754	0.535881
14	-250.435732	0.495989
15	-250.854710	0.449676
16	-251.273688	0.398425
17	-251.692666	0.343637
18	-252.111644	0.286638
19	-252.530622	0.228682
20	-252.949600	0.170947
21	-253.368578	0.114545
22	-253.787556	0.060515
23	-254.206534	0.009324
24	-254.625512	0.007766
25	-255.044490	-0.038358
bisection interval found by 1-dim search: [-255.044490,-254.625512]
No.55	 toolpath -221.625441	[r = -254.691795] is calculated within 4.905804s.
-----
initial linear search begins: 
No.	x	f(x)
0	-233.713853	0.868927
1	-234.133412	0.847124
2	-234.552971	0.830144
3	-234.972530	0.816924
4	-235.392089	0.806166
5	-235.811647	0.796570
6	-236.231206	0.786837
7	-236.650765	0.775670
8	-237.070324	0.761892
9	-237.489883	0.744335
10	-237.909442	0.721901
11	-238.329000	0.693278
12	-238.748559	0.657634
13	-239.168118	0.614774
14	-239.587677	0.565423
15	-240.007236	0.563813
16	-240.426795	0.508885
17	-240.846354	0.450902
18	-241.265912	0.390696
19	-241.685471	0.329520
20	-242.105030	0.268555
21	-242.524589	0.208912
22	-242.944148	0.151635
23	-243.363707	0.097153
24	-243.783265	0.047511
25	-244.202824	0.002532
26	-244.622383	-0.036428
bisection interval found by 1-dim search: [-244.622383,-244.202824]
No.56	 toolpath -211.563581	[r = -244.228227] is calculated within 4.972494s.
-----
initial linear search begins: 
No.	x	f(x)
0	-223.223402	1.001024
1	-223.643498	0.980601
2	-224.063595	0.980143
3	-224.483691	0.963756
4	-224.903788	0.949855
5	-225.323884	0.937138
6	-225.743981	0.924302
7	-226.164077	0.910044
8	-226.584174	0.893211
9	-227.004270	0.872631
10	-227.424367	0.846956
11	-227.844463	0.815580
12	-228.264560	0.776956
13	-228.684656	0.731143
14	-229.104753	0.678282
15	-229.524849	0.620861
16	-229.944946	0.559822
17	-230.365042	0.495860
18	-230.785139	0.431492
19	-231.205235	0.367289
20	-231.625332	0.303729
21	-232.045428	0.243150
22	-232.465525	0.185883
23	-232.885621	0.132305
24	-233.305718	0.083908
25	-233.725814	0.041508
26	-234.145911	0.005465
27	-234.566007	-0.025132
bisection interval found by 1-dim search: [-234.566007,-234.145911]
No.57	 toolpath -201.959037	[r = -234.217295] is calculated within 5.087362s.
-----
initial linear search begins: 
No.	x	f(x)
0	-213.187834	1.150672
1	-213.608423	1.127148
2	-214.029012	1.107353
3	-214.449602	1.090275
4	-214.870191	1.074439
5	-215.290780	1.058537
6	-215.711369	1.041263
7	-216.131958	1.021485
8	-216.552548	0.998028
9	-216.973137	0.969510
10	-217.393726	0.935037
11	-217.814315	0.894016
12	-218.234905	0.845010
13	-218.655494	0.789284
14	-219.076083	0.728969
15	-219.496672	0.664984
16	-219.917261	0.597995
17	-220.337851	0.530581
18	-220.758440	0.462607
19	-221.179029	0.396557
20	-221.599618	0.332154
21	-222.020207	0.271701
22	-222.440797	0.214876
23	-222.861386	0.163205
24	-223.281975	0.117507
25	-223.702564	0.078177
26	-224.123153	0.077415
27	-224.543743	0.043765
28	-224.964332	0.015260
29	-225.384921	-0.009038
bisection interval found by 1-dim search: [-225.384921,-224.964332]
No.58	 toolpath -192.964835	[r = -225.221450] is calculated within 5.363211s.
-----
initial linear search begins: 
No.	x	f(x)
0	-204.170755	1.260074
1	-204.591769	1.237510
2	-205.012783	1.217558
3	-205.433797	1.198761
4	-205.854811	1.180091
5	-206.275824	1.160255
6	-206.696838	1.137837
7	-207.117852	1.111563
8	-207.538866	1.080456
9	-207.959880	1.080096
10	-208.380894	1.043138
11	-208.801908	0.999251
12	-209.222922	0.947717
13	-209.643936	0.890014
14	-210.064950	0.826560
15	-210.485963	0.759319
16	-210.906977	0.690359
17	-211.327991	0.619601
18	-211.749005	0.549645
19	-212.170019	0.480216
20	-212.591033	0.413778
21	-213.012047	0.349962
22	-213.433061	0.290412
23	-213.854075	0.236009
24	-214.275089	0.187573
25	-214.696102	0.145512
26	-215.117116	0.108882
27	-215.538130	0.077434
28	-215.959144	0.050203
29	-216.380158	0.026644
30	-216.801172	0.006212
31	-217.222186	-0.011640
bisection interval found by 1-dim search: [-217.222186,-216.801172]
No.59	 toolpath -185.094066	[r = -216.941784] is calculated within 5.365465s.
-----
initial linear search begins: 
No.	x	f(x)
0	-195.872298	0.532462
1	-196.293688	0.462139
2	-196.715077	0.395510
3	-197.136467	0.332862
4	-197.557857	0.275764
5	-197.979247	0.225475
6	-198.400636	0.180891
7	-198.822026	0.141477
8	-199.243416	0.107012
9	-199.664805	0.076523
10	-200.086195	0.049729
11	-200.507585	0.025544
12	-200.928975	0.984886
13	-201.350364	0.918993
14	-201.771754	0.849273
15	-202.193144	0.777819
16	-202.614533	0.704506
17	-203.035923	0.631251
18	-203.457313	0.559931
19	-203.878703	0.490161
20	-204.300092	0.423690
21	-204.721482	0.361465
22	-205.142872	0.304370
23	-205.564262	0.253227
24	-205.985651	0.208017
25	-206.407041	0.169128
26	-206.828431	0.134660
27	-207.249820	0.104799
28	-207.671210	0.078872
29	-208.092600	0.078345
30	-208.513990	0.055447
31	-208.935379	0.035135
32	-209.356769	0.016866
33	-209.778159	-0.000073
bisection interval found by 1-dim search: [-209.778159,-209.356769]
No.60	 toolpath -177.929617	[r = -209.775690] is calculated within 5.552426s.
-----
initial linear search begins: 
No.	x	f(x)
0	-188.690521	0.570257
1	-189.112224	0.501280
2	-189.533927	0.436230
3	-189.955631	0.377287
4	-190.377334	0.323990
5	-190.799038	0.276977
6	-191.220741	0.235140
7	-191.642444	0.198286
8	-192.064148	0.165419
9	-192.485851	0.136006
10	-192.907555	0.109510
11	-193.329258	0.085396
12	-193.750961	0.063128
13	-194.172665	0.041760
14	-194.594368	0.041471
15	-195.016071	0.021022
16	-195.437775	0.000583
17	-195.859478	-0.020654
bisection interval found by 1-dim search: [-195.859478,-195.437775]
No.61	 toolpath -171.787663	[r = -195.446835] is calculated within 4.433165s.
-----
initial linear search begins: 
No.	x	f(x)
0	-174.331919	0.711735
1	-174.754217	0.642203
2	-175.176516	0.578179
3	-175.598814	0.520441
4	-176.021112	0.469002
5	-176.443411	0.423174
6	-176.865709	0.381451
7	-177.288007	0.381493
8	-177.710306	0.344333
9	-178.132604	0.310628
10	-178.554902	0.279851
11	-178.977201	0.251473
12	-179.399499	0.224704
13	-179.821797	0.199300
14	-180.244096	0.174467
15	-180.666394	0.149656
16	-181.088692	0.124278
17	-181.510990	0.097438
18	-181.933289	0.068782
19	-182.355587	0.038122
20	-182.777885	0.005915
21	-183.200184	-0.027003
bisection interval found by 1-dim search: [-183.200184,-182.777885]
No.62	 toolpath -159.610064	[r = -182.856242] is calculated within 4.780183s.
-----
initial linear search begins: 
No.	x	f(x)
0	-161.716955	0.899771
1	-162.139741	0.827147
2	-162.562527	0.758548
3	-162.985313	0.696955
4	-163.408098	0.641681
5	-163.830884	0.591547
6	-164.253670	0.546468
7	-164.676455	0.505373
8	-165.099241	0.467740
9	-165.522027	0.433050
10	-165.944813	0.400782
11	-166.367598	0.370109
12	-166.790384	0.340837
13	-167.213170	0.312140
14	-167.635955	0.283477
15	-168.058741	0.253974
16	-168.481527	0.223588
17	-168.904313	0.190805
18	-169.327098	0.156309
19	-169.749884	0.120245
20	-170.172670	0.083479
21	-170.595456	0.046589
22	-171.018241	0.009854
23	-171.441027	-0.025398
bisection interval found by 1-dim search: [-171.441027,-171.018241]
No.63	 toolpath -148.311422	[r = -171.134673] is calculated within 5.032598s.
-----
initial linear search begins: 
No.	x	f(x)
0	-149.974179	0.999843
1	-150.397389	0.927560
2	-150.820599	0.862318
3	-151.243809	0.803407
4	-151.667018	0.749617
5	-152.090228	0.700419
6	-152.513438	0.655734
7	-152.936648	0.614507
8	-153.359858	0.576226
9	-153.783068	0.540375
10	-154.206278	0.506096
11	-154.629488	0.473242
12	-155.052697	0.440954
13	-155.475907	0.408698
14	-155.899117	0.375573
15	-156.322327	0.341276
16	-156.745537	0.305224
17	-157.168747	0.306010
18	-157.591957	0.267705
19	-158.015166	0.228551
20	-158.438376	0.187947
21	-158.861586	0.147598
22	-159.284796	0.107363
23	-159.708006	0.068628
24	-160.131216	0.032017
25	-160.554426	-0.002136
bisection interval found by 1-dim search: [-160.554426,-160.131216]
No.64	 toolpath -137.705552	[r = -160.528802] is calculated within 5.066081s.
-----
initial linear search begins: 
No.	x	f(x)
0	-139.350346	1.158271
1	-139.773915	1.083468
2	-140.197484	1.014225
3	-140.621054	0.952078
4	-141.044623	0.895043
5	-141.468192	0.842596
6	-141.891761	0.794698
7	-142.315330	0.750268
8	-142.738899	0.708797
9	-143.162468	0.669378
10	-143.586037	0.632317
11	-144.009606	0.595948
12	-144.433176	0.560522
13	-144.856745	0.525134
14	-145.280314	0.489221
15	-145.703883	0.451807
16	-146.127452	0.412275
17	-146.551021	0.371077
18	-146.974590	0.328279
19	-147.398159	0.284800
20	-147.821728	0.240798
21	-148.245298	0.197690
22	-148.668867	0.155320
23	-149.092436	0.115487
24	-149.516005	0.078090
25	-149.939574	0.044141
26	-150.363143	0.014528
27	-150.786712	-0.010253
bisection interval found by 1-dim search: [-150.786712,-150.363143]
No.65	 toolpath -128.206671	[r = -150.600573] is calculated within 5.224172s.
-----
initial linear search begins: 
No.	x	f(x)
0	-129.406357	1.227408
1	-129.830242	1.155214
2	-130.254126	1.090145
3	-130.678010	1.030155
4	-131.101895	0.974725
5	-131.525779	0.923858
6	-131.949663	0.876442
7	-132.373547	0.831521
8	-132.797432	0.789526
9	-133.221316	0.749056
10	-133.645200	0.710044
11	-134.069085	0.671185
12	-134.492969	0.632744
13	-134.916853	0.593767
14	-135.340738	0.553251
15	-135.764622	0.554928
16	-136.188506	0.512466
17	-136.612391	0.468355
18	-137.036275	0.422628
19	-137.460159	0.375787
20	-137.884044	0.329274
21	-138.307928	0.282813
22	-138.731812	0.237893
23	-139.155697	0.194738
24	-139.579581	0.154399
25	-140.003465	0.117822
26	-140.427350	0.085234
27	-140.851234	0.057248
28	-141.275118	0.034711
29	-141.699003	0.016799
30	-142.122887	0.002514
31	-142.546771	-0.008823
bisection interval found by 1-dim search: [-142.546771,-142.122887]
No.66	 toolpath -119.817569	[r = -142.209816] is calculated within 5.417835s.
-----
initial linear search begins: 
No.	x	f(x)
0	-121.003073	1.353707
1	-121.427208	1.278834
2	-121.851343	1.210443
3	-122.275477	1.147872
4	-122.699612	1.089861
5	-123.123747	1.036443
6	-123.547882	0.986486
7	-123.972017	0.939008
8	-124.396152	0.894501
9	-124.820287	0.851514
10	-125.244422	0.809586
11	-125.668556	0.768641
12	-126.092691	0.727728
13	-126.516826	0.685873
14	-126.940961	0.642890
15	-127.365096	0.598218
16	-127.789231	0.551033
17	-128.213366	0.502685
18	-128.637500	0.453691
19	-129.061635	0.404141
20	-129.485770	0.355101
21	-129.909905	0.307635
22	-130.334040	0.261938
23	-130.758175	0.219077
24	-131.182310	0.180013
25	-131.606445	0.144643
26	-132.030579	0.114473
27	-132.454714	0.089477
28	-132.878849	0.069085
29	-133.302984	0.052280
30	-133.727119	0.038413
31	-134.151254	0.026572
32	-134.575389	0.016015
33	-134.999524	0.006000
34	-135.423658	-0.004315
bisection interval found by 1-dim search: [-135.423658,-134.999524]
No.67	 toolpath -113.298041	[r = -135.248868] is calculated within 5.485526s.
-----
initial linear search begins: 
No.	x	f(x)
0	-114.032282	1.377227
1	-114.456614	1.307594
2	-114.880946	1.242344
3	-115.305277	1.182942
4	-115.729609	1.126903
5	-116.153941	1.074910
6	-116.578273	1.025858
7	-117.002604	0.978772
8	-117.426936	0.981287
9	-117.851268	0.936226
10	-118.275600	0.892669
11	-118.699931	0.849220
12	-119.124263	0.806257
13	-119.548595	0.762786
14	-119.972926	0.717771
15	-120.397258	0.670619
16	-120.821590	0.621380
17	-121.245922	0.570985
18	-121.670253	0.519947
19	-122.094585	0.468331
20	-122.518917	0.417219
21	-122.943248	0.367688
22	-123.367580	0.319909
23	-123.791912	0.274961
24	-124.216244	0.233458
25	-124.640575	0.196337
26	-125.064907	0.164072
27	-125.489239	0.136752
28	-125.913571	0.114312
29	-126.337902	0.095446
30	-126.762234	0.079528
31	-127.186566	0.065632
32	-127.610897	0.053018
33	-128.035229	0.040948
34	-128.459561	0.028683
35	-128.883893	0.015352
36	-129.308224	0.000150
37	-129.732556	-0.017773
bisection interval found by 1-dim search: [-129.732556,-129.308224]
No.68	 toolpath -107.358226	[r = -129.309053] is calculated within 5.710303s.
-----
initial linear search begins: 
No.	x	f(x)
0	-108.084462	1.466427
1	-108.508954	1.394211
2	-108.933446	1.327819
3	-109.357938	1.265954
4	-109.782429	1.208701
5	-110.206921	1.154337
6	-110.631413	1.103511
7	-111.055905	1.054641
8	-111.480397	1.007773
9	-111.904888	0.962400
10	-112.329380	0.917087
11	-112.753872	0.872256
12	-113.178364	0.826433
13	-113.602856	0.779484
14	-114.027348	0.730377
15	-114.451839	0.679200
16	-114.876331	0.626905
17	-115.300823	0.574000
18	-115.725315	0.520532
19	-116.149807	0.467594
20	-116.574299	0.415813
21	-116.998790	0.366291
22	-117.423282	0.369440
23	-117.847774	0.322709
24	-118.272266	0.279413
25	-118.696758	0.240501
26	-119.121249	0.206152
27	-119.545741	0.177312
28	-119.970233	0.152881
29	-120.394725	0.132433
30	-120.819217	0.114591
31	-121.243709	0.098941
32	-121.668200	0.084573
33	-122.092692	0.070751
34	-122.517184	0.056740
35	-122.941676	0.041655
36	-123.366168	0.024696
37	-123.790659	0.005016
38	-124.215151	-0.018270
bisection interval found by 1-dim search: [-124.215151,-123.790659]
No.69	 toolpath -101.936836	[r = -123.889321] is calculated within 5.770422s.
-----
initial linear search begins: 
No.	x	f(x)
0	-102.657742	1.547177
1	-103.082373	1.473303
2	-103.507005	1.405265
3	-103.931636	1.341751
4	-104.356268	1.282868
5	-104.780900	1.226858
6	-105.205531	1.174412
7	-105.630163	1.123912
8	-106.054794	1.075428
9	-106.479426	1.027967
10	-106.904058	0.981525
11	-107.328689	0.934623
12	-107.753321	0.887677
13	-108.177952	0.839142
14	-108.602584	0.788449
15	-109.027215	0.735677
16	-109.451847	0.681792
17	-109.876479	0.626781
18	-110.301110	0.571712
19	-110.725742	0.517174
20	-111.150373	0.464267
21	-111.575005	0.413121
22	-111.999636	0.364838
23	-112.424268	0.320021
24	-112.848900	0.279627
25	-113.273531	0.243817
26	-113.698163	0.213531
27	-114.122794	0.187815
28	-114.547426	0.165611
29	-114.972057	0.146336
30	-115.396689	0.129037
31	-115.821321	0.112982
32	-116.245952	0.097438
33	-116.670584	0.081524
34	-117.095215	0.064627
35	-117.519847	0.065646
36	-117.944479	0.047084
37	-118.369110	0.025801
38	-118.793742	0.000916
39	-119.218373	-0.027824
bisection interval found by 1-dim search: [-119.218373,-118.793742]
No.70	 toolpath -96.857014	[r = -118.809500] is calculated within 5.939010s.
-----
initial linear search begins: 
No.	x	f(x)
0	-97.571645	0.335090
1	-97.996402	0.293084
2	-98.421159	0.255846
3	-98.845916	0.223592
4	-99.270673	0.195472
5	-99.695430	0.170637
6	-100.120187	0.147909
7	-100.544944	0.149002
8	-100.969701	0.128113
9	-101.394458	0.108096
10	-101.819216	0.088224
11	-102.243973	0.067586
12	-102.668730	0.945100
13	-103.093487	0.895081
14	-103.518244	0.842901
15	-103.943001	0.788637
16	-104.367758	0.733263
17	-104.792515	0.676749
18	-105.217272	0.620175
19	-105.642029	0.564125
20	-106.066787	0.509215
21	-106.491544	0.456571
22	-106.916301	0.406790
23	-107.341058	0.360472
24	-107.765815	0.318583
25	-108.190572	0.281585
26	-108.615329	0.249486
27	-109.040086	0.222277
28	-109.464843	0.198571
29	-109.889600	0.177802
30	-110.314358	0.159005
31	-110.739115	0.141451
32	-111.163872	0.124411
33	-111.588629	0.106990
34	-112.013386	0.088596
35	-112.438143	0.068275
36	-112.862900	0.045416
37	-113.287657	0.018455
38	-113.712414	-0.012092
bisection interval found by 1-dim search: [-113.712414,-113.287657]
No.71	 toolpath -92.046027	[r = -113.548982] is calculated within 5.843802s.
-----
initial linear search begins: 
No.	x	f(x)
0	-92.304907	0.326043
1	-92.729788	0.292626
2	-93.154670	0.295340
3	-93.579551	0.265772
4	-94.004433	0.239445
5	-94.429314	0.215355
6	-94.854196	0.192782
7	-95.279077	0.171002
8	-95.703959	0.149292
9	-96.128840	0.126725
10	-96.553722	0.102522
11	-96.978603	0.104282
12	-97.403485	0.078176
13	-97.828366	0.048862
14	-98.253248	0.015363
15	-98.678130	-0.021895
bisection interval found by 1-dim search: [-98.678130,-98.253248]
No.72	 toolpath -86.940438	[r = -98.434984] is calculated within 4.202483s.
-----
initial linear search begins: 
No.	x	f(x)
0	-77.174612	0.414252
1	-77.599820	0.387043
2	-78.025027	0.360254
3	-78.450235	0.332924
4	-78.875442	0.304557
5	-79.300650	0.274133
6	-79.725857	0.277805
7	-80.151064	0.244986
8	-80.576272	0.208529
9	-81.001479	0.167925
10	-81.426687	0.124728
11	-81.851894	0.079547
12	-82.277102	0.033388
13	-82.702309	-0.011890
bisection interval found by 1-dim search: [-82.702309,-82.277102]
No.73	 toolpath -73.429641	[r = -82.588533] is calculated within 3.741856s.
-----
initial linear search begins: 
No.	x	f(x)
0	-61.313581	0.512848
1	-61.739080	0.516611
2	-62.164579	0.480013
3	-62.590078	0.440584
4	-63.015577	0.396923
5	-63.441076	0.349376
6	-63.866575	0.299701
7	-64.292074	0.248918
8	-64.717573	0.197598
9	-65.143072	0.147672
10	-65.568571	0.100124
11	-65.994070	0.055881
12	-66.419569	0.016159
13	-66.845068	-0.018658
bisection interval found by 1-dim search: [-66.845068,-66.419569]
No.74	 toolpath -59.354988	[r = -66.608218] is calculated within 3.761086s.
-----
initial linear search begins: 
No.	x	f(x)
0	-45.321155	0.657833
1	-45.746896	0.608151
2	-46.172638	0.554797
3	-46.598379	0.499623
4	-47.024120	0.443133
5	-47.449861	0.386836
6	-47.875603	0.332238
7	-48.301344	0.280296
8	-48.727085	0.232331
9	-49.152826	0.188691
10	-49.578568	0.192364
11	-50.004309	0.153843
12	-50.430050	0.121238
13	-50.855791	0.094883
14	-51.281533	0.074147
15	-51.707274	0.058067
16	-52.133015	0.045482
17	-52.558756	0.035981
18	-52.984498	0.028756
19	-53.410239	0.023218
20	-53.835980	0.018734
21	-54.261721	0.014578
22	-54.687463	0.009946
23	-55.113204	0.003867
24	-55.538945	-0.005016
bisection interval found by 1-dim search: [-55.538945,-55.113204]
No.75	 toolpath -49.005255	[r = -55.318591] is calculated within 4.785511s.
-----
initial linear search begins: 
No.	x	f(x)
0	-34.024539	0.770165
1	-34.450420	0.713222
2	-34.876301	0.654013
3	-35.302182	0.594571
4	-35.728063	0.534848
5	-36.153944	0.476892
6	-36.579825	0.421645
7	-37.005706	0.369996
8	-37.431587	0.323190
9	-37.857468	0.281863
10	-38.283349	0.246861
11	-38.709230	0.217752
12	-39.135111	0.194350
13	-39.560992	0.175123
14	-39.986873	0.159568
15	-40.412755	0.146875
16	-40.838636	0.136352
17	-41.264517	0.127427
18	-41.690398	0.119429
19	-42.116279	0.119957
20	-42.542160	0.112358
21	-42.968041	0.104136
22	-43.393922	0.094471
23	-43.819803	0.081809
24	-44.245684	0.065611
25	-44.671565	0.045828
26	-45.097446	0.023060
27	-45.523327	-0.002130
bisection interval found by 1-dim search: [-45.523327,-45.097446]
No.76	 toolpath -39.636086	[r = -45.485896] is calculated within 4.972829s.
-----
initial linear search begins: 
No.	x	f(x)
0	-24.186813	0.790577
1	-24.612795	0.727432
2	-25.038776	0.665169
3	-25.464758	0.667543
4	-25.890740	0.606647
5	-26.316721	0.548502
6	-26.742703	0.493988
7	-27.168685	0.444796
8	-27.594666	0.400637
9	-28.020648	0.362522
10	-28.446630	0.330923
11	-28.872611	0.304479
12	-29.298593	0.282420
13	-29.724575	0.264017
14	-30.150556	0.248445
15	-30.576538	0.235001
16	-31.002520	0.223129
17	-31.428501	0.212058
18	-31.854483	0.201329
19	-32.280465	0.189833
20	-32.706446	0.176611
21	-33.132428	0.160447
22	-33.558410	0.140618
23	-33.984391	0.141752
24	-34.410373	0.118763
25	-34.836354	0.092843
26	-35.262336	0.064321
27	-35.688318	0.034680
28	-36.114299	0.005154
29	-36.540281	-0.023472
bisection interval found by 1-dim search: [-36.540281,-36.114299]
No.77	 toolpath -30.798231	[r = -36.188347] is calculated within 5.032167s.
-----
initial linear search begins: 
No.	x	f(x)
0	-14.885410	0.861349
1	-15.311469	0.863123
2	-15.737528	0.797550
3	-16.163587	0.733828
4	-16.589645	0.672873
5	-17.015704	0.615553
6	-17.441763	0.563143
7	-17.867821	0.516262
8	-18.293880	0.475796
9	-18.719939	0.441147
10	-19.145998	0.411972
11	-19.572056	0.387379
12	-19.998115	0.366186
13	-20.424174	0.347656
14	-20.850233	0.331411
15	-21.276291	0.316727
16	-21.702350	0.302910
17	-22.128409	0.289228
18	-22.554468	0.274839
19	-22.980526	0.258701
20	-23.406585	0.239466
21	-23.832644	0.216693
22	-24.258703	0.190318
23	-24.684761	0.161032
24	-25.110820	0.162318
25	-25.536879	0.130835
26	-25.962937	0.098501
27	-26.388996	0.065858
28	-26.815055	0.034596
29	-27.241114	0.004910
30	-27.667172	-0.022703
bisection interval found by 1-dim search: [-27.667172,-27.241114]
No.78	 toolpath -22.373355	[r = -27.313510] is calculated within 5.128549s.
-----
initial linear search begins: 
No.	x	f(x)
0	-6.007714	0.993046
1	-6.433830	0.924742
2	-6.859946	0.858305
3	-7.286062	0.794083
4	-7.712178	0.734610
5	-8.138294	0.679502
6	-8.564410	0.629929
7	-8.990526	0.586411
8	-9.416641	0.549446
9	-9.842757	0.517571
10	-10.268873	0.490053
11	-10.694989	0.466196
12	-11.121105	0.445153
13	-11.547221	0.426193
14	-11.973337	0.408643
15	-12.399453	0.392112
16	-12.825569	0.375695
17	-13.251685	0.358551
18	-13.677801	0.339647
19	-14.103917	0.317632
20	-14.530033	0.292089
21	-14.956149	0.262935
22	-15.382264	0.263608
23	-15.808380	0.231732
24	-16.234496	0.197442
25	-16.660612	0.162091
26	-17.086728	0.126922
27	-17.512844	0.092925
28	-17.938960	0.060497
29	-18.365076	0.030408
30	-18.791192	0.001989
31	-19.217308	-0.024944
bisection interval found by 1-dim search: [-19.217308,-18.791192]
No.79	 toolpath -14.324473	[r = -18.820321] is calculated within 5.204620s.
-----
initial linear search begins: 
No.	x	f(x)
0	2.487463	1.050278
1	2.061308	0.981196
2	1.635152	0.914285
3	1.208996	0.851593
4	0.782841	0.793821
5	0.356685	0.741576
6	-0.069471	0.695372
7	-0.495626	0.655742
8	-0.921782	0.621192
9	-1.347938	0.591005
10	-1.774094	0.564501
11	-2.200249	0.540820
12	-2.626405	0.519219
13	-3.052561	0.499013
14	-3.478716	0.479858
15	-3.904872	0.460817
16	-4.331028	0.460760
17	-4.757183	0.441120
18	-5.183339	0.419733
19	-5.609495	0.395241
20	-6.035650	0.367225
21	-6.461806	0.335586
22	-6.887962	0.301065
23	-7.314117	0.264120
24	-7.740273	0.226123
25	-8.166429	0.188321
26	-8.592584	0.151702
27	-9.018740	0.116636
28	-9.444896	0.083937
29	-9.871052	0.052903
30	-10.297207	0.023351
31	-10.723363	-0.004914
bisection interval found by 1-dim search: [-10.723363,-10.297207]
No.80	 toolpath -6.589517	[r = -10.649285] is calculated within 5.140326s.
-----
initial linear search begins: 
No.	x	f(x)
0	10.659721	1.102270
1	10.233541	1.033332
2	9.807360	0.967376
3	9.381180	0.906923
4	8.955000	0.851965
5	8.528820	0.803016
6	8.102640	0.760664
7	7.676460	0.759420
8	7.250280	0.722757
9	6.824100	0.690084
10	6.397920	0.660853
11	5.971739	0.634754
12	5.545559	0.610731
13	5.119379	0.588091
14	4.693199	0.566531
15	4.267019	0.545086
16	3.840839	0.522917
17	3.414659	0.499016
18	2.988479	0.472014
19	2.562299	0.441493
20	2.136118	0.407337
21	1.709938	0.370311
22	1.283758	0.330842
23	0.857578	0.290323
24	0.431398	0.250002
25	0.005218	0.210566
26	-0.420962	0.173259
27	-0.847142	0.137741
28	-1.273323	0.104181
29	-1.699503	0.072100
30	-2.125683	0.041589
31	-2.551863	0.012138
32	-2.978043	-0.016180
bisection interval found by 1-dim search: [-2.978043,-2.551863]
No.81	 toolpath 0.902000	[r = -2.730825] is calculated within 5.255213s.
-----
initial linear search begins: 
No.	x	f(x)
0	18.578718	1.219974
1	18.152527	1.148674
2	17.726336	1.080306
3	17.300145	1.017453
4	16.873955	0.960080
5	16.447764	0.908695
6	16.021573	0.863515
7	15.595382	0.823876
8	15.169191	0.788631
9	14.743000	0.757127
10	14.316809	0.728212
11	13.890618	0.701675
12	13.464428	0.676748
13	13.038237	0.652483
14	12.612046	0.628789
15	12.185855	0.604175
16	11.759664	0.577864
17	11.333473	0.548473
18	10.907282	0.515567
19	10.481092	0.479014
20	10.054901	0.439598
21	9.628710	0.397718
22	9.202519	0.354782
23	8.776328	0.312041
24	8.350137	0.270162
25	7.923946	0.230100
26	7.497756	0.229447
27	7.071565	0.191593
28	6.645374	0.155708
29	6.219183	0.121294
30	5.792992	0.088149
31	5.366801	0.056368
32	4.940610	0.025716
33	4.514419	-0.003732
bisection interval found by 1-dim search: [4.514419,4.940610]
No.82	 toolpath 8.198021	[r = 4.566861] is calculated within 5.868529s.
-----
{Index exceeds the number of array elements. Index must not exceed 82.

 <a href="matlab:matlab.internal.language.introspective.errorDocCallback('s4_optim_2D_aspheric_actual_tip_multi_iter', 'D:\Code\2021-11_ToolWaviness\upm_toolpath\src\s4_optim_2D_aspheric_actual_tip_multi_iter.m', 317)" style="font-weight:bold">s4_optim_2D_aspheric_actual_tip_multi_iter</a> (<a href="matlab: opentoline('D:\Code\2021-11_ToolWaviness\upm_toolpath\src\s4_optim_2D_aspheric_actual_tip_multi_iter.m',317,0)"> 317 </a>)
prevUlimInd = size(curveULim{ind},2); % get the curveUlim use of the last pathpt
} 
opentoline('D:\Code\2021-11_ToolWaviness\upm_toolpath\src\s4_optim_2D_aspheric_actual_tip_multi_iter.m',317,0)
opentoline('D:\Code\2021-11_ToolWaviness\upm_toolpath\src\s4_optim_2D_aspheric_actual_tip_multi_iter.m',317,0)
opentoline('D:\Code\2021-11_ToolWaviness\upm_toolpath\src\s4_optim_2D_aspheric_actual_tip_multi_iter.m',317,0)
close all; save data.mat
diary of
