The time spent in the parallel computing activating process is 0.000249s.
-----
No.1	 toolpath -517.894901	[r = -600.000000] is calculated within 0.030134s.
-----
initial linear search begins: 
No.	x	f(x)
0	-556.694433	7.023627
1	-557.560544	6.660105
2	-558.426655	6.648104
3	-559.292767	6.636100
4	-560.158878	6.624092
5	-561.024989	6.612080
6	-561.891101	6.600065
7	-562.757212	6.588045
8	-563.623324	6.576022
9	-564.489435	6.563995
10	-565.355546	6.551965
11	-566.221658	6.535463
12	-567.087769	6.377107
13	-567.953880	6.057354
14	-568.819992	5.638701
15	-569.686103	5.175401
16	-570.552214	4.721974
17	-571.418326	4.331243
18	-572.284437	4.026147
19	-573.150548	3.788655
20	-574.016660	3.597253
21	-574.882771	3.431922
22	-575.748882	3.272169
23	-576.614994	3.100176
24	-577.481105	2.900046
25	-578.347216	2.673932
26	-579.213328	2.427717
27	-580.079439	2.165675
28	-580.945550	1.893111
29	-581.811662	1.616187
30	-582.677773	1.340460
31	-583.543884	1.070933
32	-584.409996	0.816107
33	-585.276107	0.580494
34	-586.142218	0.368788
35	-587.008330	0.180590
36	-587.874441	0.013731
37	-588.740553	-0.136888
bisection interval found by 1-dim search: [-588.740553,-587.874441]
No.2	 toolpath -506.184257	[r = -587.948027] is calculated within 12.531337s.
-----
initial linear search begins: 
No.	x	f(x)
0	-544.464701	5.393447
1	-545.334368	4.927158
2	-546.204034	4.532879
3	-547.073701	4.220684
4	-547.943367	3.974277
5	-548.813034	3.770422
6	-549.682700	3.589957
7	-550.552367	6.922350
8	-551.422033	6.910220
9	-552.291700	6.898085
10	-553.161366	6.885947
11	-554.031033	6.841604
12	-554.900699	6.619173
13	-555.770366	6.253251
14	-556.640032	5.982538
15	-557.509699	5.509759
16	-558.379365	5.042942
17	-559.249032	4.637912
18	-560.118698	4.317919
19	-560.988365	4.067483
20	-561.858031	3.865576
21	-562.727698	3.690104
22	-563.597364	3.522075
23	-564.467031	3.341844
24	-565.336697	3.134745
25	-566.206364	2.900030
26	-567.076031	2.644617
27	-567.945697	2.374311
28	-568.815364	2.093152
29	-569.685030	1.807314
30	-570.554697	1.521019
31	-571.424363	1.242078
32	-572.294030	0.977950
33	-573.163696	0.732191
34	-574.033363	0.510645
35	-574.903029	0.313633
36	-575.772696	0.137252
37	-576.642362	-0.022079
bisection interval found by 1-dim search: [-576.642362,-575.772696]
No.3	 toolpath -494.752046	[r = -576.515819] is calculated within 12.665696s.
-----
initial linear search begins: 
No.	x	f(x)
0	-532.867859	5.634592
1	-533.740818	5.176348
2	-534.613777	4.945458
3	-535.486736	4.620349
4	-536.359696	4.361405
5	-537.232655	4.147562
6	-538.105614	3.957549
7	-538.978573	3.771833
8	-539.851532	3.571191
9	-540.724492	3.341408
10	-541.597451	3.086664
11	-542.470410	2.811294
12	-543.343369	2.522312
13	-544.216328	2.222253
14	-545.089288	1.917616
15	-545.962247	1.614600
16	-546.835206	1.320262
17	-547.708165	1.040679
18	-548.581124	0.781939
19	-549.454084	0.547244
20	-550.327043	4.048290
21	-551.200002	3.868985
22	-552.072961	3.690323
23	-552.945920	3.494376
24	-553.818880	3.267431
25	-554.691839	3.017221
26	-555.564798	2.746552
27	-556.437757	2.572282
28	-557.310716	2.283020
29	-558.183676	1.987329
30	-559.056635	1.692283
31	-559.929594	1.404394
32	-560.802553	1.131438
33	-561.675512	0.876931
34	-562.548472	0.645902
35	-563.421431	0.439678
36	-564.294390	0.254206
37	-565.167349	0.086671
38	-566.040308	-0.069136
bisection interval found by 1-dim search: [-566.040308,-565.167349]
No.4	 toolpath -483.880120	[r = -565.643896] is calculated within 12.796121s.
-----
initial linear search begins: 
No.	x	f(x)
0	-521.842927	6.053219
1	-522.718947	5.582536
2	-523.594966	5.194233
3	-524.470985	4.885262
4	-525.347005	4.636360
5	-526.223024	4.424828
6	-527.099044	4.230404
7	-527.975063	4.033170
8	-528.851082	3.814631
9	-529.727102	3.567478
10	-530.603121	3.295019
11	-531.479140	3.006356
12	-532.355160	2.702611
13	-533.231179	2.392610
14	-534.107199	2.079138
15	-534.983218	1.894509
16	-535.859237	1.591542
17	-536.735257	1.303452
18	-537.611276	1.035366
19	-538.487295	0.791655
20	-539.363315	0.571645
21	-540.239334	0.372365
22	-541.115354	0.189855
23	-541.991373	0.018136
24	-542.867392	-0.145576
bisection interval found by 1-dim search: [-542.867392,-541.991373]
No.5	 toolpath -473.601020	[r = -542.088043] is calculated within 12.174847s.
-----
initial linear search begins: 
No.	x	f(x)
0	-497.967276	6.762645
1	-498.849691	6.287231
2	-499.732107	5.901526
3	-500.614522	5.592123
4	-501.496937	5.337328
5	-502.379353	5.115090
6	-503.261768	4.904069
7	-504.144183	4.684654
8	-505.026599	4.440441
9	-505.909014	4.166378
10	-506.791429	3.870934
11	-507.673845	3.557231
12	-508.556260	3.234134
13	-509.438675	2.903171
14	-510.321091	2.571360
15	-511.203506	2.245687
16	-512.085921	1.934331
17	-512.968337	1.642132
18	-513.850752	1.374260
19	-514.733167	1.226306
20	-515.615583	0.996886
21	-516.497998	0.786255
22	-517.380413	0.591167
23	-518.262829	0.404948
24	-519.145244	0.226824
25	-520.027659	0.052124
26	-520.910075	-0.118959
bisection interval found by 1-dim search: [-520.910075,-520.027659]
No.6	 toolpath -452.163973	[r = -520.295659] is calculated within 12.500789s.
-----
initial linear search begins: 
No.	x	f(x)
0	-475.893075	3.781205
1	-476.781126	3.425436
2	-477.669178	3.070603
3	-478.557230	2.722012
4	-479.445281	2.389277
5	-480.333333	2.076391
6	-481.221385	1.786951
7	-482.109436	5.271414
8	-482.997488	5.001188
9	-483.885540	4.701903
10	-484.773591	4.383933
11	-485.661643	4.050281
12	-486.549695	3.705159
13	-487.437746	3.355740
14	-488.325798	3.007300
15	-489.213850	2.668774
16	-490.101902	2.346979
17	-490.989953	2.045090
18	-491.878005	1.769400
19	-492.766057	1.617336
20	-493.654108	1.378999
21	-494.542160	1.158016
22	-495.430212	0.950705
23	-496.318263	0.751301
24	-497.206315	0.558137
25	-498.094367	0.369485
26	-498.982418	0.182570
27	-499.870470	-0.003249
bisection interval found by 1-dim search: [-499.870470,-498.982418]
No.7	 toolpath -432.080388	[r = -499.852258] is calculated within 12.724799s.
-----
initial linear search begins: 
No.	x	f(x)
0	-455.197335	4.361152
1	-456.090433	3.987330
2	-456.983532	3.617320
3	-457.876630	3.258471
4	-458.769729	2.916118
5	-459.662827	2.596355
6	-460.555926	2.301293
7	-461.449024	2.031041
8	-462.342123	1.781928
9	-463.235221	1.547305
10	-464.128320	1.322446
11	-465.021418	1.104718
12	-465.914516	0.990564
13	-466.807615	0.780458
14	-467.700713	0.572117
15	-468.593812	0.363878
16	-469.486910	0.154405
17	-470.380009	-0.054881
bisection interval found by 1-dim search: [-470.380009,-469.486910]
No.8	 toolpath -413.228459	[r = -470.143652] is calculated within 11.890721s.
-----
initial linear search begins: 
No.	x	f(x)
0	-425.142382	5.101087
1	-426.042408	4.705840
2	-426.942433	4.319006
3	-427.842459	3.947250
4	-428.742484	3.599073
5	-429.642509	3.275437
6	-430.542535	2.977451
7	-431.442560	2.701821
8	-432.342585	2.441669
9	-433.242611	2.303935
10	-434.142636	2.060547
11	-435.042662	1.823392
12	-435.942687	1.589566
13	-436.842712	1.358645
14	-437.742738	1.128945
15	-438.642763	0.897767
16	-439.542789	0.666042
17	-440.442814	0.439893
18	-441.342839	0.222713
19	-442.242865	0.024874
20	-443.142890	-0.143319
bisection interval found by 1-dim search: [-443.142890,-442.242865]
No.9	 toolpath -386.277354	[r = -442.366794] is calculated within 12.055739s.
-----
initial linear search begins: 
No.	x	f(x)
0	-397.063079	5.760124
1	-397.969153	5.346583
2	-398.875227	4.947891
3	-399.781302	4.732398
4	-400.687376	4.370294
5	-401.593450	4.033414
6	-402.499524	3.721804
7	-403.405599	3.430718
8	-404.311673	3.154127
9	-405.217747	2.887398
10	-406.123822	2.627993
11	-407.029896	2.373014
12	-407.935970	2.122174
13	-408.842045	1.869682
14	-409.748119	1.618152
15	-410.654193	1.365200
16	-411.560268	1.116904
17	-412.466342	0.878440
18	-413.372416	0.655579
19	-414.278490	0.461393
20	-415.184565	0.311044
21	-416.090639	0.252981
22	-416.996713	0.193161
23	-417.902788	0.168257
24	-418.808862	0.146787
25	-419.714936	0.106074
26	-420.621011	0.038899
27	-421.527085	-0.047490
bisection interval found by 1-dim search: [-421.527085,-420.621011]
No.10	 toolpath -365.363179	[r = -421.048387] is calculated within 12.814517s.
-----
initial linear search begins: 
No.	x	f(x)
0	-375.526297	6.359588
1	-376.436739	5.931321
2	-377.347180	5.520728
3	-378.257622	5.134106
4	-379.168064	4.774374
5	-380.078506	4.440953
6	-380.988948	4.127822
7	-381.899389	3.832865
8	-382.809831	3.671373
9	-383.720273	3.390625
10	-384.630715	3.117767
11	-385.541157	2.848331
12	-386.451598	2.580664
13	-387.362040	2.313169
14	-388.272482	2.044694
15	-389.182924	1.776933
16	-390.093366	1.515467
17	-391.003808	1.266499
18	-391.914249	1.038264
19	-392.824691	0.843359
20	-393.735133	0.700640
21	-394.645575	0.617722
22	-395.556017	0.574381
23	-396.466458	0.539104
24	-397.376900	0.487114
25	-398.287342	0.408224
26	-399.197784	0.354289
27	-400.108226	0.247076
28	-401.018668	0.128750
29	-401.929109	0.001805
30	-402.839551	-0.132541
bisection interval found by 1-dim search: [-402.839551,-401.929109]
No.11	 toolpath -346.655680	[r = -401.938889] is calculated within 13.099163s.
-----
initial linear search begins: 
No.	x	f(x)
0	-356.231042	2.702125
1	-357.145199	2.412535
2	-358.059356	6.017984
3	-358.973513	5.624786
4	-359.887670	5.257477
5	-360.801827	4.916014
6	-361.715984	4.595958
7	-362.630141	4.290599
8	-363.544298	3.993781
9	-364.458455	3.704532
10	-365.372612	3.419898
11	-366.286769	3.258770
12	-367.200926	2.977344
13	-368.115083	2.695161
14	-369.029240	2.411853
15	-369.943397	2.131776
16	-370.857553	1.859855
17	-371.771710	1.603483
18	-372.685867	1.371761
19	-373.600024	1.181340
20	-374.514181	1.049285
21	-375.428338	0.972283
22	-376.342495	0.922539
23	-377.256652	0.869422
24	-378.170809	0.793478
25	-379.084966	0.691908
26	-379.999123	0.573644
27	-380.913280	0.442437
28	-381.827437	0.303105
29	-382.741594	0.219964
30	-383.655751	0.070411
31	-384.569908	-0.085156
bisection interval found by 1-dim search: [-384.569908,-383.655751]
No.12	 toolpath -329.187900	[r = -384.070871] is calculated within 13.287442s.
-----
initial linear search begins: 
No.	x	f(x)
0	-338.197775	3.184032
1	-339.115237	2.879978
2	-340.032699	2.579675
3	-340.950161	2.290138
4	-341.867623	2.018342
5	-342.785085	1.775023
6	-343.702547	1.579223
7	-344.620008	1.443725
8	-345.537470	1.357113
9	-346.454932	1.288986
10	-347.372394	1.210536
11	-348.289856	1.107053
12	-349.207318	0.979466
13	-350.124780	0.837062
14	-351.042242	0.682821
15	-351.959704	0.520489
16	-352.877166	0.352110
17	-353.794628	0.176564
18	-354.712089	0.087936
19	-355.629551	-0.090549
bisection interval found by 1-dim search: [-355.629551,-354.712089]
No.13	 toolpath -312.430403	[r = -355.162757] is calculated within 12.160186s.
-----
initial linear search begins: 
No.	x	f(x)
0	-309.039356	3.881850
1	-309.961825	3.559521
2	-310.884293	3.245762
3	-311.806761	2.949100
4	-312.729229	2.682155
5	-313.651697	2.460276
6	-314.574165	2.299862
7	-315.496633	2.190136
8	-316.419101	2.101464
9	-317.341569	2.056078
10	-318.264037	1.947749
11	-319.186505	1.812766
12	-320.108973	1.657425
13	-321.031441	1.489413
14	-321.953909	1.310664
15	-322.876377	1.124553
16	-323.798845	0.932252
17	-324.721313	0.735026
18	-325.643781	0.535831
19	-326.566249	0.340855
20	-327.488717	0.160452
21	-328.411185	0.006317
22	-329.333653	-0.112987
bisection interval found by 1-dim search: [-329.333653,-328.411185]
No.14	 toolpath -286.644328	[r = -328.453524] is calculated within 12.565772s.
-----
initial linear search begins: 
No.	x	f(x)
0	-282.117330	4.484298
1	-283.044054	4.149080
2	-283.970777	3.829883
3	-284.897501	3.539239
4	-285.824225	3.292086
5	-286.750949	3.107099
6	-287.677673	2.975713
7	-288.604397	2.867817
8	-289.531121	2.753035
9	-290.457845	2.688229
10	-291.384569	2.536246
11	-292.311293	2.363324
12	-293.238016	2.176030
13	-294.164740	1.979310
14	-295.091464	1.774877
15	-296.018188	1.562800
16	-296.944912	1.346512
17	-297.871636	1.127141
18	-298.798360	0.912766
19	-299.725084	0.712784
20	-300.651808	0.537778
21	-301.578531	0.398898
22	-302.505255	0.343842
23	-303.431979	0.251510
24	-304.358703	0.171469
25	-305.285427	0.090586
26	-306.212151	-0.002000
bisection interval found by 1-dim search: [-306.212151,-305.285427]
No.15	 toolpath -264.851168	[r = -306.193146] is calculated within 13.016016s.
-----
initial linear search begins: 
No.	x	f(x)
0	-259.692973	3.482679
1	-260.622977	3.329175
2	-261.552980	3.148679
3	-262.482984	2.950436
4	-263.412987	2.738924
5	-264.342991	2.519370
6	-265.272994	2.290808
7	-266.202997	2.056999
8	-267.133001	1.921428
9	-268.063004	1.681647
10	-268.993008	1.445460
11	-269.923011	1.223306
12	-270.853015	1.025709
13	-271.783018	0.863557
14	-272.713022	0.736682
15	-273.643025	0.631211
16	-274.573028	0.532126
17	-275.503032	0.427318
18	-276.433035	0.306296
19	-277.363039	0.227263
20	-278.293042	0.071486
21	-279.223046	0.718389
22	-280.153049	0.667381
23	-281.083053	0.571339
24	-282.013056	0.475119
25	-282.943060	0.366961
26	-283.873063	0.238471
27	-284.803066	0.087444
28	-285.733070	-0.077072
bisection interval found by 1-dim search: [-285.733070,-284.803066]
No.16	 toolpath -244.901251	[r = -285.303488] is calculated within 13.037846s.
-----
initial linear search begins: 
No.	x	f(x)
0	-238.660370	4.056718
1	-239.593232	3.866671
2	-240.526095	3.749952
3	-241.458957	3.531762
4	-242.391820	3.302353
5	-243.324682	3.063969
6	-244.257544	2.817798
7	-245.190407	2.567231
8	-246.123269	2.311649
9	-247.056131	2.059607
10	-247.988994	1.817602
11	-248.921856	1.599436
12	-249.854718	1.415025
13	-250.787581	1.267694
14	-251.720443	1.145266
15	-252.653306	1.031189
16	-253.586168	0.913349
17	-254.519030	0.840685
18	-255.451893	0.696450
19	-256.384755	0.529150
20	-257.317617	0.347595
21	-258.250480	0.158299
22	-259.183342	-0.029425
bisection interval found by 1-dim search: [-259.183342,-258.250480]
No.17	 toolpath -225.964944	[r = -259.033027] is calculated within 12.513463s.
-----
initial linear search begins: 
No.	x	f(x)
0	-212.225021	4.870762
1	-213.161181	4.655758
2	-214.097341	4.422057
3	-215.033501	4.175652
4	-215.969662	3.919460
5	-216.905822	3.656182
6	-217.841982	3.387716
7	-218.778142	3.113639
8	-219.714302	2.839791
9	-220.650462	2.575888
10	-221.586622	2.333042
11	-222.522782	2.122028
12	-223.458943	1.949511
13	-224.395103	1.865846
14	-225.331263	1.729758
15	-226.267423	1.598099
16	-227.203583	1.458024
17	-228.139743	1.299661
18	-229.075903	1.118117
19	-230.012063	0.919320
20	-230.948224	0.711748
21	-231.884384	0.504141
22	-232.820544	0.303449
23	-233.756704	0.119568
24	-234.692864	-0.040940
bisection interval found by 1-dim search: [-234.692864,-233.756704]
No.18	 toolpath -202.181275	[r = -234.437797] is calculated within 12.731967s.
-----
initial linear search begins: 
No.	x	f(x)
0	-187.490297	3.281133
1	-188.429247	3.016514
2	-189.368197	2.785153
3	-190.307147	2.592897
4	-191.246097	2.427344
5	-192.185047	2.272257
6	-193.123997	2.114631
7	-194.062947	1.943751
8	-195.001897	1.838597
9	-195.940847	1.631981
10	-196.879797	1.408847
11	-197.818747	1.178855
12	-198.757697	0.948797
13	-199.696647	0.726751
14	-200.635597	2.206559
15	-201.574547	2.051518
16	-202.513497	1.879725
17	-203.452447	1.684452
18	-204.391397	1.470632
19	-205.330347	1.246145
20	-206.269297	1.021019
21	-207.208247	0.801049
22	-208.147197	0.683431
23	-209.086147	0.490839
24	-210.025097	0.324777
25	-210.964047	0.184609
26	-211.902997	0.072425
27	-212.841947	-0.013347
bisection interval found by 1-dim search: [-212.841947,-211.902997]
No.19	 toolpath -180.828168	[r = -212.675980] is calculated within 13.152979s.
-----
initial linear search begins: 
No.	x	f(x)
0	-165.616950	3.901424
1	-166.558131	3.631281
2	-167.499311	3.398880
3	-168.440492	3.203114
4	-169.381672	3.028062
5	-170.322853	2.858327
6	-171.264034	2.681719
7	-172.205214	2.488280
8	-173.146395	2.269426
9	-174.087575	2.033982
10	-175.028756	1.787662
11	-175.969937	1.541826
12	-176.911117	1.407448
13	-177.852298	1.176061
14	-178.793479	0.964874
15	-179.734659	0.780830
16	-180.675840	0.624064
17	-181.617020	0.494231
18	-182.558201	0.391604
19	-183.499382	0.313977
20	-184.440562	0.254172
21	-185.381743	0.198260
22	-186.322923	0.131937
23	-187.264104	0.042226
24	-188.205285	-0.081611
bisection interval found by 1-dim search: [-188.205285,-187.264104]
No.20	 toolpath -164.373532	[r = -187.617966] is calculated within 13.409488s.
-----
initial linear search begins: 
No.	x	f(x)
0	-140.444236	4.632885
1	-141.387710	4.356658
2	-142.331185	4.119861
3	-143.274660	3.915729
4	-144.218134	3.726196
5	-145.161609	3.538115
6	-146.105083	3.339324
7	-147.048558	3.118580
8	-147.992033	2.874442
9	-148.935507	2.615741
10	-149.878982	2.351132
11	-150.822456	2.088666
12	-151.765931	1.835711
13	-152.709406	1.603358
14	-153.652880	1.397122
15	-154.596355	1.217801
16	-155.539829	1.067005
17	-156.483304	0.942806
18	-157.426779	0.886414
19	-158.370253	0.800813
20	-159.313728	0.727167
21	-160.257202	0.651987
22	-161.200677	0.560683
23	-162.144152	0.440789
24	-163.087626	0.285118
25	-164.031101	0.105844
26	-164.974575	-0.083118
bisection interval found by 1-dim search: [-164.974575,-164.031101]
No.21	 toolpath -141.735886	[r = -164.560884] is calculated within 13.195636s.
-----
initial linear search begins: 
No.	x	f(x)
0	-117.294503	5.154171
1	-118.239830	5.011420
2	-119.185158	4.772540
3	-120.130486	4.558703
4	-121.075813	4.355772
5	-122.021141	4.148209
6	-122.966469	3.926038
7	-123.911796	3.680376
8	-124.857124	3.412545
9	-125.802451	3.134402
10	-126.747779	2.851863
11	-127.693107	2.575785
12	-128.638434	2.312890
13	-129.583762	2.074166
14	-130.529090	1.863274
15	-131.474417	1.679314
16	-132.419745	1.523691
17	-133.365072	1.395082
18	-134.310400	1.290435
19	-135.255728	1.200570
20	-136.201055	1.153445
21	-137.146383	1.057551
22	-138.091711	0.940085
23	-139.037038	0.788982
24	-139.982366	0.605437
25	-140.927693	0.404217
26	-141.873021	0.200056
27	-142.818349	0.005861
28	-143.763676	-0.167927
bisection interval found by 1-dim search: [-143.763676,-142.818349]
No.22	 toolpath -120.452968	[r = -142.845121] is calculated within 13.352061s.
-----
initial linear search begins: 
No.	x	f(x)
0	-95.502708	3.023823
1	-96.449556	2.748345
2	-97.396404	2.615044
3	-98.343253	2.380858
4	-99.290101	2.174619
5	-100.236949	1.996232
6	-101.183797	1.913352
7	-102.130646	1.776343
8	-103.077494	3.905945
9	-104.024342	3.608100
10	-104.971190	3.311393
11	-105.918039	3.023177
12	-106.864887	2.753546
13	-107.811735	2.510953
14	-108.758583	2.295514
15	-109.705432	2.108537
16	-110.652280	1.948747
17	-111.599128	1.816296
18	-112.545976	1.704490
19	-113.492825	1.601624
20	-114.439673	1.492127
21	-115.386521	1.362403
22	-116.333369	1.200738
23	-117.280218	1.003949
24	-118.227066	0.892177
25	-119.173914	0.672359
26	-120.120762	0.455351
27	-121.067611	0.253510
28	-122.014459	0.077492
29	-122.961307	-0.068233
bisection interval found by 1-dim search: [-122.961307,-122.014459]
No.23	 toolpath -100.545474	[r = -122.496205] is calculated within 13.433940s.
-----
initial linear search begins: 
No.	x	f(x)
0	-75.092385	2.940138
1	-76.040461	2.832125
2	-76.988537	2.635264
3	-77.936614	2.465540
4	-78.884690	2.321722
5	-79.832767	2.257148
6	-80.780843	2.132383
7	-81.728920	2.001496
8	-82.676996	1.851380
9	-83.625072	1.764776
10	-84.573149	1.563706
11	-85.521225	1.334180
12	-86.469302	1.213426
13	-87.417378	0.971828
14	-88.365454	0.738835
15	-89.313531	0.525164
16	-90.261607	0.428492
17	-91.209684	0.261045
18	-92.157760	0.116870
19	-93.105836	-0.009332
bisection interval found by 1-dim search: [-93.105836,-92.157760]
No.24	 toolpath -82.453525	[r = -93.030842] is calculated within 12.488424s.
-----
initial linear search begins: 
No.	x	f(x)
0	-45.554898	3.429815
1	-46.504417	3.261131
2	-47.453936	3.110185
3	-48.403455	2.962636
4	-49.352973	2.883604
5	-50.302492	2.714459
6	-51.252011	2.513213
7	-52.201530	2.274963
8	-53.151049	2.015780
9	-54.100568	1.750479
10	-55.050087	1.492876
11	-55.999606	1.368690
12	-56.949125	1.145673
13	-57.898643	0.953325
14	-58.848162	0.786273
15	-59.797681	0.636966
16	-60.747200	0.498057
17	-61.696719	0.430034
18	-62.646238	0.295371
19	-63.595757	0.154319
20	-64.545276	0.003634
21	-65.494794	-0.148543
bisection interval found by 1-dim search: [-65.494794,-64.545276]
No.25	 toolpath -57.316985	[r = -64.570312] is calculated within 12.360475s.
-----
initial linear search begins: 
No.	x	f(x)
0	-17.043492	4.137131
1	-17.994029	3.969152
2	-18.944565	3.799760
3	-19.895102	3.614036
4	-20.845638	3.399058
5	-21.796174	3.147089
6	-22.746711	2.868593
7	-23.697247	2.582200
8	-24.647784	2.299942
9	-25.598320	2.157027
10	-26.548856	1.908648
11	-27.499393	1.691937
12	-28.449929	1.501522
13	-29.400465	1.329738
14	-30.351002	1.169044
15	-31.301538	1.014383
16	-32.252075	0.857577
17	-33.202611	0.691482
18	-34.153147	0.601014
19	-35.103684	0.427920
20	-36.054220	0.259041
21	-37.004757	0.104693
22	-37.955293	-0.028745
bisection interval found by 1-dim search: [-37.955293,-37.004757]
No.26	 toolpath -32.343420	[r = -37.735296] is calculated within 12.597413s.
-----
initial linear search begins: 
No.	x	f(x)
0	9.822636	4.801551
1	8.871477	4.611198
2	7.920318	4.401089
3	6.969160	4.269070
4	6.018001	4.005460
5	5.066842	3.711489
6	4.115684	3.405039
7	3.164525	3.101197
8	2.213367	2.814419
9	1.262208	2.554663
10	0.311049	2.326980
11	-0.640109	2.123063
12	-1.591268	1.936390
13	-2.542427	1.760104
14	-3.493585	1.586059
15	-4.444744	1.488208
16	-5.395902	1.305108
17	-6.347061	1.113860
18	-7.298220	0.922125
19	-8.249378	0.738274
20	-9.200537	0.571893
21	-10.151696	0.428678
22	-11.102854	0.308118
23	-12.054013	0.200875
24	-13.005171	0.097362
25	-13.956330	-0.010568
bisection interval found by 1-dim search: [-13.956330,-13.005171]
No.27	 toolpath -9.806366	[r = -13.864372] is calculated within 12.896674s.
-----
initial linear search begins: 
No.	x	f(x)
0	33.707511	5.438932
1	32.756073	5.314612
2	31.804636	5.079132
3	30.853198	4.806123
4	29.901760	4.500661
5	28.950323	4.177205
6	27.998885	3.854195
7	27.047447	3.544110
8	26.096010	3.260163
9	25.144572	3.008552
10	24.193134	2.784227
11	23.241697	2.577357
12	22.290259	2.382088
13	21.338821	2.190935
14	20.387384	2.081292
15	19.435946	1.882474
16	18.484508	1.675641
17	17.533071	1.466527
18	16.581633	1.263524
19	15.630195	1.076567
20	14.678758	0.912947
21	13.727320	0.773582
22	12.775882	0.647820
23	11.824445	0.527941
24	10.873007	0.404850
25	9.921569	0.268317
26	8.970132	0.113840
27	8.018694	-0.048875
bisection interval found by 1-dim search: [8.018694,8.970132]
No.28	 toolpath 11.518054	[r = 8.303939] is calculated within 13.107723s.
-----
-----
No.28	 toolpath point at [r = 0] is calculated within 2.050417s.
-----
The toolpath concentric optimization process causes 346.648422 seconds.
The time spent in the spiral toolpath generation process is 0.615493s.
close all; save data.mat
s6_post_process
s4_optim_2D_aspheric_actual_tip_multi_iter
