The time spent in the parallel computing activating process is 0.000338s.
-----
No.1	 toolpath 600.000000	[r = 691.949845] is calculated within 11.315150s.
-----
<a href="matlab: opentoline('D:\Code\2021-11_ToolWaviness\upm_toolpath\src\funcs\tool_geometry\iterfunc_curvepath_multi_solve.m',123,1)">123 </a>            r = mysearch(@iterfunc,r0,h,searchInt,options.optimopt.XTol);
iterfunc(598)
<a href="matlab: opentoline('D:\Code\2021-11_ToolWaviness\upm_toolpath\src\funcs\tool_geometry\iterfunc_curvepath_multi_solve.m',72,1)">72  </a>        [curveRes(ind),curvePeakPt(:,ind),curveInterPt{ind},curveULim1, ...
figure; fnplt(toolSp1); hold on; fnplt(toolSp2); view(0,0); grid on;
xlabel('x')
zlabel('z')
ylabel('y')
scatter3(curvePt(1,1),curvePt(2,1),curvePt(3,1))
scatter3(curvePt(1,2),curvePt(2,2),curvePt(3,2))
if system_dependent('IsDebugMode')==1, dbquit; end
iterfunc(680)
<a href="matlab: opentoline('D:\Code\2021-11_ToolWaviness\upm_toolpath\src\funcs\tool_geometry\iterfunc_curvepath_multi_solve.m',72,1)">72  </a>        [curveRes(ind),curvePeakPt(:,ind),curveInterPt{ind},curveULim1, ...
figure; fnplt(toolSp1); hold on; fnplt(toolSp2); view(0,0); grid on;
scatter3(curvePt(1,1),curvePt(2,1),curvePt(3,1))
scatter3(curvePt(1,2),curvePt(2,2),curvePt(3,2))
<a href="matlab: opentoline('D:\Code\2021-11_ToolWaviness\upm_toolpath\src\funcs\tool_geometry\residual\residual2D_multi.m',21,1)">21  </a>u = 0:eps:1;
if system_dependent('IsDebugMode')==1, dbstep; end
if system_dependent('IsDebugMode')==1, dbstep; end
if system_dependent('IsDebugMode')==1, dbstep; end
if system_dependent('IsDebugMode')==1, dbstep; end
if system_dependent('IsDebugMode')==1, dbstep; end
if system_dependent('IsDebugMode')==1, dbstep; end
if system_dependent('IsDebugMode')==1, dbstep; end
if system_dependent('IsDebugMode')==1, dbstep; end
if system_dependent('IsDebugMode')==1, dbstep; end
if system_dependent('IsDebugMode')==1, dbstep; end
if system_dependent('IsDebugMode')==1, dbstep; end
if system_dependent('IsDebugMode')==1, dbstep; end
figure; plot(s1(1,:),s1(3,:)); hold on; plot(s2(1,:),s2(3,:));axis equal
if system_dependent('IsDebugMode')==1, dbstep; end
if system_dependent('IsDebugMode')==1, dbstep; end
if system_dependent('IsDebugMode')==1, dbstep; end
if system_dependent('IsDebugMode')==1, dbstep; end
if system_dependent('IsDebugMode')==1, dbstep; end
if system_dependent('IsDebugMode')==1, dbstep; end
if system_dependent('IsDebugMode')==1, dbstep; end
if system_dependent('IsDebugMode')==1, dbstep; end
if system_dependent('IsDebugMode')==1, dbstep; end
if system_dependent('IsDebugMode')==1, dbstep; end
if system_dependent('IsDebugMode')==1, dbstep; end
if system_dependent('IsDebugMode')==1, dbstep; end
if system_dependent('IsDebugMode')==1, dbstep; end
if system_dependent('IsDebugMode')==1, dbstep; end
if system_dependent('IsDebugMode')==1, dbstep; end
if system_dependent('IsDebugMode')==1, dbstep; end
if system_dependent('IsDebugMode')==1, dbstep; end
if system_dependent('IsDebugMode')==1, dbstep; end
if system_dependent('IsDebugMode')==1, dbstep; end
if system_dependent('IsDebugMode')==1, dbstep; end
if system_dependent('IsDebugMode')==1, dbstep; end
if system_dependent('IsDebugMode')==1, dbstep; end
if system_dependent('IsDebugMode')==1, dbstep; end
if system_dependent('IsDebugMode')==1, dbstep; end
if system_dependent('IsDebugMode')==1, dbstep; end
if system_dependent('IsDebugMode')==1, dbstep; end
if system_dependent('IsDebugMode')==1, dbstep; end
if system_dependent('IsDebugMode')==1, dbstep; end
if system_dependent('IsDebugMode')==1, dbstep; end
if system_dependent('IsDebugMode')==1, dbstep; end
if system_dependent('IsDebugMode')==1, dbstep; end
if system_dependent('IsDebugMode')==1, dbstep; end
if system_dependent('IsDebugMode')==1, dbstep; end
if system_dependent('IsDebugMode')==1, dbstep; end
if system_dependent('IsDebugMode')==1, dbstep; end
if system_dependent('IsDebugMode')==1, dbstep; end
if system_dependent('IsDebugMode')==1, dbstep; end
if system_dependent('IsDebugMode')==1, dbstep; end
if system_dependent('IsDebugMode')==1, dbstep; end
if system_dependent('IsDebugMode')==1, dbstep; end
if system_dependent('IsDebugMode')==1, dbstep; end
if system_dependent('IsDebugMode')==1, dbstep; end
if system_dependent('IsDebugMode')==1, dbstep; end
if system_dependent('IsDebugMode')==1, dbstep; end
if system_dependent('IsDebugMode')==1, dbstep; end
if system_dependent('IsDebugMode')==1, dbstep; end
if system_dependent('IsDebugMode')==1, dbstep; end
if system_dependent('IsDebugMode')==1, dbstep; end
if system_dependent('IsDebugMode')==1, dbstep; end
if system_dependent('IsDebugMode')==1, dbstep; end
if system_dependent('IsDebugMode')==1, dbstep; end
if system_dependent('IsDebugMode')==1, dbstep; end
if system_dependent('IsDebugMode')==1, dbstep; end
if system_dependent('IsDebugMode')==1, dbstep; end
if system_dependent('IsDebugMode')==1, dbstep; end
if system_dependent('IsDebugMode')==1, dbstep; end
if system_dependent('IsDebugMode')==1, dbstep; end
if system_dependent('IsDebugMode')==1, dbstep; end
if system_dependent('IsDebugMode')==1, dbstep; end
if system_dependent('IsDebugMode')==1, dbstep; end
if system_dependent('IsDebugMode')==1, dbstep; end
if system_dependent('IsDebugMode')==1, dbstep; end
if system_dependent('IsDebugMode')==1, dbstep; end
if system_dependent('IsDebugMode')==1, dbstep; end
if system_dependent('IsDebugMode')==1, dbstep; end
if system_dependent('IsDebugMode')==1, dbstep; end
if system_dependent('IsDebugMode')==1, dbstep; end
if system_dependent('IsDebugMode')==1, dbstep; end
if system_dependent('IsDebugMode')==1, dbstep; end
if system_dependent('IsDebugMode')==1, dbstep; end
if system_dependent('IsDebugMode')==1, dbstep; end
if system_dependent('IsDebugMode')==1, dbstep; end
if system_dependent('IsDebugMode')==1, dbstep; end
if system_dependent('IsDebugMode')==1, dbstep; end
if system_dependent('IsDebugMode')==1, dbstep; end
if system_dependent('IsDebugMode')==1, dbstep; end
if system_dependent('IsDebugMode')==1, dbstep out; end
if system_dependent('IsDebugMode')==1, dbstep; end
if system_dependent('IsDebugMode')==1, dbcont; end

ans =

   -0.5159

iterfunc(681)

ans =

   -0.4735

if system_dependent('IsDebugMode')==1, dbcont; end
initial linear search begins: 
No.	x	f(x)
0	564.362051	8.227277
1	565.074810	8.041225
2	565.787569	8.023584
3	566.500328	8.005937
4	567.213087	7.988286
5	567.925846	7.970630
6	568.638605	7.952970
7	569.351364	7.935305
<a href="matlab: opentoline('D:\Code\2021-11_ToolWaviness\upm_toolpath\src\funcs\math\optimization\mysearch.m',21,1)">21  </a>        ii = ii + 1;
if system_dependent('IsDebugMode')==1, dbcont; end
<a href="matlab: opentoline('D:\Code\2021-11_ToolWaviness\upm_toolpath\src\funcs\tool_geometry\iterfunc_curvepath_multi_solve.m',50,1)">50  </a>        curveULim{ind} = [0;1];
dbup 2;
iterfunc(492)

ans =

   23.1187

iterfunc(569)

ans =

    7.9440

iterfunc(598)

ans =

    5.7057

if system_dependent('IsDebugMode')==1, dbquit; end
s4_optim_2D_aspheric_actual_tip_multi_iter
