The time spent in the parallel computing activating process is 0.000233s.
-----
No.1	 toolpath 535.098155	[r = 600.000000] is calculated within 0.026740s.
-----
initial linear search begins: 
No.	x	f(x)
0	563.842934	1.218858
1	564.566076	1.168584
2	565.289217	1.133391
3	566.012358	1.128668
4	566.735500	1.123944
5	567.458641	1.119219
6	568.181782	1.114493
7	568.904924	1.109766
8	569.628065	1.105038
9	570.351206	1.100309
10	571.074348	1.095578
11	571.797489	1.090846
12	572.520630	1.086113
13	573.243772	1.043563
14	573.966913	0.937983
15	574.690054	0.827702
16	575.413195	0.723629
17	576.136337	0.632815
18	576.859478	0.559888
19	577.582619	0.528931
20	578.305761	0.553902
21	579.028902	0.561701
22	579.752043	0.562883
23	580.475185	0.564067
24	581.198326	0.566065
25	581.921467	0.549065
26	582.644609	0.486594
27	583.367750	0.483861
28	584.090891	0.481127
29	584.814032	0.478393
30	585.537174	0.475658
31	586.260315	0.472923
32	586.983456	0.470187
33	587.706598	0.467450
34	588.429739	0.459547
35	589.152880	0.368730
36	589.876022	0.196392
37	590.599163	-0.001117
bisection interval found by 1-dim search: [589.876022,590.599163]
No.2	 toolpath 525.560317	[r = 590.462868] is calculated within 11.404682s.
-----
initial linear search begins: 
No.	x	f(x)
0	554.188058	1.311512
1	554.913554	1.263908
2	555.639050	1.259187
3	556.364546	1.254465
4	557.090042	1.249741
5	557.815539	1.245017
6	558.541035	1.240292
7	559.266531	1.235565
8	559.992027	1.230838
9	560.717523	1.226109
10	561.443020	1.221378
11	562.168516	1.216647
12	562.894012	1.152216
13	563.619508	1.037321
14	564.345004	0.915553
15	565.070501	0.797542
16	565.795997	0.689063
17	566.521493	0.594449
18	567.246989	0.580839
19	567.972485	0.578110
20	568.697982	0.575381
21	569.423478	0.572651
22	570.148974	0.569920
23	570.874470	0.567189
24	571.599966	0.564457
25	572.325463	0.561725
26	573.050959	0.525334
27	573.776455	0.478679
28	574.501951	0.456181
29	575.227447	0.483798
30	575.952944	0.512152
31	576.678440	0.534569
32	577.403936	0.542580
33	578.129432	0.529566
34	578.854929	0.482517
35	579.580425	0.386822
36	580.305921	0.219376
37	581.031417	0.023898
38	581.756913	0.022948
39	582.482410	0.021999
40	583.207906	0.021049
41	583.933402	0.020100
42	584.658898	0.019150
43	585.384394	0.018200
44	586.109891	-0.004053
bisection interval found by 1-dim search: [585.384394,586.109891]
No.3	 toolpath 521.166953	[r = 586.069506] is calculated within 11.404986s.
-----
initial linear search begins: 
No.	x	f(x)
0	549.741217	1.326424
1	550.467783	1.321704
2	551.194349	1.316983
3	551.920915	1.312261
4	552.647480	1.307538
5	553.374046	1.302815
6	554.100612	1.298089
7	554.827178	1.293363
8	555.553744	1.288636
9	556.280309	1.283907
10	557.006875	1.279177
11	557.733441	1.254332
12	558.460007	1.149467
13	559.186572	1.026713
14	559.913138	0.902151
15	560.639704	0.782560
16	561.366270	0.672791
17	562.092836	0.616844
18	562.819401	0.614116
19	563.545967	0.611387
20	564.272533	0.608657
21	564.999099	0.605927
22	565.725665	0.603195
23	566.452230	0.600464
24	567.178796	0.597732
25	567.905362	0.572441
26	568.631928	0.511052
27	569.358493	0.458369
28	570.085059	0.441113
29	570.811625	0.472552
30	571.538191	0.503220
31	572.264757	0.525727
32	572.991322	0.529413
33	573.717888	0.526000
34	574.444454	0.484694
35	575.171020	0.391487
36	575.897586	0.227927
37	576.624151	0.035441
38	577.350717	0.034489
39	578.077283	0.033537
40	578.803849	0.032585
41	579.530414	0.031633
42	580.256980	0.030681
43	580.983546	0.029728
44	581.710112	0.003960
45	582.436678	-0.128055
bisection interval found by 1-dim search: [581.710112,582.436678]
No.4	 toolpath 516.843744	[r = 581.744879] is calculated within 11.416782s.
-----
initial linear search begins: 
No.	x	f(x)
0	545.364414	1.383213
1	546.092023	1.378494
2	546.819632	1.373774
3	547.547241	1.369052
4	548.274851	1.364330
5	549.002460	1.359606
6	549.730069	1.354881
7	550.457679	1.350155
8	551.185288	1.345428
9	551.912897	1.340700
10	552.640507	1.335971
11	553.368116	1.259444
12	554.095725	1.140948
13	554.823335	1.015207
14	555.550944	0.887866
15	556.278553	0.766698
16	557.006163	0.655703
17	557.733772	0.649550
18	558.461381	0.646821
19	559.188990	0.644092
20	559.916600	0.641361
21	560.644209	0.638630
22	561.371818	0.635899
23	562.099428	0.633168
24	562.827037	0.626632
25	563.554646	0.563697
26	564.282256	0.493527
27	565.009865	0.437170
28	565.737474	0.428661
29	566.465084	0.461781
30	567.192693	0.494001
31	567.920302	0.513892
32	568.647911	0.515708
33	569.375521	0.515526
34	570.103130	0.482342
35	570.830739	0.395867
36	571.558349	0.236790
37	572.285958	0.046815
38	573.013567	0.045860
39	573.741177	0.044906
40	574.468786	0.043951
41	575.196395	0.042997
42	575.924005	0.042042
43	576.651614	0.041087
44	577.379223	0.011895
45	578.106833	-0.122933
bisection interval found by 1-dim search: [577.379223,578.106833]
No.5	 toolpath 512.572593	[r = 577.473727] is calculated within 11.395423s.
-----
initial linear search begins: 
No.	x	f(x)
0	541.042182	1.439221
1	541.770813	1.434502
2	542.499444	1.429782
3	543.228075	1.425061
4	543.956706	1.420339
5	544.685337	1.415615
6	545.413968	1.410890
7	546.142599	1.406165
8	546.871230	1.401439
9	547.599860	1.396711
10	548.328491	1.360558
11	549.057122	1.253870
12	549.785753	1.129151
13	550.514384	0.999638
14	551.243015	0.872346
15	551.971646	0.750266
16	552.700277	0.684540
17	553.428908	0.681811
18	554.157538	0.679082
19	554.886169	0.676352
20	555.614800	0.673622
21	556.343431	0.670891
22	557.072062	0.668160
23	557.800693	0.665428
24	558.529324	0.627486
25	559.257955	0.548859
26	559.986586	0.474718
27	560.715217	0.415318
28	561.443847	0.415336
29	562.172478	0.451909
30	562.901109	0.485142
31	563.629740	0.501156
32	564.358371	0.502333
33	565.087002	0.503414
34	565.815633	0.478676
35	566.544264	0.396814
36	567.272895	0.243408
37	568.001526	0.058062
38	568.730156	0.057105
39	569.458787	0.056148
40	570.187418	0.055191
41	570.916049	0.054234
42	571.644680	0.053277
43	572.373311	0.052320
44	573.101942	0.019660
45	573.830573	-0.119045
bisection interval found by 1-dim search: [573.101942,573.830573]
No.6	 toolpath 508.335292	[r = 573.237849] is calculated within 11.419234s.
-----
initial linear search begins: 
No.	x	f(x)
0	536.756088	1.494688
1	537.485723	1.489969
2	538.215358	1.485250
3	538.944994	1.480529
4	539.674629	1.475807
5	540.404264	1.471084
6	541.133899	1.466360
7	541.863534	1.461635
8	542.593170	1.456909
9	543.322805	1.447987
10	544.052440	1.359509
11	544.782075	1.241770
12	545.511710	1.113536
13	546.241346	0.983749
14	546.970981	0.855540
15	547.700616	0.734301
16	548.430251	0.716497
17	549.159887	0.713768
18	549.889522	0.711039
19	550.619157	0.708308
20	551.348792	0.705578
21	552.078427	0.702847
22	552.808063	0.700116
23	553.537698	0.691629
24	554.267333	0.618000
25	554.996968	0.531248
26	555.726603	0.468836
27	556.456239	0.399486
28	557.185874	0.404951
29	557.915509	0.442463
30	558.645144	0.476030
31	559.374779	0.488100
32	560.104415	0.489218
33	560.834050	0.490337
34	561.563685	0.472554
35	562.293320	0.398122
36	563.022956	0.249299
37	563.752591	0.069231
38	564.482226	0.068272
39	565.211861	0.067312
40	565.941496	0.066353
41	566.671132	0.065393
42	567.400767	0.064434
43	568.130402	0.063475
44	568.860037	0.025589
45	569.589672	-0.115215
bisection interval found by 1-dim search: [568.860037,569.589672]
No.7	 toolpath 504.130626	[r = 569.031758] is calculated within 11.398936s.
-----
initial linear search begins: 
No.	x	f(x)
0	532.500568	1.547001
1	533.231192	1.542215
2	533.961816	1.537428
3	534.692439	1.532640
4	535.423063	1.527850
5	536.153687	1.523060
6	536.884311	1.521336
7	537.614935	1.516611
8	538.345558	1.511885
9	539.076182	1.456692
10	539.806806	1.349183
11	540.537430	1.226668
12	541.268054	1.098573
13	541.998677	0.967758
14	542.729301	0.839151
15	543.459925	0.750904
16	544.190549	0.748176
17	544.921173	0.745447
18	545.651796	0.742717
19	546.382420	0.739987
20	547.113044	0.737257
21	547.843668	0.734525
22	548.574292	0.731793
23	549.304915	0.692965
24	550.035539	0.604496
25	550.766163	0.512695
26	551.496787	0.461922
27	552.227411	0.403091
28	552.958034	0.393775
29	553.688658	0.433935
30	554.419282	0.464750
31	555.149906	0.475236
32	555.880530	0.476343
33	556.611153	0.477452
34	557.341777	0.465888
35	558.072401	0.397376
36	558.803025	0.255336
37	559.533649	0.080330
38	560.264272	0.079369
39	560.994896	0.078407
40	561.725520	0.077445
41	562.456144	0.076483
42	563.186768	0.075521
43	563.917391	0.074559
44	564.648015	0.031876
45	565.378639	-0.111450
bisection interval found by 1-dim search: [564.648015,565.378639]
No.8	 toolpath 499.953085	[r = 564.855644] is calculated within 11.367815s.
-----
initial linear search begins: 
No.	x	f(x)
0	528.275802	1.602302
1	529.007399	1.597517
2	529.738996	1.592730
3	530.470593	1.587943
4	531.202189	1.583154
5	531.933786	1.578364
6	532.665383	1.573572
7	533.396980	1.568780
8	534.128577	1.514508
9	534.860174	1.411181
10	535.591770	1.293950
11	536.323367	1.167047
12	537.054964	1.079663
13	537.786561	0.948891
14	538.518158	0.822357
15	539.249755	0.782327
16	539.981351	0.779598
17	540.712948	0.776868
18	541.444545	0.774139
19	542.176142	0.771409
20	542.907739	0.768678
21	543.639336	0.765947
22	544.370932	0.760036
23	545.102529	0.684380
24	545.834126	0.586739
25	546.565723	0.491853
26	547.297320	0.453544
27	548.028917	0.404993
28	548.760513	0.384668
29	549.492110	0.425011
30	550.223707	0.455185
31	550.955304	0.462595
32	551.686901	0.463692
33	552.418498	0.464790
34	553.150094	0.457422
35	553.881691	0.395908
36	554.613288	0.259710
37	555.344885	0.091367
38	556.076482	0.090403
39	556.808079	0.089439
40	557.539675	0.088474
41	558.271272	0.087510
42	559.002869	0.086546
43	559.734466	0.085582
44	560.466063	0.037831
45	561.197660	-0.107752
bisection interval found by 1-dim search: [560.466063,561.197660]
No.9	 toolpath 495.797129	[r = 560.698259] is calculated within 11.745988s.
-----
initial linear search begins: 
No.	x	f(x)
0	524.070403	1.657253
1	524.802961	1.652468
2	525.535518	1.647682
3	526.268075	1.642895
4	527.000632	1.638106
5	527.733189	1.633317
6	528.465746	1.628526
7	529.198303	1.593060
8	529.930860	1.502830
9	530.663417	1.394089
10	531.395975	1.275091
11	532.128532	1.148576
12	532.861089	1.018690
13	533.593646	0.889858
14	534.326203	0.814239
15	535.058760	0.811443
16	535.791317	0.808645
17	536.523874	0.805848
18	537.256431	0.805368
19	537.988989	0.802638
20	538.721546	0.799907
21	539.454103	0.797175
22	540.186660	0.764701
23	540.919217	0.670670
24	541.651774	0.568008
25	542.384331	0.470623
26	543.116888	0.443839
27	543.849445	0.405564
28	544.582003	0.376511
29	545.314560	0.416877
30	546.047117	0.445264
31	546.779674	0.450143
32	547.512231	0.451231
33	548.244788	0.452320
34	548.977345	0.448436
35	549.709902	0.394573
36	550.442459	0.264773
37	551.175017	0.102364
38	551.907574	0.101397
39	552.640131	0.100430
40	553.372688	0.099463
41	554.105245	0.098497
42	554.837802	0.097530
43	555.570359	0.096563
44	556.302916	0.043970
45	557.035473	-0.104134
bisection interval found by 1-dim search: [556.302916,557.035473]
No.10	 toolpath 491.662904	[r = 556.565464] is calculated within 11.395502s.
-----
initial linear search begins: 
No.	x	f(x)
0	519.890291	1.711815
1	520.623795	1.707030
2	521.357298	1.702245
3	522.090802	1.697458
4	522.824305	1.692671
5	523.557809	1.687882
6	524.291312	1.657056
7	525.024815	1.578924
8	525.758319	1.482354
9	526.491822	1.372981
10	527.225326	1.253426
11	527.958829	1.127825
12	528.692333	0.999881
13	529.425836	0.871257
14	530.159340	0.846030
15	530.892843	0.843234
16	531.626346	0.840437
17	532.359850	0.837639
18	533.093353	0.834841
19	533.826857	0.832042
20	534.560360	0.829242
21	535.293864	0.812939
22	536.027367	0.724546
23	536.760871	0.654053
24	537.494374	0.547176
25	538.227877	0.448452
26	538.961381	0.433430
27	539.694884	0.405037
28	540.428388	0.369192
29	541.161891	0.409330
30	541.895395	0.435157
31	542.628898	0.437884
32	543.362402	0.438963
33	544.095905	0.440042
34	544.829408	0.438657
35	545.562912	0.391157
36	546.296415	0.266997
37	547.029919	0.113311
38	547.763422	0.112342
39	548.496926	0.111373
40	549.230429	0.110404
41	549.963933	0.109435
42	550.697436	0.108466
43	551.430940	0.107497
44	552.164443	0.049289
45	552.897946	-0.101903
bisection interval found by 1-dim search: [552.164443,552.897946]
No.11	 toolpath 487.547690	[r = 552.448819] is calculated within 11.436209s.
-----
initial linear search begins: 
No.	x	f(x)
0	515.726923	1.766063
1	516.461361	1.761279
2	517.195798	1.756495
3	517.930236	1.751709
4	518.664674	1.746921
5	519.399112	1.705769
6	520.133550	1.637988
7	520.867988	1.556238
8	521.602426	1.458779
9	522.336864	1.349506
10	523.071302	1.232011
11	523.805740	1.107619
12	524.540178	0.980079
13	525.274616	0.880441
14	526.009054	0.877645
15	526.743491	0.874849
16	527.477929	0.872052
17	528.212367	0.869254
18	528.946805	0.866455
19	529.681243	0.863656
20	530.415681	0.860856
21	531.150119	0.810714
22	531.884557	0.709764
23	532.618995	0.599598
24	533.353433	0.492365
25	534.087871	0.419399
26	534.822309	0.420031
27	535.556747	0.384618
28	536.291184	0.375655
29	537.025622	0.402186
30	537.760060	0.425394
31	538.494498	0.425795
32	539.228936	0.426864
33	539.963374	0.427935
34	540.697812	0.429519
35	541.432250	0.387005
36	542.166688	0.270600
37	542.901126	0.124225
38	543.635564	0.123254
39	544.370002	0.122282
40	545.104440	0.121311
41	545.838877	0.120339
42	546.573315	0.119368
43	547.307753	0.118396
44	548.042191	0.054852
45	548.776629	-0.098078
bisection interval found by 1-dim search: [548.042191,548.776629]
No.12	 toolpath 483.445884	[r = 548.347012] is calculated within 11.431038s.
-----
initial linear search begins: 
No.	x	f(x)
0	511.578963	1.820045
1	512.314324	1.815262
2	513.049685	1.810477
3	513.785046	1.789457
4	514.520407	1.737458
5	515.255768	1.677089
6	515.991129	1.607881
7	516.726490	1.527130
8	517.461851	1.431296
9	518.197212	1.324229
10	518.932573	1.208115
11	519.667934	1.085247
12	520.403295	0.959861
13	521.138656	0.911908
14	521.874017	0.909112
15	522.609378	0.906315
16	523.344739	0.903518
17	524.080100	0.900719
18	524.815461	0.897920
19	525.550822	0.895122
20	526.286183	0.885346
21	527.021544	0.800232
22	527.756905	0.691339
23	528.492266	0.578249
24	529.227627	0.470020
25	529.962988	0.407514
26	530.698348	0.408569
27	531.433709	0.384099
28	532.169070	0.370056
29	532.904431	0.403700
30	533.639792	0.412799
31	534.375153	0.413859
32	535.110514	0.414920
33	535.845875	0.415982
34	536.581236	0.412810
35	537.316597	0.383255
36	538.051958	0.273255
37	538.787319	0.135115
38	539.522680	0.134141
39	540.258041	0.133167
40	540.993402	0.132193
41	541.728763	0.131219
42	542.464124	0.130246
43	543.199485	0.128960
44	543.934846	0.059560
45	544.670207	-0.095450
bisection interval found by 1-dim search: [543.934846,544.670207]
No.13	 toolpath 479.359030	[r = 544.260157] is calculated within 11.404649s.
-----
initial linear search begins: 
No.	x	f(x)
0	507.446524	1.873750
1	508.182796	1.863722
2	508.919069	1.813649
3	509.655342	1.758517
4	510.391614	1.701002
5	511.127887	1.640708
6	511.864160	1.572939
7	512.600432	1.494635
8	513.336705	1.402916
9	514.072978	1.298184
10	514.809250	1.183606
11	515.545523	1.063170
12	516.281796	0.946016
13	517.018068	0.943220
14	517.754341	0.940423
15	518.490614	0.937626
16	519.226886	0.934828
17	519.963159	0.932031
18	520.699432	0.929232
19	521.435704	0.926433
20	522.171977	0.885124
21	522.908250	0.784541
22	523.644522	0.670962
23	524.380795	0.555624
24	525.117068	0.447145
25	525.853340	0.395778
26	526.589613	0.396825
27	527.325886	0.382298
28	528.062158	0.365271
29	528.798431	0.396257
30	529.534704	0.401023
31	530.270976	0.402075
32	531.007249	0.403128
33	531.743522	0.404182
34	532.479794	0.403272
35	533.216067	0.354921
36	533.952340	0.224181
37	534.688612	0.145440
38	535.424885	0.144395
39	536.161158	0.143350
40	536.897430	0.143050
41	537.633703	0.142073
42	538.369976	0.141097
43	539.106248	0.138957
44	539.842521	0.064953
45	540.578794	-0.092163
bisection interval found by 1-dim search: [539.842521,540.578794]
No.14	 toolpath 475.281490	[r = 540.184054] is calculated within 12.037818s.
-----
initial linear search begins: 
No.	x	f(x)
0	503.325351	1.903133
1	504.062525	1.837878
2	504.799699	1.775035
3	505.536873	1.716137
4	506.274047	1.659798
5	507.011221	1.601300
6	507.748395	1.535708
7	508.485569	1.459401
8	509.222743	1.370702
9	509.959917	1.269235
10	510.697091	1.157570
11	511.434265	1.039726
12	512.171439	0.977211
13	512.908613	0.974415
14	513.645788	0.971618
15	514.382962	0.968821
16	515.120136	0.966024
17	515.857310	0.963226
18	516.594484	0.960427
19	517.331658	0.953427
20	518.068832	0.874243
21	518.806006	0.765659
22	519.543180	0.649498
23	520.280354	0.532952
24	521.017528	0.423988
25	521.754702	0.384174
26	522.491876	0.385213
27	523.229050	0.379477
28	523.966224	0.361000
29	524.703398	0.387479
30	525.440572	0.389380
31	526.177747	0.390424
32	526.914921	0.391469
33	527.652095	0.392515
34	528.389269	0.393515
35	529.126443	0.350040
36	529.863617	0.227582
37	530.600791	0.157051
38	531.337965	0.156004
39	532.075139	0.154957
40	532.812313	0.153909
41	533.549487	0.152862
42	534.286661	0.151814
43	535.023835	0.133820
44	535.761009	0.025674
45	536.498183	-0.153158
bisection interval found by 1-dim search: [535.761009,536.498183]
No.15	 toolpath 471.217639	[r = 535.886991] is calculated within 11.410742s.
-----
initial linear search begins: 
No.	x	f(x)
0	498.981201	1.902092
1	499.719317	1.822916
2	500.457433	1.752939
3	501.195548	1.691327
4	501.933664	1.634031
5	502.671780	1.577298
6	503.409896	1.518252
7	504.148012	1.448570
8	504.886127	1.368295
9	505.624243	1.273951
10	506.362359	1.169215
11	507.100475	1.055023
12	507.838591	1.010049
13	508.576706	1.007253
14	509.314822	1.004456
15	510.052938	1.001659
16	510.791054	0.998862
17	511.529170	0.996064
18	512.267285	0.993265
19	513.005401	0.978378
20	513.743517	0.892166
21	514.481633	0.782215
22	515.219749	0.664524
23	515.957865	0.546894
24	516.695980	0.436145
25	517.434096	0.373897
26	518.172212	0.374860
27	518.910328	0.375824
28	519.648444	0.351550
29	520.386559	0.375822
30	521.124675	0.378721
31	521.862791	0.379688
32	522.600907	0.380657
33	523.339023	0.381626
34	524.077138	0.382596
35	524.815254	0.367351
36	525.553370	0.277449
37	526.291486	0.169304
38	527.029602	0.168254
39	527.767717	0.167204
40	528.505833	0.166154
41	529.243949	0.165104
42	529.982065	0.164054
43	530.720181	0.158283
44	531.458296	0.073580
45	532.196412	-0.086797
bisection interval found by 1-dim search: [531.458296,532.196412]
No.16	 toolpath 467.163047	[r = 531.832400] is calculated within 11.420165s.
-----
initial linear search begins: 
No.	x	f(x)
0	494.882579	1.867603
1	495.621575	1.780874
2	496.360572	1.708425
3	497.099568	1.644301
4	497.838565	1.587943
5	498.577561	1.532720
6	499.316557	1.476077
7	500.055554	1.410253
8	500.794550	1.333589
9	501.533547	1.243004
10	502.272543	1.140969
11	503.011539	1.043790
12	503.750536	1.040994
13	504.489532	1.038198
14	505.228529	1.035402
15	505.967525	1.032605
16	506.706522	1.029807
17	507.445518	1.027009
18	508.184514	1.024209
19	508.923511	0.972959
20	509.662507	0.874047
21	510.401504	0.760623
22	511.140500	0.641432
23	511.879497	0.523441
24	512.618493	0.411783
25	513.357489	0.363310
26	514.096486	0.364266
27	514.835482	0.365223
28	515.574479	0.354114
29	516.313475	0.367131
30	517.052472	0.368098
31	517.791468	0.369058
32	518.530464	0.370019
33	519.269461	0.370981
34	520.008457	0.371944
35	520.747454	0.361152
36	521.486450	0.278851
37	522.225446	0.180878
38	522.964443	0.179826
39	523.703439	0.178774
40	524.442436	0.177721
41	525.181432	0.176669
42	525.920429	0.175616
43	526.659425	0.166972
44	527.398421	0.077750
45	528.137418	-0.083582
bisection interval found by 1-dim search: [527.398421,528.137418]
No.17	 toolpath 463.123824	[r = 527.791735] is calculated within 11.408573s.
-----
initial linear search begins: 
No.	x	f(x)
0	490.798418	1.828645
1	491.538285	1.737169
2	492.278151	1.661085
3	493.018017	1.596533
4	493.757884	1.540367
5	494.497750	1.487110
6	495.237616	1.431866
7	495.977483	1.370381
8	496.717349	1.298837
9	497.457215	1.211949
10	498.197082	1.113779
11	498.936948	1.074585
12	499.676814	1.071790
13	500.416681	1.068994
14	501.156547	1.066197
15	501.896413	1.063400
16	502.636280	1.060602
17	503.376146	1.057803
18	504.116012	1.040634
19	504.855879	0.958481
20	505.595745	0.852925
21	506.335611	0.737072
22	507.075478	0.617888
23	507.815344	0.499912
24	508.555210	0.388635
25	509.295077	0.352853
26	510.034943	0.353802
27	510.774809	0.354751
28	511.514676	0.354506
29	512.254542	0.356653
30	512.994408	0.357605
31	513.734275	0.358559
32	514.474141	0.359512
33	515.214007	0.360467
34	515.953874	0.361423
35	516.693740	0.353426
36	517.433606	0.278996
37	518.173473	0.185405
38	518.913339	0.191369
39	519.653205	0.190314
40	520.393072	0.189260
41	521.132938	0.188204
42	521.872804	0.187150
43	522.612671	0.174966
44	523.352537	0.081668
45	524.092403	-0.080360
bisection interval found by 1-dim search: [523.352537,524.092403]
No.18	 toolpath 459.092854	[r = 523.762209] is calculated within 11.358516s.
-----
initial linear search begins: 
No.	x	f(x)
0	486.725897	1.786623
1	487.466624	1.691204
2	488.207350	1.613109
3	488.948076	1.547623
4	489.688802	1.492173
5	490.429529	1.440615
6	491.170255	1.388636
7	491.910981	1.330124
8	492.651707	1.261034
9	493.392434	1.179606
10	494.133160	1.108063
11	494.873886	1.105269
12	495.614612	1.102473
13	496.355338	1.099677
14	497.096065	1.096881
15	497.836791	1.094083
16	498.577517	1.091285
17	499.318243	1.088487
18	500.058970	1.030993
19	500.799696	0.937021
20	501.540422	0.828853
21	502.281148	0.712372
22	503.021875	0.593029
23	503.762601	0.476394
24	504.503327	0.365537
25	505.244053	0.342508
26	505.984779	0.343450
27	506.725506	0.344393
28	507.466232	0.345337
29	508.206958	0.346281
30	508.947684	0.347227
31	509.688411	0.348173
32	510.429137	0.349120
33	511.169863	0.350068
34	511.910589	0.351016
35	512.651316	0.346143
36	513.392042	0.278719
37	514.132768	0.184238
38	514.873494	0.202898
39	515.614221	0.201841
40	516.354947	0.200783
41	517.095673	0.199726
42	517.836399	0.198669
43	518.577125	0.182088
44	519.317852	0.085373
45	520.058578	-0.077988
bisection interval found by 1-dim search: [519.317852,520.058578]
No.19	 toolpath 455.070218	[r = 519.739574] is calculated within 11.471826s.
-----
initial linear search begins: 
No.	x	f(x)
0	482.660719	1.743989
1	483.402296	1.645021
2	484.143873	1.563565
3	484.885450	1.498004
4	485.627027	1.443035
5	486.368604	1.392660
6	487.110181	1.342363
7	487.851758	1.287421
8	488.593335	1.224561
9	489.334912	1.146188
10	490.076490	1.138652
11	490.818067	1.135857
12	491.559644	1.133062
13	492.301221	1.130266
14	493.042798	1.127469
15	493.784375	1.124672
16	494.525952	1.121874
17	495.267529	1.091156
18	496.009106	1.011188
19	496.750684	0.913257
20	497.492261	0.803751
21	498.233838	0.686528
22	498.975415	0.567930
23	499.716992	0.451333
24	500.458569	0.342890
25	501.200146	0.332268
26	501.941723	0.333203
27	502.683300	0.334140
28	503.424877	0.335077
29	504.166455	0.336015
30	504.908032	0.336954
31	505.649609	0.337893
32	506.391186	0.338834
33	507.132763	0.339775
34	507.874340	0.340717
35	508.615917	0.338764
36	509.357494	0.278743
37	510.099071	0.181685
38	510.840648	0.213128
39	511.582226	0.213359
40	512.323803	0.212299
41	513.065380	0.211239
42	513.806957	0.210179
43	514.548534	0.188533
44	515.290111	0.089283
45	516.031688	-0.075767
bisection interval found by 1-dim search: [515.290111,516.031688]
No.20	 toolpath 451.060342	[r = 515.728250] is calculated within 11.638432s.
-----
initial linear search begins: 
No.	x	f(x)
0	478.607345	1.699191
1	479.349763	1.598488
2	480.092182	1.516053
3	480.834600	1.448656
4	481.577018	1.393689
5	482.319436	1.345070
6	483.061854	1.296946
7	483.804272	1.246264
8	484.546690	1.185160
9	485.289108	1.171907
10	486.031526	1.169113
11	486.773944	1.166317
12	487.516362	1.163522
13	488.258781	1.160726
14	489.001199	1.157929
15	489.743617	1.155132
16	490.486035	1.138105
17	491.228453	1.072412
18	491.970871	0.986592
19	492.713289	0.886583
20	493.455707	0.776236
21	494.198125	0.661038
22	494.940543	0.542572
23	495.682961	0.427220
24	496.425380	0.321212
25	497.167798	0.322140
26	497.910216	0.323070
27	498.652634	0.324000
28	499.395052	0.324930
29	500.137470	0.325862
30	500.879888	0.326794
31	501.622306	0.327727
32	502.364724	0.328661
33	503.107142	0.329596
34	503.849560	0.330531
35	504.591979	0.329961
36	505.334397	0.278878
37	506.076815	0.178709
38	506.819233	0.216523
39	507.561651	0.224856
40	508.304069	0.223794
41	509.046487	0.222731
42	509.788905	0.221669
43	510.531323	0.194515
44	511.273741	0.092940
45	512.016159	-0.072742
bisection interval found by 1-dim search: [511.273741,512.016159]
No.21	 toolpath 447.053170	[r = 511.722527] is calculated within 11.470433s.
-----
initial linear search begins: 
No.	x	f(x)
0	474.560004	1.653668
1	475.303255	1.551416
2	476.046505	1.466299
3	476.789756	1.398522
4	477.533006	1.343451
5	478.276256	1.297038
6	479.019507	1.251069
7	479.762757	1.207886
8	480.506008	1.205093
9	481.249258	1.202299
10	481.992509	1.199505
11	482.735759	1.196709
12	483.479010	1.193914
13	484.222260	1.191118
14	484.965511	1.188322
15	485.708761	1.171498
16	486.452012	1.117616
17	487.195262	1.045388
18	487.938512	0.957605
19	488.681763	0.858500
20	489.425013	0.747629
21	490.168264	0.632646
22	490.911514	0.516261
23	491.654765	0.403804
24	492.398015	0.311181
25	493.141266	0.312103
26	493.884516	0.313026
27	494.627767	0.313950
28	495.371017	0.314874
29	496.114268	0.315800
30	496.857518	0.316726
31	497.600769	0.317653
32	498.344019	0.318580
33	499.087269	0.319509
34	499.830520	0.320438
35	500.573770	0.320982
36	501.317021	0.276073
37	502.060271	0.175782
38	502.803522	0.216700
39	503.546772	0.236356
40	504.290023	0.235291
41	505.033273	0.234226
42	505.776524	0.233161
43	506.519774	0.198771
44	507.263025	0.095091
45	508.006275	-0.070448
bisection interval found by 1-dim search: [507.263025,508.006275]
No.22	 toolpath 443.051665	[r = 507.721024] is calculated within 11.397551s.
-----
initial linear search begins: 
No.	x	f(x)
0	470.517296	1.609020
1	471.261370	1.504994
2	472.005445	1.417772
3	472.749519	1.348653
4	473.493594	1.293603
5	474.237668	1.247552
6	474.981743	1.240998
7	475.725818	1.238205
8	476.469892	1.235412
9	477.213967	1.232618
10	477.958041	1.229823
11	478.702116	1.227029
12	479.446190	1.224233
13	480.190265	1.221395
14	480.934339	1.190019
15	481.678414	1.143738
16	482.422489	1.086645
17	483.166563	1.013533
18	483.910638	0.926811
19	484.654712	0.827262
20	485.398787	0.718657
21	486.142861	0.604916
22	486.886936	0.490240
23	487.631010	0.379691
24	488.375085	0.301239
25	489.119160	0.302156
26	489.863234	0.303073
27	490.607309	0.303990
28	491.351383	0.304909
29	492.095458	0.305828
30	492.839532	0.306748
31	493.583607	0.307669
32	494.327682	0.308590
33	495.071756	0.309512
34	495.815831	0.310436
35	496.559905	0.312179
36	497.303980	0.274482
37	498.048054	0.173087
38	498.792129	0.215930
39	499.536203	0.246625
40	500.280278	0.246788
41	501.024353	0.245720
42	501.768427	0.245039
43	502.512502	0.202909
44	503.256576	0.098221
45	504.000651	-0.068650
bisection interval found by 1-dim search: [503.256576,504.000651]
No.23	 toolpath 439.057350	[r = 503.725256] is calculated within 11.370571s.
-----
initial linear search begins: 
No.	x	f(x)
0	466.480750	1.563206
1	467.225640	1.459602
2	467.970530	1.369703
3	468.715420	1.299641
4	469.460310	1.276816
5	470.205201	1.274025
6	470.950091	1.271233
7	471.694981	1.268440
8	472.439871	1.265646
9	473.184761	1.262852
10	473.929651	1.260058
11	474.674541	1.257263
12	475.419431	1.229728
13	476.164322	1.192965
14	476.909212	1.152808
15	477.654102	1.106238
16	478.398992	1.049844
17	479.143882	0.979503
18	479.888772	0.894423
19	480.633662	0.796220
20	481.378552	0.689438
21	482.123443	0.577527
22	482.868333	0.464761
23	483.613223	0.355353
24	484.358113	0.291389
25	485.103003	0.292299
26	485.847893	0.293211
27	486.592783	0.294122
28	487.337673	0.295035
29	488.082563	0.295948
30	488.827454	0.296863
31	489.572344	0.297777
32	490.317234	0.298693
33	491.062124	0.299609
34	491.807014	0.300526
35	492.551904	0.301664
36	493.296794	0.271657
37	494.041684	0.170529
38	494.786575	0.214996
39	495.531465	0.249903
40	496.276355	0.258281
41	497.021245	0.257211
42	497.766135	0.255194
43	498.511025	0.206301
44	499.255915	0.100508
45	500.000805	-0.065624
bisection interval found by 1-dim search: [499.255915,500.000805]
No.24	 toolpath 435.065933	[r = 499.735293] is calculated within 11.854225s.
-----
initial linear search begins: 
No.	x	f(x)
0	462.450433	1.516766
1	463.196131	1.412271
2	463.941828	1.322573
3	464.687525	1.309774
4	465.433222	1.306983
5	466.178919	1.304191
6	466.924617	1.301399
7	467.670314	1.298606
8	468.416011	1.295812
9	469.161708	1.293019
10	469.907405	1.274701
11	470.653103	1.230183
12	471.398800	1.188391
13	472.144497	1.149024
14	472.890194	1.108711
15	473.635891	1.064013
16	474.381588	1.010859
17	475.127286	0.942299
18	475.872983	0.858892
19	476.618680	0.763184
20	477.364377	0.658718
21	478.110074	0.549197
22	478.855772	0.439676
23	479.601469	0.332674
24	480.347166	0.286941
25	481.092863	0.285868
26	481.838560	0.284795
27	482.584258	0.284339
28	483.329955	0.285245
29	484.075652	0.286153
30	484.821349	0.287061
31	485.567046	0.287971
32	486.312743	0.288880
33	487.058441	0.289791
34	487.804138	0.290702
35	488.549835	0.291614
36	489.295532	0.268734
37	490.041229	0.172892
38	490.786927	0.213409
39	491.532624	0.250746
40	492.278321	0.269776
41	493.024018	0.268703
42	493.769715	0.262078
43	494.515413	0.208336
44	495.261110	0.102330
45	496.006807	-0.064090
bisection interval found by 1-dim search: [495.261110,496.006807]
No.25	 toolpath 431.077472	[r = 495.746832] is calculated within 11.530953s.
-----
initial linear search begins: 
No.	x	f(x)
0	458.421999	1.471464
1	459.168495	1.367033
2	459.914992	1.342679
3	460.661489	1.339889
4	461.407985	1.337098
5	462.154482	1.334306
6	462.900979	1.331514
7	463.647475	1.328720
8	464.393972	1.325927
9	465.140469	1.298138
10	465.886965	1.238825
11	466.633462	1.185517
12	467.379959	1.140128
13	468.126455	1.101031
14	468.872952	1.061842
15	469.619449	1.020656
16	470.365946	0.968202
17	471.112442	0.903773
18	471.858939	0.823187
19	472.605436	0.730312
20	473.351932	0.627724
21	474.098429	0.520716
22	474.844926	0.413076
23	475.591422	0.309563
24	476.337919	0.298487
25	477.084416	0.297411
26	477.830912	0.296336
27	478.577409	0.295260
28	479.323906	0.294184
29	480.070402	0.291018
30	480.816899	0.277338
31	481.563396	0.278241
32	482.309892	0.279145
33	483.056389	0.280050
34	483.802886	0.280956
35	484.549382	0.281862
36	485.295879	0.265373
37	486.042376	0.178602
38	486.788872	0.211814
39	487.535369	0.249762
40	488.281866	0.276151
41	489.028362	0.280205
42	489.774859	0.265195
43	490.521356	0.210095
44	491.267852	0.103850
45	492.014349	-0.062209
bisection interval found by 1-dim search: [491.267852,492.014349]
No.26	 toolpath 427.096398	[r = 491.764302] is calculated within 11.593833s.
-----
initial linear search begins: 
No.	x	f(x)
0	454.399915	1.426640
1	455.147203	1.375499
2	455.894491	1.372710
3	456.641778	1.369919
4	457.389066	1.367128
5	458.136354	1.364336
6	458.883641	1.361543
7	459.630929	1.358751
8	460.378217	1.335718
9	461.125505	1.265041
10	461.872792	1.194864
11	462.620080	1.136252
12	463.367368	1.089465
13	464.114656	1.051596
14	464.861943	1.013367
15	465.609231	0.973335
16	466.356519	0.925970
17	467.103807	0.864196
18	467.851094	0.787101
19	468.598382	0.696594
20	469.345670	0.597353
21	470.092957	0.492819
22	470.840245	0.388176
23	471.587533	0.311109
24	472.334821	0.310030
25	473.082108	0.308952
26	473.829396	0.307873
27	474.576684	0.306795
28	475.323972	0.305717
29	476.071259	0.289426
30	476.818547	0.267700
31	477.565835	0.268598
32	478.313123	0.269497
33	479.060410	0.270396
34	479.807698	0.271296
35	480.554986	0.272197
36	481.302274	0.261203
37	482.049561	0.184111
38	482.796849	0.210261
39	483.544137	0.248017
40	484.291424	0.273526
41	485.038712	0.277616
42	485.786000	0.265248
43	486.533288	0.210809
44	487.280575	0.105796
45	488.027863	-0.060006
bisection interval found by 1-dim search: [487.280575,488.027863]
No.27	 toolpath 423.118406	[r = 487.786308] is calculated within 11.578389s.
-----
initial linear search begins: 
No.	x	f(x)
0	450.382773	1.408256
1	451.130844	1.405467
2	451.878915	1.402677
3	452.626985	1.399886
4	453.375056	1.397095
5	454.123127	1.394303
6	454.871197	1.391511
7	455.619268	1.379640
8	456.367339	1.307668
9	457.115409	1.223233
10	457.863480	1.146214
11	458.611551	1.084776
12	459.359622	1.037690
13	460.107692	0.998836
14	460.855763	0.963427
15	461.603834	0.926285
16	462.351904	0.880813
17	463.099975	0.823536
18	463.848046	0.750088
19	464.596116	0.662572
20	465.344187	0.565972
21	466.092258	0.464720
22	466.840329	0.362910
23	467.588399	0.322660
24	468.336470	0.321579
25	469.084541	0.320498
26	469.832611	0.319416
27	470.580682	0.318335
28	471.328753	0.317254
29	472.076823	0.280290
30	472.824894	0.258140
31	473.572965	0.259033
32	474.321036	0.259926
33	475.069106	0.260820
34	475.817177	0.261715
35	476.565248	0.262610
36	477.313318	0.256129
37	478.061389	0.188777
38	478.809460	0.209073
39	479.557530	0.245816
40	480.305601	0.266985
41	481.053672	0.267996
42	481.801743	0.262051
43	482.549813	0.210720
44	483.297884	0.106998
45	484.045955	-0.058865
bisection interval found by 1-dim search: [483.297884,484.045955]
No.28	 toolpath 419.139167	[r = 483.807069] is calculated within 11.587241s.
-----
initial linear search begins: 
No.	x	f(x)
0	446.364732	1.438200
1	447.113578	1.435410
2	447.862425	1.432620
3	448.611272	1.429829
4	449.360119	1.427038
5	450.108965	1.424246
6	450.857812	1.421001
7	451.606659	1.358424
8	452.355506	1.268159
9	453.104352	1.176938
10	453.853199	1.096708
11	454.602046	1.032082
12	455.350893	0.984630
13	456.099739	0.945892
14	456.848586	0.912343
15	457.597433	0.878174
16	458.346280	0.835456
17	459.095126	0.783122
18	459.843973	0.711806
19	460.592820	0.628794
20	461.341667	0.534759
21	462.090513	0.436798
22	462.839360	0.339369
23	463.588207	0.334232
24	464.337054	0.333147
25	465.085900	0.332064
26	465.834747	0.330980
27	466.583594	0.329896
28	467.332441	0.321178
29	468.081287	0.265913
30	468.830134	0.248644
31	469.578981	0.249531
32	470.327827	0.250419
33	471.076674	0.251308
34	471.825521	0.252197
35	472.574368	0.253087
36	473.323214	0.251583
37	474.072061	0.193483
38	474.820908	0.208143
39	475.569755	0.242859
40	476.318601	0.257547
41	477.067448	0.258441
42	477.816295	0.256770
43	478.565142	0.209966
44	479.313988	0.107633
45	480.062835	-0.057448
bisection interval found by 1-dim search: [479.313988,480.062835]
No.29	 toolpath 415.164576	[r = 479.833940] is calculated within 11.704899s.
-----
initial linear search begins: 
No.	x	f(x)
0	442.353217	1.468069
1	443.102831	1.465280
2	443.852446	1.462489
3	444.602060	1.459699
4	445.351675	1.456907
5	446.101289	1.454115
6	446.850903	1.409535
7	447.600518	1.321405
8	448.350132	1.223915
9	449.099747	1.127756
10	449.849361	1.044848
11	450.598976	0.978276
12	451.348590	0.929634
13	452.098205	0.893384
14	452.847819	0.860784
15	453.597434	0.828175
16	454.347048	0.789460
17	455.096663	0.740489
18	455.846277	0.673514
19	456.595891	0.593184
20	457.345506	0.503794
21	458.095120	0.409678
22	458.844735	0.346892
23	459.594349	0.345805
24	460.343964	0.344718
25	461.093578	0.343631
26	461.843193	0.342545
27	462.592807	0.341458
28	463.342422	0.314154
29	464.092036	0.248036
30	464.841650	0.239225
31	465.591265	0.240107
32	466.340879	0.240990
33	467.090494	0.241874
34	467.840108	0.242758
35	468.589723	0.243643
36	469.339337	0.244458
37	470.088952	0.197544
38	470.838566	0.207331
39	471.588181	0.239472
40	472.337795	0.248077
41	473.087409	0.248966
42	473.837024	0.250071
43	474.586638	0.208299
44	475.336253	0.107956
45	476.085867	-0.056550
bisection interval found by 1-dim search: [475.336253,476.085867]
No.30	 toolpath 411.190301	[r = 475.858201] is calculated within 11.849845s.
-----
initial linear search begins: 
No.	x	f(x)
0	438.339423	1.497914
1	439.089799	1.495125
2	439.840174	1.492334
3	440.590550	1.489544
4	441.340925	1.486752
5	442.091301	1.456237
6	442.841676	1.374626
7	443.592052	1.277755
8	444.342428	1.175563
9	445.092803	1.077817
10	445.843179	0.991480
11	446.593554	0.924015
12	447.343930	0.875572
13	448.094305	0.839527
14	448.844681	0.808366
15	449.595057	0.778407
16	450.345432	0.742954
17	451.095808	0.696434
18	451.846183	0.635218
19	452.596559	0.558461
20	453.346934	0.472868
21	454.097310	0.383360
22	454.847685	0.358489
23	455.598061	0.357400
24	456.348437	0.356310
25	457.098812	0.355220
26	457.849188	0.354131
27	458.599563	0.349477
28	459.349939	0.300838
29	460.100314	0.228990
30	460.850690	0.229866
31	461.601066	0.230744
32	462.351441	0.231622
33	463.101817	0.232500
34	463.852192	0.233380
35	464.602568	0.234259
36	465.352943	0.235140
37	466.103319	0.201338
38	466.853694	0.207014
39	467.604070	0.235383
40	468.354446	0.238669
41	469.104821	0.239552
42	469.855197	0.240437
43	470.605572	0.206029
44	471.355948	0.108145
45	472.106323	-0.054715
bisection interval found by 1-dim search: [471.355948,472.106323]
No.31	 toolpath 407.216389	[r = 471.884288] is calculated within 11.568955s.
-----
initial linear search begins: 
No.	x	f(x)
0	434.327827	1.527718
1	435.078956	1.524929
2	435.830085	1.522139
3	436.581215	1.519348
4	437.332344	1.494025
5	438.083473	1.421888
6	438.834602	1.330439
7	439.585732	1.229680
8	440.336861	1.125520
9	441.087990	1.025943
10	441.839119	0.938318
11	442.590248	0.870034
12	443.341378	0.821020
13	444.092507	0.784388
14	444.843636	0.755665
15	445.594765	0.728023
16	446.345895	0.695805
17	447.097024	0.653032
18	447.848153	0.595805
19	448.599282	0.524088
20	449.350412	0.442458
21	450.101541	0.371194
22	450.852670	0.370102
23	451.603799	0.369009
24	452.354928	0.367916
25	453.106058	0.366824
26	453.857187	0.365732
27	454.608316	0.343952
28	455.359445	0.283026
29	456.110575	0.219701
30	456.861704	0.220572
31	457.612833	0.221445
32	458.363962	0.222318
33	459.115092	0.223192
34	459.866221	0.224066
35	460.617350	0.224941
36	461.368479	0.225817
37	462.119608	0.204504
38	462.870738	0.206524
39	463.621867	0.228333
40	464.372996	0.229326
41	465.124125	0.230204
42	465.875255	0.231084
43	466.626384	0.203602
44	467.377513	0.107834
45	468.128642	-0.054069
bisection interval found by 1-dim search: [467.377513,468.128642]
No.32	 toolpath 403.241420	[r = 467.909318] is calculated within 11.626820s.
-----
initial linear search begins: 
No.	x	f(x)
0	430.315517	1.557498
1	431.067393	1.554709
2	431.819269	1.551918
3	432.571145	1.520108
4	433.323021	1.455329
5	434.074897	1.374626
6	434.826773	1.280905
7	435.578649	1.178367
8	436.330525	1.073800
9	437.082401	0.973244
10	437.834277	0.884903
11	438.586153	0.815134
12	439.338029	0.764921
13	440.089905	0.729742
14	440.841781	0.702593
15	441.593657	0.678276
16	442.345533	0.647986
17	443.097409	0.610476
18	443.849286	0.556584
19	444.601162	0.490267
20	445.353038	0.412999
21	446.104914	0.382832
22	446.856790	0.381736
23	447.608666	0.380641
24	448.360542	0.379545
25	449.112418	0.378450
26	449.864294	0.374908
27	450.616170	0.329959
28	451.368046	0.261715
29	452.119922	0.210470
30	452.871798	0.211337
31	453.623674	0.212205
32	454.375550	0.213073
33	455.127426	0.213942
34	455.879302	0.214811
35	456.631178	0.215682
36	457.383054	0.216552
37	458.134930	0.206392
38	458.886806	0.206321
39	459.638682	0.219168
40	460.390558	0.220042
41	461.142434	0.220915
42	461.894310	0.221790
43	462.646186	0.199601
44	463.398062	0.108304
45	464.149938	-0.053127
bisection interval found by 1-dim search: [463.398062,464.149938]
No.33	 toolpath 399.265435	[r = 463.934802] is calculated within 11.633850s.
-----
initial linear search begins: 
No.	x	f(x)
0	426.304017	1.587248
1	427.056633	1.566765
2	427.809249	1.524516
3	428.561864	1.470984
4	429.314480	1.403449
5	430.067096	1.321189
6	430.819711	1.227434
7	431.572327	1.125020
8	432.324943	1.020690
9	433.077558	0.921244
10	433.830174	0.831570
11	434.582790	0.760110
12	435.335406	0.710100
13	436.088021	0.674890
14	436.840637	0.649147
15	437.593253	0.626070
16	438.345868	0.599813
17	439.098484	0.565035
18	439.851100	0.517845
19	440.603715	0.455472
20	441.356331	0.395588
21	442.108947	0.394490
22	442.861562	0.393391
23	443.614178	0.392292
24	444.366794	0.391194
25	445.119410	0.390096
26	445.872025	0.367256
27	446.624641	0.310109
28	447.377257	0.237953
29	448.129872	0.201297
30	448.882488	0.202160
31	449.635104	0.203023
32	450.387719	0.203886
33	451.140335	0.204751
34	451.892951	0.205615
35	452.645566	0.206481
36	453.398182	0.207347
37	454.150798	0.205913
38	454.903414	0.205551
39	455.656029	0.209949
40	456.408645	0.210817
41	457.161261	0.211686
42	457.913876	0.212556
43	458.666492	0.195071
44	459.419108	0.107443
45	460.171723	-0.052669
bisection interval found by 1-dim search: [459.419108,460.171723]
No.34	 toolpath 395.284068	[r = 459.951965] is calculated within 11.510777s.
-----
initial linear search begins: 
No.	x	f(x)
0	422.284473	1.546724
1	423.037822	1.508335
2	423.791172	1.464025
3	424.544522	1.410773
4	425.297872	1.345521
5	426.051222	1.264574
6	426.804572	1.171915
7	427.557922	1.070419
8	428.311271	0.967150
9	429.064621	0.867289
10	429.817971	0.778070
11	430.571321	0.705943
12	431.324671	0.654873
13	432.078021	0.620140
14	432.831371	0.595540
15	433.584720	0.575551
16	434.338070	0.551529
17	435.091420	0.520790
18	435.844770	0.478987
19	436.598120	0.421995
20	437.351470	0.407289
21	438.104820	0.406187
22	438.858169	0.405086
23	439.611519	0.403984
24	440.364869	0.402883
25	441.118219	0.394559
26	441.871569	0.349623
27	442.624919	0.286343
28	443.378269	0.211832
29	444.131618	0.192166
30	444.884968	0.193024
31	445.638318	0.193883
32	446.391668	0.194742
33	447.145018	0.195602
34	447.898368	0.196462
35	448.651718	0.197323
36	449.405067	0.198185
37	450.158417	0.199047
38	450.911767	0.199909
39	451.665117	0.200772
40	452.418467	0.201636
41	453.171817	0.202501
42	453.925167	0.203365
43	454.678516	0.190288
44	455.431866	0.106166
45	456.185216	-0.051285
bisection interval found by 1-dim search: [455.431866,456.185216]
No.35	 toolpath 391.303233	[r = 455.971129] is calculated within 11.727037s.
-----
initial linear search begins: 
No.	x	f(x)
0	418.267298	1.476699
1	419.021375	1.439591
2	419.775452	1.396279
3	420.529528	1.346325
4	421.283605	1.283533
5	422.037681	1.204622
6	422.791758	1.114487
7	423.545835	1.014768
8	424.299911	0.912787
9	425.053988	0.813846
10	425.808065	0.725908
11	426.562141	0.652562
12	427.316218	0.600970
13	428.070294	0.565617
14	428.824371	0.542363
15	429.578448	0.522902
16	430.332524	0.503464
17	431.086601	0.476390
18	431.840678	0.439224
19	432.594754	0.420112
20	433.348831	0.419007
21	434.102907	0.417902
22	434.856984	0.416798
23	435.611061	0.415693
24	436.365137	0.412794
25	437.119214	0.379381
26	437.873290	0.326098
27	438.627367	0.260233
28	439.381444	0.183985
29	440.135520	0.183096
30	440.889597	0.183949
31	441.643674	0.184803
32	442.397750	0.185658
33	443.151827	0.186513
34	443.905903	0.187369
35	444.659980	0.188225
36	445.414057	0.189082
37	446.168133	0.189940
38	446.922210	0.190798
39	447.676287	0.191656
40	448.430363	0.192516
41	449.184440	0.193376
42	449.938516	0.194236
43	450.692593	0.185623
44	451.446670	0.104821
45	452.200746	-0.051102
bisection interval found by 1-dim search: [451.446670,452.200746]
No.36	 toolpath 387.318557	[r = 451.986453] is calculated within 11.347857s.
-----
initial linear search begins: 
No.	x	f(x)
0	414.246599	1.400199
1	415.001397	1.364286
2	415.756194	1.324046
3	416.510991	1.276655
4	417.265788	1.217019
5	418.020585	1.142939
6	418.775382	1.055021
7	419.530179	0.958454
8	420.284976	0.858176
9	421.039773	0.760698
10	421.794570	0.673241
11	422.549367	0.600338
12	423.304164	0.547145
13	424.058961	0.512568
14	424.813758	0.488515
15	425.568556	0.472044
16	426.323353	0.454632
17	427.078150	0.434083
18	427.832947	0.432974
19	428.587744	0.431866
20	429.342541	0.430758
21	430.097338	0.429650
22	430.852135	0.428542
23	431.606932	0.424130
24	432.361729	0.396832
25	433.116526	0.354131
26	433.871323	0.297892
27	434.626120	0.230913
28	435.380917	0.173223
29	436.135715	0.174072
30	436.890512	0.174921
31	437.645309	0.175770
32	438.400106	0.176621
33	439.154903	0.177472
34	439.909700	0.178323
35	440.664497	0.179175
36	441.419294	0.180028
37	442.174091	0.180881
38	442.928888	0.181734
39	443.683685	0.182589
40	444.438482	0.183443
41	445.193279	0.184299
42	445.948077	0.185155
43	446.702874	0.178853
44	447.457671	0.103087
45	448.212468	-0.050699
bisection interval found by 1-dim search: [447.457671,448.212468]
No.37	 toolpath 383.330074	[r = 447.997970] is calculated within 11.362493s.
-----
initial linear search begins: 
No.	x	f(x)
0	410.222410	1.321177
1	410.977921	1.287494
2	411.733432	1.251338
3	412.488943	1.205420
4	413.244455	1.149928
5	413.999966	1.079533
6	414.755477	0.995378
7	415.510988	0.902204
8	416.266499	0.804467
9	417.022011	0.708744
10	417.777522	0.622519
11	418.533033	0.550931
12	419.288544	0.496549
13	420.044055	0.459694
14	420.799567	0.449213
15	421.555078	0.448101
16	422.310589	0.446989
17	423.066100	0.445877
18	423.821611	0.444765
19	424.577123	0.443654
20	425.332634	0.442264
21	426.088145	0.432667
22	426.843656	0.418164
23	427.599167	0.396296
24	428.354679	0.365517
25	429.110190	0.322410
26	429.865701	0.266389
27	430.621212	0.200351
28	431.376723	0.164249
29	432.132235	0.165094
30	432.887746	0.165938
31	433.643257	0.166784
32	434.398768	0.167630
33	435.154279	0.168477
34	435.909791	0.169324
35	436.665302	0.170171
36	437.420813	0.171020
37	438.176324	0.171868
38	438.931835	0.172718
39	439.687347	0.173567
40	440.442858	0.174418
41	441.198369	0.175269
42	441.953880	0.176120
43	442.709391	0.172407
44	443.464903	0.101139
45	444.220414	-0.050719
bisection interval found by 1-dim search: [443.464903,444.220414]
No.38	 toolpath 379.334867	[r = 444.002762] is calculated within 11.384657s.
-----
initial linear search begins: 
No.	x	f(x)
0	406.191786	1.241067
1	406.948005	1.209544
2	407.704225	1.174518
3	408.460444	1.132835
4	409.216664	1.081259
5	409.972883	1.015569
6	410.729103	0.936117
7	411.485322	0.845602
8	412.241542	0.749829
9	412.997761	0.657957
10	413.753981	0.574263
11	414.510200	0.503624
12	415.266420	0.463291
13	416.022640	0.462175
14	416.778859	0.461060
15	417.535079	0.459944
16	418.291298	0.458829
17	419.047518	0.457933
18	419.803737	0.439992
19	420.559957	0.417661
20	421.316176	0.400749
21	422.072396	0.388384
22	422.828615	0.374620
23	423.584835	0.356253
24	424.341054	0.327546
25	425.097274	0.286841
26	425.853493	0.232728
27	426.609713	0.167448
28	427.365932	0.155314
29	428.122152	0.156154
30	428.878371	0.156995
31	429.634591	0.157836
32	430.390810	0.158678
33	431.147030	0.159520
34	431.903249	0.160363
35	432.659469	0.161206
36	433.415688	0.162050
37	434.171908	0.162895
38	434.928127	0.163740
39	435.684347	0.164586
40	436.440566	0.165432
41	437.196786	0.166278
42	437.953005	0.167126
43	438.709225	0.165221
44	439.465444	0.098915
45	440.221664	-0.050861
bisection interval found by 1-dim search: [439.465444,440.221664]
No.39	 toolpath 375.335914	[r = 440.005285] is calculated within 11.402303s.
-----
initial linear search begins: 
No.	x	f(x)
0	402.159223	1.159040
1	402.916145	1.130110
2	403.673066	1.097139
3	404.429987	1.058952
4	405.186908	1.011872
5	405.943829	0.950483
6	406.700751	0.873524
7	407.457672	0.787410
8	408.214593	0.696756
9	408.971514	0.608358
10	409.728436	0.528055
11	410.485357	0.476298
12	411.242278	0.475178
13	411.999199	0.474059
14	412.756121	0.472940
15	413.513042	0.471822
16	414.269963	0.469219
17	415.026884	0.437356
18	415.783805	0.398937
19	416.540727	0.369086
20	417.297648	0.349699
21	418.054569	0.337403
22	418.811490	0.325316
23	419.568412	0.309822
24	420.325333	0.285582
25	421.082254	0.248597
26	421.839175	0.196784
27	422.596096	0.145589
28	423.353018	0.146424
29	424.109939	0.147260
30	424.866860	0.148097
31	425.623781	0.148934
32	426.380703	0.149772
33	427.137624	0.150610
34	427.894545	0.151449
35	428.651466	0.152288
36	429.408388	0.153128
37	430.165309	0.153968
38	430.922230	0.154809
39	431.679151	0.155650
40	432.436072	0.156492
41	433.192994	0.157335
42	433.949915	0.158178
43	434.706836	0.157605
44	435.463757	0.096420
45	436.220679	-0.051122
bisection interval found by 1-dim search: [435.463757,436.220679]
No.40	 toolpath 371.331770	[r = 435.999664] is calculated within 11.539227s.
-----
initial linear search begins: 
No.	x	f(x)
0	398.118795	1.076455
1	398.876413	1.048510
2	399.634030	1.019254
3	400.391647	0.984706
4	401.149265	0.940805
5	401.906882	0.883903
6	402.664499	0.812856
7	403.422117	0.731098
8	404.179734	0.645571
9	404.937352	0.562149
10	405.694969	0.489357
11	406.452586	0.488234
12	407.210204	0.487111
13	407.967821	0.485988
14	408.725438	0.484866
15	409.483056	0.483692
16	410.240673	0.450281
17	410.998290	0.399782
18	411.755908	0.351947
19	412.513525	0.317009
20	413.271143	0.295228
21	414.028760	0.282607
22	414.786377	0.273375
23	415.543995	0.261430
24	416.301612	0.241034
25	417.059229	0.207978
26	417.816847	0.159165
27	418.574464	0.136740
28	419.332082	0.137571
29	420.089699	0.138403
30	420.847316	0.139236
31	421.604934	0.140069
32	422.362551	0.140903
33	423.120168	0.141737
34	423.877786	0.142572
35	424.635403	0.143407
36	425.393020	0.144243
37	426.150638	0.145078
38	426.908255	0.145916
39	427.665873	0.146753
40	428.423490	0.147591
41	429.181107	0.148429
42	429.938725	0.149268
43	430.696342	0.149640
44	431.453959	0.093647
45	432.211577	-0.050204
bisection interval found by 1-dim search: [431.453959,432.211577]
No.41	 toolpath 367.319506	[r = 431.988879] is calculated within 11.427527s.
-----
initial linear search begins: 
No.	x	f(x)
0	394.073509	0.992003
1	394.831817	0.967127
2	395.590124	0.940980
3	396.348431	0.909390
4	397.106739	0.869656
5	397.865046	0.819225
6	398.623354	0.753161
7	399.381661	0.676039
8	400.139968	0.596382
9	400.898276	0.520352
10	401.656583	0.501343
11	402.414891	0.500216
12	403.173198	0.499090
13	403.931505	0.497964
14	404.689813	0.496837
15	405.448120	0.470542
16	406.206427	0.415830
17	406.964735	0.355933
18	407.723042	0.302011
19	408.481350	0.262906
20	409.239657	0.239604
21	409.997964	0.227228
22	410.756272	0.220016
23	411.514579	0.210780
24	412.272887	0.194323
25	413.031194	0.165180
26	413.789501	0.127100
27	414.547809	0.127927
28	415.306116	0.128755
29	416.064424	0.129583
30	416.822731	0.130411
31	417.581038	0.131241
32	418.339346	0.132070
33	419.097653	0.132900
34	419.855960	0.133731
35	420.614268	0.134562
36	421.372575	0.135394
37	422.130883	0.136226
38	422.889190	0.137059
39	423.647497	0.137892
40	424.405805	0.138726
41	425.164112	0.139560
42	425.922420	0.140395
43	426.680727	0.141839
44	427.439034	0.089991
45	428.197342	-0.052020
bisection interval found by 1-dim search: [427.439034,428.197342]
No.42	 toolpath 363.299144	[r = 427.967035] is calculated within 11.402639s.
-----
initial linear search begins: 
No.	x	f(x)
0	390.017421	0.908543
1	390.776413	0.885406
2	391.535406	0.862441
3	392.294398	0.833742
4	393.053390	0.798792
5	393.812382	0.751942
6	394.571375	0.693043
7	395.330367	0.623287
8	396.089359	0.551670
9	396.848352	0.514516
10	397.607344	0.513385
11	398.366336	0.512255
12	399.125329	0.511125
13	399.884321	0.509995
14	400.643313	0.492709
15	401.402305	0.439531
16	402.161298	0.374618
17	402.920290	0.308530
18	403.679282	0.250201
19	404.438275	0.208599
20	405.197267	0.182870
21	405.956259	0.170740
22	406.715251	0.165049
23	407.474244	0.158867
24	408.233236	0.146041
25	408.992228	0.120937
26	409.751221	0.118320
27	410.510213	0.119143
28	411.269205	0.119967
29	412.028197	0.120791
30	412.787190	0.121616
31	413.546182	0.122441
32	414.305174	0.123267
33	415.064167	0.124093
34	415.823159	0.124920
35	416.582151	0.125747
36	417.341143	0.126575
37	418.100136	0.127403
38	418.859128	0.128232
39	419.618120	0.129061
40	420.377113	0.129891
41	421.136105	0.130721
42	421.895097	0.131552
43	422.654089	0.132441
44	423.413082	0.087261
45	424.172074	-0.051235
bisection interval found by 1-dim search: [423.413082,424.172074]
No.43	 toolpath 359.270704	[r = 423.938595] is calculated within 11.684269s.
-----
initial linear search begins: 
No.	x	f(x)
0	385.955031	0.824715
1	386.714702	0.803275
2	387.474374	0.782264
3	388.234045	0.757847
4	388.993716	0.726931
5	389.753387	0.686982
6	390.513059	0.634017
7	391.272730	0.573679
8	392.032401	0.527747
9	392.792072	0.526613
10	393.551744	0.525479
11	394.311415	0.524345
12	395.071086	0.523211
13	395.830758	0.511450
14	396.590429	0.464007
15	397.350100	0.399552
16	398.109771	0.328625
17	398.869443	0.258799
18	399.629114	0.197108
19	400.388785	0.151609
20	401.148457	0.125803
21	401.908128	0.114547
22	402.667799	0.109096
23	403.427470	0.107117
24	404.187142	0.107936
25	404.946813	0.108754
26	405.706484	0.109573
27	406.466156	0.110392
28	407.225827	0.111212
29	407.985498	0.112033
30	408.745169	0.112854
31	409.504841	0.113675
32	410.264512	0.114497
33	411.024183	0.115319
34	411.783854	0.116142
35	412.543526	0.116966
36	413.303197	0.117789
37	414.062868	0.118614
38	414.822540	0.119439
39	415.582211	0.120264
40	416.341882	0.121090
41	417.101553	0.121916
42	417.861225	0.122743
43	418.620896	0.123571
44	419.380567	0.084268
45	420.140239	-0.052301
bisection interval found by 1-dim search: [419.380567,420.140239]
No.44	 toolpath 355.232725	[r = 419.900616] is calculated within 11.379403s.
-----
initial linear search begins: 
No.	x	f(x)
0	381.883374	0.740888
1	382.643719	0.721551
2	383.404064	0.703029
3	384.164408	0.682245
4	384.924753	0.656066
5	385.685098	0.622080
6	386.445443	0.578782
7	387.205788	0.541046
8	387.966133	0.539908
9	388.726477	0.538769
10	389.486822	0.537631
11	390.247167	0.536493
12	391.007512	0.526355
13	391.767857	0.483320
14	392.528202	0.423597
15	393.288546	0.354062
16	394.048891	0.280050
17	394.809236	0.206964
18	395.569581	0.142699
19	396.329926	0.095157
20	397.090271	0.095969
21	397.850615	0.096782
22	398.610960	0.097596
23	399.371305	0.098409
24	400.131650	0.099224
25	400.891995	0.100038
26	401.652340	0.100853
27	402.412684	0.101669
28	403.173029	0.102485
29	403.933374	0.103302
30	404.693719	0.104119
31	405.454064	0.104937
32	406.214409	0.105755
33	406.974753	0.106574
34	407.735098	0.107393
35	408.495443	0.108212
36	409.255788	0.109032
37	410.016133	0.109853
38	410.776478	0.110674
39	411.536822	0.111495
40	412.297167	0.112318
41	413.057512	0.113140
42	413.817857	0.113963
43	414.578202	0.114787
44	415.338547	0.080316
45	416.098892	-0.053231
bisection interval found by 1-dim search: [415.338547,416.098892]
No.45	 toolpath 351.185226	[r = 415.853116] is calculated within 11.400079s.
-----
initial linear search begins: 
No.	x	f(x)
0	377.802470	0.658317
1	378.563483	0.640546
2	379.324496	0.625969
3	380.085509	0.608064
4	380.846522	0.587508
5	381.607535	0.560998
6	382.368548	0.554414
7	383.129560	0.553271
8	383.890573	0.552129
9	384.651586	0.550986
10	385.412599	0.549844
11	386.173612	0.532713
12	386.934625	0.493909
13	387.695638	0.440502
14	388.456651	0.376403
15	389.217664	0.303741
16	389.978677	0.228243
17	390.739690	0.153376
18	391.500703	0.087399
19	392.261715	0.086490
20	393.022728	0.087299
21	393.783741	0.088108
22	394.544754	0.088918
23	395.305767	0.089728
24	396.066780	0.090539
25	396.827793	0.091350
26	397.588806	0.092161
27	398.349819	0.092973
28	399.110832	0.093786
29	399.871845	0.094599
30	400.632858	0.095412
31	401.393871	0.096226
32	402.154883	0.097041
33	402.915896	0.097855
34	403.676909	0.098671
35	404.437922	0.099487
36	405.198935	0.100303
37	405.959948	0.101120
38	406.720961	0.101937
39	407.481974	0.102754
40	408.242987	0.103573
41	409.004000	0.104392
42	409.765013	0.105211
43	410.526026	0.106031
44	411.287038	0.075093
45	412.048051	-0.054297
bisection interval found by 1-dim search: [411.287038,412.048051]
No.46	 toolpath 347.122280	[r = 411.791655] is calculated within 11.389021s.
-----
initial linear search begins: 
No.	x	f(x)
0	373.707844	0.580356
1	374.469520	0.572462
2	375.231197	0.571313
3	375.992873	0.570165
4	376.754549	0.569017
5	377.516225	0.567869
6	378.277902	0.566722
7	379.039578	0.565575
8	379.801254	0.556013
9	380.562930	0.540041
10	381.324607	0.517322
11	382.086283	0.486059
12	382.847959	0.443850
13	383.609635	0.388765
14	384.371311	0.323679
15	385.132988	0.251011
16	385.894664	0.173712
17	386.656340	0.098373
18	387.418016	0.077034
19	388.179693	0.077838
20	388.941369	0.078643
21	389.703045	0.079449
22	390.464721	0.080255
23	391.226397	0.081062
24	391.988074	0.081869
25	392.749750	0.082676
26	393.511426	0.083484
27	394.273102	0.084293
28	395.034779	0.085101
29	395.796455	0.085911
30	396.558131	0.086721
31	397.319807	0.087531
32	398.081483	0.088342
33	398.843160	0.089153
34	399.604836	0.089965
35	400.366512	0.090777
36	401.128188	0.091589
37	401.889865	0.092403
38	402.651541	0.093216
39	403.413217	0.094030
40	404.174893	0.094845
41	404.936569	0.095660
42	405.698246	0.096475
43	406.459922	0.097291
44	407.221598	0.070648
45	407.983274	-0.055508
bisection interval found by 1-dim search: [407.221598,407.983274]
No.47	 toolpath 343.042402	[r = 407.711778] is calculated within 11.340279s.
-----
initial linear search begins: 
No.	x	f(x)
0	369.595008	0.586034
1	370.357343	0.584881
2	371.119679	0.583728
3	371.882014	0.572204
4	372.644350	0.548849
5	373.406685	0.528581
6	374.169020	0.513035
7	374.931356	0.500383
8	375.693691	0.488048
9	376.456027	0.472982
10	377.218362	0.452664
11	377.980697	0.424258
12	378.743033	0.384353
13	379.505368	0.331523
14	380.267704	0.267305
15	381.030039	0.194903
16	381.792375	0.118752
17	382.554710	0.067593
18	383.317045	0.068394
19	384.079381	0.069195
20	384.841716	0.069997
21	385.604052	0.070799
22	386.366387	0.071601
23	387.128722	0.072404
24	387.891058	0.073208
25	388.653393	0.074012
26	389.415729	0.074816
27	390.178064	0.075621
28	390.940399	0.076426
29	391.702735	0.077232
30	392.465070	0.078038
31	393.227406	0.078845
32	393.989741	0.079652
33	394.752076	0.080460
34	395.514412	0.081268
35	396.276747	0.082076
36	397.039083	0.082885
37	397.801418	0.083695
38	398.563753	0.084505
39	399.326089	0.085315
40	400.088424	0.086126
41	400.850760	0.086937
42	401.613095	0.087749
43	402.375431	0.088561
44	403.137766	0.065495
45	403.900101	-0.056870
bisection interval found by 1-dim search: [403.137766,403.900101]
No.48	 toolpath 338.950060	[r = 403.617948] is calculated within 11.311171s.
-----
initial linear search begins: 
No.	x	f(x)
0	365.468464	0.598537
1	366.231453	0.591495
2	366.994443	0.556267
3	367.757433	0.514144
4	368.520422	0.477322
5	369.283412	0.449973
6	370.046402	0.431759
7	370.809391	0.419200
8	371.572381	0.408277
9	372.335371	0.396112
10	373.098360	0.379438
11	373.861350	0.355578
12	374.624340	0.319733
13	375.387330	0.270434
14	376.150319	0.208739
15	376.913309	0.136942
16	377.676299	0.060630
17	378.439288	0.058974
18	379.202278	0.059772
19	379.965268	0.060569
20	380.728257	0.061367
21	381.491247	0.062166
22	382.254237	0.062965
23	383.017226	0.063765
24	383.780216	0.064565
25	384.543206	0.065365
26	385.306195	0.066166
27	386.069185	0.066967
28	386.832175	0.067769
29	387.595165	0.068571
30	388.358154	0.069374
31	389.121144	0.070177
32	389.884134	0.070981
33	390.647123	0.071785
34	391.410113	0.072589
35	392.173103	0.073394
36	392.936092	0.074199
37	393.699082	0.075005
38	394.462072	0.075812
39	395.225061	0.076618
40	395.988051	0.077426
41	396.751041	0.078233
42	397.514030	0.079041
43	398.277020	0.079850
44	399.040010	0.060864
45	399.802999	-0.057352
bisection interval found by 1-dim search: [399.040010,399.802999]
No.49	 toolpath 334.843775	[r = 399.511663] is calculated within 11.325555s.
-----
initial linear search begins: 
No.	x	f(x)
0	361.329724	0.593915
1	362.093363	0.548341
2	362.857002	0.494844
3	363.620641	0.442023
4	364.384279	0.398747
5	365.147918	0.366290
6	365.911557	0.346340
7	366.675196	0.333878
8	367.438834	0.324748
9	368.202473	0.315469
10	368.966112	0.301883
11	369.729751	0.282205
12	370.493389	0.251768
13	371.257028	0.205149
14	372.020667	0.146142
15	372.784306	0.076738
16	373.547945	0.049579
17	374.311583	0.050372
18	375.075222	0.051166
19	375.838861	0.051960
20	376.602500	0.052756
21	377.366138	0.053551
22	378.129777	0.054346
23	378.893416	0.055143
24	379.657055	0.055939
25	380.420693	0.056736
26	381.184332	0.057534
27	381.947971	0.058331
28	382.711610	0.059130
29	383.475249	0.059928
30	384.238887	0.060727
31	385.002526	0.061527
32	385.766165	0.062327
33	386.529804	0.063127
34	387.293442	0.063929
35	388.057081	0.064730
36	388.820720	0.065532
37	389.584359	0.066334
38	390.347997	0.067137
39	391.111636	0.067940
40	391.875275	0.068744
41	392.638914	0.069548
42	393.402552	0.070353
43	394.166191	0.071158
44	394.929830	0.055192
45	395.693469	-0.059030
bisection interval found by 1-dim search: [394.929830,395.693469]
No.50	 toolpath 330.713117	[r = 395.381003] is calculated within 11.679655s.
-----
initial linear search begins: 
No.	x	f(x)
0	357.166780	0.029761
1	357.931065	0.029172
2	358.695349	0.029956
3	359.459634	0.030740
4	360.223918	0.031525
5	360.988203	0.032310
6	361.752487	0.257894
7	362.516772	0.245727
8	363.281056	0.237818
9	364.045341	0.231235
10	364.809625	0.221661
11	365.573910	0.204788
12	366.338194	0.178391
13	367.102478	0.137959
14	367.866763	0.082007
15	368.631047	0.040184
16	369.395332	0.040974
17	370.159616	0.041764
18	370.923901	0.042554
19	371.688185	0.043346
20	372.452470	0.044137
21	373.216754	0.044929
22	373.981039	0.045721
23	374.745323	0.046514
24	375.509607	0.047307
25	376.273892	0.048101
26	377.038176	0.048895
27	377.802461	0.049689
28	378.566745	0.050484
29	379.331030	0.051279
30	380.095314	0.052075
31	380.859599	0.052871
32	381.623883	0.053668
33	382.388168	0.054465
34	383.152452	0.055262
35	383.916736	0.056060
36	384.681021	0.056859
37	385.445305	0.057657
38	386.209590	0.058456
39	386.973874	0.059256
40	387.738159	0.060057
41	388.502443	0.060857
42	389.266728	0.061658
43	390.031012	0.062460
44	390.795297	0.049793
45	391.559581	-0.060874
bisection interval found by 1-dim search: [390.795297,391.559581]
No.51	 toolpath 326.561052	[r = 391.230431] is calculated within 11.280589s.
-----
initial linear search begins: 
No.	x	f(x)
0	352.984133	0.019836
1	353.749059	0.020617
2	354.513985	0.021397
3	355.278911	0.022178
4	356.043837	0.022960
5	356.808763	0.023742
6	357.573689	0.024524
7	358.338615	0.025307
8	359.103541	0.026090
9	359.868467	0.026874
10	360.633393	0.027658
11	361.398319	0.126032
12	362.163245	0.103365
13	362.928171	0.067325
14	363.693097	0.030797
15	364.458023	0.031583
16	365.222949	0.032370
17	365.987875	0.033157
18	366.752800	0.033944
19	367.517726	0.034732
20	368.282652	0.035520
21	369.047578	0.036308
22	369.812504	0.037097
23	370.577430	0.037887
24	371.342356	0.038676
25	372.107282	0.039467
26	372.872208	0.040257
27	373.637134	0.041048
28	374.402060	0.041840
29	375.166986	0.042631
30	375.931912	0.043424
31	376.696838	0.044217
32	377.461764	0.045010
33	378.226690	0.045804
34	378.991616	0.046598
35	379.756542	0.047392
36	380.521468	0.048187
37	381.286394	0.048982
38	382.051320	0.049778
39	382.816246	0.050575
40	383.581172	0.051371
41	384.346098	0.052168
42	385.111023	0.052966
43	385.875949	0.053764
44	386.640875	0.044177
45	387.405801	-0.062456
bisection interval found by 1-dim search: [386.640875,387.405801]
No.52	 toolpath 322.380104	[r = 387.049483] is calculated within 11.254463s.
-----
initial linear search begins: 
No.	x	f(x)
0	348.771244	0.011267
1	349.536809	0.012044
2	350.302374	0.012821
3	351.067939	0.013599
4	351.833504	0.014377
5	352.599068	0.015156
6	353.364633	0.015935
7	354.130198	0.016715
8	354.895763	0.017494
9	355.661327	0.018275
10	356.426892	0.019056
11	357.192457	0.019837
12	357.958022	0.020618
13	358.723587	0.021400
14	359.489151	0.022182
15	360.254716	0.022965
16	361.020281	0.023748
17	361.785846	0.024532
18	362.551410	0.025316
19	363.316975	0.026100
20	364.082540	0.026885
21	364.848105	0.027671
22	365.613670	0.028456
23	366.379234	0.029242
24	367.144799	0.030029
25	367.910364	0.030815
26	368.675929	0.031603
27	369.441493	0.032391
28	370.207058	0.033179
29	370.972623	0.033967
30	371.738188	0.034756
31	372.503753	0.035545
32	373.269317	0.036335
33	374.034882	0.037126
34	374.800447	0.037916
35	375.566012	0.038707
36	376.331576	0.039499
37	377.097141	0.040291
38	377.862706	0.041083
39	378.628271	0.041876
40	379.393836	0.042669
41	380.159400	0.043463
42	380.924965	0.044257
43	381.690530	0.045051
44	382.456095	0.037157
45	383.221659	-0.065063
bisection interval found by 1-dim search: [382.456095,383.221659]
No.53	 toolpath 318.171740	[r = 382.841120] is calculated within 11.248845s.
-----
initial linear search begins: 
No.	x	f(x)
0	344.531104	0.002683
1	345.297304	0.003457
2	346.063504	0.004232
3	346.829705	0.005006
4	347.595905	0.005781
5	348.362105	0.006557
6	349.128306	0.007333
7	349.894506	0.008109
8	350.660706	0.008886
9	351.426907	0.009663
10	352.193107	0.010440
11	352.959307	0.011219
12	353.725508	0.011997
13	354.491708	0.012775
14	355.257908	0.013555
15	356.024109	0.014334
16	356.790309	0.015114
17	357.556509	0.015895
18	358.322710	0.016675
19	359.088910	0.017456
20	359.855110	0.018238
21	360.621311	0.019020
22	361.387511	0.019802
23	362.153711	0.020585
24	362.919911	0.021368
25	363.686112	0.022152
26	364.452312	0.022936
27	365.218512	0.023720
28	365.984713	0.024505
29	366.750913	0.025290
30	367.517113	0.026076
31	368.283314	0.026862
32	369.049514	0.027648
33	369.815714	0.028435
34	370.581915	0.029222
35	371.348115	0.030010
36	372.114315	0.030798
37	372.880516	0.031587
38	373.646716	0.032376
39	374.412916	0.033165
40	375.179117	0.033955
41	375.945317	0.034746
42	376.711517	0.035536
43	377.477718	0.036327
44	378.243918	0.030616
45	379.010118	-0.067337
bisection interval found by 1-dim search: [378.243918,379.010118]
No.54	 toolpath 313.926960	[r = 378.596340] is calculated within 11.203139s.
-----
initial linear search begins: 
No.	x	f(x)
0	340.254650	-0.005932
1	339.487816	-0.006703
2	338.720982	-0.007472
3	337.954148	-0.008242
4	337.187315	-0.009012
5	336.420481	0.009214
bisection interval found by 1-dim search: [336.420481,337.187315]
No.55	 toolpath 282.478025	[r = 336.654874] is calculated within 8.552653s.
-----
initial linear search begins: 
No.	x	f(x)
0	298.020443	-0.709224
1	297.247754	-0.667301
2	296.475066	-0.623367
3	295.702377	-0.580529
4	294.929688	-0.541148
5	294.157000	-0.508094
6	293.384311	-0.481015
7	292.611622	-0.457387
8	291.838934	-0.434010
9	291.066245	-0.780499
10	290.293557	-0.785182
11	289.520868	-0.789860
12	288.748179	-0.794536
13	287.975491	-0.799208
14	287.202802	-0.791536
15	286.430113	-0.749175
16	285.657425	-0.706382
17	284.884736	-0.664774
18	284.112048	-0.628113
19	283.339359	-0.599799
20	282.566670	-0.575593
21	281.793982	-0.554902
22	281.021293	-0.533819
23	280.248604	-0.509745
24	279.475916	-0.481145
25	278.703227	-0.445075
26	277.930538	-0.399297
27	277.157850	-0.343548
28	276.385161	-0.281267
29	275.612473	-0.212741
30	274.839784	-0.142204
31	274.067095	-0.070049
32	273.294407	0.000052
bisection interval found by 1-dim search: [273.294407,274.067095]
No.56	 toolpath 241.364758	[r = 273.299689] is calculated within 29.891839s.
-----
initial linear search begins: 
No.	x	f(x)
0	234.291391	-0.198846
1	233.511225	-0.173306
2	232.731059	-0.144163
3	231.950893	-0.113263
4	231.170727	-0.080485
5	230.390561	-0.045539
6	229.610395	-0.008248
7	228.830229	0.030800
bisection interval found by 1-dim search: [228.830229,229.610395]
No.57	 toolpath 198.690492	[r = 229.440496] is calculated within 9.046940s.
-----
initial linear search begins: 
No.	x	f(x)
0	190.220470	-0.297564
1	189.436070	-0.286861
2	188.651669	-0.265968
3	187.867269	-0.235582
4	187.082868	-0.195172
5	186.298468	-0.148102
6	185.514067	-0.097061
7	184.729667	-0.045159
8	183.945266	0.006537
bisection interval found by 1-dim search: [183.945266,184.729667]
No.58	 toolpath 161.710677	[r = 184.047146] is calculated within 9.147411s.
-----
initial linear search begins: 
No.	x	f(x)
0	144.647787	0.174490
1	145.435774	0.149508
2	146.223761	0.124756
3	147.011748	0.099780
4	147.799736	0.074380
5	148.587723	0.047919
6	149.375710	0.020659
7	150.163697	-0.008017
bisection interval found by 1-dim search: [149.375710,150.163697]
No.59	 toolpath 128.428759	[r = 149.955158] is calculated within 6.232752s.
-----
initial linear search begins: 
No.	x	f(x)
0	110.447400	-0.413568
1	109.657244	-0.399638
2	108.867089	-0.385215
3	108.076934	-0.369767
4	107.286779	-0.351518
5	106.496624	-0.329082
6	105.706469	-0.321265
7	104.916313	-0.292527
8	104.126158	-0.258471
9	103.336003	-0.220428
10	102.545848	-0.177570
11	101.755693	-0.131587
12	100.965538	-0.082688
13	100.175383	-0.031788
14	99.385227	0.021322
bisection interval found by 1-dim search: [99.385227,100.175383]
No.60	 toolpath 88.376173	[r = 99.694653] is calculated within 13.132335s.
-----
initial linear search begins: 
No.	x	f(x)
0	60.067791	-0.036344
1	59.275253	0.004334
bisection interval found by 1-dim search: [59.275253,60.067791]
No.61	 toolpath 48.791950	[r = 59.361163] is calculated within 5.307607s.
-----
initial linear search begins: 
No.	x	f(x)
0	19.673543	-0.582178
1	18.879790	-0.549133
2	18.086038	-0.515142
3	17.292286	-0.481936
4	16.498533	-0.468921
5	15.704781	-0.435619
6	14.911028	-0.404128
7	14.117276	-0.374075
8	13.323524	-0.346691
9	12.529771	-0.320851
10	11.736019	-0.296314
11	10.942266	-0.271602
12	10.148514	-0.245176
13	9.354762	-0.214714
14	8.561009	-0.180969
15	7.767257	-0.143569
16	6.973504	-0.103555
17	6.179752	-0.063285
18	5.386000	-0.023951
19	4.592247	0.013349
bisection interval found by 1-dim search: [4.592247,5.386000]
No.62	 toolpath 8.094737	[r = 4.879827] is calculated within 16.691722s.
-----
initial linear search begins: 
No.	x	f(x)
0	-34.840901	0.073310
1	-34.046486	0.029102
2	-33.252072	-0.011938
bisection interval found by 1-dim search: [-34.046486,-33.252072]
No.63	 toolpath -28.555180	[r = -33.499550] is calculated within 5.405965s.
-----
-----
No.63	 toolpath point at [r = 0] is calculated within 2.889820s.
-----
The toolpath concentric optimization process causes 714.672460 seconds.
The time spent in the spiral toolpath generation process is 0.956071s.
close all; save data.mat
s6_post_process
s4_optim_2D_aspheric_actual_tip_multi_iter
