The time spent in the parallel computing activating process is 0.000906s.
-----
No.1	 toolpath 522.934885	[r = 600.000000] is calculated within 0.034202s.
-----
initial linear search begins: 
No.	x	f(x)
0	564.299477	0.040223
1	565.013488	-0.034106
bisection interval found by 1-dim search: [564.299477,565.013488]
No.2	 toolpath 491.285018	[r = 564.662061] is calculated within 4.603786s.
-----
initial linear search begins: 
No.	x	f(x)
0	528.541884	0.382814
1	529.264287	0.240271
2	529.986691	0.161295
3	530.709095	0.136003
4	531.431498	0.119912
5	532.153902	0.027121
6	532.876305	0.008923
7	533.598709	-0.044962
bisection interval found by 1-dim search: [532.876305,533.598709]
No.3	 toolpath 461.400269	[r = 533.073837] is calculated within 6.220618s.
-----
initial linear search begins: 
No.	x	f(x)
0	496.603840	0.238979
1	497.333240	0.233333
2	498.062640	0.227686
3	498.792040	0.222039
4	499.521439	0.193269
5	500.250839	0.173506
6	500.980239	0.090073
7	501.709639	-0.007995
bisection interval found by 1-dim search: [500.980239,501.709639]
No.4	 toolpath 434.943667	[r = 501.669750] is calculated within 6.048847s.
-----
initial linear search begins: 
No.	x	f(x)
0	464.874947	0.727655
1	465.610843	0.722011
2	466.346739	0.716366
3	467.082635	0.669425
4	467.818531	0.581030
5	468.554427	0.598926
6	469.290323	0.533136
7	470.026219	0.411713
8	470.762115	0.391622
9	471.498011	0.321702
10	472.233907	0.320316
11	472.969803	0.323450
12	473.705700	0.306441
13	474.441596	0.268508
14	475.177492	0.169501
15	475.913388	0.101230
16	476.649284	0.081170
17	477.385180	0.060510
18	478.121076	0.011805
19	478.856972	0.014146
20	479.592868	0.001310
21	480.328764	-0.002216
bisection interval found by 1-dim search: [479.592868,480.328764]
No.5	 toolpath 413.125549	[r = 479.863080] is calculated within 8.089495s.
-----
initial linear search begins: 
No.	x	f(x)
0	442.855890	0.878083
1	443.596034	0.793041
2	444.336178	0.725667
3	445.076322	0.720581
4	445.816465	0.641598
5	446.556609	0.625335
6	447.296753	0.551952
7	448.036897	0.472176
8	448.777041	0.409252
9	449.517184	0.387456
10	450.257328	0.391264
11	450.997472	0.364740
12	451.737616	0.340895
13	452.477760	0.263101
14	453.217903	0.231994
15	453.958047	0.228475
16	454.698191	0.213696
17	455.438335	0.133643
18	456.178478	0.161228
19	456.918622	0.113877
20	457.658766	0.001005
21	458.398910	-0.020758
bisection interval found by 1-dim search: [457.658766,458.398910]
No.6	 toolpath 390.938549	[r = 457.664548] is calculated within 8.474558s.
-----
initial linear search begins: 
No.	x	f(x)
0	420.452011	0.844702
1	421.196262	0.757704
2	421.940513	0.741449
3	422.684763	0.746809
4	423.429014	0.692625
5	424.173265	0.651891
6	424.917516	0.609256
7	425.661766	0.539356
8	426.406017	0.513987
9	427.150268	0.463986
10	427.894519	0.457819
11	428.638769	0.452939
12	429.383020	0.313734
13	430.127271	0.230197
14	430.871522	0.197238
15	431.615772	0.180794
16	432.360023	0.161149
17	433.104274	0.146806
18	433.848525	-0.029943
bisection interval found by 1-dim search: [433.104274,433.848525]
No.7	 toolpath 366.988825	[r = 433.714792] is calculated within 7.841929s.
-----
initial linear search begins: 
No.	x	f(x)
0	396.292784	0.851656
1	397.041224	0.858288
2	397.789664	0.804552
3	398.538104	0.731894
4	399.286544	0.705776
5	400.034985	0.697488
6	400.783425	0.505915
7	401.531865	0.430318
8	402.280305	0.435536
9	403.028745	0.430871
10	403.777185	0.419538
11	404.525626	0.317622
12	405.274066	0.229767
13	406.022506	0.156616
14	406.770946	0.087683
15	407.519386	0.059683
16	408.267826	-0.015891
bisection interval found by 1-dim search: [407.519386,408.267826]
No.8	 toolpath 341.337240	[r = 408.063175] is calculated within 7.586187s.
-----
initial linear search begins: 
No.	x	f(x)
0	370.430481	0.446005
1	371.183135	0.440774
2	371.935789	0.440984
3	372.688443	0.447129
4	373.441096	0.453274
5	374.193750	0.343633
6	374.946404	0.307340
7	375.699058	0.208308
8	376.451712	0.119313
9	377.204366	0.081600
10	377.957020	0.086821
11	378.709674	0.092043
12	379.462327	0.030738
13	380.214981	-0.056227
bisection interval found by 1-dim search: [379.462327,380.214981]
No.9	 toolpath 314.413932	[r = 379.715172] is calculated within 7.157112s.
-----
initial linear search begins: 
No.	x	f(x)
0	341.865816	-0.285541
1	341.108829	-0.207359
2	340.351842	-0.134766
3	339.594855	-0.068764
4	338.837868	-0.026013
5	338.080881	-0.031756
6	337.323893	-0.037499
7	336.566906	-0.043241
8	335.809919	-0.048982
9	335.052932	0.012092
bisection interval found by 1-dim search: [335.052932,335.809919]
No.10	 toolpath 280.963037	[r = 335.129814] is calculated within 8.990590s.
-----
initial linear search begins: 
No.	x	f(x)
0	296.973373	-0.270950
1	296.210244	-0.265277
2	295.447116	-0.274983
3	294.683987	-0.272497
4	293.920858	-0.207195
5	293.157729	-0.297300
6	292.394600	-0.299230
7	291.631471	-0.310029
8	290.868343	-0.208437
9	290.105214	-0.204641
10	289.342085	-0.204131
11	288.578956	-0.203620
12	287.815827	-0.203110
13	287.052699	-0.202598
14	286.289570	-0.202087
15	285.526441	-0.201576
16	284.763312	-0.201065
17	284.000183	-0.200554
18	283.237055	-0.200043
19	282.473926	-0.199531
20	281.710797	-0.198229
21	280.947668	-0.196623
22	280.184539	-0.195017
23	279.421411	-0.193411
24	278.658282	-0.191806
25	277.895153	-0.190200
26	277.132024	-0.188595
27	276.368895	-0.186991
28	275.605766	-0.185386
29	274.842638	-0.183782
30	274.079509	-0.182178
31	273.316380	-0.180574
32	272.553251	-0.178970
33	271.790122	-0.177367
34	271.026994	-0.175764
35	270.263865	-0.174161
36	269.500736	-0.172558
37	268.737607	-0.170956
38	267.974478	-0.169353
39	267.211350	-0.167751
40	266.448221	-0.166150
41	265.685092	-0.164548
42	264.921963	-0.058508
43	264.158834	0.047003
bisection interval found by 1-dim search: [264.158834,264.921963]
No.11	 toolpath 251.508909	[r = 264.629828] is calculated within 36.166300s.
-----
initial linear search begins: 
No.	x	f(x)
0	226.069763	1.109169
1	226.840964	1.080966
2	227.612165	1.073623
3	228.383367	1.066280
4	229.154568	1.058936
5	229.925769	1.048066
6	230.696971	0.974348
7	231.468172	0.949019
8	232.239373	0.861980
9	233.010575	0.787159
10	233.781776	0.718589
11	234.552977	0.703768
12	235.324178	0.694243
13	236.095380	0.601782
14	236.866581	0.556796
15	237.637782	0.551049
16	238.408984	0.545300
17	239.180185	0.539552
18	239.951386	0.533803
19	240.722588	0.501715
20	241.493789	0.456007
21	242.264990	0.450476
22	243.036191	0.363298
23	243.807393	0.304260
24	244.578594	0.300344
25	245.349795	0.296429
26	246.120997	0.292513
27	246.892198	0.288596
28	247.663399	0.284680
29	248.434601	0.183251
30	249.205802	0.091101
31	249.977003	0.088273
32	250.748204	0.085445
33	251.519406	0.082616
34	252.290607	0.079786
35	253.061808	0.010368
36	253.833010	0.008758
37	254.604211	0.007147
38	255.375412	0.005536
39	256.146614	0.003925
40	256.917815	0.002313
41	257.689016	-0.057579
bisection interval found by 1-dim search: [256.917815,257.689016]
No.12	 toolpath 243.983609	[r = 257.104590] is calculated within 8.852851s.
-----
initial linear search begins: 
No.	x	f(x)
0	218.507261	1.232201
1	219.279207	1.224859
2	220.051154	1.217516
3	220.823101	1.210172
4	221.595047	1.202828
5	222.366994	1.110523
6	223.138940	0.949656
7	223.910887	0.937256
8	224.682834	0.860560
9	225.454780	0.852934
10	226.226727	0.803242
11	226.998673	0.730920
12	227.770620	0.697771
13	228.542566	0.675062
14	229.314513	0.669313
15	230.086460	0.663563
16	230.858406	0.657814
17	231.630353	0.652063
18	232.402299	0.642273
19	233.174246	0.577727
20	233.946193	0.559182
21	234.718139	0.531914
22	235.490086	0.408061
23	236.262032	0.380808
24	237.033979	0.376894
25	237.805926	0.372981
26	238.577872	0.369066
27	239.349819	0.365151
28	240.121765	0.315694
29	240.893712	0.178817
30	241.665658	0.146380
31	242.437605	0.143551
32	243.209552	0.140721
33	243.981498	0.137892
34	244.753445	0.135063
35	245.525391	0.046620
36	246.297338	0.044583
37	247.069285	0.042545
38	247.841231	0.040507
39	248.613178	0.035377
40	249.385124	0.033767
41	250.157071	-0.031897
bisection interval found by 1-dim search: [249.385124,250.157071]
No.13	 toolpath 236.523463	[r = 249.632388] is calculated within 8.933996s.
-----
initial linear search begins: 
No.	x	f(x)
0	210.999155	1.374814
1	211.771820	1.367471
2	212.544484	1.348698
3	213.317149	1.347151
4	214.089814	1.315909
5	214.862478	1.137173
6	215.635143	1.009183
7	216.407808	0.982453
8	217.180472	0.902919
9	217.953137	0.883799
10	218.725802	0.803864
11	219.498466	0.798114
12	220.271131	0.792364
13	221.043796	0.786614
14	221.816460	0.780863
15	222.589125	0.775112
16	223.361790	0.753770
17	224.134454	0.699568
18	224.907119	0.681912
19	225.679784	0.666804
20	226.452448	0.659421
21	227.225113	0.582340
22	227.997778	0.460562
23	228.770442	0.456650
24	229.543107	0.452737
25	230.315772	0.448824
26	231.088436	0.444911
27	231.861101	0.440997
28	232.633766	0.318490
29	233.406430	0.204002
30	234.179095	0.201174
31	234.951760	0.198345
32	235.724424	0.195516
33	236.497089	0.192687
34	237.269754	0.182937
35	238.042418	0.086052
36	238.815083	0.084016
37	239.587748	0.081979
38	240.360412	0.080174
39	241.133077	0.066537
40	241.905742	0.064927
41	242.678406	-0.006443
bisection interval found by 1-dim search: [241.905742,242.678406]
No.14	 toolpath 229.068462	[r = 242.177382] is calculated within 8.935754s.
-----
initial linear search begins: 
No.	x	f(x)
0	203.509414	1.517066
1	204.282773	1.509724
2	205.056133	1.419687
3	205.829492	1.318371
4	206.602851	1.320872
5	207.376211	1.160296
6	208.149570	1.143392
7	208.922930	1.033492
8	209.696289	0.926671
9	210.469648	0.920921
10	211.243008	0.915170
11	212.016367	0.909420
12	212.789726	0.903668
13	213.563086	0.887628
14	214.336445	0.877512
15	215.109804	0.833642
16	215.883164	0.784841
17	216.656523	0.779797
18	217.429882	0.751431
19	218.203242	0.687914
20	218.976601	0.661393
21	219.749960	0.614139
22	220.523320	0.536194
23	221.296679	0.532284
24	222.070039	0.528373
25	222.843398	0.524461
26	223.616757	0.520550
27	224.390117	0.516088
28	225.163476	0.313031
29	225.936835	0.258667
30	226.710195	0.255838
31	227.483554	0.253009
32	228.256913	0.250180
33	229.030273	0.247350
34	229.803632	0.197660
35	230.576991	0.125364
36	231.350351	0.123328
37	232.123710	0.121292
38	232.897069	0.108280
39	233.670429	0.097598
40	234.443788	0.094228
41	235.217148	0.018944
42	235.990507	-0.024319
bisection interval found by 1-dim search: [235.217148,235.990507]
No.15	 toolpath 222.718462	[r = 235.827376] is calculated within 9.057298s.
-----
initial linear search begins: 
No.	x	f(x)
0	197.130677	1.629221
1	197.904611	1.599788
2	198.678545	1.447764
3	199.452479	1.278735
4	200.226413	1.279626
5	201.000347	1.260432
6	201.774281	1.218195
7	202.548215	1.058992
8	203.322149	1.023457
9	204.096083	1.015665
10	204.870017	1.009914
11	205.643951	1.004162
12	206.417885	0.998691
13	207.191819	0.940495
14	207.965753	0.882474
15	208.739687	0.874935
16	209.513621	0.849142
17	210.287555	0.818248
18	211.061489	0.750343
19	211.835423	0.695362
20	212.609357	0.641931
21	213.383291	0.633120
22	214.157225	0.600530
23	214.931159	0.596621
24	215.705093	0.592712
25	216.479027	0.588802
26	217.252961	0.584892
27	218.026895	0.530532
28	218.800829	0.317088
29	219.574763	0.313547
30	220.348697	0.302361
31	221.122631	0.299532
32	221.896565	0.296703
33	222.670499	0.292393
34	223.444433	0.199062
35	224.218367	0.158809
36	224.992301	0.156775
37	225.766235	0.154740
38	226.540169	0.125617
39	227.314103	0.124011
40	228.088037	0.104992
41	228.861970	0.040547
42	229.635904	-0.010035
bisection interval found by 1-dim search: [228.861970,229.635904]
No.16	 toolpath 216.460484	[r = 229.569395] is calculated within 9.005772s.
-----
initial linear search begins: 
No.	x	f(x)
0	190.845146	1.627213
1	191.619631	1.550584
2	192.394116	1.465929
3	193.168601	1.391319
4	193.943086	1.303836
5	194.717571	1.241475
6	195.492056	1.243669
7	196.266541	1.136124
8	197.041026	1.114730
9	197.815511	1.108978
10	198.589996	1.092379
11	199.364481	1.097472
12	200.138966	1.075409
13	200.913451	0.994940
14	201.687936	0.968293
15	202.462421	0.925254
16	203.236906	0.817784
17	204.011391	0.815549
18	204.785876	0.750210
19	205.560361	0.700424
20	206.334846	0.671676
21	207.109331	0.667769
22	207.883816	0.663861
23	208.658301	0.659953
24	209.432785	0.656044
25	210.207270	0.634162
26	210.981755	0.629870
27	211.756240	0.526754
28	212.530725	0.374431
29	213.305210	0.370891
30	214.079695	0.348177
31	214.854180	0.345348
32	215.628665	0.342518
33	216.403150	0.321068
34	217.177635	0.197715
35	217.952120	0.191723
36	218.726605	0.189690
37	219.501090	0.187657
38	220.275575	0.151615
39	221.050060	0.150008
40	221.824545	0.107857
41	222.599030	0.061817
42	223.373515	0.006930
43	224.148000	-0.007199
bisection interval found by 1-dim search: [223.373515,224.148000]
No.17	 toolpath 210.972537	[r = 224.093544] is calculated within 8.997571s.
-----
initial linear search begins: 
No.	x	f(x)
0	185.345813	1.589937
1	186.120768	1.514023
2	186.895723	1.496788
3	187.670677	1.478514
4	188.445632	1.334692
5	189.220586	1.242076
6	189.995541	1.208366
7	190.770496	1.210874
8	191.545450	1.196423
9	192.320405	1.190669
10	193.095359	1.145886
11	193.870314	1.179162
12	194.645269	1.125823
13	195.420223	1.051468
14	196.195178	1.040605
15	196.970132	0.948529
16	197.745087	0.824572
17	198.520042	0.792263
18	199.294996	0.758655
19	200.069951	0.731003
20	200.844906	0.727097
21	201.619860	0.723191
22	202.394815	0.719285
23	203.169769	0.715378
24	203.944724	0.693699
25	204.719679	0.619399
26	205.494633	0.613110
27	206.269588	0.516866
28	207.044542	0.424620
29	207.819497	0.418954
30	208.594452	0.388284
31	209.369406	0.385454
32	210.144361	0.382625
33	210.919315	0.335117
34	211.694270	0.222564
35	212.469225	0.220532
36	213.244179	0.218499
37	214.019134	0.214952
38	214.794089	0.174361
39	215.569043	0.172755
40	216.343998	0.102977
41	217.118952	0.080433
42	217.893907	0.021787
43	218.668862	0.000132
44	219.443816	-0.079513
bisection interval found by 1-dim search: [218.668862,219.443816]
No.18	 toolpath 205.566014	[r = 218.674916] is calculated within 9.055671s.
-----
initial linear search begins: 
No.	x	f(x)
0	179.904520	1.574803
1	180.679928	1.551796
2	181.455336	1.518896
3	182.230744	1.469512
4	183.006152	1.359660
5	183.781560	1.333773
6	184.556968	1.288544
7	185.332375	1.282791
8	186.107783	1.277038
9	186.883191	1.271477
10	187.658599	1.197598
11	188.434007	1.185746
12	189.209415	1.171926
13	189.984823	1.123109
14	190.760231	1.096846
15	191.535639	0.970190
16	192.311047	0.849898
17	193.086455	0.793470
18	193.861863	0.789567
19	194.637270	0.785664
20	195.412678	0.781760
21	196.188086	0.777856
22	196.963494	0.761771
23	197.738902	0.748321
24	198.514310	0.676086
25	199.289718	0.604734
26	200.065126	0.596581
27	200.840534	0.509577
28	201.615942	0.474132
29	202.391350	0.448479
30	203.166758	0.427858
31	203.942165	0.425029
32	204.717573	0.422199
33	205.492981	0.347893
34	206.268389	0.250973
35	207.043797	0.248942
36	207.819205	0.246910
37	208.594613	0.222742
38	209.370021	0.196789
39	210.145429	0.195185
40	210.920837	0.101354
41	211.696245	0.098799
42	212.471653	0.036453
43	213.247060	0.008972
44	214.022468	-0.071848
bisection interval found by 1-dim search: [213.247060,214.022468]
No.19	 toolpath 200.168451	[r = 213.289466] is calculated within 9.050709s.
-----
initial linear search begins: 
No.	x	f(x)
0	174.497105	1.537243
1	175.272953	1.502658
2	176.048800	1.496665
3	176.824647	1.437950
4	177.600494	1.421734
5	178.376341	1.381947
6	179.152189	1.368804
7	179.928036	1.363051
8	180.703883	1.357296
9	181.479730	1.337929
10	182.255577	1.246388
11	183.031425	1.208295
12	183.807272	1.156812
13	184.583119	1.155744
14	185.358966	1.129995
15	186.134813	0.989499
16	186.910661	0.883746
17	187.686508	0.847859
18	188.462355	0.843958
19	189.238202	0.840056
20	190.014050	0.836154
21	190.789897	0.832205
22	191.565744	0.748230
23	192.341591	0.728242
24	193.117438	0.654946
25	193.893286	0.585659
26	194.669133	0.580135
27	195.444980	0.526952
28	196.220827	0.523414
29	196.996674	0.470083
30	197.772522	0.467254
31	198.548369	0.464424
32	199.324216	0.461766
33	200.100063	0.351761
34	200.875910	0.279242
35	201.651758	0.277211
36	202.427605	0.275180
37	203.203452	0.222025
38	203.979299	0.219099
39	204.755146	0.206050
40	205.530994	0.118395
41	206.306841	0.117081
42	207.082688	0.051061
43	207.858535	0.013244
44	208.634382	-0.064189
bisection interval found by 1-dim search: [207.858535,208.634382]
No.20	 toolpath 194.804192	[r = 207.925210] is calculated within 9.064955s.
-----
initial linear search begins: 
No.	x	f(x)
0	169.111528	1.485017
1	169.887802	1.488781
2	170.664075	1.471629
3	171.440349	1.465876
4	172.216622	1.440101
5	172.992896	1.454369
6	173.769170	1.448615
7	174.545443	1.442985
8	175.321717	1.402454
9	176.097991	1.382226
10	176.874264	1.301958
11	177.650538	1.279867
12	178.426811	1.186738
13	179.203085	1.120887
14	179.979359	1.123403
15	180.755632	1.016786
16	181.531906	0.933679
17	182.308180	0.901930
18	183.084453	0.898030
19	183.860727	0.894128
20	184.637001	0.890227
21	185.413274	0.835709
22	186.189548	0.721040
23	186.965821	0.705949
24	187.742095	0.634329
25	188.518369	0.583019
26	189.294642	0.579483
27	190.070916	0.548667
28	190.847190	0.563069
29	191.623463	0.509258
30	192.399737	0.506428
31	193.176011	0.503599
32	193.952284	0.489655
33	194.728558	0.354429
34	195.504831	0.307344
35	196.281105	0.305314
36	197.057379	0.303284
37	197.833652	0.242881
38	198.609926	0.241278
39	199.386200	0.203298
40	200.162473	0.136569
41	200.938747	0.130264
42	201.715020	0.065592
43	202.491294	0.019435
44	203.267568	-0.056545
bisection interval found by 1-dim search: [202.491294,203.267568]
No.21	 toolpath 189.461243	[r = 202.582264] is calculated within 9.020154s.
-----
initial linear search begins: 
No.	x	f(x)
0	163.747896	1.562588
1	164.524584	1.556835
2	165.301271	1.551081
3	166.077958	1.545328
4	166.854646	1.482237
5	167.631333	1.451842
6	168.408020	1.449940
7	169.184708	1.426661
8	169.961395	1.412384
9	170.738082	1.370453
10	171.514770	1.362297
11	172.291457	1.336301
12	173.068144	1.211903
13	173.844832	1.086165
14	174.621519	1.088682
15	175.398206	1.048307
16	176.174894	0.982717
17	176.951581	0.955731
18	177.728269	0.951832
19	178.504956	0.927862
20	179.281643	0.944033
21	180.058331	0.819229
22	180.835018	0.694329
23	181.611705	0.683145
24	182.388393	0.635312
25	183.165080	0.631776
26	183.941767	0.602168
27	184.718455	0.553909
28	185.495142	0.551081
29	186.271829	0.548252
30	187.048517	0.544675
31	187.825204	0.542594
32	188.601891	0.502484
33	189.378579	0.355679
34	190.155266	0.335300
35	190.931953	0.333272
36	191.708641	0.331243
37	192.485328	0.264945
38	193.262015	0.263343
39	194.038703	0.197860
40	194.815390	0.154655
41	195.592078	0.133262
42	196.368765	0.080065
43	197.145452	0.023676
44	197.922140	-0.048908
bisection interval found by 1-dim search: [197.145452,197.922140]
No.22	 toolpath 184.139717	[r = 197.248606] is calculated within 9.421755s.
-----
initial linear search begins: 
No.	x	f(x)
0	158.394136	1.641771
1	159.171226	1.636018
2	159.948315	1.594424
3	160.725405	1.585351
4	161.502494	1.518643
5	162.279583	1.462853
6	163.056673	1.428223
7	163.833762	1.407543
8	164.610852	1.402259
9	165.387941	1.385901
10	166.165030	1.363221
11	166.942120	1.322754
12	167.719209	1.234776
13	168.496299	1.106812
14	169.273388	1.054055
15	170.050477	1.056575
16	170.827567	1.013265
17	171.604656	1.009322
18	172.381746	1.005425
19	173.158835	0.945033
20	173.935924	0.997629
21	174.713014	0.799660
22	175.490103	0.690958
23	176.267192	0.688164
24	177.044282	0.671585
25	177.821371	0.644070
26	178.598461	0.595598
27	179.375550	0.592769
28	180.152639	0.589940
29	180.929729	0.587111
30	181.706818	0.550169
31	182.483908	0.537214
32	183.260997	0.506756
33	184.038086	0.365181
34	184.815176	0.363153
35	185.592265	0.361125
36	186.369355	0.359097
37	187.146444	0.286916
38	187.923533	0.285316
39	188.700623	0.193365
40	189.477712	0.172676
41	190.254802	0.134260
42	191.031891	0.094497
43	191.808980	0.030027
44	192.586070	-0.041270
bisection interval found by 1-dim search: [191.808980,192.586070]
No.23	 toolpath 178.827586	[r = 191.936472] is calculated within 9.021891s.
-----
initial linear search begins: 
No.	x	f(x)
0	153.062524	1.720682
1	153.840003	1.710407
2	154.617482	1.623051
3	155.394961	1.552460
4	156.172440	1.532984
5	156.949919	1.525128
6	157.727398	1.452106
7	158.504877	1.355873
8	159.282356	1.359643
9	160.059834	1.338453
10	160.837313	1.338371
11	161.614792	1.280238
12	162.392271	1.252253
13	163.169750	1.153799
14	163.947229	1.074395
15	164.724708	1.070500
16	165.502187	1.066604
17	166.279666	1.062708
18	167.057145	1.040282
19	167.834624	0.962162
20	168.612103	1.012517
21	169.389582	0.775922
22	170.167061	0.739358
23	170.944540	0.710498
24	171.722019	0.645056
25	172.499498	0.637873
26	173.276977	0.636204
27	174.054456	0.628250
28	174.831935	0.628580
29	175.609414	0.583374
30	176.386892	0.542185
31	177.164371	0.521070
32	177.941850	0.502987
33	178.719329	0.392924
34	179.496808	0.390897
35	180.274287	0.388870
36	181.051766	0.380995
37	181.829245	0.308795
38	182.606724	0.307197
39	183.384203	0.191945
40	184.161682	0.190633
41	184.939161	0.133305
42	185.716640	0.108889
43	186.494119	0.032838
44	187.271598	-0.033630
bisection interval found by 1-dim search: [186.494119,187.271598]
No.24	 toolpath 173.512792	[r = 186.633822] is calculated within 9.115825s.
-----
initial linear search begins: 
No.	x	f(x)
0	147.740971	1.784631
1	148.518828	1.755684
2	149.296685	1.661318
3	150.074542	1.616889
4	150.852399	1.553691
5	151.630256	1.477970
6	152.408113	1.448540
7	153.185970	1.321222
8	153.963827	1.308019
9	154.741684	1.300964
10	155.519541	1.294586
11	156.297398	1.268314
12	157.075255	1.240855
13	157.853112	1.202659
14	158.630969	1.127695
15	159.408826	1.123802
16	160.186683	1.119908
17	160.964540	1.116013
18	161.742397	1.025299
19	162.520254	0.978626
20	163.298111	0.988240
21	164.075968	0.791217
22	164.853825	0.787684
23	165.631682	0.717903
24	166.409539	0.687426
25	167.187396	0.675827
26	167.965253	0.673000
27	168.743111	0.624371
28	169.520968	0.624144
29	170.298825	0.568435
30	171.076682	0.528335
31	171.854539	0.504950
32	172.632396	0.493610
33	173.410253	0.420618
34	174.188110	0.418591
35	174.965967	0.416565
36	175.743824	0.383200
37	176.521681	0.330644
38	177.299538	0.329045
39	178.077395	0.209875
40	178.855252	0.208424
41	179.633109	0.132574
42	180.410966	0.118043
43	181.188823	0.032603
44	181.966680	-0.025973
bisection interval found by 1-dim search: [181.188823,181.966680]
No.25	 toolpath 168.207561	[r = 181.328594] is calculated within 9.105131s.
-----
initial linear search begins: 
No.	x	f(x)
0	142.417369	1.721677
1	143.195593	1.724137
2	143.973818	1.707332
3	144.752042	1.677541
4	145.530267	1.568347
5	146.308491	1.427045
6	147.086716	1.422054
7	147.864940	1.343537
8	148.643165	1.274109
9	149.421389	1.260216
10	150.199614	1.254664
11	150.977838	1.250829
12	151.756063	1.224060
13	152.534287	1.201505
14	153.312512	1.183944
15	154.090736	1.177014
16	154.868961	1.173122
17	155.647185	1.169229
18	156.425410	1.000630
19	157.203634	0.963130
20	157.981859	0.960999
21	158.760083	0.839474
22	159.538308	0.835599
23	160.316532	0.734727
24	161.094757	0.726819
25	161.872981	0.714458
26	162.651206	0.705964
27	163.429430	0.597907
28	164.207655	0.599844
29	164.985879	0.550278
30	165.764104	0.511020
31	166.542328	0.488853
32	167.320553	0.483217
33	168.098777	0.448272
34	168.877002	0.446247
35	169.655226	0.444222
36	170.433451	0.380872
37	171.211676	0.352451
38	171.989900	0.348922
39	172.768125	0.227777
40	173.546349	0.220082
41	174.324574	0.138705
42	175.102798	0.118071
43	175.881023	0.033716
44	176.659247	-0.018298
bisection interval found by 1-dim search: [175.881023,176.659247]
No.26	 toolpath 162.924143	[r = 176.033020] is calculated within 9.290970s.
-----
initial linear search begins: 
No.	x	f(x)
0	137.103990	1.783024
1	137.882571	1.736977
2	138.661151	1.663845
3	139.439732	1.668619
4	140.218313	1.578278
5	140.996893	1.437919
6	141.775474	1.367998
7	142.554054	1.365668
8	143.332635	1.284464
9	144.111215	1.266201
10	144.889796	1.249463
11	145.668377	1.245574
12	146.446957	1.241684
13	147.225538	1.210960
14	148.004118	1.225166
15	148.782699	1.216154
16	149.561280	1.198265
17	150.339860	1.171609
18	151.118441	0.977285
19	151.897021	0.928739
20	152.675602	0.929435
21	153.454183	0.876923
22	154.232763	0.863484
23	155.011344	0.778649
24	155.789924	0.750459
25	156.568505	0.752952
26	157.347085	0.719739
27	158.125666	0.580057
28	158.904247	0.573474
29	159.682827	0.532318
30	160.461408	0.494209
31	161.239988	0.479859
32	162.018569	0.477836
33	162.797150	0.475812
34	163.575730	0.445412
35	164.354311	0.471765
36	165.132891	0.379088
37	165.911472	0.374165
38	166.690052	0.353618
39	167.468633	0.245614
40	168.247214	0.228449
41	169.025794	0.153047
42	169.804375	0.116363
43	170.582955	0.036699
44	171.361536	-0.010622
bisection interval found by 1-dim search: [170.582955,171.361536]
No.27	 toolpath 157.650479	[r = 170.759353] is calculated within 9.240657s.
-----
initial linear search begins: 
No.	x	f(x)
0	131.813125	1.848588
1	132.592050	1.764301
2	133.370974	1.598974
3	134.149899	1.603751
4	134.928823	1.580253
5	135.707748	1.467579
6	136.486672	1.380202
7	137.265597	1.334969
8	138.044521	1.310029
9	138.823446	1.311650
10	139.602371	1.302255
11	140.381295	1.298368
12	141.160220	1.249682
13	141.939144	1.163943
14	142.718069	1.176441
15	143.496993	1.170834
16	144.275918	1.159582
17	145.054842	1.129415
18	145.833767	0.946031
19	146.612692	0.942502
20	147.391616	0.896630
21	148.170541	0.893280
22	148.949465	0.873832
23	149.728390	0.822421
24	150.507314	0.778270
25	151.286239	0.791309
26	152.065163	0.721478
27	152.844088	0.560803
28	153.623012	0.547198
29	154.401937	0.512986
30	155.180862	0.509315
31	155.959786	0.507292
32	156.738711	0.505269
33	157.517635	0.483472
34	158.296560	0.435723
35	159.075484	0.461553
36	159.854409	0.397381
37	160.633333	0.395787
38	161.412258	0.349015
39	162.191183	0.263385
40	162.970107	0.233740
41	163.749032	0.167352
42	164.527956	0.113186
43	165.306881	0.035733
44	166.085805	-0.002945
bisection interval found by 1-dim search: [165.306881,166.085805]
No.28	 toolpath 152.374485	[r = 165.495527] is calculated within 9.321963s.
-----
initial linear search begins: 
No.	x	f(x)
0	126.532662	1.903458
1	127.311919	1.775241
2	128.091176	1.610140
3	128.870434	1.538923
4	129.649691	1.543703
5	130.428948	1.507220
6	131.208205	1.398554
7	131.987463	1.394806
8	132.766720	1.357264
9	133.545977	1.358840
10	134.325235	1.341224
11	135.104492	1.267995
12	135.883749	1.204428
13	136.663007	1.122380
14	137.442264	1.125259
15	138.221521	1.124139
16	139.000778	1.117054
17	139.780036	1.087252
18	140.559293	0.993852
19	141.338550	0.990325
20	142.117808	0.894444
21	142.897065	0.872218
22	143.676322	0.867755
23	144.455580	0.864187
24	145.234837	0.806149
25	146.014094	0.829544
26	146.793351	0.714565
27	147.572609	0.542760
28	148.351866	0.540740
29	149.131123	0.538719
30	149.910381	0.536698
31	150.689638	0.522194
32	151.468895	0.505566
33	152.248152	0.462558
34	153.027410	0.430062
35	153.806667	0.445598
36	154.585924	0.407484
37	155.365182	0.417378
38	156.144439	0.337933
39	156.923696	0.281127
40	157.702954	0.235628
41	158.482211	0.181655
42	159.261468	0.107839
43	160.040725	0.032301
44	160.819983	0.004749
45	161.599240	-0.001699
bisection interval found by 1-dim search: [160.819983,161.599240]
No.29	 toolpath 148.447756	[r = 161.568800] is calculated within 9.291647s.
-----
initial linear search begins: 
No.	x	f(x)
0	122.593868	1.929518
1	123.373367	1.780133
2	124.152865	1.628645
3	124.932364	1.545361
4	125.711863	1.495404
5	126.491361	1.500186
6	127.270860	1.419518
7	128.050359	1.435758
8	128.829857	1.331276
9	129.609356	1.398072
10	130.388854	1.322288
11	131.168353	1.224212
12	131.947852	1.169232
13	132.727350	1.083354
14	133.506849	1.087130
15	134.286348	1.089386
16	135.065846	1.082956
17	135.845345	1.055837
18	136.624844	1.029458
19	137.404342	1.024769
20	138.183841	0.908933
21	138.963340	0.897974
22	139.742838	0.866632
23	140.522337	0.857465
24	141.301836	0.825442
25	142.081334	0.846046
26	142.860833	0.706147
27	143.640331	0.563144
28	144.419830	0.561124
29	145.199329	0.559103
30	145.978827	0.544634
31	146.758326	0.507228
32	147.537825	0.490467
33	148.317323	0.447103
34	149.096822	0.438226
35	149.876321	0.436634
36	150.655819	0.396828
37	151.435318	0.433448
38	152.214817	0.330859
39	152.994315	0.294339
40	153.773814	0.237754
41	154.553312	0.192417
42	155.332811	0.104859
43	156.112310	0.031200
44	156.891808	0.010497
45	157.671307	0.001688
46	158.450806	-0.122865
bisection interval found by 1-dim search: [157.671307,158.450806]
No.30	 toolpath 144.592890	[r = 157.713936] is calculated within 9.621412s.
-----
initial linear search begins: 
No.	x	f(x)
0	118.727442	1.929519
1	119.507172	1.785498
2	120.286902	1.650689
3	121.066632	1.556921
4	121.846362	1.496301
5	122.626092	1.452771
6	123.405822	1.448208
7	124.185551	1.444326
8	124.965281	1.311716
9	125.745011	1.436561
10	126.524741	1.289455
11	127.304471	1.181248
12	128.084201	1.131734
13	128.863931	1.082020
14	129.643661	1.055209
15	130.423390	1.055301
16	131.203120	1.050641
17	131.982850	1.062831
18	132.762580	1.034115
19	133.542310	1.028496
20	134.322040	0.940344
21	135.101770	0.914155
22	135.881500	0.894630
23	136.661229	0.869131
24	137.440959	0.822200
25	138.220689	0.824733
26	139.000419	0.696698
27	139.780149	0.583144
28	140.559879	0.581124
29	141.339609	0.579105
30	142.119338	0.537330
31	142.899068	0.488055
32	143.678798	0.475647
33	144.458528	0.455576
34	145.238258	0.453985
35	146.017988	0.431668
36	146.797718	0.390098
37	147.577448	0.424416
38	148.357177	0.322766
39	149.136907	0.307302
40	149.916637	0.239906
41	150.696367	0.201486
42	151.476097	0.101837
43	152.255827	0.029712
44	153.035557	0.016152
45	153.815287	0.004583
46	154.595016	-0.122488
bisection interval found by 1-dim search: [153.815287,154.595016]
No.31	 toolpath 140.761246	[r = 153.882295] is calculated within 9.347124s.
-----
initial linear search begins: 
No.	x	f(x)
0	114.884589	1.909396
1	115.664543	1.791304
2	116.444498	1.679855
3	117.224452	1.556926
4	118.004406	1.539715
5	118.784360	1.490318
6	119.564314	1.486438
7	120.344268	1.482557
8	121.124222	1.314469
9	121.904176	1.424781
10	122.684130	1.254433
11	123.464085	1.138556
12	124.244039	1.120244
13	125.023993	1.116720
14	125.803947	1.055579
15	126.583901	1.021451
16	127.363855	1.020256
17	128.143809	1.028326
18	128.923763	1.017799
19	129.703717	1.000570
20	130.483671	0.972102
21	131.263626	0.927126
22	132.043580	0.922449
23	132.823534	0.875310
24	133.603488	0.797275
25	134.383442	0.799808
26	135.163396	0.685163
27	135.943350	0.603006
28	136.723304	0.600988
29	137.503258	0.598969
30	138.283213	0.524765
31	139.063167	0.474403
32	139.843121	0.472813
33	140.623075	0.462803
34	141.403029	0.452504
35	142.182983	0.416288
36	142.962937	0.384612
37	143.742891	0.412836
38	144.522845	0.321489
39	145.302799	0.320179
40	146.082754	0.242126
41	146.862708	0.207474
42	147.642662	0.098843
43	148.422616	0.027795
44	149.202570	0.021786
45	149.982524	0.006914
46	150.762478	-0.122589
bisection interval found by 1-dim search: [149.982524,150.762478]
No.32	 toolpath 136.952875	[r = 150.073925] is calculated within 9.350963s.
-----
initial linear search begins: 
No.	x	f(x)
0	111.065352	1.886842
1	111.845524	1.795227
2	112.625695	1.709495
3	113.405867	1.587245
4	114.186038	1.582840
5	114.966210	1.528286
6	115.746381	1.524407
7	116.526553	1.500379
8	117.306724	1.316424
9	118.086895	1.377940
10	118.867067	1.215567
11	119.647238	1.158236
12	120.427410	1.127706
13	121.207581	1.104809
14	121.987753	1.051906
15	122.767924	1.020572
16	123.548096	0.986735
17	124.328267	0.994706
18	125.108439	0.998142
19	125.888610	0.996848
20	126.668781	0.973222
21	127.448953	0.952914
22	128.229124	0.950088
23	129.009296	0.876151
24	129.789467	0.772498
25	130.569639	0.775032
26	131.349810	0.672880
27	132.129982	0.622731
28	132.910153	0.618921
29	133.690324	0.618697
30	134.470496	0.513209
31	135.250667	0.489946
32	136.030839	0.480456
33	136.811010	0.452682
34	137.591182	0.436855
35	138.371353	0.401803
36	139.151525	0.379587
37	139.931696	0.401331
38	140.711868	0.334281
39	141.492039	0.332722
40	142.272210	0.244932
41	143.052382	0.212112
42	143.832553	0.096136
43	144.612725	0.027973
44	145.392896	0.027398
45	146.173068	0.009136
46	146.953239	-0.123294
bisection interval found by 1-dim search: [146.173068,146.953239]
No.33	 toolpath 133.167823	[r = 146.276684] is calculated within 9.399961s.
-----
initial linear search begins: 
No.	x	f(x)
0	107.257550	1.870792
1	108.037933	1.795714
2	108.818316	1.728639
3	109.598698	1.630150
4	110.379081	1.621540
5	111.159464	1.566054
6	111.939846	1.562177
7	112.720229	1.483545
8	113.500612	1.312926
9	114.280994	1.331314
10	115.061377	1.181850
11	115.841760	1.192527
12	116.622142	1.127932
13	117.402525	1.062598
14	118.182908	1.054423
15	118.963290	1.039007
16	119.743673	0.994544
17	120.524056	0.990030
18	121.304438	0.964699
19	122.084821	0.968134
20	122.865204	0.970222
21	123.645586	0.966834
22	124.425969	0.949127
23	125.206352	0.874632
24	125.986735	0.747827
25	126.767117	0.750363
26	127.547500	0.663668
27	128.327883	0.641328
28	129.108265	0.630232
29	129.888648	0.638326
30	130.669031	0.506996
31	131.449413	0.505407
32	132.229796	0.472480
33	133.010179	0.436231
34	133.790561	0.422846
35	134.570944	0.387528
36	135.351327	0.374301
37	136.131709	0.389883
38	136.912092	0.347007
39	137.692475	0.340165
40	138.472857	0.248765
41	139.253240	0.215960
42	140.033623	0.094770
43	140.814005	0.033574
44	141.594388	0.032997
45	142.374771	0.010288
46	143.155153	-0.120140
bisection interval found by 1-dim search: [142.374771,143.155153]
No.34	 toolpath 129.369556	[r = 142.490609] is calculated within 9.346574s.
-----
initial linear search begins: 
No.	x	f(x)
0	103.461217	1.858829
1	104.241804	1.800540
2	105.022392	1.716674
3	105.802980	1.673037
4	106.583568	1.620544
5	107.364156	1.603805
6	108.144744	1.599929
7	108.925332	1.442799
8	109.705919	1.279884
9	110.486507	1.284675
10	111.267095	1.181543
11	112.047683	1.226812
12	112.828271	1.125065
13	113.608859	1.089282
14	114.389446	1.027695
15	115.170034	1.025948
16	115.950622	1.022045
17	116.731210	0.995260
18	117.511798	0.931273
19	118.292386	0.934706
20	119.072974	0.938140
21	119.853561	0.942890
22	120.634149	0.918795
23	121.414737	0.861396
24	122.195325	0.723150
25	122.975913	0.725687
26	123.756501	0.663994
27	124.537088	0.643678
28	125.317676	0.641726
29	126.098264	0.654270
30	126.878852	0.522445
31	127.659440	0.520857
32	128.440028	0.453827
33	129.220616	0.416313
34	130.001203	0.403579
35	130.781791	0.376083
36	131.562379	0.370073
37	132.342967	0.378437
38	133.123555	0.359731
39	133.904143	0.341370
40	134.684730	0.252011
41	135.465318	0.216020
42	136.245906	0.089802
43	137.026494	0.039188
44	137.807082	0.038610
45	138.587670	0.009307
46	139.368257	-0.124923
bisection interval found by 1-dim search: [138.587670,139.368257]
No.35	 toolpath 125.582483	[r = 138.691341] is calculated within 9.617280s.
-----
initial linear search begins: 
No.	x	f(x)
0	99.651928	1.865861
1	100.432717	1.787966
2	101.213505	1.720305
3	101.994293	1.715905
4	102.775081	1.645422
5	103.555870	1.641548
6	104.336658	1.637673
7	105.117446	1.407093
8	105.898234	1.271639
9	106.679023	1.257812
10	107.459811	1.181455
11	108.240599	1.244847
12	109.021387	1.131263
13	109.802176	1.111019
14	110.582964	1.055192
15	111.363752	1.050413
16	112.144540	0.991189
17	112.925329	0.981656
18	113.706117	0.897862
19	114.486905	0.901294
20	115.267694	0.904727
21	116.048482	0.908159
22	116.829270	0.888455
23	117.610058	0.850301
24	118.390847	0.698463
25	119.171635	0.701001
26	119.952423	0.683599
27	120.733211	0.639170
28	121.514000	0.647280
29	122.294788	0.655179
30	123.075576	0.534888
31	123.856364	0.536298
32	124.637153	0.439296
33	125.417941	0.397499
34	126.198729	0.387094
35	126.979518	0.376372
36	127.760306	0.362771
37	128.541094	0.366994
38	129.321882	0.364766
39	130.102671	0.341945
40	130.883459	0.258733
41	131.664247	0.217281
42	132.445035	0.088865
43	133.225824	0.044817
44	134.006612	0.044189
45	134.787400	0.009671
46	135.568188	-0.122077
bisection interval found by 1-dim search: [134.787400,135.568188]
No.36	 toolpath 121.782242	[r = 134.903298] is calculated within 9.242474s.
-----
initial linear search begins: 
No.	x	f(x)
0	95.854166	1.865405
1	96.635149	1.767561
2	97.416131	1.763162
3	98.197114	1.699109
4	98.978096	1.683145
5	99.759079	1.679273
6	100.540062	1.634202
7	101.321044	1.358276
8	102.102027	1.305900
9	102.883010	1.261517
10	103.663992	1.180430
11	104.444975	1.200937
12	105.225958	1.155109
13	106.006940	1.120052
14	106.787923	1.082686
15	107.568906	1.059809
16	108.349888	0.948985
17	109.130871	0.948679
18	109.911854	0.864466
19	110.692836	0.867897
20	111.473819	0.871328
21	112.254802	0.874759
22	113.035784	0.858106
23	113.816767	0.829546
24	114.597749	0.707229
25	115.378732	0.705215
26	116.159715	0.703201
27	116.940697	0.632172
28	117.721680	0.655800
29	118.502663	0.644628
30	119.283645	0.545096
31	120.064628	0.551727
32	120.845611	0.417361
33	121.626593	0.391703
34	122.407576	0.368916
35	123.188559	0.381591
36	123.969541	0.354375
37	124.750524	0.355552
38	125.531507	0.357910
39	126.312489	0.338186
40	127.093472	0.266494
41	127.874455	0.214835
42	128.655437	0.085003
43	129.436420	0.050459
44	130.217403	0.045139
45	130.998385	0.007184
46	131.779368	-0.126152
bisection interval found by 1-dim search: [130.998385,131.779368]
No.37	 toolpath 117.968849	[r = 131.089907] is calculated within 9.262538s.
-----
initial linear search begins: 
No.	x	f(x)
0	92.031264	1.840230
1	92.812437	1.810605
2	93.593610	1.770707
3	94.374782	1.724902
4	95.155955	1.721032
5	95.937128	1.701417
6	96.718301	1.590587
7	97.499474	1.343826
8	98.280647	1.340310
9	99.061820	1.262761
10	99.842992	1.193131
11	100.624165	1.154039
12	101.405338	1.158834
13	102.186511	1.122710
14	102.967684	1.110310
15	103.748857	1.058230
16	104.530030	0.906581
17	105.311202	0.910945
18	106.092375	0.830924
19	106.873548	0.834354
20	107.654721	0.837783
21	108.435894	0.841213
22	109.217067	0.827605
23	109.998240	0.808902
24	110.779412	0.726913
25	111.560585	0.724900
26	112.341758	0.722887
27	113.122931	0.656559
28	113.904104	0.655077
29	114.685277	0.629853
30	115.466449	0.549893
31	116.247622	0.567226
32	117.028795	0.405779
33	117.809968	0.404472
34	118.591141	0.351394
35	119.372314	0.364776
36	120.153487	0.342882
37	120.934659	0.344058
38	121.715832	0.345234
39	122.497005	0.334191
40	123.278178	0.276537
41	124.059351	0.212760
42	124.840524	0.081366
43	125.621697	0.056143
44	126.402869	0.045892
45	127.184042	0.004578
46	127.965215	-0.128056
bisection interval found by 1-dim search: [127.184042,127.965215]
No.38	 toolpath 114.130115	[r = 127.251174] is calculated within 9.230792s.
-----
initial linear search begins: 
No.	x	f(x)
0	88.183236	1.800935
1	88.964595	1.810503
2	89.745953	1.766879
3	90.527312	1.763010
4	91.308671	1.759141
5	92.090030	1.657723
6	92.871389	1.542963
7	93.652747	1.378449
8	94.434106	1.374933
9	95.215465	1.262061
10	95.996824	1.223463
11	96.778182	1.146578
12	97.559541	1.144000
13	98.340900	1.115959
14	99.122259	1.121217
15	99.903617	1.047839
16	100.684976	0.863907
17	101.466335	0.870088
18	102.247694	0.797181
19	103.029053	0.800609
20	103.810411	0.804038
21	104.591770	0.807466
22	105.373129	0.796901
23	106.154488	0.787071
24	106.935846	0.746712
25	107.717205	0.744700
26	108.498564	0.742688
27	109.279923	0.631570
28	110.061281	0.634111
29	110.842640	0.614708
30	111.623999	0.555025
31	112.405358	0.573253
32	113.186717	0.418629
33	113.968075	0.414624
34	114.749434	0.338590
35	115.530793	0.344671
36	116.312152	0.331317
37	117.093510	0.332492
38	117.874869	0.333668
39	118.656228	0.328954
40	119.437587	0.287032
41	120.218945	0.210391
42	121.000304	0.078440
43	121.781663	0.061877
44	122.563022	0.046422
45	123.344380	0.001910
46	124.125739	-0.128865
bisection interval found by 1-dim search: [123.344380,124.125739]
No.39	 toolpath 110.266050	[r = 123.374902] is calculated within 9.222322s.
-----
initial linear search begins: 
No.	x	f(x)
0	84.297860	1.813011
1	85.079401	1.809144
2	85.860941	1.800152
3	86.642482	1.748916
4	87.424023	1.744438
5	88.205564	1.608014
6	88.987105	1.491731
7	89.768646	1.413331
8	90.550187	1.403518
9	91.331727	1.270993
10	92.113268	1.243717
11	92.894809	1.174592
12	93.676350	1.168094
13	94.457891	1.068820
14	95.239432	1.073618
15	96.020973	1.030158
16	96.802513	0.820949
17	97.584054	0.825232
18	98.365595	0.778728
19	99.147136	0.776718
20	99.928677	0.774707
21	100.710218	0.773465
22	101.491758	0.765944
23	102.273299	0.764287
24	103.054840	0.766663
25	103.836381	0.760906
26	104.617922	0.762716
27	105.399463	0.606370
28	106.181004	0.608912
29	106.962544	0.599890
30	107.744085	0.557052
31	108.525626	0.566567
32	109.307167	0.431573
33	110.088708	0.416523
34	110.870249	0.324188
35	111.651790	0.325528
36	112.433330	0.319663
37	113.214871	0.320838
38	113.996412	0.322014
39	114.777953	0.323074
40	115.559494	0.295526
41	116.341035	0.208864
42	117.122576	0.078061
43	117.904116	0.067671
44	118.685657	0.047000
45	119.467198	-0.001467
bisection interval found by 1-dim search: [118.685657,119.467198]
No.40	 toolpath 106.340030	[r = 119.448881] is calculated within 9.193849s.
-----
initial linear search begins: 
No.	x	f(x)
0	80.362906	1.851932
1	81.144626	1.848066
2	81.926345	1.766245
3	82.708065	1.703064
4	83.489784	1.692857
5	84.271504	1.554408
6	85.053223	1.452211
7	85.834943	1.448697
8	86.616662	1.402082
9	87.398382	1.292655
10	88.180101	1.253952
11	88.961821	1.203000
12	89.743540	1.178304
13	90.525260	1.020534
14	91.306979	1.025333
15	92.088699	1.001455
16	92.870418	0.802962
17	93.652138	0.795538
18	94.433857	0.798944
19	95.215577	0.792277
20	95.997296	0.794926
21	96.779016	0.738995
22	97.560735	0.734543
23	98.342455	0.737230
24	99.124174	0.749986
25	99.905893	0.736395
26	100.687613	0.746760
27	101.469332	0.620767
28	102.251052	0.619185
29	103.032771	0.580019
30	103.814491	0.559659
31	104.596210	0.550020
32	105.377930	0.444701
33	106.159649	0.413500
34	106.941369	0.320346
35	107.723088	0.306670
36	108.504808	0.308793
37	109.286527	0.309021
38	110.068247	0.310196
39	110.849966	0.311372
40	111.631686	0.298159
41	112.413405	0.205713
42	113.195125	0.075824
43	113.976844	0.073564
44	114.758564	0.046406
45	115.540283	-0.005336
bisection interval found by 1-dim search: [114.758564,115.540283]
No.41	 toolpath 102.290969	[r = 115.412032] is calculated within 9.449101s.
-----
initial linear search begins: 
No.	x	f(x)
0	76.317177	1.891980
1	77.099074	1.883574
2	77.880971	1.708777
3	78.662868	1.641160
4	79.444766	1.634303
5	80.226663	1.496100
6	81.008560	1.488607
7	81.790457	1.459765
8	82.572354	1.380568
9	83.354251	1.326114
10	84.136148	1.255604
11	84.918045	1.232244
12	85.699942	1.175520
13	86.481840	0.970811
14	87.263737	0.975612
15	88.045634	0.964159
16	88.827531	0.823765
17	89.609428	0.791402
18	90.391325	0.819748
19	91.173222	0.770158
20	91.955119	0.749719
21	92.737016	0.703520
22	93.518913	0.702791
23	94.300811	0.710372
24	95.082708	0.713797
25	95.864605	0.706476
26	96.646502	0.714698
27	97.428399	0.637137
28	98.210296	0.635555
29	98.992193	0.557010
30	99.774090	0.558158
31	100.555987	0.525398
32	101.337885	0.458208
33	102.119782	0.406773
34	102.901679	0.327788
35	103.683576	0.294507
36	104.465473	0.295682
37	105.247370	0.296857
38	106.029267	0.298033
39	106.811164	0.299208
40	107.593061	0.294421
41	108.374958	0.200447
42	109.156856	0.080235
43	109.938753	0.079646
44	110.720650	0.044579
45	111.502547	-0.011612
bisection interval found by 1-dim search: [110.720650,111.502547]
No.42	 toolpath 98.155465	[r = 111.264313] is calculated within 9.422883s.
-----
initial linear search begins: 
No.	x	f(x)
0	72.160653	1.932974
1	72.942726	1.838589
2	73.724799	1.650868
3	74.506872	1.577744
4	75.288945	1.575499
5	76.071019	1.529379
6	76.853092	1.517610
7	77.635165	1.432799
8	78.417238	1.365260
9	79.199311	1.344645
10	79.981385	1.265014
11	80.763458	1.262191
12	81.545531	1.165852
13	82.327604	0.919870
14	83.109677	0.924673
15	83.891751	0.924817
16	84.673824	0.845062
17	85.455897	0.796316
18	86.237970	0.841047
19	87.020043	0.743579
20	87.802117	0.703735
21	88.584190	0.667203
22	89.366263	0.670627
23	90.148336	0.674052
24	90.930409	0.677476
25	91.712483	0.678452
26	92.494556	0.681576
27	93.276629	0.653900
28	94.058702	0.652319
29	94.840775	0.532857
30	95.622849	0.535135
31	96.404922	0.507186
32	97.186995	0.472039
33	97.969068	0.402699
34	98.751141	0.338118
35	99.533215	0.282053
36	100.315288	0.283228
37	101.097361	0.284403
38	101.879434	0.285578
39	102.661507	0.286753
40	103.443581	0.286242
41	104.225654	0.197813
42	105.007727	0.086482
43	105.789800	0.085892
44	106.571873	0.044541
45	107.353947	-0.016578
bisection interval found by 1-dim search: [106.571873,107.353947]
No.43	 toolpath 93.933493	[r = 107.042339] is calculated within 9.288597s.
-----
initial linear search begins: 
No.	x	f(x)
0	67.930050	1.903731
1	68.712296	1.772510
2	69.494541	1.587542
3	70.276787	1.574357
4	71.059033	1.530500
5	71.841279	1.525054
6	72.623525	1.497233
7	73.405770	1.410561
8	74.188016	1.388770
9	74.970262	1.324040
10	75.752508	1.295530
11	76.534753	1.279068
12	77.316999	1.143140
13	78.099245	0.887669
14	78.881491	0.872744
15	79.663737	0.877515
16	80.445982	0.866444
17	81.228228	0.800160
18	82.010474	0.862739
19	82.792720	0.710985
20	83.574966	0.682021
21	84.357211	0.665651
22	85.139457	0.665758
23	85.921703	0.638436
24	86.703949	0.641561
25	87.486195	0.644686
26	88.268440	0.647811
27	89.050686	0.634678
28	89.832932	0.652012
29	90.615178	0.505092
30	91.397423	0.507637
31	92.179669	0.482325
32	92.961915	0.486128
33	93.744161	0.395723
34	94.526407	0.343573
35	95.308652	0.269365
36	96.090898	0.270539
37	96.873144	0.271714
38	97.655390	0.272888
39	98.437636	0.274063
40	99.219881	0.275130
41	100.002127	0.193092
42	100.784373	0.092868
43	101.566619	0.092624
44	102.348865	0.043159
45	103.131110	-0.022479
bisection interval found by 1-dim search: [102.348865,103.131110]
No.44	 toolpath 89.661699	[r = 102.770544] is calculated within 9.312419s.
-----
initial linear search begins: 
No.	x	f(x)
0	63.649865	1.839727
1	64.432278	1.703799
2	65.214692	1.616244
3	65.997105	1.612696
4	66.779519	1.509063
5	67.561932	1.459649
6	68.344346	1.463604
7	69.126760	1.436327
8	69.909173	1.372250
9	70.691587	1.329217
10	71.474000	1.319627
11	72.256414	1.250684
12	73.038828	1.112222
13	73.821241	0.894699
14	74.603655	0.892694
15	75.386068	0.890689
16	76.168482	0.861387
17	76.950896	0.796302
18	77.733309	0.839428
19	78.515723	0.677911
20	79.298136	0.699265
21	80.080550	0.632539
22	80.862963	0.618141
23	81.645377	0.604269
24	82.427791	0.607394
25	83.210204	0.610520
26	83.992618	0.613646
27	84.775031	0.601356
28	85.557445	0.619897
29	86.339859	0.504285
30	87.122272	0.487756
31	87.904686	0.458557
32	88.687099	0.484903
33	89.469513	0.391100
34	90.251927	0.343970
35	91.034340	0.256535
36	91.816754	0.257709
37	92.599167	0.258883
38	93.381581	0.260057
39	94.163994	0.261231
40	94.946408	0.262405
41	95.728822	0.187935
42	96.511235	0.099346
43	97.293649	0.098513
44	98.076062	0.040805
45	98.858476	-0.028361
bisection interval found by 1-dim search: [98.076062,98.858476]
No.45	 toolpath 85.315637	[r = 98.436706] is calculated within 9.257106s.
-----
initial linear search begins: 
No.	x	f(x)
0	59.307866	1.765656
1	60.090443	1.658715
2	60.873020	1.655209
3	61.655596	1.603177
4	62.438173	1.495414
5	63.220750	1.464438
6	64.003327	1.399184
7	64.785904	1.405166
8	65.568480	1.363570
9	66.351057	1.360450
10	67.133634	1.293045
11	67.916211	1.204753
12	68.698788	1.072850
13	69.481364	0.916959
14	70.263941	0.914955
15	71.046518	0.912951
16	71.829095	0.830821
17	72.611672	0.781247
18	73.394248	0.786054
19	74.176825	0.652725
20	74.959402	0.716772
21	75.741979	0.585147
22	76.524556	0.569999
23	77.307132	0.569556
24	78.089709	0.572683
25	78.872286	0.575810
26	79.654863	0.578937
27	80.437440	0.579633
28	81.220016	0.585191
29	82.002593	0.518750
30	82.785170	0.482061
31	83.567747	0.434191
32	84.350324	0.456629
33	85.132901	0.388527
34	85.915477	0.337495
35	86.698054	0.243506
36	87.480631	0.244680
37	88.263208	0.245854
38	89.045785	0.247028
39	89.828361	0.248202
40	90.610938	0.249376
41	91.393515	0.180536
42	92.176092	0.105944
43	92.958669	0.102938
44	93.741245	0.036683
45	94.523822	-0.035817
bisection interval found by 1-dim search: [93.741245,94.523822]
No.46	 toolpath 80.931983	[r = 94.053053] is calculated within 9.292175s.
-----
initial linear search begins: 
No.	x	f(x)
0	54.916318	1.701466
1	55.699052	1.698046
2	56.481787	1.651923
3	57.264522	1.568050
4	58.047257	1.520232
5	58.829991	1.456077
6	59.612726	1.400681
7	60.395461	1.381075
8	61.178195	1.344037
9	61.960930	1.346234
10	62.743665	1.251141
11	63.526400	1.153054
12	64.309134	1.030600
13	65.091869	0.939425
14	65.874604	0.937421
15	66.657338	0.935418
16	67.440073	0.794430
17	68.222808	0.739168
18	69.005543	0.732137
19	69.788277	0.649705
20	70.571012	0.734355
21	71.353747	0.543765
22	72.136481	0.542463
23	72.919216	0.534496
24	73.701951	0.537624
25	74.484685	0.540751
26	75.267420	0.543879
27	76.050155	0.547006
28	76.832890	0.550134
29	77.615624	0.533348
30	78.398359	0.476104
31	79.181094	0.422769
32	79.963828	0.428069
33	80.746563	0.391476
34	81.529298	0.328702
35	82.312033	0.230355
36	83.094767	0.231528
37	83.877502	0.232701
38	84.660237	0.233875
39	85.442971	0.235048
40	86.225706	0.236222
41	87.008441	0.175314
42	87.791176	0.112628
43	88.573910	0.106286
44	89.356645	0.033775
45	90.139380	-0.042678
bisection interval found by 1-dim search: [89.356645,90.139380]
No.47	 toolpath 76.522984	[r = 89.631825] is calculated within 9.245786s.
-----
initial linear search begins: 
No.	x	f(x)
0	50.487492	1.679473
1	51.270379	1.695841
2	52.053266	1.621281
3	52.836152	1.559307
4	53.619039	1.518553
5	54.401926	1.444043
6	55.184812	1.432549
7	55.967699	1.363749
8	56.750586	1.276445
9	57.533472	1.282430
10	58.316359	1.204093
11	59.099246	1.100494
12	59.882132	0.993159
13	60.665019	0.962037
14	61.447905	0.960036
15	62.230792	0.958034
16	63.013679	0.762103
17	63.796565	0.756941
18	64.579452	0.704114
19	65.362339	0.643477
20	66.145225	0.687458
21	66.928112	0.558453
22	67.710999	0.550740
23	68.493885	0.499184
24	69.276772	0.502312
25	70.059659	0.505440
26	70.842545	0.508568
27	71.625432	0.511696
28	72.408319	0.514823
29	73.191205	0.517951
30	73.974092	0.467957
31	74.756979	0.396746
32	75.539865	0.399296
33	76.322752	0.401846
34	77.105639	0.319410
35	77.888525	0.217117
36	78.671412	0.218290
37	79.454299	0.219463
38	80.237185	0.220635
39	81.020072	0.221808
40	81.802959	0.222981
41	82.585845	0.171328
42	83.368732	0.119378
43	84.151619	0.109400
44	84.934505	0.031872
45	85.717392	-0.049014
bisection interval found by 1-dim search: [84.934505,85.717392]
No.48	 toolpath 72.076433	[r = 85.185274] is calculated within 9.376387s.
-----
initial linear search begins: 
No.	x	f(x)
0	46.033670	1.610082
1	46.816702	1.617037
2	47.599734	1.603063
3	48.382766	1.570818
4	49.165798	1.487237
5	49.948830	1.467455
6	50.731863	1.437572
7	51.514895	1.327473
8	52.297927	1.208372
9	53.080959	1.214358
10	53.863991	1.150131
11	54.647023	1.045270
12	55.430055	0.986788
13	56.213087	0.984788
14	56.996119	0.982788
15	57.779151	0.953295
16	58.562183	0.776393
17	59.345215	0.774821
18	60.128247	0.656978
19	60.911279	0.627587
20	61.694312	0.632772
21	62.477344	0.573242
22	63.260376	0.541598
23	64.043408	0.463618
24	64.826440	0.466747
25	65.609472	0.469876
26	66.392504	0.473005
27	67.175536	0.476135
28	67.958568	0.479264
29	68.741600	0.482393
30	69.524632	0.457019
31	70.307664	0.400289
32	71.090696	0.370318
33	71.873728	0.372869
34	72.656761	0.306367
35	73.439793	0.203793
36	74.222825	0.204965
37	75.005857	0.206138
38	75.788889	0.207311
39	76.571921	0.208483
40	77.354953	0.209656
41	78.137985	0.165846
42	78.921017	0.126196
43	79.704049	0.110699
44	80.487081	0.027417
45	81.270113	-0.055488
bisection interval found by 1-dim search: [80.487081,81.270113]
No.49	 toolpath 67.580118	[r = 80.688957] is calculated within 9.275961s.
-----
initial linear search begins: 
No.	x	f(x)
0	41.530379	1.637237
1	42.313550	1.537057
2	43.096722	1.544013
3	43.879893	1.539279
4	44.663065	1.502710
5	45.446236	1.480555
6	46.229408	1.389121
7	47.012580	1.277931
8	47.795751	1.139537
9	48.578923	1.145525
10	49.362094	1.094119
11	50.145266	1.011779
12	50.928437	1.009780
13	51.711609	1.007781
14	52.494780	0.995711
15	53.277952	0.910682
16	54.061124	0.794464
17	54.844295	0.792892
18	55.627467	0.605861
19	56.410638	0.590782
20	57.193810	0.577469
21	57.976981	0.581562
22	58.760153	0.525052
23	59.543325	0.433637
24	60.326496	0.430787
25	61.109668	0.433917
26	61.892839	0.437046
27	62.676011	0.440176
28	63.459182	0.443306
29	64.242354	0.446435
30	65.025525	0.444285
31	65.808697	0.398041
32	66.591869	0.341010
33	67.375040	0.343561
34	68.158212	0.292145
35	68.941383	0.190329
36	69.724555	0.191501
37	70.507726	0.192672
38	71.290898	0.193844
39	72.074069	0.195016
40	72.857241	0.196189
41	73.640413	0.160309
42	74.423584	0.133110
43	75.206756	0.110455
44	75.989927	0.023471
45	76.773099	-0.062483
bisection interval found by 1-dim search: [75.989927,76.773099]
No.50	 toolpath 63.058527	[r = 76.167365] is calculated within 9.323083s.
-----
initial linear search begins: 
No.	x	f(x)
0	37.002155	1.651986
1	37.785459	1.543780
2	38.568764	1.533860
3	39.352068	1.470549
4	40.135372	1.477507
5	40.918676	1.444650
6	41.701980	1.329327
7	42.485285	1.222307
8	43.268589	1.070317
9	44.051893	1.076306
10	44.835197	1.040341
11	45.618501	1.034876
12	46.401805	1.032879
13	47.185110	1.030805
14	47.968414	0.946772
15	48.751718	0.858118
16	49.535022	0.812617
17	50.318326	0.809832
18	51.101631	0.607095
19	51.884935	0.602364
20	52.668239	0.521861
21	53.451543	0.526674
22	54.234847	0.502155
23	55.018152	0.437710
24	55.801456	0.394624
25	56.584760	0.397754
26	57.368064	0.400884
27	58.151368	0.404014
28	58.934672	0.407144
29	59.717977	0.410274
30	60.501281	0.413404
31	61.284585	0.385827
32	62.067889	0.311534
33	62.851193	0.314086
34	63.634498	0.276646
35	64.417802	0.176798
36	65.201106	0.177970
37	65.984410	0.179141
38	66.767714	0.180312
39	67.551019	0.181484
40	68.334323	0.182655
41	69.117627	0.154052
42	69.900931	0.140084
43	70.684235	0.109437
44	71.467539	0.018898
45	72.250844	-0.070020
bisection interval found by 1-dim search: [71.467539,72.250844]
No.51	 toolpath 58.487213	[r = 71.596050] is calculated within 9.218114s.
-----
initial linear search begins: 
No.	x	f(x)
0	32.424526	1.655018
1	33.207957	1.576739
2	33.991387	1.538983
3	34.774818	1.389251
4	35.558248	1.396210
5	36.341679	1.385189
6	37.125109	1.264055
7	37.908540	1.162940
8	38.691970	1.064202
9	39.475401	1.062205
10	40.258831	1.060208
11	41.042262	1.018309
12	41.825692	1.024197
13	42.609123	0.993219
14	43.392553	0.888543
15	44.175984	0.832516
16	44.959414	0.830948
17	45.742845	0.777639
18	46.526275	0.622266
19	47.309705	0.596659
20	48.093136	0.472572
21	48.876566	0.470451
22	49.659997	0.475395
23	50.443427	0.430365
24	51.226858	0.358061
25	52.010288	0.361192
26	52.793719	0.364323
27	53.577149	0.367453
28	54.360580	0.370585
29	55.144010	0.373716
30	55.927441	0.376847
31	56.710871	0.366213
32	57.494302	0.281729
33	58.277732	0.284282
34	59.061163	0.259975
35	59.844593	0.163128
36	60.628024	0.164298
37	61.411454	0.165468
38	62.194885	0.166640
39	62.978315	0.167811
40	63.761746	0.168982
41	64.545176	0.148830
42	65.328606	0.147155
43	66.112037	0.107842
44	66.895467	0.013708
45	67.678898	-0.078057
bisection interval found by 1-dim search: [66.895467,67.678898]
No.52	 toolpath 53.866199	[r = 66.987276] is calculated within 9.259862s.
-----
initial linear search begins: 
No.	x	f(x)
0	27.809782	1.650057
1	28.593332	1.610003
2	29.376882	1.526665
3	30.160432	1.307188
4	30.943981	1.314147
5	31.727531	1.312750
6	32.511081	1.198377
7	33.294631	1.100908
8	34.078181	1.087734
9	34.861731	1.085739
10	35.645281	1.084281
11	36.428831	0.947667
12	37.212380	0.953659
13	37.995930	0.933721
14	38.779480	0.852573
15	39.563030	0.851005
16	40.346580	0.814240
17	41.130130	0.718845
18	41.913680	0.637566
19	42.697230	0.579009
20	43.480779	0.474427
21	44.264329	0.413689
22	45.047879	0.418504
23	45.831429	0.403983
24	46.614979	0.321151
25	47.398529	0.324283
26	48.182079	0.327415
27	48.965629	0.330547
28	49.749178	0.333679
29	50.532728	0.336810
30	51.316278	0.339942
31	52.099828	0.338569
32	52.883378	0.251635
33	53.666928	0.254189
34	54.450478	0.240915
35	55.234028	0.158582
36	56.017577	0.150507
37	56.801127	0.151677
38	57.584677	0.152847
39	58.368227	0.154017
40	59.151777	0.155187
41	59.935327	0.145386
42	60.718877	0.151560
43	61.502427	0.103070
44	62.285976	0.006283
45	63.069526	-0.086573
bisection interval found by 1-dim search: [62.285976,63.069526]
No.53	 toolpath 49.207749	[r = 62.328827] is calculated within 9.245130s.
-----
initial linear search begins: 
No.	x	f(x)
0	23.145703	1.646630
1	23.929366	1.641421
2	24.713028	1.498447
3	25.496691	1.224357
4	26.280353	1.231317
5	27.064016	1.236039
6	27.847678	1.134214
7	28.631341	1.114648
8	29.415003	1.111471
9	30.198665	1.109477
10	30.982328	1.045318
11	31.765990	0.887821
12	32.549653	0.882352
13	33.333315	0.873710
14	34.116978	0.869529
15	34.900640	0.850207
16	35.684303	0.751684
17	36.467965	0.658867
18	37.251628	0.653006
19	38.035290	0.557464
20	38.818953	0.478318
21	39.602615	0.356394
22	40.386278	0.361211
23	41.169940	0.364558
24	41.953603	0.283894
25	42.737265	0.287027
26	43.520927	0.290159
27	44.304590	0.293291
28	45.088252	0.296423
29	45.871915	0.299555
30	46.655577	0.302687
31	47.439240	0.305778
32	48.222902	0.221255
33	49.006565	0.223810
34	49.790227	0.220706
35	50.573890	0.165848
36	51.357552	0.146867
37	52.141215	0.137764
38	52.924877	0.138934
39	53.708540	0.140104
40	54.492202	0.141274
41	55.275865	0.142443
42	56.059527	0.143613
43	56.843190	0.098740
44	57.626852	-0.000198
bisection interval found by 1-dim search: [56.843190,57.626852]
No.54	 toolpath 44.499651	[r = 57.620730] is calculated within 9.540051s.
-----
initial linear search begins: 
No.	x	f(x)
0	18.432329	1.616318
1	19.216097	1.620820
2	19.999865	1.454912
3	20.783633	1.152097
4	21.567401	1.149760
5	22.351169	1.154573
6	23.134937	1.145087
7	23.918705	1.120197
8	24.702473	1.135442
9	25.486241	1.074240
10	26.270009	0.980870
11	27.053777	0.894739
12	27.837545	0.893175
13	28.621313	0.811392
14	29.405081	0.822274
15	30.188849	0.790386
16	30.972617	0.685674
17	31.756385	0.669892
18	32.540153	0.636583
19	33.323921	0.537695
20	34.107689	0.471910
21	34.891457	0.301454
22	35.675225	0.303301
23	36.458993	0.308119
24	37.242761	0.246239
25	38.026529	0.249371
26	38.810297	0.252504
27	39.594065	0.255636
28	40.377833	0.258769
29	41.161601	0.261901
30	41.945369	0.265034
31	42.729137	0.268167
32	43.512905	0.190545
33	44.296673	0.193100
34	45.080441	0.195655
35	45.864209	0.173215
36	46.647977	0.142426
37	47.431745	0.123715
38	48.215513	0.124884
39	48.999282	0.126053
40	49.783050	0.127221
41	50.566818	0.128390
42	51.350586	0.129559
43	52.134354	0.093286
44	52.918122	-0.006480
bisection interval found by 1-dim search: [52.134354,52.918122]
No.55	 toolpath 39.766426	[r = 52.875259] is calculated within 9.183965s.
-----
initial linear search begins: 
No.	x	f(x)
0	13.681960	1.523108
1	14.465826	1.530811
2	15.249692	1.403107
3	16.033558	1.180367
4	16.817424	1.175788
5	17.601290	1.165525
6	18.385156	1.084441
7	19.169022	1.081927
8	19.952888	1.091599
9	20.736754	1.010657
10	21.520620	0.915230
11	22.304486	0.913666
12	23.088352	0.889274
13	23.872218	0.743738
14	24.656084	0.749734
15	25.439949	0.724823
16	26.223815	0.686869
17	27.007681	0.655708
18	27.791547	0.591552
19	28.575413	0.525390
20	29.359279	0.455770
21	30.143145	0.271826
22	30.927011	0.245009
23	31.710877	0.249827
24	32.494743	0.208333
25	33.278609	0.211465
26	34.062475	0.214599
27	34.846341	0.217732
28	35.630207	0.220866
29	36.414073	0.224000
30	37.197939	0.227133
31	37.981805	0.230267
32	38.765671	0.182506
33	39.549537	0.177541
34	40.333403	0.164741
35	41.117269	0.167297
36	41.901135	0.135778
37	42.685001	0.109582
38	43.468867	0.110750
39	44.252733	0.111919
40	45.036599	0.113087
41	45.820465	0.114255
42	46.604331	0.115424
43	47.388197	0.088280
44	48.172063	-0.011724
bisection interval found by 1-dim search: [47.388197,48.172063]
No.56	 toolpath 34.971371	[r = 48.092452] is calculated within 9.212366s.
-----
initial linear search begins: 
No.	x	f(x)
0	8.894641	1.462977
1	9.678597	1.436627
2	10.462553	1.337198
3	11.246510	1.208914
4	12.030466	1.191852
5	12.814422	1.189862
6	13.598378	1.028051
7	14.382335	0.999124
8	15.166291	1.006087
9	15.950247	0.939455
10	16.734203	0.934340
11	17.518159	0.910931
12	18.302116	0.819853
13	19.086072	0.706591
14	19.870028	0.691234
15	20.653984	0.665679
16	21.437940	0.683010
17	22.221897	0.608027
18	23.005853	0.546291
19	23.789809	0.511346
20	24.573765	0.421401
21	25.357722	0.240829
22	26.141678	0.196256
23	26.925634	0.190925
24	27.709590	0.190124
25	28.493546	0.178262
26	29.277503	0.176299
27	30.061459	0.179433
28	30.845415	0.182567
29	31.629371	0.185701
30	32.413328	0.188835
31	33.197284	0.191968
32	33.981240	0.188333
33	34.765196	0.172793
34	35.549152	0.133496
35	36.333109	0.136053
36	37.117065	0.123233
37	37.901021	0.095314
38	38.684977	0.096481
39	39.468934	0.097649
40	40.252890	0.098816
41	41.036846	0.099983
42	41.820802	0.101150
43	42.604758	0.079267
44	43.388715	-0.020185
bisection interval found by 1-dim search: [42.604758,43.388715]
No.57	 toolpath 30.139016	[r = 43.247847] is calculated within 9.174659s.
-----
initial linear search begins: 
No.	x	f(x)
0	4.045903	1.389615
1	4.829942	1.341461
2	5.613981	1.279752
3	6.398020	1.237735
4	7.182059	1.216420
5	7.966098	1.214431
6	8.750136	0.976911
7	9.534175	0.958305
8	10.318214	0.920092
9	11.102253	0.901007
10	11.886292	0.934034
11	12.670331	0.841733
12	13.454370	0.745185
13	14.238409	0.722577
14	15.022448	0.657616
15	15.806486	0.608377
16	16.590525	0.614374
17	17.374564	0.567494
18	18.158603	0.525233
19	18.942642	0.466873
20	19.726681	0.384862
21	20.510720	0.221090
22	21.294759	0.203850
23	22.078798	0.137891
24	22.862836	0.136227
25	23.646875	0.141048
26	24.430914	0.137603
27	25.214953	0.140737
28	25.998992	0.143871
29	26.783031	0.147005
30	27.567070	0.150139
31	28.351109	0.153273
32	29.135148	0.156407
33	29.919186	0.158737
34	30.703225	0.101927
35	31.487264	0.104484
36	32.271303	0.106409
37	33.055342	0.080909
38	33.839381	0.082076
39	34.623420	0.083242
40	35.407459	0.084408
41	36.191497	0.085575
42	36.975536	0.086742
43	37.759575	0.071784
44	38.543614	-0.025402
bisection interval found by 1-dim search: [37.759575,38.543614]
No.58	 toolpath 25.244899	[r = 38.365980] is calculated within 9.224458s.
-----
initial linear search begins: 
No.	x	f(x)
0	-0.839685	1.297837
1	-0.055572	1.271500
2	0.728541	1.245191
3	1.512655	1.253640
4	2.296768	1.241218
5	3.080881	1.198845
6	3.864995	0.979325
7	4.649108	0.977765
8	5.433221	0.833228
9	6.217335	0.840191
10	7.001448	0.847671
11	7.785561	0.759041
12	8.569674	0.740005
13	9.353788	0.702195
14	10.137901	0.615359
15	10.922014	0.548598
16	11.706128	0.539564
17	12.490241	0.544044
18	13.274354	0.481094
19	14.058468	0.409279
20	14.842581	0.337068
21	15.626694	0.212350
22	16.410808	0.205294
23	17.194921	0.114412
24	17.979034	0.092240
25	18.763148	0.095374
26	19.547261	0.098509
27	20.331374	0.101643
28	21.115487	0.104777
29	21.899601	0.107912
30	22.683714	0.111046
31	23.467827	0.114181
32	24.251941	0.117316
33	25.036054	0.120451
34	25.820167	0.070026
35	26.604281	0.072584
36	27.388394	0.075143
37	28.172507	0.066369
38	28.956621	0.067535
39	29.740734	0.068701
40	30.524847	0.069867
41	31.308961	0.071033
42	32.093074	0.072198
43	32.877187	0.061044
44	33.661300	-0.036650
bisection interval found by 1-dim search: [32.877187,33.661300]
No.59	 toolpath 20.313560	[r = 33.422391] is calculated within 9.217265s.
-----
initial linear search begins: 
No.	x	f(x)
0	-5.786589	1.196357
1	-5.002409	1.204406
2	-4.218230	1.209216
3	-3.434050	1.221439
4	-2.649871	1.171315
5	-1.865691	1.136134
6	-1.081511	0.998963
7	-0.297332	0.997405
8	0.486848	0.761465
9	1.271027	0.761224
10	2.055207	0.759421
11	2.839387	0.757589
12	3.623566	0.725170
13	4.407746	0.640953
14	5.191925	0.584829
15	5.976105	0.525512
16	6.760285	0.463998
17	7.544464	0.469997
18	8.328644	0.428157
19	9.112823	0.350601
20	9.897003	0.288462
21	10.681183	0.220248
22	11.465362	0.199617
23	12.249542	0.090842
24	13.033721	0.052749
25	13.817901	0.055884
26	14.602081	0.059019
27	15.386260	0.062155
28	16.170440	0.065290
29	16.954619	0.068425
30	17.738799	0.071560
31	18.522979	0.074696
32	19.307158	0.077831
33	20.091338	0.080966
34	20.875517	0.048202
35	21.659697	0.049367
36	22.443877	0.050531
37	23.228056	0.051696
38	24.012236	0.052861
39	24.796415	0.054026
40	25.580595	0.055190
41	26.364775	0.056355
42	27.148954	0.057519
43	27.933134	0.052296
44	28.717313	-0.043004
bisection interval found by 1-dim search: [27.933134,28.717313]
No.60	 toolpath 15.320542	[r = 28.429372] is calculated within 9.276390s.
-----
initial linear search begins: 
No.	x	f(x)
0	-10.782491	1.093810
1	-9.998254	1.101861
2	-9.214017	1.109911
3	-8.429780	1.117961
4	-7.645542	1.073090
5	-6.861305	1.057121
6	-6.077068	1.018796
7	-5.292831	1.002148
8	-4.508593	0.777923
9	-3.724356	0.756119
10	-2.940119	0.670708
11	-2.155881	0.677672
12	-1.371644	0.668484
13	-0.587407	0.597199
14	0.196830	0.552631
15	0.981068	0.477470
16	1.765305	0.387584
17	2.549542	0.393583
18	3.333780	0.370107
19	4.118017	0.291992
20	4.902254	0.238765
21	5.686491	0.228684
22	6.470729	0.183047
23	7.254966	0.058848
24	8.039203	0.021751
25	8.823440	0.022913
26	9.607678	0.024076
27	10.391915	0.025239
28	11.176152	0.026402
29	11.960390	0.028494
30	12.744627	0.031629
31	13.528864	0.034765
32	14.313101	0.037900
33	15.097339	0.041035
34	15.881576	0.033380
35	16.665813	0.034544
36	17.450051	0.035707
37	18.234288	0.036871
38	19.018525	0.038034
39	19.802762	0.039198
40	20.587000	0.040361
41	21.371237	0.041525
42	22.155474	0.042690
43	22.939711	0.039322
44	23.723949	-0.051817
bisection interval found by 1-dim search: [22.939711,23.723949]
No.61	 toolpath 10.253635	[r = 23.362464] is calculated within 9.522574s.
-----
initial linear search begins: 
No.	x	f(x)
0	-15.851850	1.048239
1	-15.067564	1.046685
2	-14.283277	1.005846
3	-13.498991	1.013897
4	-12.714705	1.002218
5	-11.930419	1.025448
6	-11.146132	0.988832
7	-10.361846	0.933040
8	-9.577560	0.794609
9	-8.793273	0.735326
10	-8.008987	0.604787
11	-7.224701	0.587658
12	-6.440415	0.594622
13	-5.656128	0.572739
14	-4.871842	0.488897
15	-4.087556	0.417999
16	-3.303269	0.310041
17	-2.518983	0.316041
18	-1.734697	0.310241
19	-0.950411	0.243249
20	-0.166124	0.234943
21	0.618162	0.199381
22	1.402448	0.150802
23	2.186735	0.021702
24	2.971021	0.006734
25	3.755307	0.007895
26	4.539593	0.009057
27	5.323880	0.010219
28	6.108166	0.011381
29	6.892452	0.012543
30	7.676739	0.013704
31	8.461025	0.014866
32	9.245311	0.016028
33	10.029597	0.017191
34	10.813884	0.018353
35	11.598170	0.019516
36	12.382456	0.020678
37	13.166743	0.021840
38	13.951029	0.023002
39	14.735315	0.024165
40	15.519601	0.025328
41	16.303888	0.026491
42	17.088174	0.027654
43	17.872460	0.026320
44	18.656747	-0.060886
bisection interval found by 1-dim search: [17.872460,18.656747]
No.62	 toolpath 5.088375	[r = 18.209458] is calculated within 9.549687s.
-----
initial linear search begins: 
No.	x	f(x)
0	-21.006856	1.042875
1	-20.222530	0.987857
2	-19.438204	0.899884
3	-18.653877	0.907938
4	-17.869551	0.915991
5	-17.085225	0.923691
6	-16.300898	0.887331
7	-15.516572	0.837522
8	-14.732246	0.811590
9	-13.947920	0.702548
10	-13.163593	0.601696
11	-12.379267	0.496014
12	-11.594941	0.502978
13	-10.810614	0.505502
14	-10.026288	0.420000
15	-9.241962	0.351407
16	-8.457636	0.255660
17	-7.673309	0.242830
18	-6.888983	0.243090
19	-6.104657	0.244844
20	-5.320330	0.204548
21	-4.536004	0.148885
22	-3.751678	0.098184
23	-2.967351	-0.009701
bisection interval found by 1-dim search: [-3.751678,-2.967351]
No.63	 toolpath -16.192604	[r = -3.083775] is calculated within 7.709288s.
-----
-----
No.63	 toolpath point at [r = 0] is calculated within 2.060316s.
-----
The toolpath concentric optimization process causes 582.486070 seconds.
The time spent in the spiral toolpath generation process is 0.988149s.
close all; save data.mat
s6_post_process
s4_optim_2D_aspheric_actual_tip_multi_iter
