Importing data...
save data-030133-dynamic.mat spiralAngle spiralZ spiralR
{错误使用 <a href="matlab:matlab.internal.language.introspective.errorDocCallback('save')" style="font-weight:bold">save</a>
未找到变量 'spiralZ'。
} 
函数或变量 'curvePathPt' 无法识别。

出错 <a href="matlab:matlab.internal.language.introspective.errorDocCallback('s6_post_dynamic_performance', 'D:\Code\2021-11_ToolWaviness\upm_toolpath\src\s6_post_dynamic_performance.m', 23)" style="font-weight:bold">s6_post_dynamic_performance</a> (<a href="matlab: opentoline('D:\Code\2021-11_ToolWaviness\upm_toolpath\src\s6_post_dynamic_performance.m',23,0)">第 23 行</a>)
acce = diff(diff(curvePathPt,1,2),1,2);


ans =

     0


ans =

   -0.0790

save data-030133-dynamic.mat spiralAngle spiralZ spiralR
clear
uiimport('D:\OneDrive - sjtu.edu.cn\Research\Projects\202111-考虑刀具几何的路径规划\experiment\非球面加工\202309\data-200100.mat',1)

ans =

  -3.3197e-07


ans =

  -6.8905e-05

save data-200100-dynamic.mat spiralAngle spiralZ spiralR
clear
uiimport('D:\OneDrive - sjtu.edu.cn\Research\Papers\2022-08 考虑刀具几何的等残高慢刀路径优化\figures\fig13 kinematic verification of traditional method\data-030133-dynamic.mat',1)
spiralAngle = spiralAngle*pi/180

spiralAngle =

  列 1 至 31

         0    0.1094    0.2187    0.3281    0.4374    0.5468    0.6561    0.7655    0.8749    0.9842    1.0936    1.2029    1.3123    1.4216    1.5310    1.6404    1.7497    1.8591    1.9684    2.0778    2.1872    2.2965    2.4059    2.5152    2.6246    2.7339    2.8433    2.9527    3.0620    3.1714    3.2807

  列 32 至 62

    3.3901    3.4994    3.6088    3.7182    3.8275    3.9369    4.0462    4.1556    4.2649    4.3743    4.4837    4.5930    4.7024    4.8117    4.9211    5.0305    5.1398    5.2492    5.3585    5.4679    5.5772    5.6866    5.7960    5.9053    6.0147    6.1240    6.2334    6.3427    6.4521    6.5615    6.6708

  列 63 至 93

    6.7802    6.8895    6.9989    7.1082    7.2176    7.3270    7.4363    7.5457    7.6550    7.7644    7.8738    7.9831    8.0925    8.2018    8.3112    8.4205    8.5299    8.6393    8.7486    8.8580    8.9673    9.0767    9.1860    9.2954    9.4048    9.5141    9.6235    9.7328    9.8422    9.9515   10.0609

  列 94 至 124

   10.1703   10.2796   10.3890   10.4983   10.6077   10.7171   10.8264   10.9358   11.0451   11.1545   11.2638   11.3732   11.4826   11.5919   11.7013   11.8106   11.9200   12.0293   12.1387   12.2481   12.3574   12.4668   12.5761   12.6855   12.7948   12.9042   13.0136   13.1229   13.2323   13.3416   13.4510

  列 125 至 155

   13.5603   13.6697   13.7791   13.8884   13.9978   14.1071   14.2165   14.3259   14.4352   14.5446   14.6539   14.7633   14.8726   14.9820   15.0914   15.2007   15.3101   15.4194   15.5288   15.6381   15.7475   15.8569   15.9662   16.0756   16.1849   16.2943   16.4036   16.5130   16.6224   16.7317   16.8411

  列 156 至 186

   16.9504   17.0598   17.1692   17.2785   17.3879   17.4972   17.6066   17.7159   17.8253   17.9347   18.0440   18.1534   18.2627   18.3721   18.4814   18.5908   18.7002   18.8095   18.9189   19.0282   19.1376   19.2469   19.3563   19.4657   19.5750   19.6844   19.7937   19.9031   20.0125   20.1218   20.2312

  列 187 至 217

   20.3405   20.4499   20.5592   20.6686   20.7780   20.8873   20.9967   21.1060   21.2154   21.3247   21.4341   21.5435   21.6528   21.7622   21.8715   21.9809   22.0902   22.1996   22.3090   22.4183   22.5277   22.6370   22.7464   22.8557   22.9651   23.0745   23.1838   23.2932   23.4025   23.5119   23.6213

  列 218 至 248

   23.7306   23.8400   23.9493   24.0587   24.1680   24.2774   24.3868   24.4961   24.6055   24.7148   24.8242   24.9335   25.0429   25.1523   25.2616   25.3710   25.4803   25.5897   25.6990   25.8084   25.9178   26.0271   26.1365   26.2458   26.3552   26.4646   26.5739   26.6833   26.7926   26.9020   27.0113

  列 249 至 279

   27.1207   27.2301   27.3394   27.4488   27.5581   27.6675   27.7768   27.8862   27.9956   28.1049   28.2143   28.3236   28.4330   28.5423   28.6517   28.7611   28.8704   28.9798   29.0891   29.1985   29.3079   29.4172   29.5266   29.6359   29.7453   29.8546   29.9640   30.0734   30.1827   30.2921   30.4014

  列 280 至 310

   30.5108   30.6201   30.7295   30.8389   30.9482   31.0576   31.1669   31.2763   31.3856   31.4950   31.6044   31.7137   31.8231   31.9324   32.0418   32.1512   32.2605   32.3699   32.4792   32.5886   32.6979   32.8073   32.9167   33.0260   33.1354   33.2447   33.3541   33.4634   33.5728   33.6822   33.7915

  列 311 至 341

   33.9009   34.0102   34.1196   34.2289   34.3383   34.4477   34.5570   34.6664   34.7757   34.8851   34.9944   35.1038   35.2132   35.3225   35.4319   35.5412   35.6506   35.7600   35.8693   35.9787   36.0880   36.1974   36.3067   36.4161   36.5255   36.6348   36.7442   36.8535   36.9629   37.0722   37.1816

  列 342 至 372

   37.2910   37.4003   37.5097   37.6190   37.7284   37.8377   37.9471   38.0565   38.1658   38.2752   38.3845   38.4939   38.6033   38.7126   38.8220   38.9313   39.0407   39.1500   39.2594   39.3688   39.4781   39.5875   39.6968   39.8062   39.9155   40.0249   40.1343   40.2436   40.3530   40.4623   40.5717

  列 373 至 403

   40.6810   40.7904   40.8998   41.0091   41.1185   41.2278   41.3372   41.4466   41.5559   41.6653   41.7746   41.8840   41.9933   42.1027   42.2121   42.3214   42.4308   42.5401   42.6495   42.7588   42.8682   42.9776   43.0869   43.1963   43.3056   43.4150   43.5243   43.6337   43.7431   43.8524   43.9618

  列 404 至 434

   44.0711   44.1805   44.2898   44.3992   44.5086   44.6179   44.7273   44.8366   44.9460   45.0554   45.1647   45.2741   45.3834   45.4928   45.6021   45.7115   45.8209   45.9302   46.0396   46.1489   46.2583   46.3676   46.4770   46.5864   46.6957   46.8051   46.9144   47.0238   47.1331   47.2425   47.3519

  列 435 至 465

   47.4612   47.5706   47.6799   47.7893   47.8987   48.0080   48.1174   48.2267   48.3361   48.4454   48.5548   48.6642   48.7735   48.8829   48.9922   49.1016   49.2109   49.3203   49.4297   49.5390   49.6484   49.7577   49.8671   49.9764   50.0858   50.1952   50.3045   50.4139   50.5232   50.6326   50.7420

  列 466 至 496

   50.8513   50.9607   51.0700   51.1794   51.2887   51.3981   51.5075   51.6168   51.7262   51.8355   51.9449   52.0542   52.1636   52.2730   52.3823   52.4917   52.6010   52.7104   52.8197   52.9291   53.0385   53.1478   53.2572   53.3665   53.4759   53.5853   53.6946   53.8040   53.9133   54.0227   54.1320

  列 497 至 527

   54.2414   54.3508   54.4601   54.5695   54.6788   54.7882   54.8975   55.0069   55.1163   55.2256   55.3350   55.4443   55.5537   55.6630   55.7724   55.8818   55.9911   56.1005   56.2098   56.3192   56.4285   56.5379   56.6473   56.7566   56.8660   56.9753   57.0847   57.1941   57.3034   57.4128   57.5221

  列 528 至 558

   57.6315   57.7408   57.8502   57.9596   58.0689   58.1783   58.2876   58.3970   58.5063   58.6157   58.7251   58.8344   58.9438   59.0531   59.1625   59.2718   59.3812   59.4906   59.5999   59.7093   59.8186   59.9280   60.0374   60.1467   60.2561   60.3654   60.4748   60.5841   60.6935   60.8029   60.9122

  列 559 至 589

   61.0216   61.1309   61.2403   61.3496   61.4590   61.5684   61.6777   61.7871   61.8964   62.0058   62.1151   62.2245   62.3339   62.4432   62.5526   62.6619   62.7713   62.8807   62.9900   63.0994   63.2087   63.3181   63.4274   63.5368   63.6462   63.7555   63.8649   63.9742   64.0836   64.1929   64.3023

  列 590 至 620

   64.4117   64.5210   64.6304   64.7397   64.8491   64.9584   65.0678   65.1772   65.2865   65.3959   65.5052   65.6146   65.7239   65.8333   65.9427   66.0520   66.1614   66.2707   66.3801   66.4895   66.5988   66.7082   66.8175   66.9269   67.0362   67.1456   67.2550   67.3643   67.4737   67.5830   67.6924

  列 621 至 651

   67.8017   67.9111   68.0205   68.1298   68.2392   68.3485   68.4579   68.5672   68.6766   68.7860   68.8953   69.0047   69.1140   69.2234   69.3328   69.4421   69.5515   69.6608   69.7702   69.8795   69.9889   70.0983   70.2076   70.3170   70.4263   70.5357   70.6450   70.7544   70.8638   70.9731   71.0825

  列 652 至 682

   71.1918   71.3012   71.4105   71.5199   71.6293   71.7386   71.8480   71.9573   72.0667   72.1761   72.2854   72.3948   72.5041   72.6135   72.7228   72.8322   72.9416   73.0509   73.1603   73.2696   73.3790   73.4883   73.5977   73.7071   73.8164   73.9258   74.0351   74.1445   74.2538   74.3632   74.4726

  列 683 至 713

   74.5819   74.6913   74.8006   74.9100   75.0194   75.1287   75.2381   75.3474   75.4568   75.5661   75.6755   75.7849   75.8942   76.0036   76.1129   76.2223   76.3316   76.4410   76.5504   76.6597   76.7691   76.8784   76.9878   77.0971   77.2065   77.3159   77.4252   77.5346   77.6439   77.7533   77.8626

  列 714 至 744

   77.9720   78.0814   78.1907   78.3001   78.4094   78.5188   78.6282   78.7375   78.8469   78.9562   79.0656   79.1749   79.2843   79.3937   79.5030   79.6124   79.7217   79.8311   79.9404   80.0498   80.1592   80.2685   80.3779   80.4872   80.5966   80.7059   80.8153   80.9247   81.0340   81.1434   81.2527

  列 745 至 775

   81.3621   81.4715   81.5808   81.6902   81.7995   81.9089   82.0182   82.1276   82.2370   82.3463   82.4557   82.5650   82.6744   82.7837   82.8931   83.0025   83.1118   83.2212   83.3305   83.4399   83.5492   83.6586   83.7680   83.8773   83.9867   84.0960   84.2054   84.3148   84.4241   84.5335   84.6428

  列 776 至 806

   84.7522   84.8615   84.9709   85.0803   85.1896   85.2990   85.4083   85.5177   85.6270   85.7364   85.8458   85.9551   86.0645   86.1738   86.2832   86.3925   86.5019   86.6113   86.7206   86.8300   86.9393   87.0487   87.1581   87.2674   87.3768   87.4861   87.5955   87.7048   87.8142   87.9236   88.0329

  列 807 至 837

   88.1423   88.2516   88.3610   88.4703   88.5797   88.6891   88.7984   88.9078   89.0171   89.1265   89.2358   89.3452   89.4546   89.5639   89.6733   89.7826   89.8920   90.0013   90.1107   90.2201   90.3294   90.4388   90.5481   90.6575   90.7669   90.8762   90.9856   91.0949   91.2043   91.3136   91.4230

  列 838 至 868

   91.5324   91.6417   91.7511   91.8604   91.9698   92.0791   92.1885   92.2979   92.4072   92.5166   92.6259   92.7353   92.8446   92.9540   93.0634   93.1727   93.2821   93.3914   93.5008   93.6102   93.7195   93.8289   93.9382   94.0476   94.1569   94.2663   94.3757   94.4850   94.5944   94.7037   94.8131

  列 869 至 899

   94.9224   95.0318   95.1412   95.2505   95.3599   95.4692   95.5786   95.6879   95.7973   95.9067   96.0160   96.1254   96.2347   96.3441   96.4535   96.5628   96.6722   96.7815   96.8909   97.0002   97.1096   97.2190   97.3283   97.4377   97.5470   97.6564   97.7657   97.8751   97.9845   98.0938   98.2032

  列 900 至 930

   98.3125   98.4219   98.5312   98.6406   98.7500   98.8593   98.9687   99.0780   99.1874   99.2967   99.4061   99.5155   99.6248   99.7342   99.8435   99.9529  100.0623  100.1716  100.2810  100.3903  100.4997  100.6090  100.7184  100.8278  100.9371  101.0465  101.1558  101.2652  101.3745  101.4839  101.5933

  列 931 至 961

  101.7026  101.8120  101.9213  102.0307  102.1400  102.2494  102.3588  102.4681  102.5775  102.6868  102.7962  102.9056  103.0149  103.1243  103.2336  103.3430  103.4523  103.5617  103.6711  103.7804  103.8898  103.9991  104.1085  104.2178  104.3272  104.4366  104.5459  104.6553  104.7646  104.8740  104.9833

  列 962 至 992

  105.0927  105.2021  105.3114  105.4208  105.5301  105.6395  105.7489  105.8582  105.9676  106.0769  106.1863  106.2956  106.4050  106.5144  106.6237  106.7331  106.8424  106.9518  107.0611  107.1705  107.2799  107.3892  107.4986  107.6079  107.7173  107.8266  107.9360  108.0454  108.1547  108.2641  108.3734

  列 993 至 1,023

  108.4828  108.5922  108.7015  108.8109  108.9202  109.0296  109.1389  109.2483  109.3577  109.4670  109.5764  109.6857  109.7951  109.9044  110.0138  110.1232  110.2325  110.3419  110.4512  110.5606  110.6699  110.7793  110.8887  110.9980  111.1074  111.2167  111.3261  111.4354  111.5448  111.6542  111.7635

  列 1,024 至 1,054

  111.8729  111.9822  112.0916  112.2010  112.3103  112.4197  112.5290  112.6384  112.7477  112.8571  112.9665  113.0758  113.1852  113.2945  113.4039  113.5132  113.6226  113.7320  113.8413  113.9507  114.0600  114.1694  114.2787  114.3881  114.4975  114.6068  114.7162  114.8255  114.9349  115.0443  115.1536

  列 1,055 至 1,085

  115.2630  115.3723  115.4817  115.5910  115.7004  115.8098  115.9191  116.0285  116.1378  116.2472  116.3565  116.4659  116.5753  116.6846  116.7940  116.9033  117.0127  117.1220  117.2314  117.3408  117.4501  117.5595  117.6688  117.7782  117.8876  117.9969  118.1063  118.2156  118.3250  118.4343  118.5437

  列 1,086 至 1,116

  118.6531  118.7624  118.8718  118.9811  119.0905  119.1998  119.3092  119.4186  119.5279  119.6373  119.7466  119.8560  119.9653  120.0747  120.1841  120.2934  120.4028  120.5121  120.6215  120.7308  120.8402  120.9496  121.0589  121.1683  121.2776  121.3870  121.4964  121.6057  121.7151  121.8244  121.9338

  列 1,117 至 1,147

  122.0431  122.1525  122.2619  122.3712  122.4806  122.5899  122.6993  122.8086  122.9180  123.0274  123.1367  123.2461  123.3554  123.4648  123.5741  123.6835  123.7929  123.9022  124.0116  124.1209  124.2303  124.3397  124.4490  124.5584  124.6677  124.7771  124.8864  124.9958  125.1052  125.2145  125.3239

  列 1,148 至 1,178

  125.4332  125.5426  125.6519  125.7613  125.8707  125.9800  126.0894  126.1987  126.3081  126.4174  126.5268  126.6362  126.7455  126.8549  126.9642  127.0736  127.1830  127.2923  127.4017  127.5110  127.6204  127.7297  127.8391  127.9485  128.0578  128.1672  128.2765  128.3859  128.4952  128.6046  128.7140

  列 1,179 至 1,209

  128.8233  128.9327  129.0420  129.1514  129.2607  129.3701  129.4795  129.5888  129.6982  129.8075  129.9169  130.0263  130.1356  130.2450  130.3543  130.4637  130.5730  130.6824  130.7918  130.9011  131.0105  131.1198  131.2292  131.3385  131.4479  131.5573  131.6666  131.7760  131.8853  131.9947  132.1040

  列 1,210 至 1,240

  132.2134  132.3228  132.4321  132.5415  132.6508  132.7602  132.8695  132.9789  133.0883  133.1976  133.3070  133.4163  133.5257  133.6351  133.7444  133.8538  133.9631  134.0725  134.1818  134.2912  134.4006  134.5099  134.6193  134.7286  134.8380  134.9473  135.0567  135.1661  135.2754  135.3848  135.4941

  列 1,241 至 1,271

  135.6035  135.7128  135.8222  135.9316  136.0409  136.1503  136.2596  136.3690  136.4784  136.5877  136.6971  136.8064  136.9158  137.0251  137.1345  137.2439  137.3532  137.4626  137.5719  137.6813  137.7906  137.9000  138.0094  138.1187  138.2281  138.3374  138.4468  138.5561  138.6655  138.7749  138.8842

  列 1,272 至 1,302

  138.9936  139.1029  139.2123  139.3217  139.4310  139.5404  139.6497  139.7591  139.8684  139.9778  140.0872  140.1965  140.3059  140.4152  140.5246  140.6339  140.7433  140.8527  140.9620  141.0714  141.1807  141.2901  141.3994  141.5088  141.6182  141.7275  141.8369  141.9462  142.0556  142.1649  142.2743

  列 1,303 至 1,333

  142.3837  142.4930  142.6024  142.7117  142.8211  142.9305  143.0398  143.1492  143.2585  143.3679  143.4772  143.5866  143.6960  143.8053  143.9147  144.0240  144.1334  144.2427  144.3521  144.4615  144.5708  144.6802  144.7895  144.8989  145.0082  145.1176  145.2270  145.3363  145.4457  145.5550  145.6644

  列 1,334 至 1,364

  145.7738  145.8831  145.9925  146.1018  146.2112  146.3205  146.4299  146.5393  146.6486  146.7580  146.8673  146.9767  147.0860  147.1954  147.3048  147.4141  147.5235  147.6328  147.7422  147.8515  147.9609  148.0703  148.1796  148.2890  148.3983  148.5077  148.6171  148.7264  148.8358  148.9451  149.0545

  列 1,365 至 1,395

  149.1638  149.2732  149.3826  149.4919  149.6013  149.7106  149.8200  149.9293  150.0387  150.1481  150.2574  150.3668  150.4761  150.5855  150.6948  150.8042  150.9136  151.0229  151.1323  151.2416  151.3510  151.4604  151.5697  151.6791  151.7884  151.8978  152.0071  152.1165  152.2259  152.3352  152.4446

  列 1,396 至 1,426

  152.5539  152.6633  152.7726  152.8820  152.9914  153.1007  153.2101  153.3194  153.4288  153.5381  153.6475  153.7569  153.8662  153.9756  154.0849  154.1943  154.3036  154.4130  154.5224  154.6317  154.7411  154.8504  154.9598  155.0692  155.1785  155.2879  155.3972  155.5066  155.6159  155.7253  155.8347

  列 1,427 至 1,457

  155.9440  156.0534  156.1627  156.2721  156.3814  156.4908  156.6002  156.7095  156.8189  156.9282  157.0376  157.1469  157.2563  157.3657  157.4750  157.5844  157.6937  157.8031  157.9125  158.0218  158.1312  158.2405  158.3499  158.4592  158.5686  158.6780  158.7873  158.8967  159.0060  159.1154  159.2247

  列 1,458 至 1,488

  159.3341  159.4435  159.5528  159.6622  159.7715  159.8809  159.9902  160.0996  160.2090  160.3183  160.4277  160.5370  160.6464  160.7558  160.8651  160.9745  161.0838  161.1932  161.3025  161.4119  161.5213  161.6306  161.7400  161.8493  161.9587  162.0680  162.1774  162.2868  162.3961  162.5055  162.6148

  列 1,489 至 1,519

  162.7242  162.8335  162.9429  163.0523  163.1616  163.2710  163.3803  163.4897  163.5990  163.7084  163.8178  163.9271  164.0365  164.1458  164.2552  164.3646  164.4739  164.5833  164.6926  164.8020  164.9113  165.0207  165.1301  165.2394  165.3488  165.4581  165.5675  165.6768  165.7862  165.8956  166.0049

  列 1,520 至 1,550

  166.1143  166.2236  166.3330  166.4423  166.5517  166.6611  166.7704  166.8798  166.9891  167.0985  167.2079  167.3172  167.4266  167.5359  167.6453  167.7546  167.8640  167.9734  168.0827  168.1921  168.3014  168.4108  168.5201  168.6295  168.7389  168.8482  168.9576  169.0669  169.1763  169.2856  169.3950

  列 1,551 至 1,581

  169.5044  169.6137  169.7231  169.8324  169.9418  170.0512  170.1605  170.2699  170.3792  170.4886  170.5979  170.7073  170.8167  170.9260  171.0354  171.1447  171.2541  171.3634  171.4728  171.5822  171.6915  171.8009  171.9102  172.0196  172.1289  172.2383  172.3477  172.4570  172.5664  172.6757  172.7851

  列 1,582 至 1,612

  172.8945  173.0038  173.1132  173.2225  173.3319  173.4412  173.5506  173.6600  173.7693  173.8787  173.9880  174.0974  174.2067  174.3161  174.4255  174.5348  174.6442  174.7535  174.8629  174.9722  175.0816  175.1910  175.3003  175.4097  175.5190  175.6284  175.7377  175.8471  175.9565  176.0658  176.1752

  列 1,613 至 1,643

  176.2845  176.3939  176.5033  176.6126  176.7220  176.8313  176.9407  177.0500  177.1594  177.2688  177.3781  177.4875  177.5968  177.7062  177.8155  177.9249  178.0343  178.1436  178.2530  178.3623  178.4717  178.5810  178.6904  178.7998  178.9091  179.0185  179.1278  179.2372  179.3466  179.4559  179.5653

  列 1,644 至 1,674

  179.6746  179.7840  179.8933  180.0027  180.1121  180.2214  180.3308  180.4401  180.5495  180.6588  180.7682  180.8776  180.9869  181.0963  181.2056  181.3150  181.4243  181.5337  181.6431  181.7524  181.8618  181.9711  182.0805  182.1899  182.2992  182.4086  182.5179  182.6273  182.7366  182.8460  182.9554

  列 1,675 至 1,705

  183.0647  183.1741  183.2834  183.3928  183.5021  183.6115  183.7209  183.8302  183.9396  184.0489  184.1583  184.2676  184.3770  184.4864  184.5957  184.7051  184.8144  184.9238  185.0332  185.1425  185.2519  185.3612  185.4706  185.5799  185.6893  185.7987  185.9080  186.0174  186.1267  186.2361  186.3454

  列 1,706 至 1,736

  186.4548  186.5642  186.6735  186.7829  186.8922  187.0016  187.1109  187.2203  187.3297  187.4390  187.5484  187.6577  187.7671  187.8764  187.9858  188.0952  188.2045  188.3139  188.4232  188.5326  188.6420  188.7513  188.8607  188.9700  189.0794  189.1887  189.2981  189.4075  189.5168  189.6262  189.7355

  列 1,737 至 1,767

  189.8449  189.9542  190.0636  190.1730  190.2823  190.3917  190.5010  190.6104  190.7197  190.8291  190.9385  191.0478  191.1572  191.2665  191.3759  191.4853  191.5946  191.7040  191.8133  191.9227  192.0320  192.1414  192.2508  192.3601  192.4695  192.5788  192.6882  192.7975  192.9069  193.0163  193.1256

  列 1,768 至 1,798

  193.2350  193.3443  193.4537  193.5630  193.6724  193.7818  193.8911  194.0005  194.1098  194.2192  194.3286  194.4379  194.5473  194.6566  194.7660  194.8753  194.9847  195.0941  195.2034  195.3128  195.4221  195.5315  195.6408  195.7502  195.8596  195.9689  196.0783  196.1876  196.2970  196.4063  196.5157

  列 1,799 至 1,829

  196.6251  196.7344  196.8438  196.9531  197.0625  197.1718  197.2812  197.3906  197.4999  197.6093  197.7186  197.8280  197.9374  198.0467  198.1561  198.2654  198.3748  198.4841  198.5935  198.7029  198.8122  198.9216  199.0309  199.1403  199.2496  199.3590  199.4684  199.5777  199.6871  199.7964  199.9058

  列 1,830 至 1,860

  200.0151  200.1245  200.2339  200.3432  200.4526  200.5619  200.6713  200.7807  200.8900  200.9994  201.1087  201.2181  201.3274  201.4368  201.5462  201.6555  201.7649  201.8742  201.9836  202.0929  202.2023  202.3117  202.4210  202.5304  202.6397  202.7491  202.8584  202.9678  203.0772  203.1865  203.2959

  列 1,861 至 1,891

  203.4052  203.5146  203.6240  203.7333  203.8427  203.9520  204.0614  204.1707  204.2801  204.3895  204.4988  204.6082  204.7175  204.8269  204.9362  205.0456  205.1550  205.2643  205.3737  205.4830  205.5924  205.7017  205.8111  205.9205  206.0298  206.1392  206.2485  206.3579  206.4673  206.5766  206.6860

  列 1,892 至 1,922

  206.7953  206.9047  207.0140  207.1234  207.2328  207.3421  207.4515  207.5608  207.6702  207.7795  207.8889  207.9983  208.1076  208.2170  208.3263  208.4357  208.5450  208.6544  208.7638  208.8731  208.9825  209.0918  209.2012  209.3105  209.4199  209.5293  209.6386  209.7480  209.8573  209.9667  210.0761

  列 1,923 至 1,953

  210.1854  210.2948  210.4041  210.5135  210.6228  210.7322  210.8416  210.9509  211.0603  211.1696  211.2790  211.3883  211.4977  211.6071  211.7164  211.8258  211.9351  212.0445  212.1538  212.2632  212.3726  212.4819  212.5913  212.7006  212.8100  212.9194  213.0287  213.1381  213.2474  213.3568  213.4661

  列 1,954 至 1,984

  213.5755  213.6849  213.7942  213.9036  214.0129  214.1223  214.2316  214.3410  214.4504  214.5597  214.6691  214.7784  214.8878  214.9971  215.1065  215.2159  215.3252  215.4346  215.5439  215.6533  215.7627  215.8720  215.9814  216.0907  216.2001  216.3094  216.4188  216.5282  216.6375  216.7469  216.8562

  列 1,985 至 2,015

  216.9656  217.0749  217.1843  217.2937  217.4030  217.5124  217.6217  217.7311  217.8404  217.9498  218.0592  218.1685  218.2779  218.3872  218.4966  218.6059  218.7153  218.8247  218.9340  219.0434  219.1527  219.2621  219.3715  219.4808  219.5902  219.6995  219.8089  219.9182  220.0276  220.1370  220.2463

  列 2,016 至 2,046

  220.3557  220.4650  220.5744  220.6837  220.7931  220.9025  221.0118  221.1212  221.2305  221.3399  221.4492  221.5586  221.6680  221.7773  221.8867  221.9960  222.1054  222.2148  222.3241  222.4335  222.5428  222.6522  222.7615  222.8709  222.9803  223.0896  223.1990  223.3083  223.4177  223.5270  223.6364

  列 2,047 至 2,077

  223.7458  223.8551  223.9645  224.0738  224.1832  224.2925  224.4019  224.5113  224.6206  224.7300  224.8393  224.9487  225.0581  225.1674  225.2768  225.3861  225.4955  225.6048  225.7142  225.8236  225.9329  226.0423  226.1516  226.2610  226.3703  226.4797  226.5891  226.6984  226.8078  226.9171  227.0265

  列 2,078 至 2,108

  227.1358  227.2452  227.3546  227.4639  227.5733  227.6826  227.7920  227.9014  228.0107  228.1201  228.2294  228.3388  228.4481  228.5575  228.6669  228.7762  228.8856  228.9949  229.1043  229.2136  229.3230  229.4324  229.5417  229.6511  229.7604  229.8698  229.9791  230.0885  230.1979  230.3072  230.4166

  列 2,109 至 2,139

  230.5259  230.6353  230.7446  230.8540  230.9634  231.0727  231.1821  231.2914  231.4008  231.5102  231.6195  231.7289  231.8382  231.9476  232.0569  232.1663  232.2757  232.3850  232.4944  232.6037  232.7131  232.8224  232.9318  233.0412  233.1505  233.2599  233.3692  233.4786  233.5879  233.6973  233.8067

  列 2,140 至 2,170

  233.9160  234.0254  234.1347  234.2441  234.3535  234.4628  234.5722  234.6815  234.7909  234.9002  235.0096  235.1190  235.2283  235.3377  235.4470  235.5564  235.6657  235.7751  235.8845  235.9938  236.1032  236.2125  236.3219  236.4312  236.5406  236.6500  236.7593  236.8687  236.9780  237.0874  237.1968

  列 2,171 至 2,201

  237.3061  237.4155  237.5248  237.6342  237.7435  237.8529  237.9623  238.0716  238.1810  238.2903  238.3997  238.5090  238.6184  238.7278  238.8371  238.9465  239.0558  239.1652  239.2745  239.3839  239.4933  239.6026  239.7120  239.8213  239.9307  240.0400  240.1494  240.2588  240.3681  240.4775  240.5868

  列 2,202 至 2,232

  240.6962  240.8056  240.9149  241.0243  241.1336  241.2430  241.3523  241.4617  241.5711  241.6804  241.7898  241.8991  242.0085  242.1178  242.2272  242.3366  242.4459  242.5553  242.6646  242.7740  242.8833  242.9927  243.1021  243.2114  243.3208  243.4301  243.5395  243.6489  243.7582  243.8676  243.9769

  列 2,233 至 2,263

  244.0863  244.1956  244.3050  244.4144  244.5237  244.6331  244.7424  244.8518  244.9611  245.0705  245.1799  245.2892  245.3986  245.5079  245.6173  245.7266  245.8360  245.9454  246.0547  246.1641  246.2734  246.3828  246.4922  246.6015  246.7109  246.8202  246.9296  247.0389  247.1483  247.2577  247.3670

  列 2,264 至 2,294

  247.4764  247.5857  247.6951  247.8044  247.9138  248.0232  248.1325  248.2419  248.3512  248.4606  248.5699  248.6793  248.7887  248.8980  249.0074  249.1167  249.2261  249.3355  249.4448  249.5542  249.6635  249.7729  249.8822  249.9916  250.1010  250.2103  250.3197  250.4290  250.5384  250.6477  250.7571

  列 2,295 至 2,325

  250.8665  250.9758  251.0852  251.1945  251.3039  251.4132  251.5226  251.6320  251.7413  251.8507  251.9600  252.0694  252.1787  252.2881  252.3975  252.5068  252.6162  252.7255  252.8349  252.9443  253.0536  253.1630  253.2723  253.3817  253.4910  253.6004  253.7098  253.8191  253.9285  254.0378  254.1472

  列 2,326 至 2,356

  254.2565  254.3659  254.4753  254.5846  254.6940  254.8033  254.9127  255.0220  255.1314  255.2408  255.3501  255.4595  255.5688  255.6782  255.7876  255.8969  256.0063  256.1156  256.2250  256.3343  256.4437  256.5531  256.6624  256.7718  256.8811  256.9905  257.0998  257.2092  257.3186  257.4279  257.5373

  列 2,357 至 2,387

  257.6466  257.7560  257.8653  257.9747  258.0841  258.1934  258.3028  258.4121  258.5215  258.6309  258.7402  258.8496  258.9589  259.0683  259.1776  259.2870  259.3964  259.5057  259.6151  259.7244  259.8338  259.9431  260.0525  260.1619  260.2712  260.3806  260.4899  260.5993  260.7086  260.8180  260.9274

  列 2,388 至 2,418

  261.0367  261.1461  261.2554  261.3648  261.4742  261.5835  261.6929  261.8022  261.9116  262.0209  262.1303  262.2397  262.3490  262.4584  262.5677  262.6771  262.7864  262.8958  263.0052  263.1145  263.2239  263.3332  263.4426  263.5519  263.6613  263.7707  263.8800  263.9894  264.0987  264.2081  264.3174

  列 2,419 至 2,449

  264.4268  264.5362  264.6455  264.7549  264.8642  264.9736  265.0830  265.1923  265.3017  265.4110  265.5204  265.6297  265.7391  265.8485  265.9578  266.0672  266.1765  266.2859  266.3952  266.5046  266.6140  266.7233  266.8327  266.9420  267.0514  267.1607  267.2701  267.3795  267.4888  267.5982  267.7075

  列 2,450 至 2,480

  267.8169  267.9263  268.0356  268.1450  268.2543  268.3637  268.4730  268.5824  268.6918  268.8011  268.9105  269.0198  269.1292  269.2385  269.3479  269.4573  269.5666  269.6760  269.7853  269.8947  270.0040  270.1134  270.2228  270.3321  270.4415  270.5508  270.6602  270.7696  270.8789  270.9883  271.0976

  列 2,481 至 2,511

  271.2070  271.3163  271.4257  271.5351  271.6444  271.7538  271.8631  271.9725  272.0818  272.1912  272.3006  272.4099  272.5193  272.6286  272.7380  272.8473  272.9567  273.0661  273.1754  273.2848  273.3941  273.5035  273.6128  273.7222  273.8316  273.9409  274.0503  274.1596  274.2690  274.3784  274.4877

  列 2,512 至 2,542

  274.5971  274.7064  274.8158  274.9251  275.0345  275.1439  275.2532  275.3626  275.4719  275.5813  275.6906  275.8000  275.9094  276.0187  276.1281  276.2374  276.3468  276.4561  276.5655  276.6749  276.7842  276.8936  277.0029  277.1123  277.2217  277.3310  277.4404  277.5497  277.6591  277.7684  277.8778

  列 2,543 至 2,573

  277.9872  278.0965  278.2059  278.3152  278.4246  278.5339  278.6433  278.7527  278.8620  278.9714  279.0807  279.1901  279.2994  279.4088  279.5182  279.6275  279.7369  279.8462  279.9556  280.0650  280.1743  280.2837  280.3930  280.5024  280.6117  280.7211  280.8305  280.9398  281.0492  281.1585  281.2679

  列 2,574 至 2,604

  281.3772  281.4866  281.5960  281.7053  281.8147  281.9240  282.0334  282.1427  282.2521  282.3615  282.4708  282.5802  282.6895  282.7989  282.9083  283.0176  283.1270  283.2363  283.3457  283.4550  283.5644  283.6738  283.7831  283.8925  284.0018  284.1112  284.2205  284.3299  284.4393  284.5486  284.6580

  列 2,605 至 2,635

  284.7673  284.8767  284.9860  285.0954  285.2048  285.3141  285.4235  285.5328  285.6422  285.7515  285.8609  285.9703  286.0796  286.1890  286.2983  286.4077  286.5171  286.6264  286.7358  286.8451  286.9545  287.0638  287.1732  287.2826  287.3919  287.5013  287.6106  287.7200  287.8293  287.9387  288.0481

  列 2,636 至 2,666

  288.1574  288.2668  288.3761  288.4855  288.5948  288.7042  288.8136  288.9229  289.0323  289.1416  289.2510  289.3604  289.4697  289.5791  289.6884  289.7978  289.9071  290.0165  290.1259  290.2352  290.3446  290.4539  290.5633  290.6726  290.7820  290.8914  291.0007  291.1101  291.2194  291.3288  291.4381

  列 2,667 至 2,697

  291.5475  291.6569  291.7662  291.8756  291.9849  292.0943  292.2037  292.3130  292.4224  292.5317  292.6411  292.7504  292.8598  292.9692  293.0785  293.1879  293.2972  293.4066  293.5159  293.6253  293.7347  293.8440  293.9534  294.0627  294.1721  294.2814  294.3908  294.5002  294.6095  294.7189  294.8282

  列 2,698 至 2,728

  294.9376  295.0469  295.1563  295.2657  295.3750  295.4844  295.5937  295.7031  295.8125  295.9218  296.0312  296.1405  296.2499  296.3592  296.4686  296.5780  296.6873  296.7967  296.9060  297.0154  297.1247  297.2341  297.3435  297.4528  297.5622  297.6715  297.7809  297.8902  297.9996  298.1090  298.2183

  列 2,729 至 2,759

  298.3277  298.4370  298.5464  298.6558  298.7651  298.8745  298.9838  299.0932  299.2025  299.3119  299.4213  299.5306  299.6400  299.7493  299.8587  299.9680  300.0774  300.1868  300.2961  300.4055  300.5148  300.6242  300.7335  300.8429  300.9523  301.0616  301.1710  301.2803  301.3897  301.4991  301.6084

  列 2,760 至 2,790

  301.7178  301.8271  301.9365  302.0458  302.1552  302.2646  302.3739  302.4833  302.5926  302.7020  302.8113  302.9207  303.0301  303.1394  303.2488  303.3581  303.4675  303.5768  303.6862  303.7956  303.9049  304.0143  304.1236  304.2330  304.3424  304.4517  304.5611  304.6704  304.7798  304.8891  304.9985

  列 2,791 至 2,821

  305.1079  305.2172  305.3266  305.4359  305.5453  305.6546  305.7640  305.8734  305.9827  306.0921  306.2014  306.3108  306.4201  306.5295  306.6389  306.7482  306.8576  306.9669  307.0763  307.1856  307.2950  307.4044  307.5137  307.6231  307.7324  307.8418  307.9512  308.0605  308.1699  308.2792  308.3886

  列 2,822 至 2,852

  308.4979  308.6073  308.7167  308.8260  308.9354  309.0447  309.1541  309.2634  309.3728  309.4822  309.5915  309.7009  309.8102  309.9196  310.0289  310.1383  310.2477  310.3570  310.4664  310.5757  310.6851  310.7945  310.9038  311.0132  311.1225  311.2319  311.3412  311.4506  311.5600  311.6693  311.7787

  列 2,853 至 2,883

  311.8880  311.9974  312.1067  312.2161  312.3255  312.4348  312.5442  312.6535  312.7629  312.8722  312.9816  313.0910  313.2003  313.3097  313.4190  313.5284  313.6378  313.7471  313.8565  313.9658  314.0752  314.1845  314.2939  314.4033  314.5126  314.6220  314.7313  314.8407  314.9500  315.0594  315.1688

  列 2,884 至 2,914

  315.2781  315.3875  315.4968  315.6062  315.7155  315.8249  315.9343  316.0436  316.1530  316.2623  316.3717  316.4810  316.5904  316.6998  316.8091  316.9185  317.0278  317.1372  317.2466  317.3559  317.4653  317.5746  317.6840  317.7933  317.9027  318.0121  318.1214  318.2308  318.3401  318.4495  318.5588

  列 2,915 至 2,945

  318.6682  318.7776  318.8869  318.9963  319.1056  319.2150  319.3243  319.4337  319.5431  319.6524  319.7618  319.8711  319.9805  320.0899  320.1992  320.3086  320.4179  320.5273  320.6366  320.7460  320.8554  320.9647  321.0741  321.1834  321.2928  321.4021  321.5115  321.6209  321.7302  321.8396  321.9489

  列 2,946 至 2,976

  322.0583  322.1676  322.2770  322.3864  322.4957  322.6051  322.7144  322.8238  322.9332  323.0425  323.1519  323.2612  323.3706  323.4799  323.5893  323.6987  323.8080  323.9174  324.0267  324.1361  324.2454  324.3548  324.4642  324.5735  324.6829  324.7922  324.9016  325.0109  325.1203  325.2297  325.3390

  列 2,977 至 3,007

  325.4484  325.5577  325.6671  325.7765  325.8858  325.9952  326.1045  326.2139  326.3232  326.4326  326.5420  326.6513  326.7607  326.8700  326.9794  327.0887  327.1981  327.3075  327.4168  327.5262  327.6355  327.7449  327.8542  327.9636  328.0730  328.1823  328.2917  328.4010  328.5104  328.6197  328.7291

  列 3,008 至 3,038

  328.8385  328.9478  329.0572  329.1665  329.2759  329.3853  329.4946  329.6040  329.7133  329.8227  329.9320  330.0414  330.1508  330.2601  330.3695  330.4788  330.5882  330.6975  330.8069  330.9163  331.0256  331.1350  331.2443  331.3537  331.4630  331.5724  331.6818  331.7911  331.9005  332.0098  332.1192

  列 3,039 至 3,069

  332.2286  332.3379  332.4473  332.5566  332.6660  332.7753  332.8847  332.9941  333.1034  333.2128  333.3221  333.4315  333.5408  333.6502  333.7596  333.8689  333.9783  334.0876  334.1970  334.3063  334.4157  334.5251  334.6344  334.7438  334.8531  334.9625  335.0719  335.1812  335.2906  335.3999  335.5093

  列 3,070 至 3,100

  335.6186  335.7280  335.8374  335.9467  336.0561  336.1654  336.2748  336.3841  336.4935  336.6029  336.7122  336.8216  336.9309  337.0403  337.1496  337.2590  337.3684  337.4777  337.5871  337.6964  337.8058  337.9151  338.0245  338.1339  338.2432  338.3526  338.4619  338.5713  338.6807  338.7900  338.8994

  列 3,101 至 3,131

  339.0087  339.1181  339.2274  339.3368  339.4462  339.5555  339.6649  339.7742  339.8836  339.9929  340.1023  340.2117  340.3210  340.4304  340.5397  340.6491  340.7584  340.8678  340.9772  341.0865  341.1959  341.3052  341.4146  341.5240  341.6333  341.7427  341.8520  341.9614  342.0707  342.1801  342.2895

  列 3,132 至 3,162

  342.3988  342.5082  342.6175  342.7269  342.8362  342.9456  343.0550  343.1643  343.2737  343.3830  343.4924  343.6017  343.7111  343.8205  343.9298  344.0392  344.1485  344.2579  344.3673  344.4766  344.5860  344.6953  344.8047  344.9140  345.0234  345.1328  345.2421  345.3515  345.4608  345.5702  345.6795

  列 3,163 至 3,193

  345.7889  345.8983  346.0076  346.1170  346.2263  346.3357  346.4450  346.5544  346.6638  346.7731  346.8825  346.9918  347.1012  347.2106  347.3199  347.4293  347.5386  347.6480  347.7573  347.8667  347.9761  348.0854  348.1948  348.3041  348.4135  348.5228  348.6322  348.7416  348.8509  348.9603  349.0696

  列 3,194 至 3,224

  349.1790  349.2883  349.3977  349.5071  349.6164  349.7258  349.8351  349.9445  350.0538  350.1632  350.2726  350.3819  350.4913  350.6006  350.7100  350.8194  350.9287  351.0381  351.1474  351.2568  351.3661  351.4755  351.5849  351.6942  351.8036  351.9129  352.0223  352.1316  352.2410  352.3504  352.4597

  列 3,225 至 3,255

  352.5691  352.6784  352.7878  352.8971  353.0065  353.1159  353.2252  353.3346  353.4439  353.5533  353.6627  353.7720  353.8814  353.9907  354.1001  354.2094  354.3188  354.4282  354.5375  354.6469  354.7562  354.8656  354.9749  355.0843  355.1937  355.3030  355.4124  355.5217  355.6311  355.7404  355.8498

  列 3,256 至 3,286

  355.9592  356.0685  356.1779  356.2872  356.3966  356.5060  356.6153  356.7247  356.8340  356.9434  357.0527  357.1621  357.2715  357.3808  357.4902  357.5995  357.7089  357.8182  357.9276  358.0370  358.1463  358.2557  358.3650  358.4744  358.5837  358.6931  358.8025  358.9118  359.0212  359.1305  359.2399

  列 3,287 至 3,317

  359.3493  359.4586  359.5680  359.6773  359.7867  359.8960  360.0054  360.1148  360.2241  360.3335  360.4428  360.5522  360.6615  360.7709  360.8803  360.9896  361.0990  361.2083  361.3177  361.4270  361.5364  361.6458  361.7551  361.8645  361.9738  362.0832  362.1925  362.3019  362.4113  362.5206  362.6300

  列 3,318 至 3,348

  362.7393  362.8487  362.9581  363.0674  363.1768  363.2861  363.3955  363.5048  363.6142  363.7236  363.8329  363.9423  364.0516  364.1610  364.2703  364.3797  364.4891  364.5984  364.7078  364.8171  364.9265  365.0358  365.1452  365.2546  365.3639  365.4733  365.5826  365.6920  365.8014  365.9107  366.0201

  列 3,349 至 3,379

  366.1294  366.2388  366.3481  366.4575  366.5669  366.6762  366.7856  366.8949  367.0043  367.1136  367.2230  367.3324  367.4417  367.5511  367.6604  367.7698  367.8791  367.9885  368.0979  368.2072  368.3166  368.4259  368.5353  368.6447  368.7540  368.8634  368.9727  369.0821  369.1914  369.3008  369.4102

  列 3,380 至 3,410

  369.5195  369.6289  369.7382  369.8476  369.9569  370.0663  370.1757  370.2850  370.3944  370.5037  370.6131  370.7224  370.8318  370.9412  371.0505  371.1599  371.2692  371.3786  371.4879  371.5973  371.7067  371.8160  371.9254  372.0347  372.1441  372.2535  372.3628  372.4722  372.5815  372.6909  372.8002

  列 3,411 至 3,441

  372.9096  373.0190  373.1283  373.2377  373.3470  373.4564  373.5657  373.6751  373.7845  373.8938  374.0032  374.1125  374.2219  374.3312  374.4406  374.5500  374.6593  374.7687  374.8780  374.9874  375.0968  375.2061  375.3155  375.4248  375.5342  375.6435  375.7529  375.8623  375.9716  376.0810  376.1903

  列 3,442 至 3,472

  376.2997  376.4090  376.5184  376.6278  376.7371  376.8465  376.9558  377.0652  377.1745  377.2839  377.3933  377.5026  377.6120  377.7213  377.8307  377.9401  378.0494  378.1588  378.2681  378.3775  378.4868  378.5962  378.7056  378.8149  378.9243  379.0336  379.1430  379.2523  379.3617  379.4711  379.5804

  列 3,473 至 3,503

  379.6898  379.7991  379.9085  380.0178  380.1272  380.2366  380.3459  380.4553  380.5646  380.6740  380.7834  380.8927  381.0021  381.1114  381.2208  381.3301  381.4395  381.5489  381.6582  381.7676  381.8769  381.9863  382.0956  382.2050  382.3144  382.4237  382.5331  382.6424  382.7518  382.8611  382.9705

  列 3,504 至 3,534

  383.0799  383.1892  383.2986  383.4079  383.5173  383.6266  383.7360  383.8454  383.9547  384.0641  384.1734  384.2828  384.3922  384.5015  384.6109  384.7202  384.8296  384.9389  385.0483  385.1577  385.2670  385.3764  385.4857  385.5951  385.7044  385.8138  385.9232  386.0325  386.1419  386.2512  386.3606

  列 3,535 至 3,565

  386.4699  386.5793  386.6887  386.7980  386.9074  387.0167  387.1261  387.2355  387.3448  387.4542  387.5635  387.6729  387.7822  387.8916  388.0010  388.1103  388.2197  388.3290  388.4384  388.5477  388.6571  388.7665  388.8758  388.9852  389.0945  389.2039  389.3132  389.4226  389.5320  389.6413  389.7507

  列 3,566 至 3,596

  389.8600  389.9694  390.0788  390.1881  390.2975  390.4068  390.5162  390.6255  390.7349  390.8443  390.9536  391.0630  391.1723  391.2817  391.3910  391.5004  391.6098  391.7191  391.8285  391.9378  392.0472  392.1565  392.2659  392.3753  392.4846  392.5940  392.7033  392.8127  392.9220  393.0314  393.1408

  列 3,597 至 3,627

  393.2501  393.3595  393.4688  393.5782  393.6876  393.7969  393.9063  394.0156  394.1250  394.2343  394.3437  394.4531  394.5624  394.6718  394.7811  394.8905  394.9998  395.1092  395.2186  395.3279  395.4373  395.5466  395.6560  395.7653  395.8747  395.9841  396.0934  396.2028  396.3121  396.4215  396.5309

  列 3,628 至 3,658

  396.6402  396.7496  396.8589  396.9683  397.0776  397.1870  397.2964  397.4057  397.5151  397.6244  397.7338  397.8431  397.9525  398.0619  398.1712  398.2806  398.3899  398.4993  398.6086  398.7180  398.8274  398.9367  399.0461  399.1554  399.2648  399.3742  399.4835  399.5929  399.7022  399.8116  399.9209

  列 3,659 至 3,689

  400.0303  400.1397  400.2490  400.3584  400.4677  400.5771  400.6864  400.7958  400.9052  401.0145  401.1239  401.2332  401.3426  401.4519  401.5613  401.6707  401.7800  401.8894  401.9987  402.1081  402.2175  402.3268  402.4362  402.5455  402.6549  402.7642  402.8736  402.9830  403.0923  403.2017  403.3110

  列 3,690 至 3,720

  403.4204  403.5297  403.6391  403.7485  403.8578  403.9672  404.0765  404.1859  404.2952  404.4046  404.5140  404.6233  404.7327  404.8420  404.9514  405.0607  405.1701  405.2795  405.3888  405.4982  405.6075  405.7169  405.8263  405.9356  406.0450  406.1543  406.2637  406.3730  406.4824  406.5918  406.7011

  列 3,721 至 3,751

  406.8105  406.9198  407.0292  407.1385  407.2479  407.3573  407.4666  407.5760  407.6853  407.7947  407.9040  408.0134  408.1228  408.2321  408.3415  408.4508  408.5602  408.6696  408.7789  408.8883  408.9976  409.1070  409.2163  409.3257  409.4351  409.5444  409.6538  409.7631  409.8725  409.9818  410.0912

  列 3,752 至 3,782

  410.2006  410.3099  410.4193  410.5286  410.6380  410.7473  410.8567  410.9661  411.0754  411.1848  411.2941  411.4035  411.5129  411.6222  411.7316  411.8409  411.9503  412.0596  412.1690  412.2784  412.3877  412.4971  412.6064  412.7158  412.8251  412.9345  413.0439  413.1532  413.2626  413.3719  413.4813

  列 3,783 至 3,813

  413.5906  413.7000  413.8094  413.9187  414.0281  414.1374  414.2468  414.3561  414.4655  414.5749  414.6842  414.7936  414.9029  415.0123  415.1217  415.2310  415.3404  415.4497  415.5591  415.6684  415.7778  415.8872  415.9965  416.1059  416.2152  416.3246  416.4339  416.5433  416.6527  416.7620  416.8714

  列 3,814 至 3,844

  416.9807  417.0901  417.1994  417.3088  417.4182  417.5275  417.6369  417.7462  417.8556  417.9650  418.0743  418.1837  418.2930  418.4024  418.5117  418.6211  418.7305  418.8398  418.9492  419.0585  419.1679  419.2772  419.3866  419.4960  419.6053  419.7147  419.8240  419.9334  420.0427  420.1521  420.2615

  列 3,845 至 3,875

  420.3708  420.4802  420.5895  420.6989  420.8083  420.9176  421.0270  421.1363  421.2457  421.3550  421.4644  421.5738  421.6831  421.7925  421.9018  422.0112  422.1205  422.2299  422.3393  422.4486  422.5580  422.6673  422.7767  422.8860  422.9954  423.1048  423.2141  423.3235  423.4328  423.5422  423.6516

  列 3,876 至 3,906

  423.7609  423.8703  423.9796  424.0890  424.1983  424.3077  424.4171  424.5264  424.6358  424.7451  424.8545  424.9638  425.0732  425.1826  425.2919  425.4013  425.5106  425.6200  425.7293  425.8387  425.9481  426.0574  426.1668  426.2761  426.3855  426.4948  426.6042  426.7136  426.8229  426.9323  427.0416

  列 3,907 至 3,937

  427.1510  427.2604  427.3697  427.4791  427.5884  427.6978  427.8071  427.9165  428.0259  428.1352  428.2446  428.3539  428.4633  428.5726  428.6820  428.7914  428.9007  429.0101  429.1194  429.2288  429.3381  429.4475  429.5569  429.6662  429.7756  429.8849  429.9943  430.1037  430.2130  430.3224  430.4317

  列 3,938 至 3,968

  430.5411  430.6504  430.7598  430.8692  430.9785  431.0879  431.1972  431.3066  431.4159  431.5253  431.6347  431.7440  431.8534  431.9627  432.0721  432.1814  432.2908  432.4002  432.5095  432.6189  432.7282  432.8376  432.9470  433.0563  433.1657  433.2750  433.3844  433.4937  433.6031  433.7125  433.8218

  列 3,969 至 3,999

  433.9312  434.0405  434.1499  434.2592  434.3686  434.4780  434.5873  434.6967  434.8060  434.9154  435.0247  435.1341  435.2435  435.3528  435.4622  435.5715  435.6809  435.7903  435.8996  436.0090  436.1183  436.2277  436.3370  436.4464  436.5558  436.6651  436.7745  436.8838  436.9932  437.1025  437.2119

  列 4,000 至 4,030

  437.3213  437.4306  437.5400  437.6493  437.7587  437.8680  437.9774  438.0868  438.1961  438.3055  438.4148  438.5242  438.6335  438.7429  438.8523  438.9616  439.0710  439.1803  439.2897  439.3991  439.5084  439.6178  439.7271  439.8365  439.9458  440.0552  440.1646  440.2739  440.3833  440.4926  440.6020

  列 4,031 至 4,061

  440.7113  440.8207  440.9301  441.0394  441.1488  441.2581  441.3675  441.4768  441.5862  441.6956  441.8049  441.9143  442.0236  442.1330  442.2424  442.3517  442.4611  442.5704  442.6798  442.7891  442.8985  443.0079  443.1172  443.2266  443.3359  443.4453  443.5546  443.6640  443.7734  443.8827  443.9921

  列 4,062 至 4,092

  444.1014  444.2108  444.3201  444.4295  444.5389  444.6482  444.7576  444.8669  444.9763  445.0857  445.1950  445.3044  445.4137  445.5231  445.6324  445.7418  445.8512  445.9605  446.0699  446.1792  446.2886  446.3979  446.5073  446.6167  446.7260  446.8354  446.9447  447.0541  447.1634  447.2728  447.3822

  列 4,093 至 4,123

  447.4915  447.6009  447.7102  447.8196  447.9289  448.0383  448.1477  448.2570  448.3664  448.4757  448.5851  448.6945  448.8038  448.9132  449.0225  449.1319  449.2412  449.3506  449.4600  449.5693  449.6787  449.7880  449.8974  450.0067  450.1161  450.2255  450.3348  450.4442  450.5535  450.6629  450.7722

  列 4,124 至 4,154

  450.8816  450.9910  451.1003  451.2097  451.3190  451.4284  451.5378  451.6471  451.7565  451.8658  451.9752  452.0845  452.1939  452.3033  452.4126  452.5220  452.6313  452.7407  452.8500  452.9594  453.0688  453.1781  453.2875  453.3968  453.5062  453.6155  453.7249  453.8343  453.9436  454.0530  454.1623

  列 4,155 至 4,185

  454.2717  454.3811  454.4904  454.5998  454.7091  454.8185  454.9278  455.0372  455.1466  455.2559  455.3653  455.4746  455.5840  455.6933  455.8027  455.9121  456.0214  456.1308  456.2401  456.3495  456.4588  456.5682  456.6776  456.7869  456.8963  457.0056  457.1150  457.2244  457.3337  457.4431  457.5524

  列 4,186 至 4,216

  457.6618  457.7711  457.8805  457.9899  458.0992  458.2086  458.3179  458.4273  458.5366  458.6460  458.7554  458.8647  458.9741  459.0834  459.1928  459.3021  459.4115  459.5209  459.6302  459.7396  459.8489  459.9583  460.0676  460.1770  460.2864  460.3957  460.5051  460.6144  460.7238  460.8332  460.9425

  列 4,217 至 4,247

  461.0519  461.1612  461.2706  461.3799  461.4893  461.5987  461.7080  461.8174  461.9267  462.0361  462.1454  462.2548  462.3642  462.4735  462.5829  462.6922  462.8016  462.9109  463.0203  463.1297  463.2390  463.3484  463.4577  463.5671  463.6765  463.7858  463.8952  464.0045  464.1139  464.2232  464.3326

  列 4,248 至 4,278

  464.4420  464.5513  464.6607  464.7700  464.8794  464.9887  465.0981  465.2075  465.3168  465.4262  465.5355  465.6449  465.7542  465.8636  465.9730  466.0823  466.1917  466.3010  466.4104  466.5198  466.6291  466.7385  466.8478  466.9572  467.0665  467.1759  467.2853  467.3946  467.5040  467.6133  467.7227

  列 4,279 至 4,309

  467.8320  467.9414  468.0508  468.1601  468.2695  468.3788  468.4882  468.5975  468.7069  468.8163  468.9256  469.0350  469.1443  469.2537  469.3630  469.4724  469.5818  469.6911  469.8005  469.9098  470.0192  470.1286  470.2379  470.3473  470.4566  470.5660  470.6753  470.7847  470.8941  471.0034  471.1128

  列 4,310 至 4,340

  471.2221  471.3315  471.4408  471.5502  471.6596  471.7689  471.8783  471.9876  472.0970  472.2063  472.3157  472.4251  472.5344  472.6438  472.7531  472.8625  472.9719  473.0812  473.1906  473.2999  473.4093  473.5186  473.6280  473.7374  473.8467  473.9561  474.0654  474.1748  474.2841  474.3935  474.5029

  列 4,341 至 4,371

  474.6122  474.7216  474.8309  474.9403  475.0496  475.1590  475.2684  475.3777  475.4871  475.5964  475.7058  475.8152  475.9245  476.0339  476.1432  476.2526  476.3619  476.4713  476.5807  476.6900  476.7994  476.9087  477.0181  477.1274  477.2368  477.3462  477.4555  477.5649  477.6742  477.7836  477.8929

  列 4,372 至 4,402

  478.0023  478.1117  478.2210  478.3304  478.4397  478.5491  478.6585  478.7678  478.8772  478.9865  479.0959  479.2052  479.3146  479.4240  479.5333  479.6427  479.7520  479.8614  479.9707  480.0801  480.1895  480.2988  480.4082  480.5175  480.6269  480.7362  480.8456  480.9550  481.0643  481.1737  481.2830

  列 4,403 至 4,433

  481.3924  481.5017  481.6111  481.7205  481.8298  481.9392  482.0485  482.1579  482.2673  482.3766  482.4860  482.5953  482.7047  482.8140  482.9234  483.0328  483.1421  483.2515  483.3608  483.4702  483.5795  483.6889  483.7983  483.9076  484.0170  484.1263  484.2357  484.3450  484.4544  484.5638  484.6731

  列 4,434 至 4,464

  484.7825  484.8918  485.0012  485.1106  485.2199  485.3293  485.4386  485.5480  485.6573  485.7667  485.8761  485.9854  486.0948  486.2041  486.3135  486.4228  486.5322  486.6416  486.7509  486.8603  486.9696  487.0790  487.1883  487.2977  487.4071  487.5164  487.6258  487.7351  487.8445  487.9539  488.0632

  列 4,465 至 4,495

  488.1726  488.2819  488.3913  488.5006  488.6100  488.7194  488.8287  488.9381  489.0474  489.1568  489.2661  489.3755  489.4849  489.5942  489.7036  489.8129  489.9223  490.0316  490.1410  490.2504  490.3597  490.4691  490.5784  490.6878  490.7971  490.9065  491.0159  491.1252  491.2346  491.3439  491.4533

  列 4,496 至 4,526

  491.5627  491.6720  491.7814  491.8907  492.0001  492.1094  492.2188  492.3282  492.4375  492.5469  492.6562  492.7656  492.8749  492.9843  493.0937  493.2030  493.3124  493.4217  493.5311  493.6404  493.7498  493.8592  493.9685  494.0779  494.1872  494.2966  494.4060  494.5153  494.6247  494.7340  494.8434

  列 4,527 至 4,557

  494.9527  495.0621  495.1715  495.2808  495.3902  495.4995  495.6089  495.7182  495.8276  495.9370  496.0463  496.1557  496.2650  496.3744  496.4837  496.5931  496.7025  496.8118  496.9212  497.0305  497.1399  497.2493  497.3586  497.4680  497.5773  497.6867  497.7960  497.9054  498.0148  498.1241  498.2335

  列 4,558 至 4,588

  498.3428  498.4522  498.5615  498.6709  498.7803  498.8896  498.9990  499.1083  499.2177  499.3270  499.4364  499.5458  499.6551  499.7645  499.8738  499.9832  500.0926  500.2019  500.3113  500.4206  500.5300  500.6393  500.7487  500.8581  500.9674  501.0768  501.1861  501.2955  501.4048  501.5142  501.6236

  列 4,589 至 4,619

  501.7329  501.8423  501.9516  502.0610  502.1703  502.2797  502.3891  502.4984  502.6078  502.7171  502.8265  502.9358  503.0452  503.1546  503.2639  503.3733  503.4826  503.5920  503.7014  503.8107  503.9201  504.0294  504.1388  504.2481  504.3575  504.4669  504.5762  504.6856  504.7949  504.9043  505.0136

  列 4,620 至 4,650

  505.1230  505.2324  505.3417  505.4511  505.5604  505.6698  505.7791  505.8885  505.9979  506.1072  506.2166  506.3259  506.4353  506.5447  506.6540  506.7634  506.8727  506.9821  507.0914  507.2008  507.3102  507.4195  507.5289  507.6382  507.7476  507.8569  507.9663  508.0757  508.1850  508.2944  508.4037

  列 4,651 至 4,681

  508.5131  508.6224  508.7318  508.8412  508.9505  509.0599  509.1692  509.2786  509.3880  509.4973  509.6067  509.7160  509.8254  509.9347  510.0441  510.1535  510.2628  510.3722  510.4815  510.5909  510.7002  510.8096  510.9190  511.0283  511.1377  511.2470  511.3564  511.4657  511.5751  511.6845  511.7938

  列 4,682 至 4,712

  511.9032  512.0125  512.1219  512.2312  512.3406  512.4500  512.5593  512.6687  512.7780  512.8874  512.9968  513.1061  513.2155  513.3248  513.4342  513.5435  513.6529  513.7623  513.8716  513.9810  514.0903  514.1997  514.3090  514.4184  514.5278  514.6371  514.7465  514.8558  514.9652  515.0745  515.1839

  列 4,713 至 4,743

  515.2933  515.4026  515.5120  515.6213  515.7307  515.8401  515.9494  516.0588  516.1681  516.2775  516.3868  516.4962  516.6056  516.7149  516.8243  516.9336  517.0430  517.1523  517.2617  517.3711  517.4804  517.5898  517.6991  517.8085  517.9178  518.0272  518.1366  518.2459  518.3553  518.4646  518.5740

  列 4,744 至 4,774

  518.6834  518.7927  518.9021  519.0114  519.1208  519.2301  519.3395  519.4489  519.5582  519.6676  519.7769  519.8863  519.9956  520.1050  520.2144  520.3237  520.4331  520.5424  520.6518  520.7611  520.8705  520.9799  521.0892  521.1986  521.3079  521.4173  521.5267  521.6360  521.7454  521.8547  521.9641

  列 4,775 至 4,805

  522.0734  522.1828  522.2922  522.4015  522.5109  522.6202  522.7296  522.8389  522.9483  523.0577  523.1670  523.2764  523.3857  523.4951  523.6044  523.7138  523.8232  523.9325  524.0419  524.1512  524.2606  524.3699  524.4793  524.5887  524.6980  524.8074  524.9167  525.0261  525.1355  525.2448  525.3542

  列 4,806 至 4,836

  525.4635  525.5729  525.6822  525.7916  525.9010  526.0103  526.1197  526.2290  526.3384  526.4477  526.5571  526.6665  526.7758  526.8852  526.9945  527.1039  527.2132  527.3226  527.4320  527.5413  527.6507  527.7600  527.8694  527.9788  528.0881  528.1975  528.3068  528.4162  528.5255  528.6349  528.7443

  列 4,837 至 4,867

  528.8536  528.9630  529.0723  529.1817  529.2910  529.4004  529.5098  529.6191  529.7285  529.8378  529.9472  530.0565  530.1659  530.2753  530.3846  530.4940  530.6033  530.7127  530.8221  530.9314  531.0408  531.1501  531.2595  531.3688  531.4782  531.5876  531.6969  531.8063  531.9156  532.0250  532.1343

  列 4,868 至 4,898

  532.2437  532.3531  532.4624  532.5718  532.6811  532.7905  532.8998  533.0092  533.1186  533.2279  533.3373  533.4466  533.5560  533.6654  533.7747  533.8841  533.9934  534.1028  534.2121  534.3215  534.4309  534.5402  534.6496  534.7589  534.8683  534.9776  535.0870  535.1964  535.3057  535.4151  535.5244

  列 4,899 至 4,929

  535.6338  535.7431  535.8525  535.9619  536.0712  536.1806  536.2899  536.3993  536.5086  536.6180  536.7274  536.8367  536.9461  537.0554  537.1648  537.2742  537.3835  537.4929  537.6022  537.7116  537.8209  537.9303  538.0397  538.1490  538.2584  538.3677  538.4771  538.5864  538.6958  538.8052  538.9145

  列 4,930 至 4,960

  539.0239  539.1332  539.2426  539.3519  539.4613  539.5707  539.6800  539.7894  539.8987  540.0081  540.1175  540.2268  540.3362  540.4455  540.5549  540.6642  540.7736  540.8830  540.9923  541.1017  541.2110  541.3204  541.4297  541.5391  541.6485  541.7578  541.8672  541.9765  542.0859  542.1952  542.3046

  列 4,961 至 4,991

  542.4140  542.5233  542.6327  542.7420  542.8514  542.9608  543.0701  543.1795  543.2888  543.3982  543.5075  543.6169  543.7263  543.8356  543.9450  544.0543  544.1637  544.2730  544.3824  544.4918  544.6011  544.7105  544.8198  544.9292  545.0385  545.1479  545.2573  545.3666  545.4760  545.5853  545.6947

  列 4,992 至 5,022

  545.8040  545.9134  546.0228  546.1321  546.2415  546.3508  546.4602  546.5696  546.6789  546.7883  546.8976  547.0070  547.1163  547.2257  547.3351  547.4444  547.5538  547.6631  547.7725  547.8818  547.9912  548.1006  548.2099  548.3193  548.4286  548.5380  548.6473  548.7567  548.8661  548.9754  549.0848

  列 5,023 至 5,053

  549.1941  549.3035  549.4129  549.5222  549.6316  549.7409  549.8503  549.9596  550.0690  550.1784  550.2877  550.3971  550.5064  550.6158  550.7251  550.8345  550.9439  551.0532  551.1626  551.2719  551.3813  551.4906  551.6000  551.7094  551.8187  551.9281  552.0374  552.1468  552.2562  552.3655  552.4749

  列 5,054 至 5,084

  552.5842  552.6936  552.8029  552.9123  553.0217  553.1310  553.2404  553.3497  553.4591  553.5684  553.6778  553.7872  553.8965  554.0059  554.1152  554.2246  554.3339  554.4433  554.5527  554.6620  554.7714  554.8807  554.9901  555.0995  555.2088  555.3182  555.4275  555.5369  555.6462  555.7556  555.8650

  列 5,085 至 5,115

  555.9743  556.0837  556.1930  556.3024  556.4117  556.5211  556.6305  556.7398  556.8492  556.9585  557.0679  557.1772  557.2866  557.3960  557.5053  557.6147  557.7240  557.8334  557.9427  558.0521  558.1615  558.2708  558.3802  558.4895  558.5989  558.7083  558.8176  558.9270  559.0363  559.1457  559.2550

  列 5,116 至 5,146

  559.3644  559.4738  559.5831  559.6925  559.8018  559.9112  560.0205  560.1299  560.2393  560.3486  560.4580  560.5673  560.6767  560.7860  560.8954  561.0048  561.1141  561.2235  561.3328  561.4422  561.5516  561.6609  561.7703  561.8796  561.9890  562.0983  562.2077  562.3171  562.4264  562.5358  562.6451

  列 5,147 至 5,177

  562.7545  562.8638  562.9732  563.0826  563.1919  563.3013  563.4106  563.5200  563.6293  563.7387  563.8481  563.9574  564.0668  564.1761  564.2855  564.3949  564.5042  564.6136  564.7229  564.8323  564.9416  565.0510  565.1604  565.2697  565.3791  565.4884  565.5978  565.7071  565.8165  565.9259  566.0352

  列 5,178 至 5,208

  566.1446  566.2539  566.3633  566.4726  566.5820  566.6914  566.8007  566.9101  567.0194  567.1288  567.2381  567.3475  567.4569  567.5662  567.6756  567.7849  567.8943  568.0037  568.1130  568.2224  568.3317  568.4411  568.5504  568.6598  568.7692  568.8785  568.9879  569.0972  569.2066  569.3159  569.4253

  列 5,209 至 5,239

  569.5347  569.6440  569.7534  569.8627  569.9721  570.0814  570.1908  570.3002  570.4095  570.5189  570.6282  570.7376  570.8470  570.9563  571.0657  571.1750  571.2844  571.3937  571.5031  571.6125  571.7218  571.8312  571.9405  572.0499  572.1592  572.2686  572.3780  572.4873  572.5967  572.7060  572.8154

  列 5,240 至 5,270

  572.9247  573.0341  573.1435  573.2528  573.3622  573.4715  573.5809  573.6903  573.7996  573.9090  574.0183  574.1277  574.2370  574.3464  574.4558  574.5651  574.6745  574.7838  574.8932  575.0025  575.1119  575.2213  575.3306  575.4400  575.5493  575.6587  575.7680  575.8774  575.9868  576.0961  576.2055

  列 5,271 至 5,301

  576.3148  576.4242  576.5336  576.6429  576.7523  576.8616  576.9710  577.0803  577.1897  577.2991  577.4084  577.5178  577.6271  577.7365  577.8458  577.9552  578.0646  578.1739  578.2833  578.3926  578.5020  578.6113  578.7207  578.8301  578.9394  579.0488  579.1581  579.2675  579.3768  579.4862  579.5956

  列 5,302 至 5,332

  579.7049  579.8143  579.9236  580.0330  580.1424  580.2517  580.3611  580.4704  580.5798  580.6891  580.7985  580.9079  581.0172  581.1266  581.2359  581.3453  581.4546  581.5640  581.6734  581.7827  581.8921  582.0014  582.1108  582.2201  582.3295  582.4389  582.5482  582.6576  582.7669  582.8763  582.9857

  列 5,333 至 5,363

  583.0950  583.2044  583.3137  583.4231  583.5324  583.6418  583.7512  583.8605  583.9699  584.0792  584.1886  584.2979  584.4073  584.5167  584.6260  584.7354  584.8447  584.9541  585.0634  585.1728  585.2822  585.3915  585.5009  585.6102  585.7196  585.8290  585.9383  586.0477  586.1570  586.2664  586.3757

  列 5,364 至 5,394

  586.4851  586.5945  586.7038  586.8132  586.9225  587.0319  587.1412  587.2506  587.3600  587.4693  587.5787  587.6880  587.7974  587.9067  588.0161  588.1255  588.2348  588.3442  588.4535  588.5629  588.6722  588.7816  588.8910  589.0003  589.1097  589.2190  589.3284  589.4378  589.5471  589.6565  589.7658

  列 5,395 至 5,425

  589.8752  589.9845  590.0939  590.2033  590.3126  590.4220  590.5313  590.6407  590.7500  590.8594  590.9688  591.0781  591.1875  591.2968  591.4062  591.5155  591.6249  591.7343  591.8436  591.9530  592.0623  592.1717  592.2811  592.3904  592.4998  592.6091  592.7185  592.8278  592.9372  593.0466  593.1559

  列 5,426 至 5,456

  593.2653  593.3746  593.4840  593.5933  593.7027  593.8121  593.9214  594.0308  594.1401  594.2495  594.3588  594.4682  594.5776  594.6869  594.7963  594.9056  595.0150  595.1244  595.2337  595.3431  595.4524  595.5618  595.6711  595.7805  595.8899  595.9992  596.1086  596.2179  596.3273  596.4366  596.5460

  列 5,457 至 5,487

  596.6554  596.7647  596.8741  596.9834  597.0928  597.2021  597.3115  597.4209  597.5302  597.6396  597.7489  597.8583  597.9677  598.0770  598.1864  598.2957  598.4051  598.5144  598.6238  598.7332  598.8425  598.9519  599.0612  599.1706  599.2799  599.3893  599.4987  599.6080  599.7174  599.8267  599.9361

  列 5,488 至 5,518

  600.0454  600.1548  600.2642  600.3735  600.4829  600.5922  600.7016  600.8109  600.9203  601.0297  601.1390  601.2484  601.3577  601.4671  601.5765  601.6858  601.7952  601.9045  602.0139  602.1232  602.2326  602.3420  602.4513  602.5607  602.6700  602.7794  602.8887  602.9981  603.1075  603.2168  603.3262

  列 5,519 至 5,549

  603.4355  603.5449  603.6542  603.7636  603.8730  603.9823  604.0917  604.2010  604.3104  604.4198  604.5291  604.6385  604.7478  604.8572  604.9665  605.0759  605.1853  605.2946  605.4040  605.5133  605.6227  605.7320  605.8414  605.9508  606.0601  606.1695  606.2788  606.3882  606.4975  606.6069  606.7163

  列 5,550 至 5,580

  606.8256  606.9350  607.0443  607.1537  607.2631  607.3724  607.4818  607.5911  607.7005  607.8098  607.9192  608.0286  608.1379  608.2473  608.3566  608.4660  608.5753  608.6847  608.7941  608.9034  609.0128  609.1221  609.2315  609.3408  609.4502  609.5596  609.6689  609.7783  609.8876  609.9970  610.1064

  列 5,581 至 5,611

  610.2157  610.3251  610.4344  610.5438  610.6531  610.7625  610.8719  610.9812  611.0906  611.1999  611.3093  611.4186  611.5280  611.6374  611.7467  611.8561  611.9654  612.0748  612.1841  612.2935  612.4029  612.5122  612.6216  612.7309  612.8403  612.9496  613.0590  613.1684  613.2777  613.3871  613.4964

  列 5,612 至 5,642

  613.6058  613.7152  613.8245  613.9339  614.0432  614.1526  614.2619  614.3713  614.4807  614.5900  614.6994  614.8087  614.9181  615.0274  615.1368  615.2462  615.3555  615.4649  615.5742  615.6836  615.7929  615.9023  616.0117  616.1210  616.2304  616.3397  616.4491  616.5585  616.6678  616.7772  616.8865

  列 5,643 至 5,673

  616.9959  617.1052  617.2146  617.3240  617.4333  617.5427  617.6520  617.7614  617.8707  617.9801  618.0895  618.1988  618.3082  618.4175  618.5269  618.6362  618.7456  618.8550  618.9643  619.0737  619.1830  619.2924  619.4018  619.5111  619.6205  619.7298  619.8392  619.9485  620.0579  620.1673  620.2766

  列 5,674 至 5,704

  620.3860  620.4953  620.6047  620.7140  620.8234  620.9328  621.0421  621.1515  621.2608  621.3702  621.4795  621.5889  621.6983  621.8076  621.9170  622.0263  622.1357  622.2450  622.3544  622.4638  622.5731  622.6825  622.7918  622.9012  623.0106  623.1199  623.2293  623.3386  623.4480  623.5573  623.6667

  列 5,705 至 5,735

  623.7761  623.8854  623.9948  624.1041  624.2135  624.3228  624.4322  624.5416  624.6509  624.7603  624.8696  624.9790  625.0883  625.1977  625.3071  625.4164  625.5258  625.6351  625.7445  625.8539  625.9632  626.0726  626.1819  626.2913  626.4006  626.5100  626.6194  626.7287  626.8381  626.9474  627.0568

  列 5,736 至 5,766

  627.1661  627.2755  627.3849  627.4942  627.6036  627.7129  627.8223  627.9316  628.0410  628.1504  628.2597  628.3691  628.4784  628.5878  628.6972  628.8065  628.9159  629.0252  629.1346  629.2439  629.3533  629.4627  629.5720  629.6814  629.7907  629.9001  630.0094  630.1188  630.2282  630.3375  630.4469

  列 5,767 至 5,797

  630.5562  630.6656  630.7749  630.8843  630.9937  631.1030  631.2124  631.3217  631.4311  631.5405  631.6498  631.7592  631.8685  631.9779  632.0872  632.1966  632.3060  632.4153  632.5247  632.6340  632.7434  632.8527  632.9621  633.0715  633.1808  633.2902  633.3995  633.5089  633.6182  633.7276  633.8370

  列 5,798 至 5,828

  633.9463  634.0557  634.1650  634.2744  634.3837  634.4931  634.6025  634.7118  634.8212  634.9305  635.0399  635.1493  635.2586  635.3680  635.4773  635.5867  635.6960  635.8054  635.9148  636.0241  636.1335  636.2428  636.3522  636.4615  636.5709  636.6803  636.7896  636.8990  637.0083  637.1177  637.2270

  列 5,829 至 5,859

  637.3364  637.4458  637.5551  637.6645  637.7738  637.8832  637.9926  638.1019  638.2113  638.3206  638.4300  638.5393  638.6487  638.7581  638.8674  638.9768  639.0861  639.1955  639.3048  639.4142  639.5236  639.6329  639.7423  639.8516  639.9610  640.0703  640.1797  640.2891  640.3984  640.5078  640.6171

  列 5,860 至 5,890

  640.7265  640.8359  640.9452  641.0546  641.1639  641.2733  641.3826  641.4920  641.6014  641.7107  641.8201  641.9294  642.0388  642.1481  642.2575  642.3669  642.4762  642.5856  642.6949  642.8043  642.9136  643.0230  643.1324  643.2417  643.3511  643.4604  643.5698  643.6791  643.7885  643.8979  644.0072

  列 5,891 至 5,921

  644.1166  644.2259  644.3353  644.4447  644.5540  644.6634  644.7727  644.8821  644.9914  645.1008  645.2102  645.3195  645.4289  645.5382  645.6476  645.7569  645.8663  645.9757  646.0850  646.1944  646.3037  646.4131  646.5224  646.6318  646.7412  646.8505  646.9599  647.0692  647.1786  647.2880  647.3973

  列 5,922 至 5,952

  647.5067  647.6160  647.7254  647.8347  647.9441  648.0535  648.1628  648.2722  648.3815  648.4909  648.6002  648.7096  648.8190  648.9283  649.0377  649.1470  649.2564  649.3657  649.4751  649.5845  649.6938  649.8032  649.9125  650.0219  650.1313  650.2406  650.3500  650.4593  650.5687  650.6780  650.7874

  列 5,953 至 5,983

  650.8968  651.0061  651.1155  651.2248  651.3342  651.4435  651.5529  651.6623  651.7716  651.8810  651.9903  652.0997  652.2090  652.3184  652.4278  652.5371  652.6465  652.7558  652.8652  652.9746  653.0839  653.1933  653.3026  653.4120  653.5213  653.6307  653.7401  653.8494  653.9588  654.0681  654.1775

  列 5,984 至 6,014

  654.2868  654.3962  654.5056  654.6149  654.7243  654.8336  654.9430  655.0523  655.1617  655.2711  655.3804  655.4898  655.5991  655.7085  655.8178  655.9272  656.0366  656.1459  656.2553  656.3646  656.4740  656.5834  656.6927  656.8021  656.9114  657.0208  657.1301  657.2395  657.3489  657.4582  657.5676

  列 6,015 至 6,045

  657.6769  657.7863  657.8956  658.0050  658.1144  658.2237  658.3331  658.4424  658.5518  658.6611  658.7705  658.8799  658.9892  659.0986  659.2079  659.3173  659.4267  659.5360  659.6454  659.7547  659.8641  659.9734  660.0828  660.1922  660.3015  660.4109  660.5202  660.6296  660.7389  660.8483  660.9577

  列 6,046 至 6,076

  661.0670  661.1764  661.2857  661.3951  661.5044  661.6138  661.7232  661.8325  661.9419  662.0512  662.1606  662.2700  662.3793  662.4887  662.5980  662.7074  662.8167  662.9261  663.0355  663.1448  663.2542  663.3635  663.4729  663.5822  663.6916  663.8010  663.9103  664.0197  664.1290  664.2384  664.3477

  列 6,077 至 6,107

  664.4571  664.5665  664.6758  664.7852  664.8945  665.0039  665.1132  665.2226  665.3320  665.4413  665.5507  665.6600  665.7694  665.8788  665.9881  666.0975  666.2068  666.3162  666.4255  666.5349  666.6443  666.7536  666.8630  666.9723  667.0817  667.1910  667.3004  667.4098  667.5191  667.6285  667.7378

  列 6,108 至 6,138

  667.8472  667.9565  668.0659  668.1753  668.2846  668.3940  668.5033  668.6127  668.7221  668.8314  668.9408  669.0501  669.1595  669.2688  669.3782  669.4876  669.5969  669.7063  669.8156  669.9250  670.0343  670.1437  670.2531  670.3624  670.4718  670.5811  670.6905  670.7998  670.9092  671.0186  671.1279

  列 6,139 至 6,169

  671.2373  671.3466  671.4560  671.5654  671.6747  671.7841  671.8934  672.0028  672.1121  672.2215  672.3309  672.4402  672.5496  672.6589  672.7683  672.8776  672.9870  673.0964  673.2057  673.3151  673.4244  673.5338  673.6431  673.7525  673.8619  673.9712  674.0806  674.1899  674.2993  674.4087  674.5180

  列 6,170 至 6,200

  674.6274  674.7367  674.8461  674.9554  675.0648  675.1742  675.2835  675.3929  675.5022  675.6116  675.7209  675.8303  675.9397  676.0490  676.1584  676.2677  676.3771  676.4864  676.5958  676.7052  676.8145  676.9239  677.0332  677.1426  677.2519  677.3613  677.4707  677.5800  677.6894  677.7987  677.9081

  列 6,201 至 6,231

  678.0175  678.1268  678.2362  678.3455  678.4549  678.5642  678.6736  678.7830  678.8923  679.0017  679.1110  679.2204  679.3297  679.4391  679.5485  679.6578  679.7672  679.8765  679.9859  680.0952  680.2046  680.3140  680.4233  680.5327  680.6420  680.7514  680.8608  680.9701  681.0795  681.1888  681.2982

  列 6,232 至 6,262

  681.4075  681.5169  681.6263  681.7356  681.8450  681.9543  682.0637  682.1730  682.2824  682.3918  682.5011  682.6105  682.7198  682.8292  682.9385  683.0479  683.1573  683.2666  683.3760  683.4853  683.5947  683.7041  683.8134  683.9228  684.0321  684.1415  684.2508  684.3602  684.4696  684.5789  684.6883

  列 6,263 至 6,293

  684.7976  684.9070  685.0163  685.1257  685.2351  685.3444  685.4538  685.5631  685.6725  685.7818  685.8912  686.0006  686.1099  686.2193  686.3286  686.4380  686.5473  686.6567  686.7661  686.8754  686.9848  687.0941  687.2035  687.3129  687.4222  687.5316  687.6409  687.7503  687.8596  687.9690  688.0784

  列 6,294 至 6,324

  688.1877  688.2971  688.4064  688.5158  688.6251  688.7345  688.8439  688.9532  689.0626  689.1719  689.2813  689.3906  689.5000  689.6094  689.7187  689.8281  689.9374  690.0468  690.1562  690.2655  690.3749  690.4842  690.5936  690.7029  690.8123  690.9217  691.0310  691.1404  691.2497  691.3591  691.4684

  列 6,325 至 6,355

  691.5778  691.6872  691.7965  691.9059  692.0152  692.1246  692.2339  692.3433  692.4527  692.5620  692.6714  692.7807  692.8901  692.9995  693.1088  693.2182  693.3275  693.4369  693.5462  693.6556  693.7650  693.8743  693.9837  694.0930  694.2024  694.3117  694.4211  694.5305  694.6398  694.7492  694.8585

  列 6,356 至 6,386

  694.9679  695.0772  695.1866  695.2960  695.4053  695.5147  695.6240  695.7334  695.8428  695.9521  696.0615  696.1708  696.2802  696.3895  696.4989  696.6083  696.7176  696.8270  696.9363  697.0457  697.1550  697.2644  697.3738  697.4831  697.5925  697.7018  697.8112  697.9205  698.0299  698.1393  698.2486

  列 6,387 至 6,417

  698.3580  698.4673  698.5767  698.6860  698.7954  698.9048  699.0141  699.1235  699.2328  699.3422  699.4516  699.5609  699.6703  699.7796  699.8890  699.9983  700.1077  700.2171  700.3264  700.4358  700.5451  700.6545  700.7638  700.8732  700.9826  701.0919  701.2013  701.3106  701.4200  701.5293  701.6387

  列 6,418 至 6,448

  701.7481  701.8574  701.9668  702.0761  702.1855  702.2949  702.4042  702.5136  702.6229  702.7323  702.8416  702.9510  703.0604  703.1697  703.2791  703.3884  703.4978  703.6071  703.7165  703.8259  703.9352  704.0446  704.1539  704.2633  704.3726  704.4820  704.5914  704.7007  704.8101  704.9194  705.0288

  列 6,449 至 6,479

  705.1382  705.2475  705.3569  705.4662  705.5756  705.6849  705.7943  705.9037  706.0130  706.1224  706.2317  706.3411  706.4504  706.5598  706.6692  706.7785  706.8879  706.9972  707.1066  707.2159  707.3253  707.4347  707.5440  707.6534  707.7627  707.8721  707.9815  708.0908  708.2002  708.3095  708.4189

  列 6,480 至 6,510

  708.5282  708.6376  708.7470  708.8563  708.9657  709.0750  709.1844  709.2937  709.4031  709.5125  709.6218  709.7312  709.8405  709.9499  710.0592  710.1686  710.2780  710.3873  710.4967  710.6060  710.7154  710.8247  710.9341  711.0435  711.1528  711.2622  711.3715  711.4809  711.5903  711.6996  711.8090

  列 6,511 至 6,541

  711.9183  712.0277  712.1370  712.2464  712.3558  712.4651  712.5745  712.6838  712.7932  712.9025  713.0119  713.1213  713.2306  713.3400  713.4493  713.5587  713.6680  713.7774  713.8868  713.9961  714.1055  714.2148  714.3242  714.4336  714.5429  714.6523  714.7616  714.8710  714.9803  715.0897  715.1991

  列 6,542 至 6,572

  715.3084  715.4178  715.5271  715.6365  715.7458  715.8552  715.9646  716.0739  716.1833  716.2926  716.4020  716.5113  716.6207  716.7301  716.8394  716.9488  717.0581  717.1675  717.2769  717.3862  717.4956  717.6049  717.7143  717.8236  717.9330  718.0424  718.1517  718.2611  718.3704  718.4798  718.5891

  列 6,573 至 6,603

  718.6985  718.8079  718.9172  719.0266  719.1359  719.2453  719.3546  719.4640  719.5734  719.6827  719.7921  719.9014  720.0108  720.1201  720.2295  720.3389  720.4482  720.5576  720.6669  720.7763  720.8857  720.9950  721.1044  721.2137  721.3231  721.4324  721.5418  721.6512  721.7605  721.8699  721.9792

  列 6,604 至 6,634

  722.0886  722.1979  722.3073  722.4167  722.5260  722.6354  722.7447  722.8541  722.9634  723.0728  723.1822  723.2915  723.4009  723.5102  723.6196  723.7290  723.8383  723.9477  724.0570  724.1664  724.2757  724.3851  724.4945  724.6038  724.7132  724.8225  724.9319  725.0412  725.1506  725.2600  725.3693

  列 6,635 至 6,665

  725.4787  725.5880  725.6974  725.8067  725.9161  726.0255  726.1348  726.2442  726.3535  726.4629  726.5723  726.6816  726.7910  726.9003  727.0097  727.1190  727.2284  727.3378  727.4471  727.5565  727.6658  727.7752  727.8845  727.9939  728.1033  728.2126  728.3220  728.4313  728.5407  728.6500  728.7594

  列 6,666 至 6,696

  728.8688  728.9781  729.0875  729.1968  729.3062  729.4156  729.5249  729.6343  729.7436  729.8530  729.9623  730.0717  730.1811  730.2904  730.3998  730.5091  730.6185  730.7278  730.8372  730.9466  731.0559  731.1653  731.2746  731.3840  731.4933  731.6027  731.7121  731.8214  731.9308  732.0401  732.1495

  列 6,697 至 6,727

  732.2588  732.3682  732.4776  732.5869  732.6963  732.8056  732.9150  733.0244  733.1337  733.2431  733.3524  733.4618  733.5711  733.6805  733.7899  733.8992  734.0086  734.1179  734.2273  734.3366  734.4460  734.5554  734.6647  734.7741  734.8834  734.9928  735.1021  735.2115  735.3209  735.4302  735.5396

  列 6,728 至 6,758

  735.6489  735.7583  735.8677  735.9770  736.0864  736.1957  736.3051  736.4144  736.5238  736.6332  736.7425  736.8519  736.9612  737.0706  737.1799  737.2893  737.3987  737.5080  737.6174  737.7267  737.8361  737.9454  738.0548  738.1642  738.2735  738.3829  738.4922  738.6016  738.7110  738.8203  738.9297

  列 6,759 至 6,789

  739.0390  739.1484  739.2577  739.3671  739.4765  739.5858  739.6952  739.8045  739.9139  740.0232  740.1326  740.2420  740.3513  740.4607  740.5700  740.6794  740.7887  740.8981  741.0075  741.1168  741.2262  741.3355  741.4449  741.5542  741.6636  741.7730  741.8823  741.9917  742.1010  742.2104  742.3198

  列 6,790 至 6,820

  742.4291  742.5385  742.6478  742.7572  742.8665  742.9759  743.0853  743.1946  743.3040  743.4133  743.5227  743.6320  743.7414  743.8508  743.9601  744.0695  744.1788  744.2882  744.3975  744.5069  744.6163  744.7256  744.8350  744.9443  745.0537  745.1631  745.2724  745.3818  745.4911  745.6005  745.7098

  列 6,821 至 6,851

  745.8192  745.9286  746.0379  746.1473  746.2566  746.3660  746.4753  746.5847  746.6941  746.8034  746.9128  747.0221  747.1315  747.2408  747.3502  747.4596  747.5689  747.6783  747.7876  747.8970  748.0064  748.1157  748.2251  748.3344  748.4438  748.5531  748.6625  748.7719  748.8812  748.9906  749.0999

  列 6,852 至 6,882

  749.2093  749.3186  749.4280  749.5374  749.6467  749.7561  749.8654  749.9748  750.0841  750.1935  750.3029  750.4122  750.5216  750.6309  750.7403  750.8497  750.9590  751.0684  751.1777  751.2871  751.3964  751.5058  751.6152  751.7245  751.8339  751.9432  752.0526  752.1619  752.2713  752.3807  752.4900

  列 6,883 至 6,913

  752.5994  752.7087  752.8181  752.9274  753.0368  753.1462  753.2555  753.3649  753.4742  753.5836  753.6929  753.8023  753.9117  754.0210  754.1304  754.2397  754.3491  754.4585  754.5678  754.6772  754.7865  754.8959  755.0052  755.1146  755.2240  755.3333  755.4427  755.5520  755.6614  755.7707  755.8801

  列 6,914 至 6,944

  755.9895  756.0988  756.2082  756.3175  756.4269  756.5362  756.6456  756.7550  756.8643  756.9737  757.0830  757.1924  757.3018  757.4111  757.5205  757.6298  757.7392  757.8485  757.9579  758.0673  758.1766  758.2860  758.3953  758.5047  758.6140  758.7234  758.8328  758.9421  759.0515  759.1608  759.2702

  列 6,945 至 6,975

  759.3795  759.4889  759.5983  759.7076  759.8170  759.9263  760.0357  760.1451  760.2544  760.3638  760.4731  760.5825  760.6918  760.8012  760.9106  761.0199  761.1293  761.2386  761.3480  761.4573  761.5667  761.6761  761.7854  761.8948  762.0041  762.1135  762.2228  762.3322  762.4416  762.5509  762.6603

  列 6,976 至 7,006

  762.7696  762.8790  762.9883  763.0977  763.2071  763.3164  763.4258  763.5351  763.6445  763.7539  763.8632  763.9726  764.0819  764.1913  764.3006  764.4100  764.5194  764.6287  764.7381  764.8474  764.9568  765.0661  765.1755  765.2849  765.3942  765.5036  765.6129  765.7223  765.8316  765.9410  766.0504

  列 7,007 至 7,037

  766.1597  766.2691  766.3784  766.4878  766.5972  766.7065  766.8159  766.9252  767.0346  767.1439  767.2533  767.3627  767.4720  767.5814  767.6907  767.8001  767.9094  768.0188  768.1282  768.2375  768.3469  768.4562  768.5656  768.6749  768.7843  768.8937  769.0030  769.1124  769.2217  769.3311  769.4405

  列 7,038 至 7,068

  769.5498  769.6592  769.7685  769.8779  769.9872  770.0966  770.2060  770.3153  770.4247  770.5340  770.6434  770.7527  770.8621  770.9715  771.0808  771.1902  771.2995  771.4089  771.5182  771.6276  771.7370  771.8463  771.9557  772.0650  772.1744  772.2838  772.3931  772.5025  772.6118  772.7212  772.8305

  列 7,069 至 7,099

  772.9399  773.0493  773.1586  773.2680  773.3773  773.4867  773.5960  773.7054  773.8148  773.9241  774.0335  774.1428  774.2522  774.3615  774.4709  774.5803  774.6896  774.7990  774.9083  775.0177  775.1270  775.2364  775.3458  775.4551  775.5645  775.6738  775.7832  775.8926  776.0019  776.1113  776.2206

  列 7,100 至 7,130

  776.3300  776.4393  776.5487  776.6581  776.7674  776.8768  776.9861  777.0955  777.2048  777.3142  777.4236  777.5329  777.6423  777.7516  777.8610  777.9703  778.0797  778.1891  778.2984  778.4078  778.5171  778.6265  778.7359  778.8452  778.9546  779.0639  779.1733  779.2826  779.3920  779.5014  779.6107

  列 7,131 至 7,161

  779.7201  779.8294  779.9388  780.0481  780.1575  780.2669  780.3762  780.4856  780.5949  780.7043  780.8136  780.9230  781.0324  781.1417  781.2511  781.3604  781.4698  781.5792  781.6885  781.7979  781.9072  782.0166  782.1259  782.2353  782.3447  782.4540  782.5634  782.6727  782.7821  782.8914  783.0008

  列 7,162 至 7,192

  783.1102  783.2195  783.3289  783.4382  783.5476  783.6569  783.7663  783.8757  783.9850  784.0944  784.2037  784.3131  784.4225  784.5318  784.6412  784.7505  784.8599  784.9692  785.0786  785.1880  785.2973  785.4067  785.5160  785.6254  785.7347  785.8441  785.9535  786.0628  786.1722  786.2815  786.3909

  列 7,193 至 7,223

  786.5002  786.6096  786.7190  786.8283  786.9377  787.0470  787.1564  787.2657  787.3751  787.4845  787.5938  787.7032  787.8125  787.9219  788.0313  788.1406  788.2500  788.3593  788.4687  788.5780  788.6874  788.7968  788.9061  789.0155  789.1248  789.2342  789.3435  789.4529  789.5623  789.6716  789.7810

  列 7,224 至 7,254

  789.8903  789.9997  790.1090  790.2184  790.3278  790.4371  790.5465  790.6558  790.7652  790.8746  790.9839  791.0933  791.2026  791.3120  791.4213  791.5307  791.6401  791.7494  791.8588  791.9681  792.0775  792.1868  792.2962  792.4056  792.5149  792.6243  792.7336  792.8430  792.9523  793.0617  793.1711

  列 7,255 至 7,285

  793.2804  793.3898  793.4991  793.6085  793.7179  793.8272  793.9366  794.0459  794.1553  794.2646  794.3740  794.4834  794.5927  794.7021  794.8114  794.9208  795.0301  795.1395  795.2489  795.3582  795.4676  795.5769  795.6863  795.7956  795.9050  796.0144  796.1237  796.2331  796.3424  796.4518  796.5611

  列 7,286 至 7,316

  796.6705  796.7799  796.8892  796.9986  797.1079  797.2173  797.3267  797.4360  797.5454  797.6547  797.7641  797.8734  797.9828  798.0922  798.2015  798.3109  798.4202  798.5296  798.6389  798.7483  798.8577  798.9670  799.0764  799.1857  799.2951  799.4044  799.5138  799.6232  799.7325  799.8419  799.9512

  列 7,317 至 7,347

  800.0606  800.1700  800.2793  800.3887  800.4980  800.6074  800.7167  800.8261  800.9355  801.0448  801.1542  801.2635  801.3729  801.4822  801.5916  801.7010  801.8103  801.9197  802.0290  802.1384  802.2477  802.3571  802.4665  802.5758  802.6852  802.7945  802.9039  803.0133  803.1226  803.2320  803.3413

  列 7,348 至 7,378

  803.4507  803.5600  803.6694  803.7788  803.8881  803.9975  804.1068  804.2162  804.3255  804.4349  804.5443  804.6536  804.7630  804.8723  804.9817  805.0910  805.2004  805.3098  805.4191  805.5285  805.6378  805.7472  805.8566  805.9659  806.0753  806.1846  806.2940  806.4033  806.5127  806.6221  806.7314

  列 7,379 至 7,409

  806.8408  806.9501  807.0595  807.1688  807.2782  807.3876  807.4969  807.6063  807.7156  807.8250  807.9343  808.0437  808.1531  808.2624  808.3718  808.4811  808.5905  808.6998  808.8092  808.9186  809.0279  809.1373  809.2466  809.3560  809.4654  809.5747  809.6841  809.7934  809.9028  810.0121  810.1215

  列 7,410 至 7,440

  810.2309  810.3402  810.4496  810.5589  810.6683  810.7776  810.8870  810.9964  811.1057  811.2151  811.3244  811.4338  811.5431  811.6525  811.7619  811.8712  811.9806  812.0899  812.1993  812.3087  812.4180  812.5274  812.6367  812.7461  812.8554  812.9648  813.0742  813.1835  813.2929  813.4022  813.5116

  列 7,441 至 7,471

  813.6209  813.7303  813.8397  813.9490  814.0584  814.1677  814.2771  814.3864  814.4958  814.6052  814.7145  814.8239  814.9332  815.0426  815.1520  815.2613  815.3707  815.4800  815.5894  815.6987  815.8081  815.9175  816.0268  816.1362  816.2455  816.3549  816.4642  816.5736  816.6830  816.7923  816.9017

  列 7,472 至 7,502

  817.0110  817.1204  817.2297  817.3391  817.4485  817.5578  817.6672  817.7765  817.8859  817.9952  818.1046  818.2140  818.3233  818.4327  818.5420  818.6514  818.7608  818.8701  818.9795  819.0888  819.1982  819.3075  819.4169  819.5263  819.6356  819.7450  819.8543  819.9637  820.0730  820.1824  820.2918

  列 7,503 至 7,533

  820.4011  820.5105  820.6198  820.7292  820.8385  820.9479  821.0573  821.1666  821.2760  821.3853  821.4947  821.6041  821.7134  821.8228  821.9321  822.0415  822.1508  822.2602  822.3696  822.4789  822.5883  822.6976  822.8070  822.9163  823.0257  823.1351  823.2444  823.3538  823.4631  823.5725  823.6818

  列 7,534 至 7,561

  823.7912  823.9006  824.0099  824.1193  824.2286  824.3380  824.4474  824.5567  824.6661  824.7754  824.8848  824.9941  825.1035  825.2129  825.3222  825.4316  825.5409  825.6503  825.7596  825.8690  825.9784  826.0877  826.1971  826.3064  826.4158  826.5251  826.6345  826.7439

if system_dependent('IsDebugMode')==1, dbquit; end
