The time spent in the parallel computing activating process is 0.000197s.
-----
No.1	 toolpath 535.073516	[r = 600.000000] is calculated within 0.025376s.
-----
initial linear search begins: 
No.	x	f(x)0	568.344755	1.379614
1	568.977860	1.375477
2	569.610965	1.371338
3	570.244069	1.367199
4	570.877174	1.363059
5	571.510279	1.358918
6	572.143384	1.354776
7	572.776489	1.311988
8	573.409594	1.217526
9	574.042699	1.115257
10	574.675804	1.014420
11	575.308909	0.921163
12	575.942014	0.837003
13	576.575118	0.764926
14	577.208223	0.745121
15	577.841328	0.742733
16	578.474433	0.743185
17	579.107538	0.745167
18	579.740643	0.746189
19	580.373748	0.747212
20	581.006853	0.748236
21	581.639958	0.747346
22	582.273063	0.726004
23	582.906168	0.717422
24	583.539272	0.688764
25	584.172377	0.674847
26	584.805482	0.693910
27	585.438587	0.713144
28	586.071692	0.711645
29	586.704797	0.709250
30	587.337902	0.706855
31	587.971007	0.704393
32	588.604112	0.658126
33	589.237217	0.563051
34	589.870322	0.410563
35	590.503426	0.211988
36	591.136531	0.211160
37	591.769636	0.210332
38	592.402741	0.209503
39	593.035846	0.208675
40	593.668951	0.207846
41	594.302056	0.207018
42	594.935161	0.206189
43	595.568266	0.195844
44	596.201371	0.103481
45	596.834475	-0.055170
No.2	 toolpath 531.709152	[r = 596.635637] is calculated within 11.121070s.
-----
initial linear search begins: 
No.	x	f(x)0	564.943800	1.424025
1	565.577637	1.419888
2	566.211474	1.415750
3	566.845310	1.411612
4	567.479147	1.407472
5	568.112984	1.403331
6	568.746821	1.393568
7	569.380657	1.313361
8	570.014494	1.212106
9	570.648331	1.106116
10	571.282168	1.004577
11	571.916004	0.907994
12	572.549841	0.822709
13	573.183678	0.773069
14	573.817514	0.770682
15	574.451351	0.768293
16	575.085188	0.765904
17	575.719025	0.763515
18	576.352861	0.761126
19	576.986698	0.758736
20	577.620535	0.756345
21	578.254372	0.753954
22	578.888208	0.748782
23	579.522045	0.710417
24	580.155882	0.674348
25	580.789719	0.662748
26	581.423555	0.685858
27	582.057392	0.710317
28	582.691229	0.730918
29	583.325066	0.734807
30	583.958902	0.732411
31	584.592739	0.716014
32	585.226576	0.663518
33	585.860412	0.569109
34	586.494249	0.418103
35	587.128086	0.220824
36	587.761923	0.219994
37	588.395759	0.219164
38	589.029596	0.218334
39	589.663433	0.217504
40	590.297270	0.216674
41	590.931106	0.215844
42	591.564943	0.215014
43	592.198780	0.202384
44	592.832617	0.107988
45	593.466453	-0.052282
No.3	 toolpath 528.351759	[r = 593.278243] is calculated within 10.768569s.
-----
initial linear search begins: 
No.	x	f(x)0	561.550137	1.468289
1	562.184699	1.464152
2	562.819261	1.460014
3	563.453823	1.455875
4	564.088385	1.451736
5	564.722947	1.447596
6	565.357509	1.406460
7	565.992072	1.310293
8	566.626634	1.203370
9	567.261196	1.096034
10	567.895758	0.991962
11	568.530320	0.895529
12	569.164882	0.809121
13	569.799444	0.798548
14	570.434006	0.796161
15	571.068568	0.793772
16	571.703131	0.791384
17	572.337693	0.788994
18	572.972255	0.786604
19	573.606817	0.784213
20	574.241379	0.781822
21	574.875941	0.779431
22	575.510503	0.747581
23	576.145065	0.698625
24	576.779628	0.658949
25	577.414190	0.651185
26	578.048752	0.677205
27	578.683314	0.703834
28	579.317876	0.725452
29	579.952438	0.735705
30	580.587000	0.736262
31	581.221562	0.716776
32	581.856124	0.666514
33	582.490687	0.574388
34	583.125249	0.424992
35	583.759811	0.229649
36	584.394373	0.228818
37	585.028935	0.227986
38	585.663497	0.227154
39	586.298059	0.226322
40	586.932621	0.225491
41	587.567183	0.224659
42	588.201746	0.223827
43	588.836308	0.209465
44	589.470870	0.111396
45	590.105432	-0.050306
No.4	 toolpath 525.001275	[r = 589.927758] is calculated within 10.562586s.
-----
initial linear search begins: 
No.	x	f(x)0	558.163703	1.512406
1	558.798984	1.508269
2	559.434266	1.504132
3	560.069547	1.499993
4	560.704828	1.495854
5	561.340109	1.487694
6	561.975390	1.407634
7	562.610671	1.303487
8	563.245952	1.194027
9	563.881233	1.084998
10	564.516514	0.980601
11	565.151795	0.883396
12	565.787077	0.826336
13	566.422358	0.823948
14	567.057639	0.821560
15	567.692920	0.819171
16	568.328201	0.816782
17	568.963482	0.814392
18	569.598763	0.812002
19	570.234044	0.809612
20	570.869325	0.807221
21	571.504606	0.793369
22	572.139888	0.739340
23	572.775169	0.685010
24	573.410450	0.642785
25	574.045731	0.640545
26	574.681012	0.668919
27	575.316293	0.697247
28	575.951574	0.718355
29	576.586855	0.724938
30	577.222136	0.726049
31	577.857417	0.713698
32	578.492699	0.666713
33	579.127980	0.577817
34	579.763261	0.431741
35	580.398542	0.238464
36	581.033823	0.237630
37	581.669104	0.236797
38	582.304385	0.235964
39	582.939666	0.235130
40	583.574947	0.234297
41	584.210228	0.233463
42	584.845510	0.232630
43	585.480791	0.215571
44	586.116072	0.115894
45	586.751353	-0.047727
No.5	 toolpath 521.657638	[r = 586.584123] is calculated within 10.624241s.
-----
initial linear search begins: 
No.	x	f(x)0	554.784435	1.556377
1	555.420429	1.552241
2	556.056423	1.548104
3	556.692416	1.543965
4	557.328410	1.539826
5	557.964404	1.499025
6	558.600398	1.403135
7	559.236391	1.295642
8	559.872385	1.183619
9	560.508379	1.072998
10	561.144373	0.967672
11	561.780366	0.870182
12	562.416360	0.851655
13	563.052354	0.849267
14	563.688348	0.846879
15	564.324341	0.844490
16	564.960335	0.842101
17	565.596329	0.839711
18	566.232323	0.837321
19	566.868316	0.834930
20	567.504310	0.832539
21	568.140304	0.790155
22	568.776298	0.727280
23	569.412291	0.669769
24	570.048285	0.626455
25	570.684279	0.630561
26	571.320273	0.660879
27	571.956266	0.689151
28	572.592260	0.709571
29	573.228254	0.714340
30	573.864248	0.715339
31	574.500241	0.708161
32	575.136235	0.667092
33	575.772229	0.580826
34	576.408223	0.437238
35	577.044216	0.247268
36	577.680210	0.246433
37	578.316204	0.245598
38	578.952198	0.244763
39	579.588191	0.243928
40	580.224185	0.243092
41	580.860179	0.242257
42	581.496173	0.241422
43	582.132166	0.222527
44	582.768160	0.118875
45	583.404154	-0.044631
No.6	 toolpath 518.320795	[r = 583.247279] is calculated within 10.745726s.
-----
initial linear search begins: 
No.	x	f(x)0	551.412272	1.600205
1	552.048972	1.596069
2	552.685673	1.591931
3	553.322373	1.587793
4	553.959073	1.577918
5	554.595773	1.499266
6	555.232473	1.395637
7	555.869173	1.284535
8	556.505873	1.172312
9	557.142574	1.060871
10	557.779274	0.954636
11	558.415974	0.879284
12	559.052674	0.876897
13	559.689374	0.874508
14	560.326074	0.872120
15	560.962774	0.869730
16	561.599474	0.867341
17	562.236175	0.864951
18	562.872875	0.862561
19	563.509575	0.860170
20	564.146275	0.844970
21	564.782975	0.781818
22	565.419675	0.714036
23	566.056375	0.653973
24	566.693076	0.607932
25	567.329776	0.621006
26	567.966476	0.653450
27	568.603176	0.681603
28	569.239876	0.700798
29	569.876576	0.703862
30	570.513276	0.704853
31	571.149976	0.701907
32	571.786677	0.664465
33	572.423377	0.582581
34	573.060077	0.443328
35	573.696777	0.256061
36	574.333477	0.255225
37	574.970177	0.254388
38	575.606877	0.253551
39	576.243578	0.252714
40	576.880278	0.251878
41	577.516978	0.251041
42	578.153678	0.250204
43	578.790378	0.228017
44	579.427078	0.122795
45	580.063778	-0.042272
No.7	 toolpath 514.990689	[r = 579.917173] is calculated within 10.611319s.
-----
initial linear search begins: 
No.	x	f(x)0	548.047158	1.643889
1	548.684559	1.639753
2	549.321959	1.635617
3	549.959359	1.631479
4	550.596760	1.588247
5	551.234160	1.493718
6	551.871560	1.385926
7	552.508960	1.273409
8	553.146361	1.159789
9	553.783761	1.048103
10	554.421161	0.942283
11	555.058562	0.904447
12	555.695962	0.902059
13	556.333362	0.899671
14	556.970762	0.897282
15	557.608163	0.894893
16	558.245563	0.892503
17	558.882963	0.890113
18	559.520364	0.887722
19	560.157764	0.885331
20	560.795164	0.843275
21	561.432565	0.770496
22	562.069965	0.698956
23	562.707365	0.652754
24	563.344765	0.590276
25	563.982166	0.612261
26	564.619566	0.645205
27	565.256966	0.674242
28	565.894367	0.691664
29	566.531767	0.693500
30	567.169167	0.694483
31	567.806567	0.693322
32	568.443968	0.661637
33	569.081368	0.583783
34	569.718768	0.448418
35	570.356169	0.264845
36	570.993569	0.264007
37	571.630969	0.263168
38	572.268370	0.262330
39	572.905770	0.261492
40	573.543170	0.260653
41	574.180570	0.259815
42	574.817971	0.258976
43	575.455371	0.233776
44	576.092771	0.126385
45	576.730172	-0.039639
No.8	 toolpath 511.665210	[r = 576.591695] is calculated within 10.583514s.
-----
initial linear search begins: 
No.	x	f(x)0	544.686959	1.684724
1	545.325054	1.680529
2	545.963149	1.676333
3	546.601243	1.665457
4	547.239338	1.585773
5	547.877433	1.484044
6	548.515527	1.374033
7	549.153622	1.261424
8	549.791717	1.146861
9	550.429812	1.035353
10	551.067906	0.931936
11	551.706001	0.929548
12	552.344096	0.927160
13	552.982191	0.924771
14	553.620285	0.922382
15	554.258380	0.919993
16	554.896475	0.917603
17	555.534569	0.915213
18	556.172664	0.912822
19	556.810759	0.901941
20	557.448854	0.835459
21	558.086948	0.757293
22	558.725043	0.683771
23	559.363138	0.649736
24	560.001232	0.575690
25	560.639327	0.603951
26	561.277422	0.637915
27	561.915517	0.666603
28	562.553611	0.682114
29	563.191706	0.683243
30	563.829801	0.684219
31	564.467896	0.685172
32	565.105990	0.658210
33	565.744085	0.584494
34	566.382180	0.453121
35	567.020274	0.273624
36	567.658369	0.272784
37	568.296464	0.271944
38	568.934559	0.271104
39	569.572653	0.270264
40	570.210748	0.269424
41	570.848843	0.268584
42	571.486937	0.267744
43	572.125032	0.240203
44	572.763127	0.129543
45	573.401222	-0.037267
No.9	 toolpath 508.346369	[r = 573.272853] is calculated within 11.235204s.
-----
initial linear search begins: 
No.	x	f(x)0	541.333701	1.728778
1	541.972484	1.724583
2	542.611267	1.712729
3	543.250050	1.637186
4	543.888833	1.539771
5	544.527616	1.431282
6	545.166400	1.319275
7	545.805183	1.204720
8	546.443966	1.133355
9	547.082749	1.021947
10	547.721532	0.956959
11	548.360315	0.954572
12	548.999098	0.952184
13	549.637881	0.949795
14	550.276664	0.947406
15	550.915447	0.945017
16	551.554230	0.942627
17	552.193013	0.940236
18	552.831796	0.937845
19	553.470579	0.903050
20	554.109362	0.824996
21	554.748145	0.742955
22	555.386928	0.667164
23	556.025711	0.646598
24	556.664494	0.580186
25	557.303277	0.596526
26	557.942060	0.630999
27	558.580843	0.659307
28	559.219626	0.672127
29	559.858409	0.673095
30	560.497192	0.674064
31	561.135975	0.676047
32	561.774758	0.653524
33	562.413541	0.584723
34	563.052325	0.457422
35	563.691108	0.282394
36	564.329891	0.281552
37	564.968674	0.280710
38	565.607457	0.279869
39	566.246240	0.279027
40	566.885023	0.278185
41	567.523806	0.277343
42	568.162589	0.276502
43	568.801372	0.245266
44	569.440155	0.133605
45	570.078938	-0.035473
No.10	 toolpath 505.029725	[r = 569.956210] is calculated within 10.678897s.
-----
initial linear search begins: 
No.	x	f(x)0	537.982900	1.772747
1	538.622366	1.768553
2	539.261833	1.716789
3	539.901299	1.628145
4	540.540765	1.526603
5	541.180231	1.417506
6	541.819697	1.305292
7	542.459164	1.191216
8	543.098630	1.077256
9	543.738096	0.982305
10	544.377562	0.979858
11	545.017028	0.977411
12	545.656494	0.974963
13	546.295961	0.974776
14	546.935427	0.972386
15	547.574893	0.969997
16	548.214359	0.967607
17	548.853825	0.965216
18	549.493292	0.960327
19	550.132758	0.896775
20	550.772224	0.812698
21	551.411690	0.727590
22	552.051156	0.656330
23	552.690623	0.643817
24	553.330089	0.583859
25	553.969555	0.589223
26	554.609021	0.625015
27	555.248487	0.651805
28	555.887954	0.662078
29	556.527420	0.663039
30	557.166886	0.664000
31	557.806352	0.664963
32	558.445818	0.648304
33	559.085284	0.583881
34	559.724751	0.460791
35	560.364217	0.291166
36	561.003683	0.290322
37	561.643149	0.289479
38	562.282615	0.288635
39	562.922082	0.287792
40	563.561548	0.286948
41	564.201014	0.286105
42	564.840480	0.285262
43	565.479946	0.250255
44	566.119413	0.136256
45	566.758879	-0.033416
No.11	 toolpath 501.717174	[r = 566.643658] is calculated within 10.635256s.
-----
initial linear search begins: 
No.	x	f(x)0	534.636467	1.816610
1	535.276611	1.786235
2	535.916755	1.707692
3	536.556898	1.614396
4	537.197042	1.511882
5	537.837186	1.403103
6	538.477330	1.290711
7	539.117474	1.176440
8	539.757618	1.063290
9	540.397761	1.007850
10	541.037905	1.005403
11	541.678049	1.002956
12	542.318193	1.000508
13	542.958337	0.998060
14	543.598480	0.995611
15	544.238624	0.993161
16	544.878768	0.990711
17	545.518912	0.988261
18	546.159056	0.965787
19	546.799200	0.887860
20	547.439343	0.798339
21	548.079487	0.711031
22	548.719631	0.646415
23	549.359775	0.638092
24	549.999919	0.586276
25	550.640063	0.582661
26	551.280206	0.617912
27	551.920350	0.644512
28	552.560494	0.652123
29	553.200638	0.653077
30	553.840782	0.654032
31	554.480925	0.655049
32	555.121069	0.643567
33	555.761213	0.583100
34	556.401357	0.464417
35	557.041501	0.299935
36	557.681645	0.299089
37	558.321788	0.298244
38	558.961932	0.297399
39	559.602076	0.296554
40	560.242220	0.295709
41	560.882364	0.294864
42	561.522508	0.294019
43	562.162651	0.255226
44	562.802795	0.138840
45	563.442939	-0.031026
No.12	 toolpath 498.408780	[r = 563.335265] is calculated within 10.643163s.
-----
initial linear search begins: 
No.	x	f(x)0	531.294468	1.844803
1	531.935283	1.777498
2	532.576099	1.693621
3	533.216915	1.598389
4	533.857731	1.495686
5	534.498547	1.387341
6	535.139363	1.274368
7	535.780179	1.161432
8	536.420995	1.049206
9	537.061811	1.033337
10	537.702627	1.030890
11	538.343443	1.028442
12	538.984259	1.025994
13	539.625075	1.023545
14	540.265891	1.021096
15	540.906707	1.018647
16	541.547523	1.016197
17	542.188339	1.004104
18	542.829155	0.931913
19	543.469971	0.841313
20	544.110787	0.749416
21	544.751603	0.663052
22	545.392419	0.636591
23	546.033234	0.622060
24	546.674050	0.587952
25	547.314866	0.576896
26	547.955682	0.612308
27	548.596498	0.636737
28	549.237314	0.642260
29	549.878130	0.643207
30	550.518946	0.644156
31	551.159762	0.645105
32	551.800578	0.636133
33	552.441394	0.581333
34	553.082210	0.467072
35	553.723026	0.308701
36	554.363842	0.307854
37	555.004658	0.307007
38	555.645474	0.306160
39	556.286290	0.305313
40	556.927106	0.304466
41	557.567922	0.303620
42	558.208738	0.302773
43	558.849554	0.260446
44	559.490370	0.141674
45	560.131186	-0.028532
No.13	 toolpath 495.104609	[r = 560.031094] is calculated within 10.629184s.
-----
initial linear search begins: 
No.	x	f(x)0	527.956964	1.835190
1	528.598446	1.761813
2	529.239929	1.675929
3	529.881412	1.580845
4	530.522894	1.478119
5	531.164377	1.370072
6	531.805859	1.258846
7	532.447342	1.146597
8	533.088825	1.061211
9	533.730307	1.058764
10	534.371790	1.056317
11	535.013272	1.053869
12	535.654755	1.051421
13	536.296238	1.048972
14	536.937720	1.046523
15	537.579203	1.044073
16	538.220686	1.041623
17	538.862168	1.005305
18	539.503651	0.920515
19	540.145133	0.826670
20	540.786616	0.732225
21	541.428099	0.646093
22	542.069581	0.626855
23	542.711064	0.617522
24	543.352546	0.563918
25	543.994029	0.583961
26	544.635512	0.615646
27	545.276994	0.631521
28	545.918477	0.632486
29	546.559959	0.633428
30	547.201442	0.634370
31	547.842925	0.635313
32	548.484407	0.629260
33	549.125890	0.579162
34	549.767372	0.469416
35	550.408855	0.317464
36	551.050338	0.316615
37	551.691820	0.315767
38	552.333303	0.314918
39	552.974785	0.314069
40	553.616268	0.313221
41	554.257751	0.312373
42	554.899233	0.311524
43	555.540716	0.265532
44	556.182198	0.144911
45	556.823681	-0.026878
No.14	 toolpath 491.804728	[r = 556.731213] is calculated within 10.699868s.
-----
initial linear search begins: 
No.	x	f(x)0	524.624024	1.814987
1	525.266168	1.740411
2	525.908311	1.655180
3	526.550455	1.561064
4	527.192599	1.459593
5	527.834743	1.352647
6	528.476887	1.242110
7	529.119030	1.130548
8	529.761174	1.086579
9	530.403318	1.084132
10	531.045462	1.081684
11	531.687606	1.079236
12	532.329749	1.076788
13	532.971893	1.074339
14	533.614037	1.071890
15	534.256181	1.069441
16	534.898324	1.064859
17	535.540468	0.999068
18	536.182612	0.907804
19	536.824756	0.810698
20	537.466900	0.715699
21	538.109043	0.627536
22	538.751187	0.617205
23	539.393331	0.612504
24	540.035475	0.567345
25	540.677619	0.579320
26	541.319762	0.609658
27	541.961906	0.621865
28	542.604050	0.622800
29	543.246194	0.623735
30	543.888338	0.624671
31	544.530481	0.625608
32	545.172625	0.611510
33	545.814769	0.546098
34	546.456913	0.471869
35	547.099056	0.326224
36	547.741200	0.325373
37	548.383344	0.324523
38	549.025488	0.323673
39	549.667632	0.322823
40	550.309775	0.321972
41	550.951919	0.321122
42	551.594063	0.320264
43	552.236207	0.269815
44	552.878351	0.147829
45	553.520494	-0.025257
No.15	 toolpath 488.509197	[r = 553.435681] is calculated within 10.698371s.
-----
initial linear search begins: 
No.	x	f(x)0	521.295704	1.791241
1	521.938504	1.717733
2	522.581303	1.633527
3	523.224103	1.540534
4	523.866902	1.439928
5	524.509702	1.334346
6	525.152501	1.225447
7	525.795301	1.114656
8	526.438100	1.111886
9	527.080900	1.109439
10	527.723699	1.106992
11	528.366499	1.104544
12	529.009298	1.102096
13	529.652098	1.099647
14	530.294897	1.097197
15	530.937697	1.094747
16	531.580497	1.069794
17	532.223296	0.989152
18	532.866096	0.893304
19	533.508895	0.793532
20	534.151695	0.697752
21	534.794494	0.610340
22	535.437294	0.607639
23	536.080093	0.606266
24	536.722893	0.569343
25	537.365692	0.574945
26	538.008492	0.603086
27	538.651291	0.612270
28	539.294091	0.613199
29	539.936890	0.614128
30	540.579690	0.615058
31	541.222489	0.615989
32	541.865289	0.605478
33	542.508089	0.544886
34	543.150888	0.421185
35	543.793688	0.334499
36	544.436487	0.333587
37	545.079287	0.332675
38	545.722086	0.331764
39	546.364886	0.331573
40	547.007685	0.330721
41	547.650485	0.329869
42	548.293284	0.328792
43	548.936084	0.273938
44	549.578883	0.150128
45	550.221683	-0.023414
No.16	 toolpath 485.215931	[r = 550.142416] is calculated within 11.050127s.
-----
initial linear search begins: 
No.	x	f(x)0	517.969903	1.762909
1	518.613353	1.691980
2	519.256803	1.609437
3	519.900254	1.518629
4	520.543704	1.419624
5	521.187154	1.315200
6	521.830604	1.208068
7	522.474055	1.139598
8	523.117505	1.137151
9	523.760955	1.134704
10	524.404405	1.132256
11	525.047856	1.129808
12	525.691306	1.127359
13	526.334756	1.124911
14	526.978206	1.122461
15	527.621657	1.120011
16	528.265107	1.065549
17	528.908557	0.976038
18	529.552008	0.876761
19	530.195458	0.775799
20	530.838908	0.680021
21	531.482358	0.597231
22	532.125809	0.598149
23	532.769259	0.599389
24	533.412709	0.570139
25	534.056159	0.570244
26	534.699610	0.596705
27	535.343060	0.602752
28	535.986510	0.603675
29	536.629961	0.604598
30	537.273411	0.605522
31	537.916861	0.606447
32	538.560311	0.598978
33	539.203762	0.543406
34	539.847212	0.424846
35	540.490662	0.343873
36	541.134112	0.342960
37	541.777563	0.342046
38	542.421013	0.341132
39	543.064463	0.340219
40	543.707913	0.339305
41	544.351364	0.338392
42	544.994814	0.325107
43	545.638264	0.239478
44	546.281715	0.152354
45	546.925165	-0.021313
No.17	 toolpath 481.926942	[r = 546.853427] is calculated within 10.601155s.
-----
initial linear search begins: 
No.	x	f(x)0	514.648645	1.733328
1	515.292741	1.664392
2	515.936836	1.584728
3	516.580932	1.496041
4	517.225028	1.398800
5	517.869123	1.295725
6	518.513219	1.190206
7	519.157315	1.164802
8	519.801410	1.162356
9	520.445506	1.159909
10	521.089602	1.157461
11	521.733697	1.155013
12	522.377793	1.152565
13	523.021888	1.150115
14	523.665984	1.147666
15	524.310080	1.131866
16	524.954175	1.055872
17	525.598271	0.960973
18	526.242367	0.859257
19	526.886462	0.757791
20	527.530558	0.661328
21	528.174654	0.587826
22	528.818749	0.588739
23	529.462845	0.589652
24	530.106940	0.570344
25	530.751036	0.566457
26	531.395132	0.589999
27	532.039227	0.593314
28	532.683323	0.594231
29	533.327419	0.595149
30	533.971514	0.596067
31	534.615610	0.596987
32	535.259706	0.592659
33	535.903801	0.541199
34	536.547897	0.428137
35	537.191992	0.353243
36	537.836088	0.352328
37	538.480184	0.351413
38	539.124279	0.350497
39	539.768375	0.349582
40	540.412471	0.348667
41	541.056566	0.347752
42	541.700662	0.331127
43	542.344758	0.242325
44	542.988853	0.097490
45	543.632949	-0.090336
No.18	 toolpath 478.639468	[r = 543.334229] is calculated within 10.583694s.
-----
initial linear search begins: 
No.	x	f(x)0	511.095170	1.726039
1	511.739951	1.663595
2	512.384732	1.590021
3	513.029513	1.507058
4	513.674294	1.414778
5	514.319075	1.315175
6	514.963857	1.211680
7	515.608638	1.191744
8	516.253419	1.189297
9	516.898200	1.186849
10	517.542981	1.184401
11	518.187763	1.181953
12	518.832544	1.179505
13	519.477325	1.177056
14	520.122106	1.174607
15	520.766887	1.154777
16	521.411668	1.077951
17	522.056450	0.982154
18	522.701231	0.879274
19	523.346012	0.776460
20	523.990793	0.677634
21	524.635574	0.585019
22	525.280356	0.580922
23	525.925137	0.581770
24	526.569918	0.579691
25	527.214699	0.553954
26	527.859480	0.579550
27	528.504261	0.585169
28	529.149043	0.586021
29	529.793824	0.586873
30	530.438605	0.587726
31	531.083386	0.588580
32	531.728167	0.589485
33	532.372949	0.563577
34	533.017730	0.478760
35	533.662511	0.363278
36	534.307292	0.362361
37	534.952073	0.361444
38	535.596854	0.360526
39	536.241636	0.359609
40	536.886417	0.358692
41	537.531198	0.357775
42	538.175979	0.353335
43	538.820760	0.286283
44	539.465542	0.158731
45	540.110323	-0.016870
No.19	 toolpath 475.359121	[r = 540.053883] is calculated within 10.501854s.
-----
initial linear search begins: 
No.	x	f(x)0	507.783105	1.693051
1	508.428521	1.632539
2	509.073936	1.562577
3	509.719352	1.481668
4	510.364767	1.391668
5	511.010183	1.294959
6	511.655598	1.219275
7	512.301014	1.216829
8	512.946429	1.214382
9	513.591845	1.211935
10	514.237261	1.209488
11	514.882676	1.207039
12	515.528092	1.204590
13	516.173507	1.202141
14	516.818923	1.199692
15	517.464338	1.150700
16	518.109754	1.063997
17	518.755170	0.964688
18	519.400585	0.861477
19	520.046001	0.757923
20	520.691416	0.658718
21	521.336832	0.571439
22	521.982247	0.572281
23	522.627663	0.573124
24	523.273078	0.573656
25	523.918494	0.552189
26	524.563910	0.574139
27	525.209325	0.576502
28	525.854741	0.577348
29	526.500156	0.578195
30	527.145572	0.579043
31	527.790987	0.579891
32	528.436403	0.581498
33	529.081819	0.559291
34	529.727234	0.479729
35	530.372650	0.372640
36	531.018065	0.371721
37	531.663481	0.370802
38	532.308896	0.369884
39	532.954312	0.368965
40	533.599727	0.368046
41	534.245143	0.367127
42	534.890559	0.361019
43	535.535974	0.290232
44	536.181390	0.161334
45	536.826805	-0.014824
No.20	 toolpath 472.082949	[r = 536.777710] is calculated within 10.966539s.
-----
initial linear search begins: 
No.	x	f(x)0	504.475476	1.659538
1	505.121520	1.601887
2	505.767565	1.534377
3	506.413610	1.456119
4	507.059654	1.368927
5	507.705699	1.274626
6	508.351744	1.244304
7	508.997788	1.241857
8	509.643833	1.239410
9	510.289878	1.236963
10	510.935922	1.234515
11	511.581967	1.232067
12	512.228012	1.229619
13	512.874056	1.227170
14	513.520101	1.211868
15	514.166146	1.139713
16	514.812191	1.047874
17	515.458235	0.946805
18	516.104280	0.842737
19	516.750325	0.738930
20	517.396369	0.639634
21	518.042414	0.562875
22	518.688459	0.563712
23	519.334503	0.564550
24	519.980548	0.565388
25	520.626593	0.551700
26	521.272637	0.567198
27	521.918682	0.567907
28	522.564727	0.568749
29	523.210771	0.569590
30	523.856816	0.570433
31	524.502861	0.571276
32	525.148906	0.572119
33	525.794950	0.554934
34	526.440995	0.479968
35	527.087040	0.381251
36	527.733084	0.381078
37	528.379129	0.380158
38	529.025174	0.379237
39	529.671218	0.378316
40	530.317263	0.377396
41	530.963308	0.376475
42	531.609352	0.367862
43	532.255397	0.293971
44	532.901442	0.163860
45	533.547486	-0.012542
No.21	 toolpath 468.810919	[r = 533.505680] is calculated within 13.147334s.
-----
initial linear search begins: 
No.	x	f(x)0	501.172250	1.625043
1	501.818919	1.569305
2	502.465588	1.505051
3	503.112256	1.431032
4	503.758925	1.345599
5	504.405593	1.271721
6	505.052262	1.269275
7	505.698931	1.266829
8	506.345599	1.264382
9	506.992268	1.261935
10	507.638936	1.259487
11	508.285605	1.257038
12	508.932273	1.254589
13	509.578942	1.252140
14	510.225611	1.207511
15	510.872279	1.125491
16	511.518948	1.030022
17	512.165616	0.927904
18	512.812285	0.823472
19	513.458954	0.719943
20	514.105622	0.621127
21	514.752291	0.554382
22	515.398959	0.555214
23	516.045628	0.556047
24	516.692297	0.556880
25	517.338965	0.553903
26	517.985634	0.558549
27	518.632302	0.559384
28	519.278971	0.560220
29	519.925640	0.561057
30	520.572308	0.561894
31	521.218977	0.562732
32	521.865645	0.563571
33	522.512314	0.550186
34	523.158982	0.480099
35	523.805651	0.382519
36	524.452320	0.390432
37	525.098988	0.389509
38	525.745657	0.388587
39	526.392325	0.387665
40	527.038994	0.386742
41	527.685663	0.385820
42	528.332331	0.374185
43	528.979000	0.297507
44	529.625668	0.166309
45	530.272337	-0.010118
No.22	 toolpath 465.543527	[r = 530.238288] is calculated within 10.983866s.
-----
initial linear search begins: 
No.	x	f(x)0	497.873927	1.590741
1	498.521215	1.537373
2	499.168502	1.475507
3	499.815789	1.403669
4	500.463076	1.321681
5	501.110363	1.296632
6	501.757651	1.294186
7	502.404938	1.291739
8	503.052225	1.289292
9	503.699512	1.286845
10	504.346799	1.284397
11	504.994087	1.281949
12	505.641374	1.279500
13	506.288661	1.263367
14	506.935948	1.195189
15	507.583235	1.107589
16	508.230523	1.010769
17	508.877810	0.908460
18	509.525097	0.803118
19	510.172384	0.700060
20	510.819672	0.602599
21	511.466959	0.545959
22	512.114246	0.546786
23	512.761533	0.547614
24	513.408820	0.548442
25	514.056108	0.549272
26	514.703395	0.550101
27	515.350682	0.550932
28	515.997969	0.551763
29	516.645256	0.552595
30	517.292544	0.553427
31	517.939831	0.554260
32	518.587118	0.555094
33	519.234405	0.545051
34	519.881692	0.480205
35	520.528980	0.381078
36	521.176267	0.399781
37	521.823554	0.398857
38	522.470841	0.397933
39	523.118128	0.397008
40	523.765416	0.396085
41	524.412703	0.395161
42	525.059990	0.380238
43	525.707277	0.301021
44	526.354564	0.168681
45	527.001852	-0.008912
No.23	 toolpath 462.277659	[r = 526.972419] is calculated within 11.342325s.
-----
initial linear search begins: 
No.	x	f(x)0	494.577362	1.554968
1	495.225263	1.503307
2	495.873164	1.445344
3	496.521065	1.377369
4	497.168966	1.323951
5	497.816868	1.321505
6	498.464769	1.319060
7	499.112670	1.316613
8	499.760571	1.314167
9	500.408472	1.311719
10	501.056373	1.309271
11	501.704274	1.306823
12	502.352176	1.304185
13	503.000077	1.255873
14	503.647978	1.178408
15	504.295879	1.088377
16	504.943780	0.990140
17	505.591681	0.887451
18	506.239583	0.783014
19	506.887484	0.681814
20	507.535385	0.583026
21	508.183286	0.537596
22	508.831187	0.538419
23	509.479088	0.539242
24	510.126989	0.540066
25	510.774891	0.540890
26	511.422792	0.541715
27	512.070693	0.542541
28	512.718594	0.543367
29	513.366495	0.544194
30	514.014396	0.545022
31	514.662297	0.545850
32	515.310199	0.546679
33	515.958100	0.539522
34	516.606001	0.480054
35	517.253902	0.378758
36	517.901803	0.406426
37	518.549704	0.408208
38	519.197606	0.407282
39	519.845507	0.406357
40	520.493408	0.405431
41	521.141309	0.404505
42	521.789210	0.385885
43	522.437111	0.304345
44	523.085012	0.170970
45	523.732914	-0.006918
No.24	 toolpath 459.016364	[r = 523.711125] is calculated within 11.065442s.
-----
initial linear search begins: 
No.	x	f(x)0	491.285631	1.517858
1	491.934141	1.469507
2	492.582651	1.414097
3	493.231161	1.351211
4	493.879671	1.348766
5	494.528181	1.346320
6	495.176690	1.343874
7	495.825200	1.341427
8	496.473710	1.338981
9	497.122220	1.336533
10	497.770730	1.334086
11	498.419240	1.331638
12	499.067750	1.305650
13	499.716260	1.239624
14	500.364769	1.159350
15	501.013279	1.067237
16	501.661789	0.968824
17	502.310299	0.866615
18	502.958809	0.763213
19	503.607319	0.660760
20	504.255829	0.564122
21	504.904339	0.529300
22	505.552849	0.530118
23	506.201358	0.530937
24	506.849868	0.531756
25	507.498378	0.532576
26	508.146888	0.533396
27	508.795398	0.534217
28	509.443908	0.535039
29	510.092418	0.535861
30	510.740928	0.536684
31	511.389437	0.537508
32	512.037947	0.538332
33	512.686457	0.533609
34	513.334967	0.479480
35	513.983477	0.375887
36	514.631987	0.408407
37	515.280497	0.417556
38	515.929007	0.416628
39	516.577516	0.415701
40	517.226026	0.414773
41	517.874536	0.413845
42	518.523046	0.391134
43	519.171556	0.307481
44	519.820066	0.173374
45	520.468576	-0.004667
No.25	 toolpath 455.756548	[r = 520.451309] is calculated within 11.305651s.
-----
initial linear search begins: 
No.	x	f(x)0	487.995609	1.481127
1	488.644723	1.435839
2	489.293837	1.382720
3	489.942951	1.375990
4	490.592065	1.373544
5	491.241179	1.371099
6	491.890293	1.368653
7	492.539407	1.366207
8	493.188521	1.363760
9	493.837635	1.361312
10	494.486749	1.358864
11	495.135863	1.344750
12	495.784977	1.290345
13	496.434091	1.219823
14	497.083205	1.137111
15	497.732319	1.045404
16	498.381433	0.946945
17	499.030547	0.844789
18	499.679661	0.741969
19	500.328775	0.640908
20	500.977889	0.545212
21	501.627003	0.521062
22	502.276117	0.521876
23	502.925231	0.522690
24	503.574345	0.523505
25	504.223459	0.524320
26	504.872573	0.525136
27	505.521687	0.525952
28	506.170801	0.526769
29	506.819915	0.527587
30	507.469029	0.528405
31	508.118143	0.529224
32	508.767257	0.530044
33	509.416371	0.527436
34	510.065485	0.478508
35	510.714599	0.373222
36	511.363713	0.408497
37	512.012827	0.426908
38	512.661941	0.425979
39	513.311055	0.425049
40	513.960169	0.424120
41	514.609283	0.423191
42	515.258397	0.395330
43	515.907511	0.310420
44	516.556625	0.175305
45	517.205739	-0.002466
No.26	 toolpath 452.501527	[r = 517.196289] is calculated within 11.050831s.
-----
initial linear search begins: 
No.	x	f(x)0	484.710645	1.444149
1	485.360358	1.405597
2	486.010071	1.403153
3	486.659783	1.400708
4	487.309496	1.398263
5	487.959209	1.395817
6	488.608922	1.393371
7	489.258635	1.390924
8	489.908348	1.388478
9	490.558061	1.386030
10	491.207774	1.373796
11	491.857487	1.328890
12	492.507199	1.268868
13	493.156912	1.196514
14	493.806625	1.114101
15	494.456338	1.021727
16	495.106051	0.924151
17	495.755764	0.822358
18	496.405477	0.720786
19	497.055190	0.621976
20	497.704902	0.526555
21	498.354615	0.512889
22	499.004328	0.513698
23	499.654041	0.514508
24	500.303754	0.515318
25	500.953467	0.516129
26	501.603180	0.516940
27	502.252893	0.517753
28	502.902606	0.518565
29	503.552318	0.519379
30	504.202031	0.520192
31	504.851744	0.521007
32	505.501457	0.521822
33	506.151170	0.522127
34	506.800883	0.477063
35	507.450596	0.373472
36	508.100309	0.407457
37	508.750022	0.434819
38	509.399734	0.435324
39	510.049447	0.434393
40	510.699160	0.433462
41	511.348873	0.432531
42	511.998586	0.399133
43	512.648299	0.311977
44	513.298012	0.177349
45	513.947725	-0.000319
No.27	 toolpath 449.250950	[r = 513.945712] is calculated within 11.302480s.
-----
initial linear search begins: 
No.	x	f(x)0	481.430378	1.432701
1	482.080684	1.430257
2	482.730991	1.427813
3	483.381298	1.425368
4	484.031604	1.422923
5	484.681911	1.420477
6	485.332218	1.418031
7	485.982525	1.415585
8	486.632831	1.413138
9	487.283138	1.392931
10	487.933445	1.353871
11	488.583751	1.304530
12	489.234058	1.243859
13	489.884365	1.172124
14	490.534671	1.089541
15	491.184978	0.997816
16	491.835285	0.900660
17	492.485591	0.800316
18	493.135898	0.699168
19	493.786205	0.601150
20	494.436511	0.508187
21	495.086818	0.504778
22	495.737125	0.505583
23	496.387431	0.506389
24	497.037738	0.507195
25	497.688045	0.508001
26	498.338351	0.508808
27	498.988658	0.509616
28	499.638965	0.510424
29	500.289271	0.511233
30	500.939578	0.512043
31	501.589885	0.512853
32	502.240191	0.513663
33	502.890498	0.514653
34	503.540805	0.475703
35	504.191111	0.378155
36	504.841418	0.406380
37	505.491725	0.437367
38	506.142031	0.444667
39	506.792338	0.443734
40	507.442645	0.442801
41	508.092951	0.441755
42	508.743258	0.402809
43	509.393565	0.314528
44	510.043871	0.179310
45	510.694178	0.000243
46	511.344485	-0.205172
No.28	 toolpath 446.004318	[r = 510.699079] is calculated within 11.008211s.
-----
initial linear search begins: 
No.	x	f(x)0	478.154306	1.457307
1	478.805201	1.454864
2	479.456097	1.452420
3	480.106992	1.449975
4	480.757888	1.447530
5	481.408783	1.445084
6	482.059679	1.442638
7	482.710574	1.431680
8	483.361470	1.401647
9	484.012365	1.366168
10	484.663261	1.325018
11	485.314156	1.276667
12	485.965052	1.216129
13	486.615947	1.144400
14	487.266843	1.062678
15	487.917738	0.973237
16	488.568633	0.876912
17	489.219529	0.778684
18	489.870424	0.678109
19	490.521320	0.581921
20	491.172215	0.495928
21	491.823111	0.496728
22	492.474006	0.497529
23	493.124902	0.498330
24	493.775797	0.499132
25	494.426693	0.499934
26	495.077588	0.500737
27	495.728484	0.501540
28	496.379379	0.502344
29	497.030275	0.503149
30	497.681170	0.503954
31	498.332066	0.504760
32	498.982961	0.505566
33	499.633856	0.506251
34	500.284752	0.474851
35	500.935647	0.382303
36	501.586543	0.405254
37	502.237438	0.438588
38	502.888334	0.454008
39	503.539229	0.453073
40	504.190125	0.452138
41	504.841020	0.449496
42	505.491916	0.405557
43	506.142811	0.316899
44	506.793707	0.181187
45	507.444602	0.002272
46	508.095498	-0.203180
No.29	 toolpath 442.759580	[r = 507.454341] is calculated within 11.023551s.
-----
initial linear search begins: 
No.	x	f(x)0	474.880358	1.481876
1	475.531837	1.479432
2	476.183317	1.476988
3	476.834797	1.474543
4	477.486276	1.472098
5	478.137756	1.466415
6	478.789236	1.435913
7	479.440715	1.402535
8	480.092195	1.368817
9	480.743675	1.333421
10	481.395154	1.293005
11	482.046634	1.244549
12	482.698114	1.186473
13	483.349593	1.116600
14	484.001073	1.036126
15	484.652553	0.947769
16	485.304032	0.852882
17	485.955512	0.755165
18	486.606992	0.658142
19	487.258471	0.563074
20	487.909951	0.487935
21	488.561431	0.488731
22	489.212910	0.489528
23	489.864390	0.490325
24	490.515870	0.491122
25	491.167349	0.491921
26	491.818829	0.492719
27	492.470309	0.493519
28	493.121788	0.494318
29	493.773268	0.495119
30	494.424748	0.495920
31	495.076227	0.496721
32	495.727707	0.497523
33	496.379187	0.498333
34	497.030666	0.471631
35	497.682146	0.386172
36	498.333626	0.403629
37	498.985105	0.438513
38	499.636585	0.462073
39	500.288065	0.462416
40	500.939544	0.461479
41	501.591024	0.455444
42	502.242504	0.407830
43	502.893983	0.318109
44	503.545463	0.182976
45	504.196943	0.004252
46	504.848422	-0.201915
No.30	 toolpath 439.516714	[r = 504.211474] is calculated within 11.062694s.
-----
initial linear search begins: 
No.	x	f(x)0	471.608510	1.506407
1	472.260569	1.503963
2	472.912628	1.501519
3	473.564688	1.499074
4	474.216747	1.482360
5	474.868806	1.441766
6	475.520865	1.401973
7	476.172925	1.365998
8	476.824984	1.332466
9	477.477043	1.296485
10	478.129103	1.257708
11	478.781162	1.211708
12	479.433221	1.156350
13	480.085280	1.087134
14	480.737340	1.008526
15	481.389399	0.921397
16	482.041458	0.828566
17	482.693518	0.733315
18	483.345577	0.636311
19	483.997636	0.542628
20	484.649695	0.489597
21	485.301755	0.488659
22	485.953814	0.487720
23	486.605873	0.486781
24	487.257933	0.485842
25	487.909992	0.484903
26	488.562051	0.484755
27	489.214111	0.485550
28	489.866170	0.486346
29	490.518229	0.487142
30	491.170288	0.487939
31	491.822348	0.488737
32	492.474407	0.489534
33	493.126466	0.490333
34	493.778526	0.469011
35	494.430585	0.389804
36	495.082644	0.402563
37	495.734703	0.437878
38	496.386763	0.465056
39	497.038822	0.471763
40	497.690881	0.470825
41	498.342941	0.459302
42	498.995000	0.409397
43	499.647059	0.319911
44	500.299118	0.183972
45	500.951178	0.006183
46	501.603237	-0.201167
No.31	 toolpath 436.275695	[r = 500.970456] is calculated within 11.257097s.
-----
initial linear search begins: 
No.	x	f(x)0	468.338738	1.530901
1	468.991372	1.528457
2	469.644007	1.526013
3	470.296641	1.506592
4	470.949275	1.455538
5	471.601910	1.406283
6	472.254544	1.364163
7	472.907178	1.326405
8	473.559813	1.292480
9	474.212447	1.258424
10	474.865081	1.221103
11	475.517716	1.177833
12	476.170350	1.123289
13	476.822985	1.057760
14	477.475619	0.980562
15	478.128253	0.895300
16	478.780888	0.803961
17	479.433522	0.709715
18	480.086156	0.615350
19	480.738791	0.523669
20	481.391425	0.498985
21	482.044059	0.498045
22	482.696694	0.497104
23	483.349328	0.496163
24	484.001962	0.495222
25	484.654597	0.494282
26	485.307231	0.491875
27	485.959866	0.477634
28	486.612500	0.478425
29	487.265134	0.479218
30	487.917769	0.480011
31	488.570403	0.480804
32	489.223037	0.481598
33	489.875672	0.482392
34	490.528306	0.465949
35	491.180940	0.393348
36	491.833575	0.401213
37	492.486209	0.436842
38	493.138843	0.465132
39	493.791478	0.480942
40	494.444112	0.480175
41	495.096747	0.461094
42	495.749381	0.411046
43	496.402015	0.321677
44	497.054650	0.186024
45	497.707284	0.006637
46	498.359918	-0.199198
No.32	 toolpath 433.038533	[r = 497.733293] is calculated within 10.795828s.
-----
initial linear search begins: 
No.	x	f(x)0	465.073066	1.555342
1	465.726271	1.552898
2	466.379476	1.540312
3	467.032680	1.483233
4	467.685885	1.421745
5	468.339089	1.367983
6	468.992294	1.322905
7	469.645498	1.286241
8	470.298703	1.252144
9	470.951907	1.219705
10	471.605112	1.183547
11	472.258316	1.142089
12	472.911521	1.090639
13	473.564725	1.026840
14	474.217930	0.952074
15	474.871135	0.868622
16	475.524339	0.779085
17	476.177544	0.687875
18	476.830748	0.594485
19	477.483953	0.509315
20	478.137157	0.508373
21	478.790362	0.507430
22	479.443566	0.506487
23	480.096771	0.505545
24	480.749975	0.504602
25	481.403180	0.503660
26	482.056384	0.491431
27	482.709589	0.469773
28	483.362794	0.470561
29	484.015998	0.471349
30	484.669203	0.472138
31	485.322407	0.472928
32	485.975612	0.473718
33	486.628816	0.474508
34	487.282021	0.462589
35	487.935225	0.396667
36	488.588430	0.400066
37	489.241634	0.435437
38	489.894839	0.463509
39	490.548044	0.479403
40	491.201248	0.480101
41	491.854453	0.461424
42	492.507657	0.411403
43	493.160862	0.322329
44	493.814066	0.186666
45	494.467271	0.008310
46	495.120475	-0.198117
No.33	 toolpath 429.803175	[r = 494.497935] is calculated within 10.862426s.
-----
initial linear search begins: 
No.	x	f(x)0	461.809424	1.579748
1	462.463194	1.575454
2	463.116965	1.522522
3	463.770735	1.451888
4	464.424505	1.384142
5	465.078275	1.326931
6	465.732046	1.280672
7	466.385816	1.243347
8	467.039586	1.210288
9	467.693356	1.178863
10	468.347126	1.145092
11	469.000897	1.105449
12	469.654667	1.056561
13	470.308437	0.995495
14	470.962207	0.923028
15	471.615977	0.841432
16	472.269748	0.754911
17	472.923518	0.664294
18	473.577288	0.574375
19	474.231058	0.518710
20	474.884829	0.517766
21	475.538599	0.516821
22	476.192369	0.515876
23	476.846139	0.514932
24	477.499909	0.513987
25	478.153680	0.513043
26	478.807450	0.485123
27	479.461220	0.461962
28	480.114990	0.462746
29	480.768761	0.463531
30	481.422531	0.464316
31	482.076301	0.465102
32	482.730071	0.465888
33	483.383841	0.466674
34	484.037612	0.458579
35	484.691382	0.399726
36	485.345152	0.399253
37	485.998922	0.433925
38	486.652693	0.461216
39	487.306463	0.471405
40	487.960233	0.472195
41	488.614003	0.459779
42	489.267773	0.411455
43	489.921544	0.323541
44	490.575314	0.188530
45	491.229084	0.010082
46	491.882854	-0.196102
No.34	 toolpath 426.569601	[r = 491.264361] is calculated within 10.867665s.
-----
initial linear search begins: 
No.	x	f(x)0	458.547791	1.604116
1	459.202122	1.566066
2	459.856453	1.493447
3	460.510785	1.416510
4	461.165116	1.344668
5	461.819448	1.284927
6	462.473779	1.237613
7	463.128110	1.200096
8	463.782442	1.168111
9	464.436773	1.138803
10	465.091105	1.105985
11	465.745436	1.068320
12	466.399768	1.022251
13	467.054099	0.963715
14	467.708430	0.893734
15	468.362762	0.814627
16	469.017093	0.730586
17	469.671425	0.641837
18	470.325756	0.554920
19	470.980087	0.528111
20	471.634419	0.527164
21	472.288750	0.526217
22	472.943082	0.525271
23	473.597413	0.524324
24	474.251745	0.523378
25	474.906076	0.518433
26	475.560407	0.475464
27	476.214739	0.454200
28	476.869070	0.454981
29	477.523402	0.455762
30	478.177733	0.456543
31	478.832064	0.457325
32	479.486396	0.458107
33	480.140727	0.458890
34	480.795059	0.454271
35	481.449390	0.402808
36	482.103722	0.398309
37	482.758053	0.432536
38	483.412384	0.457669
39	484.066716	0.463598
40	484.721047	0.464384
41	485.375379	0.456963
42	486.029710	0.411070
43	486.684042	0.324071
44	487.338373	0.189229
45	487.992704	0.011807
46	488.647036	-0.195198
No.35	 toolpath 423.335475	[r = 488.030237] is calculated within 10.925793s.
-----
initial linear search begins: 
No.	x	f(x)0	455.285810	1.610106
1	455.940698	1.541139
2	456.595587	1.459896
3	457.250475	1.378376
4	457.905364	1.303748
5	458.560252	1.242602
6	459.215141	1.194202
7	459.870029	1.157010
8	460.524918	1.125542
9	461.179807	1.096935
10	461.834695	1.066594
11	462.489584	1.031389
12	463.144472	0.987015
13	463.799361	0.931465
14	464.454249	0.864177
15	465.109138	0.787430
16	465.764026	0.705727
17	466.418915	0.619712
18	467.073804	0.538473
19	467.728692	0.537524
20	468.383581	0.536575
21	469.038469	0.535627
22	469.693358	0.534678
23	470.348246	0.533730
24	471.003135	0.532781
25	471.658023	0.515522
26	472.312912	0.462984
27	472.967801	0.446481
28	473.622689	0.447257
29	474.277578	0.448034
30	474.932466	0.448812
31	475.587355	0.449590
32	476.242243	0.450369
33	476.897132	0.451148
34	477.552020	0.449256
35	478.206909	0.405401
36	478.861797	0.398008
37	479.516686	0.430745
38	480.171575	0.453749
39	480.826463	0.455833
40	481.481352	0.456616
41	482.136240	0.453012
42	482.791129	0.410245
43	483.446017	0.324624
44	484.100906	0.190487
45	484.755794	0.012419
46	485.410683	-0.194634
No.36	 toolpath 420.102984	[r = 484.797746] is calculated within 11.253275s.
-----
initial linear search begins: 
No.	x	f(x)0	452.025683	1.589085
1	452.681124	1.509470
2	453.336566	1.423152
3	453.992007	1.339100
4	454.647448	1.262244
5	455.302889	1.198708
6	455.958331	1.149973
7	456.613772	1.113105
8	457.269213	1.082608
9	457.924654	1.054449
10	458.580096	1.026094
11	459.235537	0.992978
12	459.890978	0.951712
13	460.546420	0.899694
14	461.201861	0.834212
15	461.857302	0.761340
16	462.512743	0.680358
17	463.168185	0.597901
18	463.823626	0.547895
19	464.479067	0.546944
20	465.134508	0.545994
21	465.789950	0.545043
22	466.445391	0.544092
23	467.100832	0.543142
24	467.756273	0.541895
25	468.411715	0.507363
26	469.067156	0.448106
27	469.722597	0.438808
28	470.378038	0.439581
29	471.033480	0.440354
30	471.688921	0.441129
31	472.344362	0.441903
32	472.999803	0.442678
33	473.655245	0.443453
34	474.310686	0.444000
35	474.966127	0.407646
36	475.621568	0.397915
37	476.277010	0.428832
38	476.932451	0.447576
39	477.587892	0.448116
40	478.243334	0.448896
41	478.898775	0.447580
42	479.554216	0.408986
43	480.209657	0.324963
44	480.865099	0.191649
45	481.520540	0.013747
46	482.175981	-0.192473
No.37	 toolpath 416.872153	[r = 481.566914] is calculated within 10.905323s.
-----
initial linear search begins: 
No.	x	f(x)0	448.767436	1.558970
1	449.423426	1.473186
2	450.079415	1.384278
3	450.735405	1.297846
4	451.391394	1.220261
5	452.047384	1.154926
6	452.703373	1.105455
7	453.359363	1.068046
8	454.015352	1.038570
9	454.671342	1.012578
10	455.327332	0.985420
11	455.983321	0.954506
12	456.639311	0.915935
13	457.295300	0.866049
14	457.951290	0.804344
15	458.607279	0.733067
16	459.263269	0.655996
17	459.919258	0.577143
18	460.575248	0.557324
19	461.231238	0.556371
20	461.887227	0.555418
21	462.543217	0.554466
22	463.199206	0.553513
23	463.855196	0.552561
24	464.511185	0.542579
25	465.167175	0.495745
26	465.823164	0.432099
27	466.479154	0.431181
28	467.135144	0.431951
29	467.791133	0.432720
30	468.447123	0.433491
31	469.103112	0.434262
32	469.759102	0.435033
33	470.415091	0.435805
34	471.071081	0.436655
35	471.727070	0.409069
36	472.383060	0.398124
37	473.039050	0.427182
38	473.695039	0.439672
39	474.351029	0.440446
40	475.007018	0.441222
41	475.663008	0.441361
42	476.318997	0.406827
43	476.974987	0.324903
44	477.630976	0.192355
45	478.286966	0.015067
46	478.942955	-0.191857
No.38	 toolpath 413.643002	[r = 478.337764] is calculated within 10.940633s.
-----
initial linear search begins: 
No.	x	f(x)0	445.511092	1.522706
1	446.167625	1.434375
2	446.824159	1.343907
3	447.480692	1.256240
4	448.137226	1.177730
5	448.793759	1.111113
6	449.450293	1.060807
7	450.106826	1.023332
8	450.763359	0.995659
9	451.419893	0.969452
10	452.076426	0.944487
11	452.732960	0.915863
12	453.389493	0.879689
13	454.046027	0.834192
14	454.702560	0.774300
15	455.359094	0.705901
16	456.015627	0.632085
17	456.672160	0.567715
18	457.328694	0.566760
19	457.985227	0.565805
20	458.641761	0.564850
21	459.298294	0.563896
22	459.954828	0.562941
23	460.611361	0.562052
24	461.267895	0.535600
25	461.924428	0.481312
26	462.580961	0.422834
27	463.237495	0.423599
28	463.894028	0.424365
29	464.550562	0.425132
30	465.207095	0.425899
31	465.863629	0.426666
32	466.520162	0.427434
33	467.176696	0.428202
34	467.833229	0.428971
35	468.489762	0.410287
36	469.146296	0.398391
37	469.802829	0.424544
38	470.459363	0.432051
39	471.115896	0.432823
40	471.772430	0.433594
41	472.428963	0.435121
42	473.085497	0.405184
43	473.742030	0.324298
44	474.398563	0.192403
45	475.055097	0.016261
46	475.711630	-0.191262
No.39	 toolpath 410.412758	[r = 475.107519] is calculated within 10.927304s.
-----
initial linear search begins: 
No.	x	f(x)0	442.253848	1.483255
1	442.910921	1.393598
2	443.567995	1.301984
3	444.225068	1.213868
4	444.882142	1.133973
5	445.539215	1.067446
6	446.196289	1.015998
7	446.853362	0.978670
8	447.510435	0.950224
9	448.167509	0.926499
10	448.824582	0.903324
11	449.481656	0.876784
12	450.138729	0.843239
13	450.795802	0.800728
14	451.452876	0.744145
15	452.109949	0.679179
16	452.767023	0.609573
17	453.424096	0.577168
18	454.081169	0.576211
19	454.738243	0.575255
20	455.395316	0.574298
21	456.052390	0.573341
22	456.709463	0.572384
23	457.366537	0.565930
24	458.023610	0.524077
25	458.680683	0.464305
26	459.337757	0.415293
27	459.994830	0.416055
28	460.651904	0.416818
29	461.308977	0.417581
30	461.966050	0.418344
31	462.623124	0.419108
32	463.280197	0.419873
33	463.937271	0.420638
34	464.594344	0.421403
35	465.251417	0.411101
36	465.908491	0.399300
37	466.565564	0.421227
38	467.222638	0.424470
39	467.879711	0.425237
40	468.536785	0.426006
41	469.193858	0.426895
42	469.850931	0.401832
43	470.508005	0.324684
44	471.165078	0.193686
45	471.822152	0.017442
46	472.479225	-0.189302
No.40	 toolpath 407.184187	[r = 471.878949] is calculated within 10.926714s.
-----
initial linear search begins: 
No.	x	f(x)0	438.998499	1.441701
1	439.656108	1.350943
2	440.313717	1.259204
3	440.971326	1.171213
4	441.628935	1.090336
5	442.286544	1.022919
6	442.944153	0.972764
7	443.601762	0.934629
8	444.259371	0.906243
9	444.916980	0.884281
10	445.574589	0.862542
11	446.232198	0.838072
12	446.889807	0.806670
13	447.547416	0.766249
14	448.205025	0.714911
15	448.862634	0.652517
16	449.520243	0.587589
17	450.177852	0.586630
18	450.835461	0.585671
19	451.493070	0.584712
20	452.150679	0.583753
21	452.808288	0.582794
22	453.465897	0.581835
23	454.123506	0.559372
24	454.781115	0.509041
25	455.438724	0.445701
26	456.096333	0.407796
27	456.753942	0.408555
28	457.411551	0.409314
29	458.069160	0.410074
30	458.726769	0.410834
31	459.384378	0.411595
32	460.041987	0.412356
33	460.699596	0.413117
34	461.357205	0.413879
35	462.014814	0.410262
36	462.672423	0.400250
37	463.330032	0.416143
38	463.987641	0.416932
39	464.645250	0.417696
40	465.302859	0.418461
41	465.960468	0.419226
42	466.618077	0.398577
43	467.275686	0.323371
44	467.933295	0.194075
45	468.590904	0.017853
46	469.248513	-0.188521
No.41	 toolpath 403.957273	[r = 468.652034] is calculated within 10.953754s.
-----
initial linear search begins: 
No.	x	f(x)0	435.745022	1.397818
1	436.403162	1.307750
2	437.061302	1.216209
3	437.719442	1.127713
4	438.377582	1.048319
5	439.035723	0.979000
6	439.693863	0.926730
7	440.352003	0.890238
8	441.010143	0.861567
9	441.668284	0.839937
10	442.326424	0.820126
11	442.984564	0.797971
12	443.642704	0.769876
13	444.300845	0.733795
14	444.958985	0.684301
15	445.617125	0.627240
16	446.275265	0.597060
17	446.933406	0.596099
18	447.591546	0.595138
19	448.249686	0.594177
20	448.907826	0.593216
21	449.565967	0.592255
22	450.224107	0.585990
23	450.882247	0.546718
24	451.540387	0.491054
25	452.198528	0.425719
26	452.856668	0.400342
27	453.514808	0.401097
28	454.172948	0.401853
29	454.831089	0.402609
30	455.489229	0.403367
31	456.147369	0.404124
32	456.805509	0.404882
33	457.463650	0.405640
34	458.121790	0.406398
35	458.779930	0.406998
36	459.438070	0.401209
37	460.096211	0.408677
38	460.754351	0.409438
39	461.412491	0.410198
40	462.070631	0.410960
41	462.728772	0.411722
42	463.386912	0.394947
43	464.045052	0.322233
44	464.703192	0.194637
45	465.361333	0.019237
46	466.019473	-0.187997
No.42	 toolpath 400.729576	[r = 465.424338] is calculated within 11.006999s.
-----
initial linear search begins: 
No.	x	f(x)0	432.490961	1.352807
1	433.149629	1.263984
2	433.808296	1.172308
3	434.466964	1.084090
4	435.125631	1.003904
5	435.784299	0.935452
6	436.442966	0.882273
7	437.101634	0.844856
8	437.760301	0.817278
9	438.418969	0.796739
10	439.077636	0.778191
11	439.736304	0.758624
12	440.394971	0.732947
13	441.053639	0.699395
14	441.712307	0.654934
15	442.370974	0.607511
16	443.029642	0.606548
17	443.688309	0.605584
18	444.346977	0.604621
19	445.005644	0.603657
20	445.664312	0.602694
21	446.322979	0.601729
22	446.981647	0.576973
23	447.640314	0.530044
24	448.298982	0.471564
25	448.957650	0.404118
26	449.616317	0.392924
27	450.274985	0.393676
28	450.933652	0.394429
29	451.592320	0.395182
30	452.250987	0.395936
31	452.909655	0.396689
32	453.568322	0.397444
33	454.226990	0.398199
34	454.885657	0.398954
35	455.544325	0.399710
36	456.202992	0.400466
37	456.861660	0.401223
38	457.520328	0.401981
39	458.178995	0.402738
40	458.837663	0.403496
41	459.496330	0.404255
42	460.154998	0.390971
43	460.813665	0.321246
44	461.472333	0.194227
45	462.131000	0.019195
46	462.789668	-0.186496
No.43	 toolpath 397.503644	[r = 462.198406] is calculated within 10.869103s.
-----
initial linear search begins: 
No.	x	f(x)0	429.238881	1.306370
1	429.898072	1.218361
2	430.557262	1.128180
3	431.216453	1.041094
4	431.875643	0.961011
5	432.534834	0.892326
6	433.194024	0.838444
7	433.853215	0.800975
8	434.512405	0.773099
9	435.171596	0.753152
10	435.830786	0.737034
11	436.489977	0.718861
12	437.149167	0.696401
13	437.808357	0.665815
14	438.467548	0.625450
15	439.126738	0.617009
16	439.785929	0.616043
17	440.445119	0.615077
18	441.104310	0.614112
19	441.763500	0.613146
20	442.422691	0.612181
21	443.081881	0.599465
22	443.741072	0.561174
23	444.400262	0.510484
24	445.059453	0.449613
25	445.718643	0.384798
26	446.377834	0.385547
27	447.037024	0.386296
28	447.696215	0.387046
29	448.355405	0.387796
30	449.014596	0.388546
31	449.673786	0.389297
32	450.332977	0.390049
33	450.992167	0.390800
34	451.651358	0.391553
35	452.310548	0.392305
36	452.969739	0.393058
37	453.628929	0.393812
38	454.288120	0.394565
39	454.947310	0.395320
40	455.606501	0.396075
41	456.265691	0.396830
42	456.924882	0.386644
43	457.584072	0.320064
44	458.243263	0.194631
45	458.902453	0.020188
46	459.561644	-0.185416
No.44	 toolpath 394.276297	[r = 458.971058] is calculated within 10.886305s.
-----
initial linear search begins: 
No.	x	f(x)0	425.985576	1.259564
1	426.645286	1.172947
2	427.304996	1.084954
3	427.964705	0.997872
4	428.624415	0.918584
5	429.284125	0.849599
6	429.943834	0.795256
7	430.603544	0.756251
8	431.263253	0.729173
9	431.922963	0.709886
10	432.582673	0.695059
11	433.242382	0.678726
12	433.902092	0.658826
13	434.561802	0.632506
14	435.221511	0.627492
15	435.881221	0.626525
16	436.540930	0.625557
17	437.200640	0.624589
18	437.860350	0.623621
19	438.520059	0.622653
20	439.179769	0.614316
21	439.839478	0.583974
22	440.499188	0.541091
23	441.158898	0.488086
24	441.818607	0.426573
25	442.478317	0.377459
26	443.138027	0.378205
27	443.797736	0.378950
28	444.457446	0.379697
29	445.117155	0.380444
30	445.776865	0.381191
31	446.436575	0.381939
32	447.096284	0.382687
33	447.755994	0.383436
34	448.415704	0.384185
35	449.075413	0.384934
36	449.735123	0.385684
37	450.394832	0.386434
38	451.054542	0.387185
39	451.714252	0.387936
40	452.373961	0.388688
41	453.033671	0.389440
42	453.693381	0.381962
43	454.353090	0.318614
44	455.012800	0.194607
45	455.672509	0.021421
46	456.332219	-0.184968
No.45	 toolpath 391.050542	[r = 455.745304] is calculated within 10.878800s.
-----
initial linear search begins: 
No.	x	f(x)0	422.734081	1.211996
1	423.394305	1.126943
2	424.054530	1.039763
3	424.714754	0.955058
4	425.374979	0.876548
5	426.035203	0.808182
6	426.695428	0.753195
7	427.355652	0.713329
8	428.015877	0.686240
9	428.676101	0.667057
10	429.336325	0.652590
11	429.996550	0.639932
12	430.656774	0.638961
13	431.316999	0.637991
14	431.977223	0.637020
15	432.637448	0.636050
16	433.297672	0.635080
17	433.957897	0.634110
18	434.618121	0.633140
19	435.278346	0.620010
20	435.938570	0.595563
21	436.598794	0.561139
22	437.259019	0.516806
23	437.919243	0.463729
24	438.579468	0.402462
25	439.239692	0.370159
26	439.899917	0.370901
27	440.560141	0.371645
28	441.220366	0.372388
29	441.880590	0.373132
30	442.540815	0.373876
31	443.201039	0.374620
32	443.861264	0.375366
33	444.521488	0.376111
34	445.181712	0.376857
35	445.841937	0.377603
36	446.502161	0.378350
37	447.162386	0.379097
38	447.822610	0.379845
39	448.482835	0.380593
40	449.143059	0.381342
41	449.803284	0.382091
42	450.463508	0.376951
43	451.123733	0.316968
44	451.783957	0.194152
45	452.444181	0.022014
46	453.104406	-0.183973
No.46	 toolpath 387.825008	[r = 452.519770] is calculated within 10.880034s.
-----
initial linear search begins: 
No.	x	f(x)0	419.483009	1.163909
1	420.143744	1.081324
2	420.804479	0.995971
3	421.465215	0.912908
4	422.125950	0.835453
5	422.786685	0.768467
6	423.447420	0.713051
7	424.108155	0.672292
8	424.768891	0.652400
9	425.429626	0.651426
10	426.090361	0.650453
11	426.751096	0.649481
12	427.411832	0.648508
13	428.072567	0.647535
14	428.733302	0.646562
15	429.394037	0.644177
16	430.054772	0.634873
17	430.715508	0.624323
18	431.376243	0.610973
19	432.036978	0.592986
20	432.697713	0.568372
21	433.358449	0.534754
22	434.019184	0.490604
23	434.679919	0.437985
24	435.340654	0.376769
25	436.001390	0.362895
26	436.662125	0.363635
27	437.322860	0.364375
28	437.983595	0.365115
29	438.644330	0.365856
30	439.305066	0.366597
31	439.965801	0.367339
32	440.626536	0.368081
33	441.287271	0.368823
34	441.948007	0.369566
35	442.608742	0.370309
36	443.269477	0.371053
37	443.930212	0.371797
38	444.590948	0.372542
39	445.251683	0.373287
40	445.912418	0.374032
41	446.573153	0.374778
42	447.233888	0.371764
43	447.894624	0.315104
44	448.555359	0.194621
45	449.216094	0.022849
46	449.876829	-0.182554
No.47	 toolpath 384.597090	[r = 449.291852] is calculated within 11.213426s.
-----
initial linear search begins: 
No.	x	f(x)0	416.229735	1.115435
1	416.890977	1.035259
2	417.552219	0.952470
3	418.213462	0.871704
4	418.874704	0.795568
5	419.535946	0.729533
6	420.197189	0.675193
7	420.858431	0.662954
8	421.519673	0.661978
9	422.180916	0.661002
10	422.842158	0.660027
11	423.503400	0.659052
12	424.164643	0.658076
13	424.825885	0.649448
14	425.487127	0.629154
15	426.148370	0.611425
16	426.809612	0.598229
17	427.470855	0.586895
18	428.132097	0.575099
19	428.793339	0.559175
20	429.454582	0.536526
21	430.115824	0.504931
22	430.777066	0.462605
23	431.438309	0.410473
24	432.099551	0.354925
25	432.760793	0.355661
26	433.422036	0.356397
27	434.083278	0.357135
28	434.744520	0.357872
29	435.405763	0.358609
30	436.067005	0.359348
31	436.728248	0.360087
32	437.389490	0.360825
33	438.050732	0.361565
34	438.711975	0.362305
35	439.373217	0.363045
36	440.034459	0.363786
37	440.695702	0.364527
38	441.356944	0.365269
39	442.018186	0.366011
40	442.679429	0.366753
41	443.340671	0.367496
42	444.001913	0.365572
43	444.663156	0.313029
44	445.324398	0.194440
45	445.985641	0.023158
46	446.646883	-0.182183
No.48	 toolpath 381.370721	[r = 446.065483] is calculated within 10.892725s.
-----
initial linear search begins: 
No.	x	f(x)0	412.978221	1.067025
1	413.639967	0.990279
2	414.301712	0.909723
3	414.963457	0.830962
4	415.625202	0.757636
5	416.286947	0.694478
6	416.948693	0.673524
7	417.610438	0.672546
8	418.272183	0.671567
9	418.933928	0.670590
10	419.595674	0.669612
11	420.257419	0.668634
12	420.919164	0.653135
13	421.580909	0.621756
14	422.242654	0.592984
15	422.904400	0.571497
16	423.566145	0.556705
17	424.227890	0.545845
18	424.889635	0.535595
19	425.551381	0.522546
20	426.213126	0.502240
21	426.874871	0.473654
22	427.536616	0.432610
23	428.198362	0.383049
24	428.860107	0.347731
25	429.521852	0.348464
26	430.183597	0.349198
27	430.845342	0.349932
28	431.507088	0.350667
29	432.168833	0.351402
30	432.830578	0.352137
31	433.492323	0.352873
32	434.154069	0.353609
33	434.815814	0.354345
34	435.477559	0.355082
35	436.139304	0.355820
36	436.801049	0.356557
37	437.462795	0.357295
38	438.124540	0.358034
39	438.786285	0.358773
40	439.448030	0.359512
41	440.109776	0.360252
42	440.771521	0.359467
43	441.433266	0.310189
44	442.095011	0.194284
45	442.756757	0.022922
46	443.418502	-0.181724
No.49	 toolpath 378.140582	[r = 442.835344] is calculated within 10.850619s.
-----
initial linear search begins: 
No.	x	f(x)0	409.723110	1.018571
1	410.385355	0.944182
2	411.047600	0.867315
3	411.709844	0.792811
4	412.372089	0.722832
5	413.034334	0.684126
6	413.696578	0.683146
7	414.358823	0.682165
8	415.021068	0.681185
9	415.683312	0.680204
10	416.345557	0.679224
11	417.007802	0.665859
12	417.670046	0.628490
13	418.332291	0.587395
14	418.994536	0.553202
15	419.656780	0.529164
16	420.319025	0.513762
17	420.981270	0.503108
18	421.643515	0.494953
19	422.305759	0.483699
20	422.968004	0.465974
21	423.630249	0.439720
22	424.292493	0.402088
23	424.954738	0.352937
24	425.616983	0.340563
25	426.279227	0.341294
26	426.941472	0.342024
27	427.603717	0.342756
28	428.265961	0.343487
29	428.928206	0.344219
30	429.590451	0.344952
31	430.252695	0.345685
32	430.914940	0.346417
33	431.577185	0.347151
34	432.239429	0.347885
35	432.901674	0.348620
36	433.563919	0.349355
37	434.226163	0.350090
38	434.888408	0.350825
39	435.550653	0.351562
40	436.212897	0.352298
41	436.875142	0.353035
42	437.537387	0.353071
43	438.199631	0.307521
44	438.861876	0.193204
45	439.524121	0.023601
46	440.186365	-0.181514
No.50	 toolpath 374.912222	[r = 439.606983] is calculated within 10.879712s.
-----
initial linear search begins: 
No.	x	f(x)0	406.469990	0.971078
1	407.132730	0.899764
2	407.795470	0.826704
3	408.458210	0.755542
4	409.120950	0.694746
5	409.783689	0.693762
6	410.446429	0.692779
7	411.109169	0.691796
8	411.771909	0.690813
9	412.434649	0.689830
10	413.097389	0.682168
11	413.760129	0.644834
12	414.422868	0.597301
13	415.085608	0.550821
14	415.748348	0.512002
15	416.411088	0.485425
16	417.073828	0.468980
17	417.736568	0.458972
18	418.399308	0.451620
19	419.062047	0.442994
20	419.724787	0.428049
21	420.387527	0.404579
22	421.050267	0.369275
23	421.713007	0.332705
24	422.375747	0.333433
25	423.038486	0.334160
26	423.701226	0.334888
27	424.363966	0.335616
28	425.026706	0.336345
29	425.689446	0.337075
30	426.352186	0.337804
31	427.014926	0.338534
32	427.677665	0.339264
33	428.340405	0.339995
34	429.003145	0.340726
35	429.665885	0.341458
36	430.328625	0.342189
37	430.991365	0.342922
38	431.654105	0.343655
39	432.316844	0.344388
40	432.979584	0.345122
41	433.642324	0.345855
42	434.305064	0.347504
43	434.967804	0.304676
44	435.630544	0.192980
45	436.293284	0.024467
46	436.956023	-0.179766
No.51	 toolpath 371.683047	[r = 436.377809] is calculated within 10.849250s.
-----
initial linear search begins: 
No.	x	f(x)0	403.216251	0.922557
1	403.879482	0.856610
2	404.542713	0.787865
3	405.205944	0.722378
4	405.869176	0.704405
5	406.532407	0.703418
6	407.195638	0.702433
7	407.858869	0.701447
8	408.522100	0.700461
9	409.185331	0.697800
10	409.848563	0.665971
11	410.511794	0.616659
12	411.175025	0.562000
13	411.838256	0.511011
14	412.501487	0.469469
15	413.164718	0.440916
16	413.827950	0.423701
17	414.491181	0.414132
18	415.154412	0.408108
19	415.817643	0.401151
20	416.480874	0.389347
21	417.144105	0.368494
22	417.807337	0.336524
23	418.470568	0.325608
24	419.133799	0.326333
25	419.797030	0.327058
26	420.460261	0.327783
27	421.123492	0.328508
28	421.786724	0.329234
29	422.449955	0.329961
30	423.113186	0.330688
31	423.776417	0.331415
32	424.439648	0.332142
33	425.102879	0.332870
34	425.766111	0.333598
35	426.429342	0.334327
36	427.092573	0.335056
37	427.755804	0.335786
38	428.419035	0.336516
39	429.082266	0.337246
40	429.745498	0.337977
41	430.408729	0.338708
42	431.071960	0.339922
43	431.735191	0.301649
44	432.398422	0.192314
45	433.061653	0.024797
46	433.724885	-0.179389
No.52	 toolpath 368.452687	[r = 433.147447] is calculated within 10.861256s.
-----
initial linear search begins: 
No.	x	f(x)0	399.961514	0.876208
1	400.625232	0.814479
2	401.288951	0.752110
3	401.952670	0.715073
4	402.616388	0.714085
5	403.280107	0.713096
6	403.943826	0.712108
7	404.607544	0.711119
8	405.271263	0.710131
9	405.934982	0.687257
10	406.598700	0.639994
11	407.262419	0.583792
12	407.926138	0.525182
13	408.589856	0.470962
14	409.253575	0.427005
15	409.917294	0.395871
16	410.581012	0.377923
17	411.244731	0.368694
18	411.908450	0.364381
19	412.572168	0.358816
20	413.235887	0.349313
21	413.899606	0.331487
22	414.563324	0.317820
23	415.227043	0.318541
24	415.890762	0.319262
25	416.554480	0.319985
26	417.218199	0.320707
27	417.881918	0.321430
28	418.545636	0.322153
29	419.209355	0.322877
30	419.873074	0.323601
31	420.536792	0.324325
32	421.200511	0.325050
33	421.864230	0.325775
34	422.527948	0.326501
35	423.191667	0.327227
36	423.855386	0.327953
37	424.519104	0.328680
38	425.182823	0.329407
39	425.846542	0.330134
40	426.510260	0.330862
41	427.173979	0.331591
42	427.837698	0.332319
43	428.501416	0.298440
44	429.165135	0.191166
45	429.828854	0.024507
46	430.492572	-0.179148
No.53	 toolpath 365.221176	[r = 429.915937] is calculated within 11.027427s.
-----
initial linear search begins: 
No.	x	f(x)0	396.705819	0.830722
1	397.370021	0.775603
2	398.034223	0.725770
3	398.698426	0.724778
4	399.362628	0.723787
5	400.026830	0.722796
6	400.691033	0.721804
7	401.355235	0.720813
8	402.019438	0.706748
9	402.683640	0.663558
10	403.347842	0.608156
11	404.012045	0.547159
12	404.676247	0.485682
13	405.340449	0.428846
14	406.004652	0.382309
15	406.668854	0.350779
16	407.333057	0.331546
17	407.997259	0.323165
18	408.661461	0.319593
19	409.325664	0.315819
20	409.989866	0.309394
21	410.654068	0.310066
22	411.318271	0.310784
23	411.982473	0.311503
24	412.646676	0.312222
25	413.310878	0.312941
26	413.975080	0.313661
27	414.639283	0.314381
28	415.303485	0.315101
29	415.967688	0.315823
30	416.631890	0.316544
31	417.296092	0.317265
32	417.960295	0.317988
33	418.624497	0.318710
34	419.288699	0.319433
35	419.952902	0.320156
36	420.617104	0.320880
37	421.281307	0.321604
38	421.945509	0.322328
39	422.609711	0.323053
40	423.273914	0.323778
41	423.938116	0.324504
42	424.602318	0.326226
43	425.266521	0.295049
44	425.930723	0.190618
45	426.594926	0.025355
46	427.259128	-0.177947
No.54	 toolpath 361.985821	[r = 426.680581] is calculated within 10.548003s.
-----
initial linear search begins: 
No.	x	f(x)0	393.446448	0.787858
1	394.111130	0.739091
2	394.775813	0.735509
3	395.440496	0.734514
4	396.105178	0.733520
5	396.769861	0.732526
6	397.434544	0.731532
7	398.099226	0.721883
8	398.763909	0.684594
9	399.428592	0.632613
10	400.093274	0.572498
11	400.757957	0.508503
12	401.422640	0.445603
13	402.087322	0.386100
14	402.752005	0.337760
15	403.416688	0.304042
16	404.081370	0.299483
17	404.746053	0.300197
18	405.410736	0.300911
19	406.075418	0.301625
20	406.740101	0.302340
21	407.404784	0.303056
22	408.069467	0.303771
23	408.734149	0.304487
24	409.398832	0.305204
25	410.063515	0.305921
26	410.728197	0.306638
27	411.392880	0.307355
28	412.057563	0.308073
29	412.722245	0.308791
30	413.386928	0.309510
31	414.051611	0.310229
32	414.716293	0.310948
33	415.380976	0.311668
34	416.045659	0.312388
35	416.710341	0.313109
36	417.375024	0.313830
37	418.039707	0.314551
38	418.704389	0.315272
39	419.369072	0.315995
40	420.033755	0.316717
41	420.698437	0.317440
42	421.363120	0.318163
43	422.027803	0.291201
44	422.692485	0.189540
45	423.357168	0.024793
46	424.021851	-0.178006
No.55	 toolpath 358.749492	[r = 423.444253] is calculated within 10.531381s.
-----
initial linear search begins: 
No.	x	f(x)0	390.186295	0.747265
1	390.851454	0.746268
2	391.516613	0.745270
3	392.181773	0.744273
4	392.846932	0.743276
5	393.512091	0.742279
6	394.177250	0.733128
7	394.842409	0.700002
8	395.507568	0.652696
9	396.172728	0.596652
10	396.837887	0.534141
11	397.503046	0.468286
12	398.168205	0.403186
13	398.833364	0.343053
14	399.498523	0.292711
15	400.163682	0.291804
16	400.828842	0.292515
17	401.494001	0.293226
18	402.159160	0.293937
19	402.824319	0.294649
20	403.489478	0.295362
21	404.154637	0.296074
22	404.819796	0.296788
23	405.484956	0.297501
24	406.150115	0.298215
25	406.815274	0.298929
26	407.480433	0.299643
27	408.145592	0.300358
28	408.810751	0.301074
29	409.475910	0.301789
30	410.141070	0.302505
31	410.806229	0.303222
32	411.471388	0.303938
33	412.136547	0.304655
34	412.801706	0.305373
35	413.466865	0.306091
36	414.132025	0.306809
37	414.797184	0.307528
38	415.462343	0.308246
39	416.127502	0.308966
40	416.792661	0.309686
41	417.457820	0.310406
42	418.122979	0.311126
43	418.788139	0.287488
44	419.453298	0.188196
45	420.118457	0.025140
46	420.783616	-0.177059
No.56	 toolpath 355.511721	[r = 420.206482] is calculated within 10.551836s.
-----
initial linear search begins: 
No.	x	f(x)0	386.924888	0.757058
1	387.590520	0.756057
2	388.256152	0.755057
3	388.921784	0.754057
4	389.587416	0.752954
5	390.253048	0.736842
6	390.918680	0.706434
7	391.584312	0.665258
8	392.249943	0.615718
9	392.915575	0.557308
10	393.581207	0.493090
11	394.246839	0.426398
12	394.912471	0.360953
13	395.578103	0.299077
14	396.243735	0.284157
15	396.909366	0.284865
16	397.574998	0.285573
17	398.240630	0.286282
18	398.906262	0.286991
19	399.571894	0.287700
20	400.237526	0.288410
21	400.903158	0.289120
22	401.568790	0.289831
23	402.234421	0.290542
24	402.900053	0.291253
25	403.565685	0.291964
26	404.231317	0.292676
27	404.896949	0.293388
28	405.562581	0.294101
29	406.228213	0.294814
30	406.893844	0.295528
31	407.559476	0.296242
32	408.225108	0.296956
33	408.890740	0.297670
34	409.556372	0.298385
35	410.222004	0.299100
36	410.887636	0.299816
37	411.553268	0.300532
38	412.218899	0.301248
39	412.884531	0.301965
40	413.550163	0.302682
41	414.215795	0.303400
42	414.881427	0.304117
43	415.547059	0.283586
44	416.212691	0.186364
45	416.878322	0.025426
46	417.543954	-0.176371
No.57	 toolpath 352.273252	[r = 416.968012] is calculated within 10.561153s.
-----
initial linear search begins: 
No.	x	f(x)0	383.662976	0.766874
1	384.329077	0.764440
2	384.995177	0.754882
3	385.661278	0.741208
4	386.327379	0.722872
5	386.993480	0.698238
6	387.659580	0.665664
7	388.325681	0.623760
8	388.991782	0.573452
9	389.657882	0.514799
10	390.323983	0.450458
11	390.990084	0.383313
12	391.656185	0.316552
13	392.322285	0.276543
14	392.988386	0.277249
15	393.654487	0.277954
16	394.320588	0.278660
17	394.986688	0.279366
18	395.652789	0.280073
19	396.318890	0.280780
20	396.984990	0.281487
21	397.651091	0.282194
22	398.317192	0.282902
23	398.983293	0.283611
24	399.649393	0.284319
25	400.315494	0.285028
26	400.981595	0.285738
27	401.647695	0.286448
28	402.313796	0.287158
29	402.979897	0.287868
30	403.645998	0.288579
31	404.312098	0.289290
32	404.978199	0.290002
33	405.644300	0.290714
34	406.310401	0.291426
35	406.976501	0.292139
36	407.642602	0.292852
37	408.308703	0.293565
38	408.974803	0.294279
39	409.640904	0.294993
40	410.307005	0.295708
41	410.973106	0.296423
42	411.639206	0.297138
43	412.305307	0.279495
44	412.971408	0.185380
45	413.637509	0.024692
46	414.303609	-0.176521
No.58	 toolpath 349.033012	[r = 413.727773] is calculated within 10.668026s.
-----
initial linear search begins: 
No.	x	f(x)0	380.399479	0.724097
1	381.066045	0.712769
2	381.732611	0.701601
3	382.399177	0.689141
4	383.065743	0.671361
5	383.732309	0.649199
6	384.398875	0.618028
7	385.065440	0.578013
8	385.732006	0.528183
9	386.398572	0.470346
10	387.065138	0.406244
11	387.731704	0.339208
12	388.398270	0.272304
13	389.064836	0.269663
14	389.731402	0.270366
15	390.397968	0.271069
16	391.064533	0.271772
17	391.731099	0.272476
18	392.397665	0.273180
19	393.064231	0.273884
20	393.730797	0.274589
21	394.397363	0.275294
22	395.063929	0.276000
23	395.730495	0.276706
24	396.397060	0.277412
25	397.063626	0.278118
26	397.730192	0.278826
27	398.396758	0.279533
28	399.063324	0.280240
29	399.729890	0.280948
30	400.396456	0.281657
31	401.063022	0.282365
32	401.729588	0.283074
33	402.396153	0.283784
34	403.062719	0.284493
35	403.729285	0.285204
36	404.395851	0.285914
37	405.062417	0.286625
38	405.728983	0.287336
39	406.395549	0.288048
40	407.062115	0.288760
41	407.728680	0.289472
42	408.395246	0.290185
43	409.061812	0.275221
44	409.728378	0.184056
45	410.394944	0.025331
46	411.061510	-0.176702
No.59	 toolpath 345.788855	[r = 410.483617] is calculated within 10.587932s.
-----
initial linear search begins: 
No.	x	f(x)0	377.132234	0.660324
1	377.799262	0.649639
2	378.466290	0.639613
3	379.133317	0.628634
4	379.800345	0.614025
5	380.467373	0.593670
6	381.134400	0.566536
7	381.801428	0.528351
8	382.468455	0.480481
9	383.135483	0.423713
10	383.802511	0.360875
11	384.469538	0.293555
12	385.136566	0.262103
13	385.803594	0.262803
14	386.470621	0.263503
15	387.137649	0.264204
16	387.804677	0.264905
17	388.471704	0.265606
18	389.138732	0.266308
19	389.805760	0.267010
20	390.472787	0.267712
21	391.139815	0.268415
22	391.806843	0.269118
23	392.473870	0.269822
24	393.140898	0.270525
25	393.807925	0.271229
26	394.474953	0.271934
27	395.141981	0.272639
28	395.809008	0.273344
29	396.476036	0.274049
30	397.143064	0.274755
31	397.810091	0.275461
32	398.477119	0.276168
33	399.144147	0.276875
34	399.811174	0.277582
35	400.478202	0.278290
36	401.145230	0.278998
37	401.812257	0.279706
38	402.479285	0.280414
39	403.146312	0.281124
40	403.813340	0.281833
41	404.480368	0.282543
42	405.147395	0.283253
43	405.814423	0.270769
44	406.481451	0.182156
45	407.148478	0.024621
46	407.815506	-0.175042
No.60	 toolpath 342.540766	[r = 407.235527] is calculated within 10.570963s.
-----
initial linear search begins: 
No.	x	f(x)0	373.861226	0.593613
1	374.528712	0.583825
2	375.196198	0.574887
3	375.863684	0.565026
4	376.531170	0.552688
5	377.198656	0.535437
6	377.866142	0.511382
7	378.533628	0.476830
8	379.201114	0.431438
9	379.868600	0.375859
10	380.536086	0.313783
11	381.203572	0.254568
12	381.871058	0.255266
13	382.538544	0.255963
14	383.206030	0.256661
15	383.873516	0.257360
16	384.541002	0.258058
17	385.208488	0.258757
18	385.875974	0.259456
19	386.543460	0.260156
20	387.210946	0.260856
21	387.878432	0.261556
22	388.545918	0.262257
23	389.213404	0.262958
24	389.880890	0.263659
25	390.548376	0.264361
26	391.215862	0.265063
27	391.883348	0.265765
28	392.550834	0.266468
29	393.218320	0.267171
30	393.885806	0.267874
31	394.553292	0.268578
32	395.220778	0.269282
33	395.888264	0.269987
34	396.555750	0.270692
35	397.223236	0.271396
36	397.890722	0.272102
37	398.558208	0.272808
38	399.225694	0.273514
39	399.893181	0.274221
40	400.560667	0.274928
41	401.228153	0.275635
42	401.895639	0.276342
43	402.563125	0.265884
44	403.230611	0.180818
45	403.898097	0.024640
46	404.565583	-0.175208
No.61	 toolpath 339.291923	[r = 403.986685] is calculated within 10.564372s.
-----
initial linear search begins: 
No.	x	f(x)0	370.589659	0.525179
1	371.257599	0.515968
2	371.925540	0.507293
3	372.593480	0.499645
4	373.261421	0.490021
5	373.929362	0.476270
6	374.597302	0.453952
7	375.265243	0.422355
8	375.933183	0.379405
9	376.601124	0.326414
10	377.269064	0.265717
11	377.937005	0.247760
12	378.604945	0.248455
13	379.272886	0.249150
14	379.940826	0.249846
15	380.608767	0.250542
16	381.276707	0.251238
17	381.944648	0.251934
18	382.612588	0.252631
19	383.280529	0.253328
20	383.948469	0.254026
21	384.616410	0.254724
22	385.284351	0.255422
23	385.952291	0.256121
24	386.620232	0.256820
25	387.288172	0.257519
26	387.956113	0.258219
27	388.624053	0.258919
28	389.291994	0.259619
29	389.959934	0.260319
30	390.627875	0.261021
31	391.295815	0.261722
32	391.963756	0.262423
33	392.631696	0.263126
34	393.299637	0.263828
35	393.967577	0.264531
36	394.635518	0.265234
37	395.303458	0.265937
38	395.971399	0.266641
39	396.639339	0.267345
40	397.307280	0.268049
41	397.975221	0.268754
42	398.643161	0.269459
43	399.311102	0.261336
44	399.979042	0.179494
45	400.646983	0.023383
46	401.314923	-0.175229
No.62	 toolpath 336.041260	[r = 400.736022] is calculated within 10.612296s.
-----
initial linear search begins: 
No.	x	f(x)0	367.316454	0.455292
1	367.984845	0.445510
2	368.653237	0.438929
3	369.321628	0.433178
4	369.990019	0.425238
5	370.658411	0.413051
6	371.326802	0.395429
7	371.995193	0.366424
8	372.663585	0.327229
9	373.331976	0.275983
10	374.000367	0.240283
11	374.668759	0.240975
12	375.337150	0.241668
13	376.005542	0.242360
14	376.673933	0.243054
15	377.342324	0.243748
16	378.010716	0.244441
17	378.679107	0.245136
18	379.347498	0.245830
19	380.015890	0.246525
20	380.684281	0.247220
21	381.352672	0.247916
22	382.021064	0.248612
23	382.689455	0.249308
24	383.357846	0.250005
25	384.026238	0.250702
26	384.694629	0.251399
27	385.363020	0.252097
28	386.031412	0.252795
29	386.699803	0.253492
30	387.368195	0.254191
31	388.036586	0.254890
32	388.704977	0.255589
33	389.373369	0.256289
34	390.041760	0.256989
35	390.710151	0.257689
36	391.378543	0.258390
37	392.046934	0.259091
38	392.715325	0.259792
39	393.383717	0.260494
40	394.052108	0.261196
41	394.720499	0.261898
42	395.388891	0.262601
43	396.057282	0.256357
44	396.725673	0.177213
45	397.394065	0.023765
46	398.062456	-0.175278
No.63	 toolpath 332.786620	[r = 397.481380] is calculated within 10.580163s.
-----
initial linear search begins: 
No.	x	f(x)0	364.039441	0.226636
1	364.708280	0.227323
2	365.377119	0.228010
3	366.045958	0.228698
4	366.714797	0.359421
5	367.383635	0.350715
6	368.052474	0.333889
7	368.721313	0.309203
8	369.390152	0.272953
9	370.058990	0.232829
10	370.727829	0.233519
11	371.396668	0.234209
12	372.065507	0.234900
13	372.734346	0.235590
14	373.403184	0.236281
15	374.072023	0.236973
16	374.740862	0.237664
17	375.409701	0.238356
18	376.078539	0.239049
19	376.747378	0.239741
20	377.416217	0.240434
21	378.085056	0.241127
22	378.753895	0.241821
23	379.422733	0.242515
24	380.091572	0.243209
25	380.760411	0.243904
26	381.429250	0.244598
27	382.098088	0.245294
28	382.766927	0.245989
29	383.435766	0.246685
30	384.104605	0.247382
31	384.773444	0.248078
32	385.442282	0.248775
33	386.111121	0.249472
34	386.779960	0.250170
35	387.448799	0.250868
36	388.117637	0.251566
37	388.786476	0.252265
38	389.455315	0.252964
39	390.124154	0.253662
40	390.792993	0.254362
41	391.461831	0.255062
42	392.130670	0.255762
43	392.799509	0.250619
44	393.468348	0.174845
45	394.137186	0.023196
46	394.806025	-0.174261
No.64	 toolpath 329.527986	[r = 394.222746] is calculated within 10.955186s.
-----
initial linear search begins: 
No.	x	f(x)0	360.758606	0.219914
1	361.427889	0.220599
2	362.097172	0.221283
3	362.766455	0.221969
4	363.435737	0.222654
5	364.105020	0.223340
6	364.774303	0.224026
7	365.443586	0.224713
8	366.112869	0.225400
9	366.782151	0.226087
10	367.451434	0.226774
11	368.120717	0.227462
12	368.790000	0.228150
13	369.459283	0.228839
14	370.128565	0.229527
15	370.797848	0.230216
16	371.467131	0.230906
17	372.136414	0.231596
18	372.805697	0.232286
19	373.474979	0.232976
20	374.144262	0.233667
21	374.813545	0.234358
22	375.482828	0.235049
23	376.152111	0.235740
24	376.821393	0.236432
25	377.490676	0.237125
26	378.159959	0.237817
27	378.829242	0.238510
28	379.498525	0.239204
29	380.167807	0.239897
30	380.837090	0.240591
31	381.506373	0.241285
32	382.175656	0.241980
33	382.844939	0.242675
34	383.514221	0.243370
35	384.183504	0.244065
36	384.852787	0.244761
37	385.522070	0.245458
38	386.191353	0.246154
39	386.860635	0.246851
40	387.529918	0.247548
41	388.199201	0.248246
42	388.868484	0.248944
43	389.537767	0.245249
44	390.207049	0.172640
45	390.876332	0.022716
46	391.545615	-0.174003
No.65	 toolpath 326.265340	[r = 390.960102] is calculated within 10.516540s.
-----
initial linear search begins: 
No.	x	f(x)0	357.473931	0.213209
1	358.143654	0.213892
2	358.813378	0.214574
3	359.483101	0.215258
4	360.152825	0.215941
5	360.822548	0.216625
6	361.492271	0.217309
7	362.161995	0.217993
8	362.831718	0.218678
9	363.501442	0.219362
10	364.171165	0.220048
11	364.840889	0.220733
12	365.510612	0.221419
13	366.180335	0.222105
14	366.850059	0.222792
15	367.519782	0.223479
16	368.189506	0.224166
17	368.859229	0.224853
18	369.528952	0.225541
19	370.198676	0.226229
20	370.868399	0.226918
21	371.538123	0.227606
22	372.207846	0.228295
23	372.877570	0.228985
24	373.547293	0.229675
25	374.217016	0.230364
26	374.886740	0.231055
27	375.556463	0.231745
28	376.226187	0.232436
29	376.895910	0.233127
30	377.565633	0.233819
31	378.235357	0.234511
32	378.905080	0.235203
33	379.574804	0.235896
34	380.244527	0.236589
35	380.914251	0.237282
36	381.583974	0.237976
37	382.253697	0.238670
38	382.923421	0.239364
39	383.593144	0.240058
40	384.262868	0.240754
41	384.932591	0.241449
42	385.602314	0.242144
43	386.272038	0.240424
44	386.941761	0.170699
45	387.611485	0.022742
46	388.281208	-0.174152
No.66	 toolpath 323.001334	[r = 387.696095] is calculated within 10.491185s.
-----
initial linear search begins: 
No.	x	f(x)0	354.188082	0.206528
1	354.858242	0.207208
2	355.528402	0.207889
3	356.198562	0.208570
4	356.868723	0.209251
5	357.538883	0.209932
6	358.209043	0.210614
7	358.879203	0.211296
8	359.549364	0.211979
9	360.219524	0.212662
10	360.889684	0.213345
11	361.559845	0.214028
12	362.230005	0.214712
13	362.900165	0.215396
14	363.570325	0.216080
15	364.240486	0.216764
16	364.910646	0.217450
17	365.580806	0.218135
18	366.250966	0.218820
19	366.921127	0.219506
20	367.591287	0.220193
21	368.261447	0.220879
22	368.931607	0.221565
23	369.601768	0.222253
24	370.271928	0.222940
25	370.942088	0.223628
26	371.612249	0.224316
27	372.282409	0.225005
28	372.952569	0.225693
29	373.622729	0.226382
30	374.292890	0.227072
31	374.963050	0.227761
32	375.633210	0.228451
33	376.303370	0.229142
34	376.973531	0.229832
35	377.643691	0.230523
36	378.313851	0.231215
37	378.984011	0.231906
38	379.654172	0.232598
39	380.324332	0.233290
40	380.994492	0.233983
41	381.664653	0.234676
42	382.334813	0.235369
43	383.004973	0.233829
44	383.675133	0.167894
45	384.345294	0.021496
46	385.015454	-0.174330
No.67	 toolpath 319.732974	[r = 384.427735] is calculated within 10.429720s.
-----
initial linear search begins: 
No.	x	f(x)0	350.898048	0.199863
1	351.568641	0.200541
2	352.239235	0.201220
3	352.909829	0.201899
4	353.580423	0.202578
5	354.251016	0.203257
6	354.921610	0.203937
7	355.592204	0.204617
8	356.262798	0.205297
9	356.933391	0.205978
10	357.603985	0.206659
11	358.274579	0.207340
12	358.945173	0.208021
13	359.615766	0.208703
14	360.286360	0.209385
15	360.956954	0.210068
16	361.627547	0.210751
17	362.298141	0.211434
18	362.968735	0.212117
19	363.639329	0.212801
20	364.309922	0.213485
21	364.980516	0.214169
22	365.651110	0.214853
23	366.321704	0.215539
24	366.992297	0.216224
25	367.662891	0.216909
26	368.333485	0.217595
27	369.004079	0.218281
28	369.674672	0.218968
29	370.345266	0.219654
30	371.015860	0.220342
31	371.686454	0.221029
32	372.357047	0.221717
33	373.027641	0.222405
34	373.698235	0.223093
35	374.368829	0.223782
36	375.039422	0.224471
37	375.710016	0.225160
38	376.380610	0.225850
39	377.051204	0.226540
40	377.721797	0.227230
41	378.392391	0.227921
42	379.062985	0.228612
43	379.733579	0.227926
44	380.404172	0.165710
45	381.074766	0.020824
46	381.745360	-0.173893
No.68	 toolpath 316.460339	[r = 381.155100] is calculated within 10.447478s.
-----
initial linear search begins: 
No.	x	f(x)0	347.603908	0.193215
1	348.274932	0.193891
2	348.945956	0.194568
3	349.616980	0.195244
4	350.288004	0.195921
5	350.959028	0.196599
6	351.630051	0.197276
7	352.301075	0.197954
8	352.972099	0.198632
9	353.643123	0.199311
10	354.314147	0.199989
11	354.985171	0.200668
12	355.656195	0.201348
13	356.327218	0.202028
14	356.998242	0.202707
15	357.669266	0.203388
16	358.340290	0.204069
17	359.011314	0.204749
18	359.682338	0.205430
19	360.353361	0.206112
20	361.024385	0.206794
21	361.695409	0.207476
22	362.366433	0.208159
23	363.037457	0.208841
24	363.708481	0.209524
25	364.379504	0.210208
26	365.050528	0.210891
27	365.721552	0.211575
28	366.392576	0.211622
29	367.063600	0.212944
30	367.734624	0.213629
31	368.405647	0.214314
32	369.076671	0.215000
33	369.747695	0.215686
34	370.418719	0.216372
35	371.089743	0.217058
36	371.760767	0.217745
37	372.431791	0.218432
38	373.102814	0.219119
39	373.773838	0.219807
40	374.444862	0.220496
41	375.115886	0.221184
42	375.786910	0.221872
43	376.457934	0.223040
44	377.128957	0.163588
45	377.799981	0.020107
46	378.471005	-0.174344
No.69	 toolpath 313.181156	[r = 377.875917] is calculated within 10.405113s.
-----
initial linear search begins: 
No.	x	f(x)0	344.303375	0.186579
1	344.974826	0.187253
2	345.646277	0.187927
3	346.317728	0.188602
4	346.989179	0.189277
5	347.660629	0.189952
6	348.332080	0.190627
7	349.003531	0.191303
8	349.674982	0.191980
9	350.346433	0.192656
10	351.017884	0.193332
11	351.689334	0.194009
12	352.360785	0.194687
13	353.032236	0.195364
14	353.703687	0.196042
15	354.375138	0.196720
16	355.046589	0.197399
17	355.718039	0.198077
18	356.389490	0.198757
19	357.060941	0.199436
20	357.732392	0.200116
21	358.403843	0.200795
22	359.075294	0.201476
23	359.746744	0.202156
24	360.418195	0.202837
25	361.089646	0.203519
26	361.761097	0.204200
27	362.432548	0.204882
28	363.103999	0.205559
29	363.775449	0.156052
30	364.446900	0.017080
31	365.118351	0.004316
32	365.789802	0.081002
33	366.461253	0.208979
34	367.132704	0.209663
35	367.804154	0.210347
36	368.475605	0.211032
37	369.147056	0.211717
38	369.818507	0.212402
39	370.489958	0.213088
40	371.161409	0.213773
41	371.832859	0.214459
42	372.504310	0.215146
43	373.175761	0.215505
44	373.847212	0.160729
45	374.518663	0.018679
46	375.190114	-0.173630
No.70	 toolpath 309.897443	[r = 374.592203] is calculated within 10.457112s.
-----
initial linear search begins: 
No.	x	f(x)0	340.998481	0.179959
1	341.670355	0.180631
2	342.342229	0.181303
3	343.014104	0.181975
4	343.685978	0.182648
5	344.357853	0.183321
6	345.029727	0.183995
7	345.701602	0.184669
8	346.373476	0.185343
9	347.045351	0.186017
10	347.717225	0.186691
11	348.389100	0.187366
12	349.060974	0.188041
13	349.732848	0.188717
14	350.404723	0.189393
15	351.076597	0.190069
16	351.748472	0.190745
17	352.420346	0.191422
18	353.092221	0.192099
19	353.764095	0.192776
20	354.435970	0.193453
21	355.107844	0.194131
22	355.779719	0.194810
23	356.451593	0.195488
24	357.123467	0.196167
25	357.795342	0.196846
26	358.467216	0.197525
27	359.139091	0.198205
28	359.810965	0.186411
29	360.482840	0.089606
30	361.154714	-0.034479
No.71	 toolpath 306.586869	[r = 360.860462] is calculated within 10.001088s.
-----
initial linear search begins: 
No.	x	f(x)0	327.180307	0.153774
1	327.853910	0.120937
2	328.527513	0.083681
3	329.201116	0.042639
4	329.874720	-0.001679
No.72	 toolpath 275.973025	[r = 329.852311] is calculated within 8.322977s.
-----
initial linear search begins: 
No.	x	f(x)1	295.312328	-0.633291
2	294.635074	-0.634600
3	293.957819	-0.635908
4	293.280565	-0.637213
5	292.603310	-0.638516
6	291.926055	-0.639818
7	291.248801	-0.641118
8	290.571546	-0.642416
9	289.894292	-0.643712
10	289.217037	-0.636483
11	288.539783	-0.624304
12	287.862528	-0.619622
13	287.185274	-0.615611
14	286.508019	-0.618006
15	285.830764	-0.613891
16	285.153510	-0.609775
17	284.476255	-0.605658
18	283.799001	-0.601540
19	283.121746	-0.597420
20	282.444492	-0.593298
21	281.767237	-0.589176
22	281.089983	-0.585052
23	280.412728	-0.580926
24	279.735473	-0.576799
25	279.058219	-0.572671
26	278.380964	-0.568541
27	277.703710	-0.564410
28	277.026455	-0.560278
29	276.349201	-0.554261
30	275.671946	-0.538056
31	274.994692	-0.518406
32	274.317437	-0.494129
33	273.640182	-0.463960
34	272.962928	-0.427254
35	272.285673	-0.384663
36	271.608419	-0.337270
37	270.931164	-0.285784
38	270.253910	-0.230541
39	269.576655	-0.172565
40	268.899400	-0.113948
41	268.222146	-0.054479
42	267.544891	0.003761
No.73	 toolpath 235.834162	[r = 267.585316] is calculated within 39.438587s.
-----
initial linear search begins: 
No.	x	f(x)0	233.407794	0.027317
1	234.091344	0.002023
2	234.774895	-0.024393
No.74	 toolpath 203.173808	[r = 234.143510] is calculated within 7.350791s.
-----
initial linear search begins: 
No.	x	f(x)1	199.138579	-0.178769
2	198.452208	-0.152830
3	197.765836	-0.129245
4	197.079465	-0.110814
5	196.393094	-0.097891
6	195.706723	-0.090478
7	195.020351	-0.085709
8	194.333980	-0.077907
9	193.647609	-0.064008
10	192.961238	-0.042343
11	192.274867	-0.012396
12	191.588495	-0.001802
13	190.902124	0.037257
No.75	 toolpath 169.347705	[r = 191.554105] is calculated within 13.704952s.
-----
initial linear search begins: 
No.	x	f(x)0	157.083795	0.241537
1	157.773201	0.216451
2	158.462607	0.190855
3	159.152014	0.163232
4	159.841420	0.134888
5	160.530826	0.105195
6	161.220232	0.074279
7	161.909638	0.041804
8	162.599045	0.007055
9	163.288451	-0.029904
No.76	 toolpath 140.933983	[r = 162.737379] is calculated within 7.930310s.
-----
initial linear search begins: 
No.	x	f(x)1	127.490800	0.018014
No.77	 toolpath 107.083780	[r = 128.111698] is calculated within 7.120904s.
-----
initial linear search begins: 
No.	x	f(x)1	92.779645	-0.499740
2	92.086859	-0.485617
3	91.394074	-0.468028
4	90.701289	-0.446171
5	90.008503	-0.420978
6	89.315718	-0.393614
7	88.622933	-0.363409
8	87.930147	-0.331751
9	87.237362	-0.299129
10	86.544576	-0.287234
11	85.851791	-0.252858
12	85.159006	-0.217873
13	84.466220	-0.182994
14	83.773435	-0.148089
15	83.080650	-0.113810
16	82.387864	-0.080516
17	81.695079	-0.048422
18	81.002294	-0.017155
19	80.309508	0.012502
No.78	 toolpath 69.729260	[r = 80.598123] is calculated within 17.915720s.
-----
initial linear search begins: 
No.	x	f(x)1	45.182106	-0.550677
2	44.487674	-0.542566
3	43.793243	-0.517668
4	43.098811	-0.493244
5	42.404379	-0.469177
6	41.709947	-0.446570
7	41.015516	-0.425396
8	40.321084	-0.406214
9	39.626652	-0.388997
10	38.932221	-0.373061
11	38.237789	-0.357663
12	37.543357	-0.340991
13	36.848926	-0.321599
14	36.154494	-0.298802
15	35.460062	-0.273371
16	34.765630	-0.244173
17	34.071199	-0.212363
18	33.376767	-0.178005
19	32.682335	-0.165393
20	31.987904	-0.128109
21	31.293472	-0.088548
22	30.599040	-0.047834
23	29.904609	-0.005748
24	29.210177	0.038148
No.79	 toolpath 32.623150	[r = 29.815761] is calculated within 21.654747s.
-----
initial linear search begins: 
No.	x	f(x)0	-4.952281	0.125076
1	-4.256921	0.116271
2	-3.561560	0.085543
3	-2.866199	0.053355
4	-2.170838	0.019496
5	-1.475477	-0.015561
No.80	 toolpath 1.842986	[r = -1.789007] is calculated within 7.755069s.
-----
{Index exceeds the number of array elements. Index must not exceed 80.

 <a href="matlab:matlab.internal.language.introspective.errorDocCallback('s4_optim_2D_aspheric_actual_tip_multi_iter', 'D:\Code\2021-11_ToolWaviness\upm_toolpath\src\s4_optim_2D_aspheric_actual_tip_multi_iter.m', 310)" style="font-weight:bold">s4_optim_2D_aspheric_actual_tip_multi_iter</a> (<a href="matlab: opentoline('D:\Code\2021-11_ToolWaviness\upm_toolpath\src\s4_optim_2D_aspheric_actual_tip_multi_iter.m',310,0)"> 310 </a>)
prevUlimInd = size(curveULim{ind},2);
} 
<a href="matlab: opentoline('D:\Code\2021-11_ToolWaviness\upm_toolpath\src\s4_optim_2D_aspheric_actual_tip_multi_iter.m',310,1)">310 </a>prevUlimInd = size(curveULim{ind},2);
opentoline('D:\Code\2021-11_ToolWaviness\upm_toolpath\src\s4_optim_2D_aspheric_actual_tip_multi_iter.m',310,0)
opentoline('D:\Code\2021-11_ToolWaviness\upm_toolpath\src\s4_optim_2D_aspheric_actual_tip_multi_iter.m',310,0)
if system_dependent('IsDebugMode')==1, dbquit all; end
if system_dependent('IsDebugMode')==1, dbstep; end
if system_dependent('IsDebugMode')==1, dbstep; end
if system_dependent('IsDebugMode')==1, dbstep; end
if system_dependent('IsDebugMode')==1, dbstep; end
if system_dependent('IsDebugMode')==1, dbstep; end
if system_dependent('IsDebugMode')==1, dbstep; end
if system_dependent('IsDebugMode')==1, dbstep; end
if system_dependent('IsDebugMode')==1, dbstep; end
if system_dependent('IsDebugMode')==1, dbstep; end
if system_dependent('IsDebugMode')==1, dbstep; end
if system_dependent('IsDebugMode')==1, dbstep; end
if system_dependent('IsDebugMode')==1, dbstep; end
if system_dependent('IsDebugMode')==1, dbstep; end
if system_dependent('IsDebugMode')==1, dbstep; end
if system_dependent('IsDebugMode')==1, dbstep; end
if system_dependent('IsDebugMode')==1, dbstep; end
if system_dependent('IsDebugMode')==1, dbstep; end
if system_dependent('IsDebugMode')==1, dbstep; end
if system_dependent('IsDebugMode')==1, dbquit; end
curvePathPt(:,end) = []

curvePathPt =

   1  19

  535.0735  531.7092  528.3518  525.0013  521.6576  518.3208  514.9907  511.6652  508.3464  505.0297  501.7172  498.4088  495.1046  491.8047  488.5092  485.2159  481.9269  478.6395  475.3591
         0         0         0         0         0         0         0         0         0         0         0         0         0         0         0         0         0         0         0
  308.7963  307.2713  305.7598  304.2616  302.7766  301.3047  299.8457  298.3987  296.9644  295.5409  294.1288  292.7283  291.3391  289.9614  288.5950  287.2390  285.8942  284.5599  283.2380

   20  38

  472.0829  468.8109  465.5435  462.2777  459.0164  455.7565  452.5015  449.2509  446.0043  442.7596  439.5167  436.2757  433.0385  429.8032  426.5696  423.3355  420.1030  416.8722  413.6430
         0         0         0         0         0         0         0         0         0         0         0         0         0         0         0         0         0         0         0
  281.9271  280.6270  279.3379  278.0586  276.7902  275.5314  274.2834  273.0461  271.8192  270.6018  269.3940  268.1957  267.0076  265.8289  264.6595  263.4985  262.3468  261.2043  260.0710

   39  57

  410.4128  407.1842  403.9573  400.7296  397.5036  394.2763  391.0505  387.8250  384.5971  381.3707  378.1406  374.9122  371.6830  368.4527  365.2212  361.9858  358.7495  355.5117  352.2733
         0         0         0         0         0         0         0         0         0         0         0         0         0         0         0         0         0         0         0
  258.9458  257.8297  256.7228  255.6240  254.5343  253.4526  252.3798  251.3154  250.2587  249.2108  248.1701  247.1383  246.1145  245.0986  244.0907  243.0899  242.0970  241.1120  240.1350

   58  76

  349.0330  345.7889  342.5408  339.2919  336.0413  332.7866  329.5280  326.2653  323.0013  319.7330  316.4603  313.1812  309.8974  306.5869  275.9730  235.8342  203.1738  169.3477  140.9340
         0         0         0         0         0         0         0         0         0         0         0         0         0         0         0         0         0         0         0
  239.1657  238.2035  237.2484  236.3013  235.3619  234.4295  233.5043  232.5862  231.6759  230.7726  229.8764  228.9866  228.1039  227.2238  219.7091  211.4390  205.7021  200.7809  197.2795

   77  81

  107.0838   69.7293   32.6232    1.8430         0
         0         0         0         0         0
  193.8631  191.3043  189.9509  189.6533  189.6570

[curveRes(ind),curvePeakPt(:,ind),curveInterPt{ind},curveULim{ind}, ...
    curveULim{ind - 1}] = residual2D_multi(toolSp1,toolSp2,1e-5, ...
    curvePt(:,ind),curvePt(:,ind - 1),curveULim{ind - 1});
