The time spent in the parallel computing activating process is 0.000247s.
No tool data file loaded.
clear
clc
uiimport('D:\Code\2021-11_ToolWaviness\upm_toolpath\workspace\20230510\030130-sts-r0600c0.69-D906+0417-xminus-res1-arc0.02+deg1\data.mat',1)
错误使用 <a href="matlab:matlab.internal.language.introspective.errorDocCallback('residual3D_multi')" style="font-weight:bold">residual3D_multi</a>
Invalid input. Not enough or tool many input parameters

出错 <a href="matlab:matlab.internal.language.introspective.errorDocCallback('s4_optim_2D_aspheric_actual_tip_multi_iter', 'D:\Code\2021-11_ToolWaviness\upm_toolpath\src\s4_optim_2D_aspheric_actual_tip_multi_iter.m', 763)" style="font-weight:bold">s4_optim_2D_aspheric_actual_tip_multi_iter</a> (<a href="matlab: opentoline('D:\Code\2021-11_ToolWaviness\upm_toolpath\src\s4_optim_2D_aspheric_actual_tip_multi_iter.m',763,0)">第 763 行</a>)
            residual3D_multi(spiralPath,spiralNorm,spiralCut,spiralContactU, ...

opentoline('D:\Code\2021-11_ToolWaviness\upm_toolpath\src\s4_optim_2D_aspheric_actual_tip_multi_iter.m',763,0)
opentoline('D:\Code\2021-11_ToolWaviness\upm_toolpath\src\s4_optim_2D_aspheric_actual_tip_multi_iter.m',763,0)
opentoline('D:\Code\2021-11_ToolWaviness\upm_toolpath\src\s4_optim_2D_aspheric_actual_tip_multi_iter.m',763,0)
{操作在以下过程中被用户终止 <a href="matlab:matlab.internal.language.introspective.errorDocCallback('dsearchn')" style="font-weight:bold">dsearchn</a>


位置 <a href="matlab:matlab.internal.language.introspective.errorDocCallback('residual2D_multi', 'D:\Code\2021-11_ToolWaviness\upm_toolpath\src\funcs\tool_geometry\residual\residual2D_multi.m', 44)" style="font-weight:bold">residual2D_multi</a> (<a href="matlab: opentoline('D:\Code\2021-11_ToolWaviness\upm_toolpath\src\funcs\tool_geometry\residual\residual2D_multi.m',44,0)">第 44 行</a>)
[index,dist] = dsearchn(s1',s2');

位置 <a href="matlab:matlab.internal.language.introspective.errorDocCallback('residual3D_multi', 'D:\Code\2021-11_ToolWaviness\upm_toolpath\src\funcs\tool_geometry\residual\residual3D_multi.m', 128)" style="font-weight:bold">residual3D_multi</a> (<a href="matlab: opentoline('D:\Code\2021-11_ToolWaviness\upm_toolpath\src\funcs\tool_geometry\residual\residual3D_multi.m',128,0)">第 128 行</a>)
    [res,peakPt,interPt,uLim,~] = residual2D_multi(toolSp1,toolSpProj, ...

位置 <a href="matlab:matlab.internal.language.introspective.errorDocCallback('LiveEditorEvaluationHelperE1919112139', 'C:\Users\55062\AppData\Local\Temp\Editor_fmvtk\LiveEditorEvaluationHelperE1919112139.m', 737)" style="font-weight:bold">LiveEditorEvaluationHelperE1919112139</a> (<a href="matlab: opentoline('C:\Users\55062\AppData\Local\Temp\Editor_fmvtk\LiveEditorEvaluationHelperE1919112139.m',737,0)">第 737 行</a>)
            residual3D_multi(spiralPath,spiralNorm,spiralCut,spiralContactU, ...
} 
