Starting parallel pool (parpool) using the 'local' profile ...

{操作在以下过程中被用户终止 <a href="matlab:matlab.internal.language.introspective.errorDocCallback('parallel.internal.cluster.CJSSupport/attachFileDataToJob')" style="font-weight:bold">parallel.internal.cluster.CJSSupport/attachFileDataToJob</a>


位置 <a href="matlab:matlab.internal.language.introspective.errorDocCallback('parallel.job.CJSConcurrentJob/attachFileDataToJob', 'C:\Program Files\MATLAB\R2022a\toolbox\parallel\cluster\+parallel\+job\CJSConcurrentJob.m', 64)" style="font-weight:bold">parallel.job.CJSConcurrentJob/attachFileDataToJob</a> (<a href="matlab: opentoline('C:\Program Files\MATLAB\R2022a\toolbox\parallel\cluster\+parallel\+job\CJSConcurrentJob.m',64,0)">第 64 行</a>)
            obj.Support.attachFileDataToJob( obj.SupportID, obj.Variant, filedata );

位置 <a href="matlab:matlab.internal.language.introspective.errorDocCallback('parallel.Job/attachRequiredFiles', 'C:\Program Files\MATLAB\R2022a\toolbox\parallel\cluster\+parallel\@Job\Job.m', 1069)" style="font-weight:bold">parallel.Job/attachRequiredFiles</a> (<a href="matlab: opentoline('C:\Program Files\MATLAB\R2022a\toolbox\parallel\cluster\+parallel\@Job\Job.m',1069,0)">第 1069 行</a>)
            job.attachFileDataToJob( filedata );

位置 <a href="matlab:matlab.internal.language.introspective.errorDocCallback('parallel.Job/preSubmit', 'C:\Program Files\MATLAB\R2022a\toolbox\parallel\cluster\+parallel\@Job\Job.m', 665)" style="font-weight:bold">parallel.Job/preSubmit</a> (<a href="matlab: opentoline('C:\Program Files\MATLAB\R2022a\toolbox\parallel\cluster\+parallel\@Job\Job.m',665,0)">第 665 行</a>)
            job.attachRequiredFiles();

位置 <a href="matlab:matlab.internal.language.introspective.errorDocCallback('parallel.Job/submit', 'C:\Program Files\MATLAB\R2022a\toolbox\parallel\cluster\+parallel\@Job\Job.m', 402)" style="font-weight:bold">parallel.Job/submit</a> (<a href="matlab: opentoline('C:\Program Files\MATLAB\R2022a\toolbox\parallel\cluster\+parallel\@Job\Job.m',402,0)">第 402 行</a>)
            job.preSubmit();

位置 <a href="matlab:matlab.internal.language.introspective.errorDocCallback('parallel.internal.pool.AbstractInteractiveClient/start', 'C:\Program Files\MATLAB\R2022a\toolbox\parallel\cluster\+parallel\+internal\+pool\AbstractInteractiveClient.m', 128)" style="font-weight:bold">parallel.internal.pool.AbstractInteractiveClient/start</a> (<a href="matlab: opentoline('C:\Program Files\MATLAB\R2022a\toolbox\parallel\cluster\+parallel\+internal\+pool\AbstractInteractiveClient.m',128,0)">第 128 行</a>)
                    submit(obj.ParallelJob);

位置 <a href="matlab:matlab.internal.language.introspective.errorDocCallback('parallel.internal.pool.AbstractClusterPool>iStartClient', 'C:\Program Files\MATLAB\R2022a\toolbox\parallel\cluster\+parallel\+internal\+pool\@AbstractClusterPool\AbstractClusterPool.m', 882)" style="font-weight:bold">parallel.internal.pool.AbstractClusterPool>iStartClient</a> (<a href="matlab: opentoline('C:\Program Files\MATLAB\R2022a\toolbox\parallel\cluster\+parallel\+internal\+pool\@AbstractClusterPool\AbstractClusterPool.m',882,0)">第 882 行</a>)
spmdInitialized = client.start(sessionBuildFcn, sessionInfo, numWorkers, cluster, ...

位置 <a href="matlab:matlab.internal.language.introspective.errorDocCallback('parallel.internal.pool.AbstractClusterPool.hBuildPool', 'C:\Program Files\MATLAB\R2022a\toolbox\parallel\cluster\+parallel\+internal\+pool\@AbstractClusterPool\AbstractClusterPool.m', 636)" style="font-weight:bold">parallel.internal.pool.AbstractClusterPool.hBuildPool</a> (<a href="matlab: opentoline('C:\Program Files\MATLAB\R2022a\toolbox\parallel\cluster\+parallel\+internal\+pool\@AbstractClusterPool\AbstractClusterPool.m',636,0)">第 636 行</a>)
                iStartClient(client, sessionInfo, forceSpmdEnabled, cluster, supportRestart, argsList);

位置 <a href="matlab:matlab.internal.language.introspective.errorDocCallback('parallel.internal.pool.doParpool', 'C:\Program Files\MATLAB\R2022a\toolbox\parallel\cluster\+parallel\+internal\+pool\doParpool.m', 22)" style="font-weight:bold">parallel.internal.pool.doParpool</a> (<a href="matlab: opentoline('C:\Program Files\MATLAB\R2022a\toolbox\parallel\cluster\+parallel\+internal\+pool\doParpool.m',22,0)">第 22 行</a>)
    pool = parallel.internal.pool.AbstractClusterPool.hBuildPool(constructorArgs{:});

位置 <a href="matlab:matlab.internal.language.introspective.errorDocCallback('parpool', 'C:\Program Files\MATLAB\R2022a\toolbox\parallel\cluster\parpool.m', 123)" style="font-weight:bold">parpool</a> (<a href="matlab: opentoline('C:\Program Files\MATLAB\R2022a\toolbox\parallel\cluster\parpool.m',123,0)">第 123 行</a>)
    pool = parallel.internal.pool.doParpool(varargin{:});

位置 <a href="matlab:matlab.internal.language.introspective.errorDocCallback('parallel.internal.parpool.getOrCreateCurrentPool', 'C:\Program Files\MATLAB\R2022a\toolbox\parallel\cluster\+parallel\+internal\+parpool\getOrCreateCurrentPool.m', 17)" style="font-weight:bold">parallel.internal.parpool.getOrCreateCurrentPool</a> (<a href="matlab: opentoline('C:\Program Files\MATLAB\R2022a\toolbox\parallel\cluster\+parallel\+internal\+parpool\getOrCreateCurrentPool.m',17,0)">第 17 行</a>)
        pool = parpool(varargin{:});

位置 <a href="matlab:matlab.internal.language.introspective.errorDocCallback('gcp', 'C:\Program Files\MATLAB\R2022a\toolbox\parallel\cluster\gcp.m', 45)" style="font-weight:bold">gcp</a> (<a href="matlab: opentoline('C:\Program Files\MATLAB\R2022a\toolbox\parallel\cluster\gcp.m',45,0)">第 45 行</a>)
        aPool = parallel.internal.parpool.getOrCreateCurrentPool();

位置 <a href="matlab:matlab.internal.language.introspective.errorDocCallback('s4_optim_2D_aspheric_actual_tip_multi_iter', 'D:\Code\2021-11_ToolWaviness\upm_toolpath\src\s4_optim_2D_aspheric_actual_tip_multi_iter.m', 80)" style="font-weight:bold">s4_optim_2D_aspheric_actual_tip_multi_iter</a> (<a href="matlab: opentoline('D:\Code\2021-11_ToolWaviness\upm_toolpath\src\s4_optim_2D_aspheric_actual_tip_multi_iter.m',80,0)">第 80 行</a>)
    parObj = gcp;
} 
s4_optim_2D_aspheric_actual_tip_multi_iter
Starting parallel pool (parpool) using the 'local' profile ...
Connected to the parallel pool (number of workers: 6).
The time spent in the parallel computing activating process is 16.176164s.
s4_optim_2D_aspheric_actual_tip_multi_iter
The time spent in the parallel computing activating process is 0.002183s.
-----
No.1	 toolpath -517.894901	[r = -600.000000] is calculated within 0.228905s.
-----
initial linear search begins: 
No.	x	f(x)
0	-564.617726	0.286578
1	-565.325372	0.247684
2	-566.033017	0.212849
3	-566.740662	0.184284
4	-567.448308	0.159646
5	-568.155953	0.138414
6	-568.863599	0.119485
7	-569.571244	0.100661
8	-570.278890	0.080193
9	-570.986535	0.056966
10	-571.694181	0.029923
11	-572.401826	-0.002088
bisection interval found by 1-dim search: [-572.401826,-571.694181]
No.2	 toolpath -490.601585	[r = -572.363818] is calculated within 5.330716s.
-----
initial linear search begins: 
No.	x	f(x)
0	-536.653721	-0.548067
1	-535.939519	-0.514050
2	-535.225317	-0.486700
3	-534.511115	-0.479725
4	-533.796913	-0.464762
5	-533.082711	-0.455779
6	-532.368509	-0.450467
7	-531.654307	-0.444988
8	-530.940105	-0.437408
9	-530.225903	-0.422994
10	-529.511701	-0.401537
11	-528.797499	-0.372020
12	-528.083297	-0.335803
13	-527.369095	-0.293797
14	-526.654893	-0.246636
15	-525.940691	-0.196059
16	-525.226489	-0.141557
17	-524.512287	-0.084179
18	-523.798085	-0.024153
19	-523.083884	0.038814
bisection interval found by 1-dim search: [-523.798085,-523.083884]
No.3	 toolpath -455.392461	[r = -523.523983] is calculated within 12.860072s.
-----
initial linear search begins: 
No.	x	f(x)
0	-487.278828	0.048725
1	-488.003731	-0.018502
bisection interval found by 1-dim search: [-488.003731,-487.278828]
No.4	 toolpath -420.400499	[r = -487.807639] is calculated within 3.733790s.
-----
initial linear search begins: 
No.	x	f(x)
0	-451.205810	-0.282811
1	-450.473773	-0.251278
2	-449.741737	-0.224363
3	-449.009700	-0.218287
4	-448.277663	-0.201585
5	-447.545627	-0.191044
6	-446.813590	-0.183725
7	-446.081554	-0.174514
8	-445.349517	-0.161094
9	-444.617481	-0.142768
10	-443.885444	-0.118820
11	-443.153407	-0.091432
12	-442.421371	-0.061324
13	-441.689334	-0.030660
14	-440.957298	-0.001300
15	-440.225261	0.026763
bisection interval found by 1-dim search: [-440.957298,-440.225261]
No.5	 toolpath -384.834094	[r = -440.923698] is calculated within 10.935588s.
-----
initial linear search begins: 
No.	x	f(x)
0	-403.896479	0.178964
1	-404.637023	0.135343
2	-405.377568	0.089954
3	-406.118112	0.042981
4	-406.858656	-0.004656
bisection interval found by 1-dim search: [-406.858656,-406.118112]
No.6	 toolpath -351.505464	[r = -406.787061] is calculated within 4.268123s.
-----
initial linear search begins: 
No.	x	f(x)
0	-369.479814	0.008976
1	-370.225959	-0.031729
bisection interval found by 1-dim search: [-370.225959,-369.479814]
No.7	 toolpath -315.150150	[r = -369.639390] is calculated within 3.801636s.
-----
initial linear search begins: 
No.	x	f(x)
0	-332.055116	-0.644212
1	-331.303430	-0.615340
2	-330.551745	-0.581645
3	-329.800059	-0.542914
4	-329.048374	-0.500662
5	-328.296688	-0.455126
6	-327.545003	-0.407991
7	-326.793317	-0.359619
8	-326.041632	-0.310436
9	-325.289946	-0.261431
10	-324.538261	-0.213093
11	-323.786575	-0.166822
12	-323.034890	-0.121718
13	-322.283205	-0.079596
14	-321.531519	-0.040714
15	-320.779834	-0.005924
16	-320.028148	0.026140
bisection interval found by 1-dim search: [-320.779834,-320.028148]
No.8	 toolpath -278.835002	[r = -320.642563] is calculated within 11.605451s.
-----
initial linear search begins: 
No.	x	f(x)
0	-282.736017	-0.058169
1	-281.977886	-0.002763
2	-281.219755	0.055420
bisection interval found by 1-dim search: [-281.977886,-281.219755]
No.9	 toolpath -241.542500	[r = -281.943089] is calculated within 5.803595s.
-----
initial linear search begins: 
No.	x	f(x)
0	-243.815925	-0.165712
1	-243.053382	-0.143800
2	-242.290838	-0.129179
3	-241.528295	-0.119386
4	-240.765752	-0.111525
5	-240.003208	-0.100596
6	-239.240665	-0.096488
7	-238.478122	-0.075718
8	-237.715579	-0.050285
9	-236.953035	-0.019966
10	-236.190492	0.012445
bisection interval found by 1-dim search: [-236.953035,-236.190492]
No.10	 toolpath -204.223477	[r = -236.480169] is calculated within 11.736787s.
-----
initial linear search begins: 
No.	x	f(x)
0	-198.131319	-0.271410
1	-197.364342	-0.240794
2	-196.597365	-0.208588
3	-195.830388	-0.174272
4	-195.063411	-0.137478
5	-194.296434	-0.123211
6	-193.529457	-0.084525
7	-192.762480	-0.044863
8	-191.995503	-0.004002
9	-191.228526	0.037258
bisection interval found by 1-dim search: [-191.995503,-191.228526]
No.11	 toolpath -168.673752	[r = -191.919854] is calculated within 11.251167s.
-----
initial linear search begins: 
No.	x	f(x)
0	-153.392384	-0.007727
1	-152.621835	0.037086
bisection interval found by 1-dim search: [-153.392384,-152.621835]
No.12	 toolpath -130.856336	[r = -153.248659] is calculated within 6.166613s.
-----
initial linear search begins: 
No.	x	f(x)
0	-114.596784	0.035400
1	-115.369821	-0.009640
bisection interval found by 1-dim search: [-115.369821,-114.596784]
No.13	 toolpath -93.706142	[r = -115.207513] is calculated within 5.631382s.
-----
initial linear search begins: 
No.	x	f(x)
0	-76.460727	-0.592267
1	-75.685792	-0.580955
2	-74.910856	-0.543349
3	-74.135920	-0.507781
4	-73.360984	-0.474263
5	-72.586049	-0.442096
6	-71.811113	-0.410784
7	-71.036177	-0.402105
8	-70.261242	-0.370518
9	-69.486306	-0.337565
10	-68.711370	-0.303553
11	-67.936434	-0.266993
12	-67.161499	-0.228223
13	-66.386563	-0.216226
14	-65.611627	-0.173991
15	-64.836692	-0.129205
16	-64.061756	-0.083526
17	-63.286820	-0.036669
18	-62.511884	0.010462
bisection interval found by 1-dim search: [-63.286820,-62.511884]
No.14	 toolpath -55.427489	[r = -62.679131] is calculated within 18.637485s.
-----
initial linear search begins: 
No.	x	f(x)
0	-23.845707	-0.009037
1	-23.069039	0.022982
bisection interval found by 1-dim search: [-23.845707,-23.069039]
No.15	 toolpath -19.112533	[r = -23.606791] is calculated within 5.100841s.
-----
initial linear search begins: 
No.	x	f(x)
0	15.257846	0.054162
1	14.480553	0.015832
2	13.703260	-0.020432
bisection interval found by 1-dim search: [13.703260,14.480553]
No.16	 toolpath 17.363122	[r = 14.147319] is calculated within 4.255530s.
-----
-----
No.16	 toolpath point at [r = 0] is calculated within 3.070597s.
-----
The toolpath concentric optimization process causes 124.449134 seconds.
The time spent in the spiral toolpath generation process is 0.787038s.
     1

     2

     3

     4

     5

     6

     7

     8

     9

    10

    11

    12

    13

    14

    15

    16

    17

    18

    19

    20

    21

    22

    23

    24

    25

    26

    27

    28

    29

    30

    31

    32

    33

    34

    35

    36

    37

    38

    39

    40

    41

    42

    43

    44

    45

    46

    47

    48

    49

    50

    51

    52

    53

    54

    55

    56

    57

    58

    59

    60

    61

    62

    63

    64

<a href="matlab: opentoline('D:\Code\2021-11_ToolWaviness\upm_toolpath\src\s4_optim_2D_aspheric_actual_tip_multi_iter.m',897,1)">897 </a>end
if system_dependent('IsDebugMode')==1, dbcont; end
resPlot

ans = 

  <a href="matlab:helpPopup matlab.ui.Figure" style="font-weight:bold">Figure</a> (6) - 属性:

      Number: 6
        Name: ''
       Color: [0.9400 0.9400 0.9400]
    Position: [1256 1206 560 420]
       Units: 'pixels'

  显示 <a href="matlab:if exist('ans', 'var'), matlab.graphics.internal.getForDisplay('ans', ans, 'matlab.ui.Figure'), else, matlab.graphics.internal.getForDisplay('ans'), end">所有属性</a>

figure; fnplt(sp1); hold on; fnplt(sp2);
figure; plot3(s1(1,:),s1(2,:),s1(3,:)); hold on; plot3(s2(1,:),s2(2,:),s2(3,:));
if system_dependent('IsDebugMode')==1, dbquit; end
figure;
plot3(spiralPath0(1,:),spiralPath0(2,:),spiralPath0(3,:), ...
    'Color',[0,0.4470,0.7410],'LineStyle',':','LineWidth',0.1, ...
    'Marker','.','MarkerSize',6);
hold on;
surf( ...
    surfMesh(:,:,1),surfMesh(:,:,2),surfMesh(:,:,3), ...
    'FaceColor','flat','FaceAlpha',0.2,'LineStyle','none');
figure; plot3(toolPathPt(1,1:plotSpar:end), ...
    toolPathPt(2,1:plotSpar:end), ...
    toolPathPt(3,1:plotSpar:end), ...
    '.','MarkerSize',6,'Color',[0,0.4470,0.7410]);
figure; plot3(toolPathPt(1,1:plotSpar:end), ...
toolPathPt(2,1:plotSpar:end), ...
toolPathPt(3,1:plotSpar:end), ...
'.','MarkerSize',6,'Color',[0,0.4470,0.7410]);
plot3(spiralPath0(1,:),spiralPath0(2,:),spiralPath0(3,:), ...
    'LineStyle',':','LineWidth',0.1, ...
    'Marker','.','MarkerSize',6);
figure; plot3(toolPathPt(1,1:plotSpar:end), ...
toolPathPt(2,1:plotSpar:end), ...
toolPathPt(3,1:plotSpar:end), ...
'.','MarkerSize',6,'Color',[0,0.4470,0.7410]); hold on;
plot3(spiralPath0(1,:),spiralPath0(2,:),spiralPath0(3,:), ...
'LineStyle',':','LineWidth',0.1, ...
'Marker','.','MarkerSize',6);
函数或变量 'toolVec' 无法识别。

出错 <a href="matlab:matlab.internal.language.introspective.errorDocCallback('s4_optim_2D_aspheric_actual_tip_multi_iter', 'D:\Code\2021-11_ToolWaviness\upm_toolpath\src\s4_optim_2D_aspheric_actual_tip_multi_iter.m', 733)" style="font-weight:bold">s4_optim_2D_aspheric_actual_tip_multi_iter</a> (<a href="matlab: opentoline('D:\Code\2021-11_ToolWaviness\upm_toolpath\src\s4_optim_2D_aspheric_actual_tip_multi_iter.m',733,0)">第 733 行</a>)
        toolSp1.coefs = quat2rotm(toolQuat(indInterp,:))*toolSp.coefs + toolVec(:,indInterp);

opentoline('D:\Code\2021-11_ToolWaviness\upm_toolpath\src\s4_optim_2D_aspheric_actual_tip_multi_iter.m',733,0)
if system_dependent('IsDebugMode')==1, dbquit all; end
if system_dependent('IsDebugMode')==1, dbquit; end
if system_dependent('IsDebugMode')==1, dbcont; end
if system_dependent('IsDebugMode')==1, dbcont; end
if system_dependent('IsDebugMode')==1, dbcont; end
if system_dependent('IsDebugMode')==1, dbcont; end
if system_dependent('IsDebugMode')==1, dbcont; end
if system_dependent('IsDebugMode')==1, dbcont; end
if system_dependent('IsDebugMode')==1, dbquit; end
